{"@timestamp":"2020-01-13T00:05:12.489Z","@metadata":{"beat":"winlogbeat","type":"_doc","version":"7.4.0","topic":"winlogbeat"},"message":"Process accessed:\nRuleName: \nUtcTime: 2020-01-13 00:05:12.488\nSourceProcessGUID: {9d556bd4-95d4-5e1b-0000-001069c80200}\nSourceProcessId: 2724\nSourceThreadId: 3476\nSourceImage: C:\\ProgramData\\Microsoft\\Windows Defender\\platform\\4.18.1911.3-0\\MsMpEng.exe\nTargetProcessGUID: {9d556bd4-ab37-5e1b-0000-00106605ea00}\nTargetProcessId: 8760\nTargetImage: C:\\Tools\\winlogbeat-7.4.0-windows-x86_64\\winlogbeat.exe\nGrantedAccess: 0x101000\nCallTrace: C:\\WINDOWS\\SYSTEM32\\ntdll.dll+9c584|C:\\WINDOWS\\System32\\KERNELBASE.dll+2730e|C:\\ProgramData\\Microsoft\\Windows Defender\\Definition Updates\\{814E0E01-50B1-4E22-9825-21025E9237C6}\\mpengine.dll+4af9b4|C:\\ProgramData\\Microsoft\\Windows Defender\\Definition Updates\\{814E0E01-50B1-4E22-9825-21025E9237C6}\\mpengine.dll+4af788|C:\\ProgramData\\Microsoft\\Windows Defender\\Definition Updates\\{814E0E01-50B1-4E22-9825-21025E9237C6}\\mpengine.dll+4b11c3|C:\\ProgramData\\Microsoft\\Windows Defender\\Definition Updates\\{814E0E01-50B1-4E22-9825-21025E9237C6}\\mpengine.dll+5c5ffd|C:\\ProgramData\\Microsoft\\Windows Defender\\Definition Updates\\{814E0E01-50B1-4E22-9825-21025E9237C6}\\mpengine.dll+6008b6|C:\\ProgramData\\Microsoft\\Windows Defender\\Definition Updates\\{814E0E01-50B1-4E22-9825-21025E9237C6}\\mpengine.dll+602327|C:\\ProgramData\\Microsoft\\Windows Defender\\Definition Updates\\{814E0E01-50B1-4E22-9825-21025E9237C6}\\mpengine.dll+5fb65f|C:\\ProgramData\\Microsoft\\Windows Defender\\Definition Updates\\{814E0E01-50B1-4E22-9825-21025E9237C6}\\mpengine.dll+5f98bc|C:\\ProgramData\\Microsoft\\Windows Defender\\Definition Updates\\{814E0E01-50B1-4E22-9825-21025E9237C6}\\mpengine.dll+5fba86|C:\\ProgramData\\Microsoft\\Windows Defender\\Definition Updates\\{814E0E01-50B1-4E22-9825-21025E9237C6}\\mpengine.dll+5fba01|C:\\ProgramData\\Microsoft\\Windows Defender\\Definition Updates\\{814E0E01-50B1-4E22-9825-21025E9237C6}\\mpengine.dll+2b8765|C:\\ProgramData\\Microsoft\\Windows Defender\\Definition Updates\\{814E0E01-50B1-4E22-9825-21025E9237C6}\\mpengine.dll+2b6217|C:\\ProgramData\\Microsoft\\Windows Defender\\Definition Updates\\{814E0E01-50B1-4E22-9825-21025E9237C6}\\mpengine.dll+2b649e|C:\\ProgramData\\Microsoft\\Windows Defender\\Definition Updates\\{814E0E01-50B1-4E22-9825-21025E9237C6}\\mpengine.dll+2e7ae3|C:\\ProgramData\\Microsoft\\Windows Defender\\Definition Updates\\{814E0E01-50B1-4E22-9825-21025E9237C6}\\mpengine.dll+36f6e2|C:\\WINDOWS\\SYSTEM32\\ntdll.dll+3089d|C:\\WINDOWS\\SYSTEM32\\ntdll.dll+34634|C:\\WINDOWS\\System32\\KERNEL32.DLL+17bd4|C:\\WINDOWS\\SYSTEM32\\ntdll.dll+6ced1","agent":{"version":"7.4.0","type":"winlogbeat","ephemeral_id":"63b64902-85b7-4e5b-8603-9a5a923a012f","hostname":"win10","id":"48e12a22-5293-48b2-be18-b209a2e8228b"},"ecs":{"version":"1.1.0"},"host":{"name":"win10"},"winlog":{"api":"wineventlog","record_id":12220220,"version":3,"user":{"name":"SYSTEM","domain":"NT AUTHORITY","type":"User","identifier":"S-1-5-18"},"event_data":{"SourceImage":"C:\\ProgramData\\Microsoft\\Windows Defender\\platform\\4.18.1911.3-0\\MsMpEng.exe","TargetImage":"C:\\Tools\\winlogbeat-7.4.0-windows-x86_64\\winlogbeat.exe","CallTrace":"C:\\WINDOWS\\SYSTEM32\\ntdll.dll+9c584|C:\\WINDOWS\\System32\\KERNELBASE.dll+2730e|C:\\ProgramData\\Microsoft\\Windows Defender\\Definition Updates\\{814E0E01-50B1-4E22-9825-21025E9237C6}\\mpengine.dll+4af9b4|C:\\ProgramData\\Microsoft\\Windows Defender\\Definition Updates\\{814E0E01-50B1-4E22-9825-21025E9237C6}\\mpengine.dll+4af788|C:\\ProgramData\\Microsoft\\Windows Defender\\Definition Updates\\{814E0E01-50B1-4E22-9825-21025E9237C6}\\mpengine.dll+4b11c3|C:\\ProgramData\\Microsoft\\Windows Defender\\Definition Updates\\{814E0E01-50B1-4E22-9825-21025E9237C6}\\mpengine.dll+5c5ffd|C:\\ProgramData\\Microsoft\\Windows Defender\\Definition Updates\\{814E0E01-50B1-4E22-9825-21025E9237C6}\\mpengine.dll+6008b6|C:\\ProgramData\\Microsoft\\Windows Defender\\Definition Updates\\{814E0E01-50B1-4E22-9825-21025E9237C6}\\mpengine.dll+602327|C:\\ProgramData\\Microsoft\\Windows Defender\\Definition Updates\\{814E0E01-50B1-4E22-9825-21025E9237C6}\\mpengine.dll+5fb65f|C:\\ProgramData\\Microsoft\\Windows Defender\\Definition Updates\\{814E0E01-50B1-4E22-9825-21025E9237C6}\\mpengine.dll+5f98bc|C:\\ProgramData\\Microsoft\\Windows Defender\\Definition Updates\\{814E0E01-50B1-4E22-9825-21025E9237C6}\\mpengine.dll+5fba86|C:\\ProgramData\\Microsoft\\Windows Defender\\Definition Updates\\{814E0E01-50B1-4E22-9825-21025E9237C6}\\mpengine.dll+5fba01|C:\\ProgramData\\Microsoft\\Windows Defender\\Definition Updates\\{814E0E01-50B1-4E22-9825-21025E9237C6}\\mpengine.dll+2b8765|C:\\ProgramData\\Microsoft\\Windows Defender\\Definition Updates\\{814E0E01-50B1-4E22-9825-21025E9237C6}\\mpengine.dll+2b6217|C:\\ProgramData\\Microsoft\\Windows Defender\\Definition Updates\\{814E0E01-50B1-4E22-9825-21025E9237C6}\\mpengine.dll+2b649e|C:\\ProgramData\\Microsoft\\Windows Defender\\Definition Updates\\{814E0E01-50B1-4E22-9825-21025E9237C6}\\mpengine.dll+2e7ae3|C:\\ProgramData\\Microsoft\\Windows Defender\\Definition Updates\\{814E0E01-50B1-4E22-9825-21025E9237C6}\\mpengine.dll+36f6e2|C:\\WINDOWS\\SYSTEM32\\ntdll.dll+3089d|C:\\WINDOWS\\SYSTEM32\\ntdll.dll+34634|C:\\WINDOWS\\System32\\KERNEL32.DLL+17bd4|C:\\WINDOWS\\SYSTEM32\\ntdll.dll+6ced1","SourceProcessGUID":"{9d556bd4-95d4-5e1b-0000-001069c80200}","TargetProcessId":"8760","UtcTime":"2020-01-13 00:05:12.488","SourceProcessId":"2724","TargetProcessGUID":"{9d556bd4-ab37-5e1b-0000-00106605ea00}","GrantedAccess":"0x101000","SourceThreadId":"3476"},"channel":"Microsoft-Windows-Sysmon/Operational","event_id":10,"process":{"pid":2668,"thread":{"id":3728}},"provider_name":"Microsoft-Windows-Sysmon","task":"Process accessed (rule: ProcessAccess)","computer_name":"win10.marvel.local","opcode":"Info","provider_guid":"{5770385f-c22a-43e0-bf4c-06f5698ffbd9}"},"event":{"kind":"event","code":10,"action":"Process accessed (rule: ProcessAccess)","created":"2020-01-13T00:05:14.493Z"},"log":{"level":"information"}}
{"@timestamp":"2020-01-13T00:05:12.489Z","@metadata":{"beat":"winlogbeat","type":"_doc","version":"7.4.0","topic":"winlogbeat"},"winlog":{"channel":"Microsoft-Windows-Sysmon/Operational","process":{"pid":2668,"thread":{"id":3728}},"event_id":10,"api":"wineventlog","computer_name":"win10.marvel.local","opcode":"Info","version":3,"record_id":12220221,"task":"Process accessed (rule: ProcessAccess)","user":{"type":"User","identifier":"S-1-5-18","name":"SYSTEM","domain":"NT AUTHORITY"},"event_data":{"TargetProcessId":"8760","TargetImage":"C:\\Tools\\winlogbeat-7.4.0-windows-x86_64\\winlogbeat.exe","CallTrace":"C:\\WINDOWS\\SYSTEM32\\ntdll.dll+9c584|C:\\WINDOWS\\System32\\KERNELBASE.dll+2730e|C:\\ProgramData\\Microsoft\\Windows Defender\\Definition Updates\\{814E0E01-50B1-4E22-9825-21025E9237C6}\\mpengine.dll+4af9b4|C:\\ProgramData\\Microsoft\\Windows Defender\\Definition Updates\\{814E0E01-50B1-4E22-9825-21025E9237C6}\\mpengine.dll+4af788|C:\\ProgramData\\Microsoft\\Windows Defender\\Definition Updates\\{814E0E01-50B1-4E22-9825-21025E9237C6}\\mpengine.dll+4add27|C:\\ProgramData\\Microsoft\\Windows Defender\\Definition Updates\\{814E0E01-50B1-4E22-9825-21025E9237C6}\\mpengine.dll+60077d|C:\\ProgramData\\Microsoft\\Windows Defender\\Definition Updates\\{814E0E01-50B1-4E22-9825-21025E9237C6}\\mpengine.dll+602337|C:\\ProgramData\\Microsoft\\Windows Defender\\Definition Updates\\{814E0E01-50B1-4E22-9825-21025E9237C6}\\mpengine.dll+5fb65f|C:\\ProgramData\\Microsoft\\Windows Defender\\Definition Updates\\{814E0E01-50B1-4E22-9825-21025E9237C6}\\mpengine.dll+5f98bc|C:\\ProgramData\\Microsoft\\Windows Defender\\Definition Updates\\{814E0E01-50B1-4E22-9825-21025E9237C6}\\mpengine.dll+5fba86|C:\\ProgramData\\Microsoft\\Windows Defender\\Definition Updates\\{814E0E01-50B1-4E22-9825-21025E9237C6}\\mpengine.dll+5fba01|C:\\ProgramData\\Microsoft\\Windows Defender\\Definition Updates\\{814E0E01-50B1-4E22-9825-21025E9237C6}\\mpengine.dll+2b8765|C:\\ProgramData\\Microsoft\\Windows Defender\\Definition Updates\\{814E0E01-50B1-4E22-9825-21025E9237C6}\\mpengine.dll+2b6217|C:\\ProgramData\\Microsoft\\Windows Defender\\Definition Updates\\{814E0E01-50B1-4E22-9825-21025E9237C6}\\mpengine.dll+2b649e|C:\\ProgramData\\Microsoft\\Windows Defender\\Definition Updates\\{814E0E01-50B1-4E22-9825-21025E9237C6}\\mpengine.dll+2e7ae3|C:\\ProgramData\\Microsoft\\Windows Defender\\Definition Updates\\{814E0E01-50B1-4E22-9825-21025E9237C6}\\mpengine.dll+36f6e2|C:\\WINDOWS\\SYSTEM32\\ntdll.dll+3089d|C:\\WINDOWS\\SYSTEM32\\ntdll.dll+34634|C:\\WINDOWS\\System32\\KERNEL32.DLL+17bd4|C:\\WINDOWS\\SYSTEM32\\ntdll.dll+6ced1","SourceProcessGUID":"{9d556bd4-95d4-5e1b-0000-001069c80200}","SourceProcessId":"2724","SourceThreadId":"3476","TargetProcessGUID":"{9d556bd4-ab37-5e1b-0000-00106605ea00}","SourceImage":"C:\\ProgramData\\Microsoft\\Windows Defender\\platform\\4.18.1911.3-0\\MsMpEng.exe","UtcTime":"2020-01-13 00:05:12.488","GrantedAccess":"0x1010"},"provider_name":"Microsoft-Windows-Sysmon","provider_guid":"{5770385f-c22a-43e0-bf4c-06f5698ffbd9}"},"event":{"action":"Process accessed (rule: ProcessAccess)","created":"2020-01-13T00:05:14.493Z","kind":"event","code":10},"log":{"level":"information"},"message":"Process accessed:\nRuleName: \nUtcTime: 2020-01-13 00:05:12.488\nSourceProcessGUID: {9d556bd4-95d4-5e1b-0000-001069c80200}\nSourceProcessId: 2724\nSourceThreadId: 3476\nSourceImage: C:\\ProgramData\\Microsoft\\Windows Defender\\platform\\4.18.1911.3-0\\MsMpEng.exe\nTargetProcessGUID: {9d556bd4-ab37-5e1b-0000-00106605ea00}\nTargetProcessId: 8760\nTargetImage: C:\\Tools\\winlogbeat-7.4.0-windows-x86_64\\winlogbeat.exe\nGrantedAccess: 0x1010\nCallTrace: C:\\WINDOWS\\SYSTEM32\\ntdll.dll+9c584|C:\\WINDOWS\\System32\\KERNELBASE.dll+2730e|C:\\ProgramData\\Microsoft\\Windows Defender\\Definition Updates\\{814E0E01-50B1-4E22-9825-21025E9237C6}\\mpengine.dll+4af9b4|C:\\ProgramData\\Microsoft\\Windows Defender\\Definition Updates\\{814E0E01-50B1-4E22-9825-21025E9237C6}\\mpengine.dll+4af788|C:\\ProgramData\\Microsoft\\Windows Defender\\Definition Updates\\{814E0E01-50B1-4E22-9825-21025E9237C6}\\mpengine.dll+4add27|C:\\ProgramData\\Microsoft\\Windows Defender\\Definition Updates\\{814E0E01-50B1-4E22-9825-21025E9237C6}\\mpengine.dll+60077d|C:\\ProgramData\\Microsoft\\Windows Defender\\Definition Updates\\{814E0E01-50B1-4E22-9825-21025E9237C6}\\mpengine.dll+602337|C:\\ProgramData\\Microsoft\\Windows Defender\\Definition Updates\\{814E0E01-50B1-4E22-9825-21025E9237C6}\\mpengine.dll+5fb65f|C:\\ProgramData\\Microsoft\\Windows Defender\\Definition Updates\\{814E0E01-50B1-4E22-9825-21025E9237C6}\\mpengine.dll+5f98bc|C:\\ProgramData\\Microsoft\\Windows Defender\\Definition Updates\\{814E0E01-50B1-4E22-9825-21025E9237C6}\\mpengine.dll+5fba86|C:\\ProgramData\\Microsoft\\Windows Defender\\Definition Updates\\{814E0E01-50B1-4E22-9825-21025E9237C6}\\mpengine.dll+5fba01|C:\\ProgramData\\Microsoft\\Windows Defender\\Definition Updates\\{814E0E01-50B1-4E22-9825-21025E9237C6}\\mpengine.dll+2b8765|C:\\ProgramData\\Microsoft\\Windows Defender\\Definition Updates\\{814E0E01-50B1-4E22-9825-21025E9237C6}\\mpengine.dll+2b6217|C:\\ProgramData\\Microsoft\\Windows Defender\\Definition Updates\\{814E0E01-50B1-4E22-9825-21025E9237C6}\\mpengine.dll+2b649e|C:\\ProgramData\\Microsoft\\Windows Defender\\Definition Updates\\{814E0E01-50B1-4E22-9825-21025E9237C6}\\mpengine.dll+2e7ae3|C:\\ProgramData\\Microsoft\\Windows Defender\\Definition Updates\\{814E0E01-50B1-4E22-9825-21025E9237C6}\\mpengine.dll+36f6e2|C:\\WINDOWS\\SYSTEM32\\ntdll.dll+3089d|C:\\WINDOWS\\SYSTEM32\\ntdll.dll+34634|C:\\WINDOWS\\System32\\KERNEL32.DLL+17bd4|C:\\WINDOWS\\SYSTEM32\\ntdll.dll+6ced1","host":{"name":"win10"},"agent":{"ephemeral_id":"63b64902-85b7-4e5b-8603-9a5a923a012f","hostname":"win10","id":"48e12a22-5293-48b2-be18-b209a2e8228b","version":"7.4.0","type":"winlogbeat"},"ecs":{"version":"1.1.0"}}
{"@timestamp":"2020-01-13T00:05:12.489Z","@metadata":{"beat":"winlogbeat","type":"_doc","version":"7.4.0","topic":"winlogbeat"},"agent":{"hostname":"win10","id":"48e12a22-5293-48b2-be18-b209a2e8228b","version":"7.4.0","type":"winlogbeat","ephemeral_id":"63b64902-85b7-4e5b-8603-9a5a923a012f"},"event":{"action":"Process accessed (rule: ProcessAccess)","created":"2020-01-13T00:05:14.493Z","kind":"event","code":10},"log":{"level":"information"},"message":"Process accessed:\nRuleName: \nUtcTime: 2020-01-13 00:05:12.488\nSourceProcessGUID: {9d556bd4-95d4-5e1b-0000-001069c80200}\nSourceProcessId: 2724\nSourceThreadId: 3476\nSourceImage: C:\\ProgramData\\Microsoft\\Windows Defender\\platform\\4.18.1911.3-0\\MsMpEng.exe\nTargetProcessGUID: {9d556bd4-ab37-5e1b-0000-00106605ea00}\nTargetProcessId: 8760\nTargetImage: C:\\Tools\\winlogbeat-7.4.0-windows-x86_64\\winlogbeat.exe\nGrantedAccess: 0x1000\nCallTrace: C:\\WINDOWS\\SYSTEM32\\ntdll.dll+9c584|C:\\WINDOWS\\System32\\KERNELBASE.dll+2730e|C:\\ProgramData\\Microsoft\\Windows Defender\\Definition Updates\\{814E0E01-50B1-4E22-9825-21025E9237C6}\\mpengine.dll+4af9b4|C:\\ProgramData\\Microsoft\\Windows Defender\\Definition Updates\\{814E0E01-50B1-4E22-9825-21025E9237C6}\\mpengine.dll+4af788|C:\\ProgramData\\Microsoft\\Windows Defender\\Definition Updates\\{814E0E01-50B1-4E22-9825-21025E9237C6}\\mpengine.dll+60080f|C:\\ProgramData\\Microsoft\\Windows Defender\\Definition Updates\\{814E0E01-50B1-4E22-9825-21025E9237C6}\\mpengine.dll+602342|C:\\ProgramData\\Microsoft\\Windows Defender\\Definition Updates\\{814E0E01-50B1-4E22-9825-21025E9237C6}\\mpengine.dll+5fb65f|C:\\ProgramData\\Microsoft\\Windows Defender\\Definition Updates\\{814E0E01-50B1-4E22-9825-21025E9237C6}\\mpengine.dll+5f98bc|C:\\ProgramData\\Microsoft\\Windows Defender\\Definition Updates\\{814E0E01-50B1-4E22-9825-21025E9237C6}\\mpengine.dll+5fba86|C:\\ProgramData\\Microsoft\\Windows Defender\\Definition Updates\\{814E0E01-50B1-4E22-9825-21025E9237C6}\\mpengine.dll+5fba01|C:\\ProgramData\\Microsoft\\Windows Defender\\Definition Updates\\{814E0E01-50B1-4E22-9825-21025E9237C6}\\mpengine.dll+2b8765|C:\\ProgramData\\Microsoft\\Windows Defender\\Definition Updates\\{814E0E01-50B1-4E22-9825-21025E9237C6}\\mpengine.dll+2b6217|C:\\ProgramData\\Microsoft\\Windows Defender\\Definition Updates\\{814E0E01-50B1-4E22-9825-21025E9237C6}\\mpengine.dll+2b649e|C:\\ProgramData\\Microsoft\\Windows Defender\\Definition Updates\\{814E0E01-50B1-4E22-9825-21025E9237C6}\\mpengine.dll+2e7ae3|C:\\ProgramData\\Microsoft\\Windows Defender\\Definition Updates\\{814E0E01-50B1-4E22-9825-21025E9237C6}\\mpengine.dll+36f6e2|C:\\WINDOWS\\SYSTEM32\\ntdll.dll+3089d|C:\\WINDOWS\\SYSTEM32\\ntdll.dll+34634|C:\\WINDOWS\\System32\\KERNEL32.DLL+17bd4|C:\\WINDOWS\\SYSTEM32\\ntdll.dll+6ced1","winlog":{"process":{"pid":2668,"thread":{"id":3728}},"event_id":10,"provider_name":"Microsoft-Windows-Sysmon","task":"Process accessed (rule: ProcessAccess)","computer_name":"win10.marvel.local","record_id":12220222,"user":{"type":"User","identifier":"S-1-5-18","name":"SYSTEM","domain":"NT AUTHORITY"},"event_data":{"TargetProcessId":"8760","TargetImage":"C:\\Tools\\winlogbeat-7.4.0-windows-x86_64\\winlogbeat.exe","UtcTime":"2020-01-13 00:05:12.488","GrantedAccess":"0x1000","CallTrace":"C:\\WINDOWS\\SYSTEM32\\ntdll.dll+9c584|C:\\WINDOWS\\System32\\KERNELBASE.dll+2730e|C:\\ProgramData\\Microsoft\\Windows Defender\\Definition Updates\\{814E0E01-50B1-4E22-9825-21025E9237C6}\\mpengine.dll+4af9b4|C:\\ProgramData\\Microsoft\\Windows Defender\\Definition Updates\\{814E0E01-50B1-4E22-9825-21025E9237C6}\\mpengine.dll+4af788|C:\\ProgramData\\Microsoft\\Windows Defender\\Definition Updates\\{814E0E01-50B1-4E22-9825-21025E9237C6}\\mpengine.dll+60080f|C:\\ProgramData\\Microsoft\\Windows Defender\\Definition Updates\\{814E0E01-50B1-4E22-9825-21025E9237C6}\\mpengine.dll+602342|C:\\ProgramData\\Microsoft\\Windows Defender\\Definition Updates\\{814E0E01-50B1-4E22-9825-21025E9237C6}\\mpengine.dll+5fb65f|C:\\ProgramData\\Microsoft\\Windows Defender\\Definition Updates\\{814E0E01-50B1-4E22-9825-21025E9237C6}\\mpengine.dll+5f98bc|C:\\ProgramData\\Microsoft\\Windows Defender\\Definition Updates\\{814E0E01-50B1-4E22-9825-21025E9237C6}\\mpengine.dll+5fba86|C:\\ProgramData\\Microsoft\\Windows Defender\\Definition Updates\\{814E0E01-50B1-4E22-9825-21025E9237C6}\\mpengine.dll+5fba01|C:\\ProgramData\\Microsoft\\Windows Defender\\Definition Updates\\{814E0E01-50B1-4E22-9825-21025E9237C6}\\mpengine.dll+2b8765|C:\\ProgramData\\Microsoft\\Windows Defender\\Definition Updates\\{814E0E01-50B1-4E22-9825-21025E9237C6}\\mpengine.dll+2b6217|C:\\ProgramData\\Microsoft\\Windows Defender\\Definition Updates\\{814E0E01-50B1-4E22-9825-21025E9237C6}\\mpengine.dll+2b649e|C:\\ProgramData\\Microsoft\\Windows Defender\\Definition Updates\\{814E0E01-50B1-4E22-9825-21025E9237C6}\\mpengine.dll+2e7ae3|C:\\ProgramData\\Microsoft\\Windows Defender\\Definition Updates\\{814E0E01-50B1-4E22-9825-21025E9237C6}\\mpengine.dll+36f6e2|C:\\WINDOWS\\SYSTEM32\\ntdll.dll+3089d|C:\\WINDOWS\\SYSTEM32\\ntdll.dll+34634|C:\\WINDOWS\\System32\\KERNEL32.DLL+17bd4|C:\\WINDOWS\\SYSTEM32\\ntdll.dll+6ced1","SourceThreadId":"3476","SourceImage":"C:\\ProgramData\\Microsoft\\Windows Defender\\platform\\4.18.1911.3-0\\MsMpEng.exe","SourceProcessId":"2724","TargetProcessGUID":"{9d556bd4-ab37-5e1b-0000-00106605ea00}","SourceProcessGUID":"{9d556bd4-95d4-5e1b-0000-001069c80200}"},"version":3,"channel":"Microsoft-Windows-Sysmon/Operational","api":"wineventlog","opcode":"Info","provider_guid":"{5770385f-c22a-43e0-bf4c-06f5698ffbd9}"},"ecs":{"version":"1.1.0"},"host":{"name":"win10"}}
{"@timestamp":"2020-01-13T00:05:15.455Z","@metadata":{"beat":"winlogbeat","type":"_doc","version":"7.4.0","topic":"winlogbeat"},"ecs":{"version":"1.1.0"},"host":{"name":"win10"},"agent":{"version":"7.4.0","type":"winlogbeat","ephemeral_id":"63b64902-85b7-4e5b-8603-9a5a923a012f","hostname":"win10","id":"48e12a22-5293-48b2-be18-b209a2e8228b"},"log":{"level":"information"},"message":"Pipe Connected:\nRuleName: \nEventType: ConnectPipe\nUtcTime: 2020-01-13 00:05:15.448\nProcessGuid: {9d556bd4-95d6-5e1b-0000-0010a1380300}\nProcessId: 716\nPipeName: \\wkssvc\nImage: C:\\WINDOWS\\system32\\wbem\\wmiprvse.exe","winlog":{"record_id":12220223,"computer_name":"win10.marvel.local","provider_name":"Microsoft-Windows-Sysmon","task":"Pipe Connected (rule: PipeEvent)","provider_guid":"{5770385f-c22a-43e0-bf4c-06f5698ffbd9}","event_data":{"Image":"C:\\WINDOWS\\system32\\wbem\\wmiprvse.exe","EventType":"ConnectPipe","UtcTime":"2020-01-13 00:05:15.448","ProcessGuid":"{9d556bd4-95d6-5e1b-0000-0010a1380300}","ProcessId":"716","PipeName":"\\wkssvc"},"channel":"Microsoft-Windows-Sysmon/Operational","event_id":18,"api":"wineventlog","opcode":"Info","version":1,"process":{"thread":{"id":3728},"pid":2668},"user":{"identifier":"S-1-5-18","name":"SYSTEM","domain":"NT AUTHORITY","type":"User"}},"event":{"created":"2020-01-13T00:05:16.505Z","kind":"event","code":18,"action":"Pipe Connected (rule: PipeEvent)"}}
{"@timestamp":"2020-01-13T00:05:15.455Z","@metadata":{"beat":"winlogbeat","type":"_doc","version":"7.4.0","topic":"winlogbeat"},"message":"Pipe Connected:\nRuleName: \nEventType: ConnectPipe\nUtcTime: 2020-01-13 00:05:15.448\nProcessGuid: {9d556bd4-95d6-5e1b-0000-0010a1380300}\nProcessId: 716\nPipeName: \\srvsvc\nImage: C:\\WINDOWS\\system32\\wbem\\wmiprvse.exe","ecs":{"version":"1.1.0"},"host":{"name":"win10"},"agent":{"hostname":"win10","id":"48e12a22-5293-48b2-be18-b209a2e8228b","version":"7.4.0","type":"winlogbeat","ephemeral_id":"63b64902-85b7-4e5b-8603-9a5a923a012f"},"winlog":{"provider_name":"Microsoft-Windows-Sysmon","opcode":"Info","version":1,"user":{"type":"User","identifier":"S-1-5-18","name":"SYSTEM","domain":"NT AUTHORITY"},"computer_name":"win10.marvel.local","event_data":{"EventType":"ConnectPipe","UtcTime":"2020-01-13 00:05:15.448","ProcessGuid":"{9d556bd4-95d6-5e1b-0000-0010a1380300}","ProcessId":"716","PipeName":"\\srvsvc","Image":"C:\\WINDOWS\\system32\\wbem\\wmiprvse.exe"},"task":"Pipe Connected (rule: PipeEvent)","channel":"Microsoft-Windows-Sysmon/Operational","record_id":12220224,"provider_guid":"{5770385f-c22a-43e0-bf4c-06f5698ffbd9}","process":{"pid":2668,"thread":{"id":3728}},"event_id":18,"api":"wineventlog"},"event":{"code":18,"action":"Pipe Connected (rule: PipeEvent)","created":"2020-01-13T00:05:16.505Z","kind":"event"},"log":{"level":"information"}}
{"@timestamp":"2020-01-13T00:05:15.456Z","@metadata":{"beat":"winlogbeat","type":"_doc","version":"7.4.0","topic":"winlogbeat"},"log":{"level":"information"},"message":"Pipe Connected:\nRuleName: \nEventType: ConnectPipe\nUtcTime: 2020-01-13 00:05:15.448\nProcessGuid: {9d556bd4-95d6-5e1b-0000-0010a1380300}\nProcessId: 716\nPipeName: \\srvsvc\nImage: C:\\WINDOWS\\system32\\wbem\\wmiprvse.exe","ecs":{"version":"1.1.0"},"host":{"name":"win10"},"agent":{"ephemeral_id":"63b64902-85b7-4e5b-8603-9a5a923a012f","hostname":"win10","id":"48e12a22-5293-48b2-be18-b209a2e8228b","version":"7.4.0","type":"winlogbeat"},"winlog":{"provider_name":"Microsoft-Windows-Sysmon","record_id":12220225,"computer_name":"win10.marvel.local","provider_guid":"{5770385f-c22a-43e0-bf4c-06f5698ffbd9}","task":"Pipe Connected (rule: PipeEvent)","api":"wineventlog","opcode":"Info","user":{"identifier":"S-1-5-18","name":"SYSTEM","domain":"NT AUTHORITY","type":"User"},"event_id":18,"channel":"Microsoft-Windows-Sysmon/Operational","event_data":{"PipeName":"\\srvsvc","Image":"C:\\WINDOWS\\system32\\wbem\\wmiprvse.exe","EventType":"ConnectPipe","UtcTime":"2020-01-13 00:05:15.448","ProcessGuid":"{9d556bd4-95d6-5e1b-0000-0010a1380300}","ProcessId":"716"},"version":1,"process":{"thread":{"id":3728},"pid":2668}},"event":{"kind":"event","code":18,"action":"Pipe Connected (rule: PipeEvent)","created":"2020-01-13T00:05:16.505Z"}}
{"@timestamp":"2020-01-13T00:05:17.511Z","@metadata":{"beat":"winlogbeat","type":"_doc","version":"7.4.0","topic":"winlogbeat"},"message":"Process accessed:\nRuleName: \nUtcTime: 2020-01-13 00:05:17.510\nSourceProcessGUID: {9d556bd4-95d4-5e1b-0000-001069c80200}\nSourceProcessId: 2724\nSourceThreadId: 3480\nSourceImage: C:\\ProgramData\\Microsoft\\Windows Defender\\platform\\4.18.1911.3-0\\MsMpEng.exe\nTargetProcessGUID: {9d556bd4-ab37-5e1b-0000-00106605ea00}\nTargetProcessId: 8760\nTargetImage: C:\\Tools\\winlogbeat-7.4.0-windows-x86_64\\winlogbeat.exe\nGrantedAccess: 0x101000\nCallTrace: C:\\WINDOWS\\SYSTEM32\\ntdll.dll+9c584|C:\\WINDOWS\\System32\\KERNELBASE.dll+2730e|C:\\ProgramData\\Microsoft\\Windows Defender\\Definition Updates\\{814E0E01-50B1-4E22-9825-21025E9237C6}\\mpengine.dll+4af9b4|C:\\ProgramData\\Microsoft\\Windows Defender\\Definition Updates\\{814E0E01-50B1-4E22-9825-21025E9237C6}\\mpengine.dll+4af788|C:\\ProgramData\\Microsoft\\Windows Defender\\Definition Updates\\{814E0E01-50B1-4E22-9825-21025E9237C6}\\mpengine.dll+4b11c3|C:\\ProgramData\\Microsoft\\Windows Defender\\Definition Updates\\{814E0E01-50B1-4E22-9825-21025E9237C6}\\mpengine.dll+5c5ffd|C:\\ProgramData\\Microsoft\\Windows Defender\\Definition Updates\\{814E0E01-50B1-4E22-9825-21025E9237C6}\\mpengine.dll+6008b6|C:\\ProgramData\\Microsoft\\Windows Defender\\Definition Updates\\{814E0E01-50B1-4E22-9825-21025E9237C6}\\mpengine.dll+602327|C:\\ProgramData\\Microsoft\\Windows Defender\\Definition Updates\\{814E0E01-50B1-4E22-9825-21025E9237C6}\\mpengine.dll+5fb049|C:\\ProgramData\\Microsoft\\Windows Defender\\Definition Updates\\{814E0E01-50B1-4E22-9825-21025E9237C6}\\mpengine.dll+5f9977|C:\\ProgramData\\Microsoft\\Windows Defender\\Definition Updates\\{814E0E01-50B1-4E22-9825-21025E9237C6}\\mpengine.dll+5fba86|C:\\ProgramData\\Microsoft\\Windows Defender\\Definition Updates\\{814E0E01-50B1-4E22-9825-21025E9237C6}\\mpengine.dll+5fba01|C:\\ProgramData\\Microsoft\\Windows Defender\\Definition Updates\\{814E0E01-50B1-4E22-9825-21025E9237C6}\\mpengine.dll+2b8765|C:\\ProgramData\\Microsoft\\Windows Defender\\Definition Updates\\{814E0E01-50B1-4E22-9825-21025E9237C6}\\mpengine.dll+2b6217|C:\\ProgramData\\Microsoft\\Windows Defender\\Definition Updates\\{814E0E01-50B1-4E22-9825-21025E9237C6}\\mpengine.dll+2b649e|C:\\ProgramData\\Microsoft\\Windows Defender\\Definition Updates\\{814E0E01-50B1-4E22-9825-21025E9237C6}\\mpengine.dll+2e7ae3|C:\\ProgramData\\Microsoft\\Windows Defender\\Definition Updates\\{814E0E01-50B1-4E22-9825-21025E9237C6}\\mpengine.dll+36f6e2|C:\\WINDOWS\\SYSTEM32\\ntdll.dll+3089d|C:\\WINDOWS\\SYSTEM32\\ntdll.dll+34634|C:\\WINDOWS\\System32\\KERNEL32.DLL+17bd4|C:\\WINDOWS\\SYSTEM32\\ntdll.dll+6ced1","ecs":{"version":"1.1.0"},"host":{"name":"win10"},"agent":{"ephemeral_id":"63b64902-85b7-4e5b-8603-9a5a923a012f","hostname":"win10","id":"48e12a22-5293-48b2-be18-b209a2e8228b","version":"7.4.0","type":"winlogbeat"},"winlog":{"record_id":12220226,"computer_name":"win10.marvel.local","opcode":"Info","user":{"type":"User","identifier":"S-1-5-18","name":"SYSTEM","domain":"NT AUTHORITY"},"event_data":{"TargetProcessGUID":"{9d556bd4-ab37-5e1b-0000-00106605ea00}","SourceThreadId":"3480","SourceImage":"C:\\ProgramData\\Microsoft\\Windows Defender\\platform\\4.18.1911.3-0\\MsMpEng.exe","TargetProcessId":"8760","TargetImage":"C:\\Tools\\winlogbeat-7.4.0-windows-x86_64\\winlogbeat.exe","GrantedAccess":"0x101000","CallTrace":"C:\\WINDOWS\\SYSTEM32\\ntdll.dll+9c584|C:\\WINDOWS\\System32\\KERNELBASE.dll+2730e|C:\\ProgramData\\Microsoft\\Windows Defender\\Definition Updates\\{814E0E01-50B1-4E22-9825-21025E9237C6}\\mpengine.dll+4af9b4|C:\\ProgramData\\Microsoft\\Windows Defender\\Definition Updates\\{814E0E01-50B1-4E22-9825-21025E9237C6}\\mpengine.dll+4af788|C:\\ProgramData\\Microsoft\\Windows Defender\\Definition Updates\\{814E0E01-50B1-4E22-9825-21025E9237C6}\\mpengine.dll+4b11c3|C:\\ProgramData\\Microsoft\\Windows Defender\\Definition Updates\\{814E0E01-50B1-4E22-9825-21025E9237C6}\\mpengine.dll+5c5ffd|C:\\ProgramData\\Microsoft\\Windows Defender\\Definition Updates\\{814E0E01-50B1-4E22-9825-21025E9237C6}\\mpengine.dll+6008b6|C:\\ProgramData\\Microsoft\\Windows Defender\\Definition Updates\\{814E0E01-50B1-4E22-9825-21025E9237C6}\\mpengine.dll+602327|C:\\ProgramData\\Microsoft\\Windows Defender\\Definition Updates\\{814E0E01-50B1-4E22-9825-21025E9237C6}\\mpengine.dll+5fb049|C:\\ProgramData\\Microsoft\\Windows Defender\\Definition Updates\\{814E0E01-50B1-4E22-9825-21025E9237C6}\\mpengine.dll+5f9977|C:\\ProgramData\\Microsoft\\Windows Defender\\Definition Updates\\{814E0E01-50B1-4E22-9825-21025E9237C6}\\mpengine.dll+5fba86|C:\\ProgramData\\Microsoft\\Windows Defender\\Definition Updates\\{814E0E01-50B1-4E22-9825-21025E9237C6}\\mpengine.dll+5fba01|C:\\ProgramData\\Microsoft\\Windows Defender\\Definition Updates\\{814E0E01-50B1-4E22-9825-21025E9237C6}\\mpengine.dll+2b8765|C:\\ProgramData\\Microsoft\\Windows Defender\\Definition Updates\\{814E0E01-50B1-4E22-9825-21025E9237C6}\\mpengine.dll+2b6217|C:\\ProgramData\\Microsoft\\Windows Defender\\Definition Updates\\{814E0E01-50B1-4E22-9825-21025E9237C6}\\mpengine.dll+2b649e|C:\\ProgramData\\Microsoft\\Windows Defender\\Definition Updates\\{814E0E01-50B1-4E22-9825-21025E9237C6}\\mpengine.dll+2e7ae3|C:\\ProgramData\\Microsoft\\Windows Defender\\Definition Updates\\{814E0E01-50B1-4E22-9825-21025E9237C6}\\mpengine.dll+36f6e2|C:\\WINDOWS\\SYSTEM32\\ntdll.dll+3089d|C:\\WINDOWS\\SYSTEM32\\ntdll.dll+34634|C:\\WINDOWS\\System32\\KERNEL32.DLL+17bd4|C:\\WINDOWS\\SYSTEM32\\ntdll.dll+6ced1","SourceProcessGUID":"{9d556bd4-95d4-5e1b-0000-001069c80200}","SourceProcessId":"2724","UtcTime":"2020-01-13 00:05:17.510"},"channel":"Microsoft-Windows-Sysmon/Operational","task":"Process accessed (rule: ProcessAccess)","version":3,"event_id":10,"provider_name":"Microsoft-Windows-Sysmon","api":"wineventlog","provider_guid":"{5770385f-c22a-43e0-bf4c-06f5698ffbd9}","process":{"pid":2668,"thread":{"id":3728}}},"event":{"created":"2020-01-13T00:05:19.570Z","kind":"event","code":10,"action":"Process accessed (rule: ProcessAccess)"},"log":{"level":"information"}}
{"@timestamp":"2020-01-13T00:05:17.511Z","@metadata":{"beat":"winlogbeat","type":"_doc","version":"7.4.0","topic":"winlogbeat"},"agent":{"type":"winlogbeat","ephemeral_id":"63b64902-85b7-4e5b-8603-9a5a923a012f","hostname":"win10","id":"48e12a22-5293-48b2-be18-b209a2e8228b","version":"7.4.0"},"winlog":{"event_data":{"SourceThreadId":"3480","TargetProcessGUID":"{9d556bd4-ab37-5e1b-0000-00106605ea00}","SourceImage":"C:\\ProgramData\\Microsoft\\Windows Defender\\platform\\4.18.1911.3-0\\MsMpEng.exe","CallTrace":"C:\\WINDOWS\\SYSTEM32\\ntdll.dll+9c584|C:\\WINDOWS\\System32\\KERNELBASE.dll+2730e|C:\\ProgramData\\Microsoft\\Windows Defender\\Definition Updates\\{814E0E01-50B1-4E22-9825-21025E9237C6}\\mpengine.dll+4af9b4|C:\\ProgramData\\Microsoft\\Windows Defender\\Definition Updates\\{814E0E01-50B1-4E22-9825-21025E9237C6}\\mpengine.dll+4af788|C:\\ProgramData\\Microsoft\\Windows Defender\\Definition Updates\\{814E0E01-50B1-4E22-9825-21025E9237C6}\\mpengine.dll+4add27|C:\\ProgramData\\Microsoft\\Windows Defender\\Definition Updates\\{814E0E01-50B1-4E22-9825-21025E9237C6}\\mpengine.dll+60077d|C:\\ProgramData\\Microsoft\\Windows Defender\\Definition Updates\\{814E0E01-50B1-4E22-9825-21025E9237C6}\\mpengine.dll+602337|C:\\ProgramData\\Microsoft\\Windows Defender\\Definition Updates\\{814E0E01-50B1-4E22-9825-21025E9237C6}\\mpengine.dll+5fb049|C:\\ProgramData\\Microsoft\\Windows Defender\\Definition Updates\\{814E0E01-50B1-4E22-9825-21025E9237C6}\\mpengine.dll+5f9977|C:\\ProgramData\\Microsoft\\Windows Defender\\Definition Updates\\{814E0E01-50B1-4E22-9825-21025E9237C6}\\mpengine.dll+5fba86|C:\\ProgramData\\Microsoft\\Windows Defender\\Definition Updates\\{814E0E01-50B1-4E22-9825-21025E9237C6}\\mpengine.dll+5fba01|C:\\ProgramData\\Microsoft\\Windows Defender\\Definition Updates\\{814E0E01-50B1-4E22-9825-21025E9237C6}\\mpengine.dll+2b8765|C:\\ProgramData\\Microsoft\\Windows Defender\\Definition Updates\\{814E0E01-50B1-4E22-9825-21025E9237C6}\\mpengine.dll+2b6217|C:\\ProgramData\\Microsoft\\Windows Defender\\Definition Updates\\{814E0E01-50B1-4E22-9825-21025E9237C6}\\mpengine.dll+2b649e|C:\\ProgramData\\Microsoft\\Windows Defender\\Definition Updates\\{814E0E01-50B1-4E22-9825-21025E9237C6}\\mpengine.dll+2e7ae3|C:\\ProgramData\\Microsoft\\Windows Defender\\Definition Updates\\{814E0E01-50B1-4E22-9825-21025E9237C6}\\mpengine.dll+36f6e2|C:\\WINDOWS\\SYSTEM32\\ntdll.dll+3089d|C:\\WINDOWS\\SYSTEM32\\ntdll.dll+34634|C:\\WINDOWS\\System32\\KERNEL32.DLL+17bd4|C:\\WINDOWS\\SYSTEM32\\ntdll.dll+6ced1","UtcTime":"2020-01-13 00:05:17.510","SourceProcessGUID":"{9d556bd4-95d4-5e1b-0000-001069c80200}","SourceProcessId":"2724","TargetProcessId":"8760","TargetImage":"C:\\Tools\\winlogbeat-7.4.0-windows-x86_64\\winlogbeat.exe","GrantedAccess":"0x1010"},"channel":"Microsoft-Windows-Sysmon/Operational","event_id":10,"record_id":12220227,"version":3,"process":{"thread":{"id":3728},"pid":2668},"task":"Process accessed (rule: ProcessAccess)","api":"wineventlog","opcode":"Info","provider_guid":"{5770385f-c22a-43e0-bf4c-06f5698ffbd9}","computer_name":"win10.marvel.local","user":{"type":"User","identifier":"S-1-5-18","name":"SYSTEM","domain":"NT AUTHORITY"},"provider_name":"Microsoft-Windows-Sysmon"},"event":{"action":"Process accessed (rule: ProcessAccess)","created":"2020-01-13T00:05:19.570Z","kind":"event","code":10},"log":{"level":"information"},"message":"Process accessed:\nRuleName: \nUtcTime: 2020-01-13 00:05:17.510\nSourceProcessGUID: {9d556bd4-95d4-5e1b-0000-001069c80200}\nSourceProcessId: 2724\nSourceThreadId: 3480\nSourceImage: C:\\ProgramData\\Microsoft\\Windows Defender\\platform\\4.18.1911.3-0\\MsMpEng.exe\nTargetProcessGUID: {9d556bd4-ab37-5e1b-0000-00106605ea00}\nTargetProcessId: 8760\nTargetImage: C:\\Tools\\winlogbeat-7.4.0-windows-x86_64\\winlogbeat.exe\nGrantedAccess: 0x1010\nCallTrace: C:\\WINDOWS\\SYSTEM32\\ntdll.dll+9c584|C:\\WINDOWS\\System32\\KERNELBASE.dll+2730e|C:\\ProgramData\\Microsoft\\Windows Defender\\Definition Updates\\{814E0E01-50B1-4E22-9825-21025E9237C6}\\mpengine.dll+4af9b4|C:\\ProgramData\\Microsoft\\Windows Defender\\Definition Updates\\{814E0E01-50B1-4E22-9825-21025E9237C6}\\mpengine.dll+4af788|C:\\ProgramData\\Microsoft\\Windows Defender\\Definition Updates\\{814E0E01-50B1-4E22-9825-21025E9237C6}\\mpengine.dll+4add27|C:\\ProgramData\\Microsoft\\Windows Defender\\Definition Updates\\{814E0E01-50B1-4E22-9825-21025E9237C6}\\mpengine.dll+60077d|C:\\ProgramData\\Microsoft\\Windows Defender\\Definition Updates\\{814E0E01-50B1-4E22-9825-21025E9237C6}\\mpengine.dll+602337|C:\\ProgramData\\Microsoft\\Windows Defender\\Definition Updates\\{814E0E01-50B1-4E22-9825-21025E9237C6}\\mpengine.dll+5fb049|C:\\ProgramData\\Microsoft\\Windows Defender\\Definition Updates\\{814E0E01-50B1-4E22-9825-21025E9237C6}\\mpengine.dll+5f9977|C:\\ProgramData\\Microsoft\\Windows Defender\\Definition Updates\\{814E0E01-50B1-4E22-9825-21025E9237C6}\\mpengine.dll+5fba86|C:\\ProgramData\\Microsoft\\Windows Defender\\Definition Updates\\{814E0E01-50B1-4E22-9825-21025E9237C6}\\mpengine.dll+5fba01|C:\\ProgramData\\Microsoft\\Windows Defender\\Definition Updates\\{814E0E01-50B1-4E22-9825-21025E9237C6}\\mpengine.dll+2b8765|C:\\ProgramData\\Microsoft\\Windows Defender\\Definition Updates\\{814E0E01-50B1-4E22-9825-21025E9237C6}\\mpengine.dll+2b6217|C:\\ProgramData\\Microsoft\\Windows Defender\\Definition Updates\\{814E0E01-50B1-4E22-9825-21025E9237C6}\\mpengine.dll+2b649e|C:\\ProgramData\\Microsoft\\Windows Defender\\Definition Updates\\{814E0E01-50B1-4E22-9825-21025E9237C6}\\mpengine.dll+2e7ae3|C:\\ProgramData\\Microsoft\\Windows Defender\\Definition Updates\\{814E0E01-50B1-4E22-9825-21025E9237C6}\\mpengine.dll+36f6e2|C:\\WINDOWS\\SYSTEM32\\ntdll.dll+3089d|C:\\WINDOWS\\SYSTEM32\\ntdll.dll+34634|C:\\WINDOWS\\System32\\KERNEL32.DLL+17bd4|C:\\WINDOWS\\SYSTEM32\\ntdll.dll+6ced1","ecs":{"version":"1.1.0"},"host":{"name":"win10"}}
{"@timestamp":"2020-01-13T00:05:17.511Z","@metadata":{"beat":"winlogbeat","type":"_doc","version":"7.4.0","topic":"winlogbeat"},"message":"Process accessed:\nRuleName: \nUtcTime: 2020-01-13 00:05:17.510\nSourceProcessGUID: {9d556bd4-95d4-5e1b-0000-001069c80200}\nSourceProcessId: 2724\nSourceThreadId: 3480\nSourceImage: C:\\ProgramData\\Microsoft\\Windows Defender\\platform\\4.18.1911.3-0\\MsMpEng.exe\nTargetProcessGUID: {9d556bd4-ab37-5e1b-0000-00106605ea00}\nTargetProcessId: 8760\nTargetImage: C:\\Tools\\winlogbeat-7.4.0-windows-x86_64\\winlogbeat.exe\nGrantedAccess: 0x1000\nCallTrace: C:\\WINDOWS\\SYSTEM32\\ntdll.dll+9c584|C:\\WINDOWS\\System32\\KERNELBASE.dll+2730e|C:\\ProgramData\\Microsoft\\Windows Defender\\Definition Updates\\{814E0E01-50B1-4E22-9825-21025E9237C6}\\mpengine.dll+4af9b4|C:\\ProgramData\\Microsoft\\Windows Defender\\Definition Updates\\{814E0E01-50B1-4E22-9825-21025E9237C6}\\mpengine.dll+4af788|C:\\ProgramData\\Microsoft\\Windows Defender\\Definition Updates\\{814E0E01-50B1-4E22-9825-21025E9237C6}\\mpengine.dll+60080f|C:\\ProgramData\\Microsoft\\Windows Defender\\Definition Updates\\{814E0E01-50B1-4E22-9825-21025E9237C6}\\mpengine.dll+602342|C:\\ProgramData\\Microsoft\\Windows Defender\\Definition Updates\\{814E0E01-50B1-4E22-9825-21025E9237C6}\\mpengine.dll+5fb049|C:\\ProgramData\\Microsoft\\Windows Defender\\Definition Updates\\{814E0E01-50B1-4E22-9825-21025E9237C6}\\mpengine.dll+5f9977|C:\\ProgramData\\Microsoft\\Windows Defender\\Definition Updates\\{814E0E01-50B1-4E22-9825-21025E9237C6}\\mpengine.dll+5fba86|C:\\ProgramData\\Microsoft\\Windows Defender\\Definition Updates\\{814E0E01-50B1-4E22-9825-21025E9237C6}\\mpengine.dll+5fba01|C:\\ProgramData\\Microsoft\\Windows Defender\\Definition Updates\\{814E0E01-50B1-4E22-9825-21025E9237C6}\\mpengine.dll+2b8765|C:\\ProgramData\\Microsoft\\Windows Defender\\Definition Updates\\{814E0E01-50B1-4E22-9825-21025E9237C6}\\mpengine.dll+2b6217|C:\\ProgramData\\Microsoft\\Windows Defender\\Definition Updates\\{814E0E01-50B1-4E22-9825-21025E9237C6}\\mpengine.dll+2b649e|C:\\ProgramData\\Microsoft\\Windows Defender\\Definition Updates\\{814E0E01-50B1-4E22-9825-21025E9237C6}\\mpengine.dll+2e7ae3|C:\\ProgramData\\Microsoft\\Windows Defender\\Definition Updates\\{814E0E01-50B1-4E22-9825-21025E9237C6}\\mpengine.dll+36f6e2|C:\\WINDOWS\\SYSTEM32\\ntdll.dll+3089d|C:\\WINDOWS\\SYSTEM32\\ntdll.dll+34634|C:\\WINDOWS\\System32\\KERNEL32.DLL+17bd4|C:\\WINDOWS\\SYSTEM32\\ntdll.dll+6ced1","ecs":{"version":"1.1.0"},"host":{"name":"win10"},"agent":{"ephemeral_id":"63b64902-85b7-4e5b-8603-9a5a923a012f","hostname":"win10","id":"48e12a22-5293-48b2-be18-b209a2e8228b","version":"7.4.0","type":"winlogbeat"},"winlog":{"user":{"identifier":"S-1-5-18","name":"SYSTEM","domain":"NT AUTHORITY","type":"User"},"event_data":{"UtcTime":"2020-01-13 00:05:17.510","SourceThreadId":"3480","TargetImage":"C:\\Tools\\winlogbeat-7.4.0-windows-x86_64\\winlogbeat.exe","GrantedAccess":"0x1000","SourceProcessGUID":"{9d556bd4-95d4-5e1b-0000-001069c80200}","SourceProcessId":"2724","TargetProcessGUID":"{9d556bd4-ab37-5e1b-0000-00106605ea00}","CallTrace":"C:\\WINDOWS\\SYSTEM32\\ntdll.dll+9c584|C:\\WINDOWS\\System32\\KERNELBASE.dll+2730e|C:\\ProgramData\\Microsoft\\Windows Defender\\Definition Updates\\{814E0E01-50B1-4E22-9825-21025E9237C6}\\mpengine.dll+4af9b4|C:\\ProgramData\\Microsoft\\Windows Defender\\Definition Updates\\{814E0E01-50B1-4E22-9825-21025E9237C6}\\mpengine.dll+4af788|C:\\ProgramData\\Microsoft\\Windows Defender\\Definition Updates\\{814E0E01-50B1-4E22-9825-21025E9237C6}\\mpengine.dll+60080f|C:\\ProgramData\\Microsoft\\Windows Defender\\Definition Updates\\{814E0E01-50B1-4E22-9825-21025E9237C6}\\mpengine.dll+602342|C:\\ProgramData\\Microsoft\\Windows Defender\\Definition Updates\\{814E0E01-50B1-4E22-9825-21025E9237C6}\\mpengine.dll+5fb049|C:\\ProgramData\\Microsoft\\Windows Defender\\Definition Updates\\{814E0E01-50B1-4E22-9825-21025E9237C6}\\mpengine.dll+5f9977|C:\\ProgramData\\Microsoft\\Windows Defender\\Definition Updates\\{814E0E01-50B1-4E22-9825-21025E9237C6}\\mpengine.dll+5fba86|C:\\ProgramData\\Microsoft\\Windows Defender\\Definition Updates\\{814E0E01-50B1-4E22-9825-21025E9237C6}\\mpengine.dll+5fba01|C:\\ProgramData\\Microsoft\\Windows Defender\\Definition Updates\\{814E0E01-50B1-4E22-9825-21025E9237C6}\\mpengine.dll+2b8765|C:\\ProgramData\\Microsoft\\Windows Defender\\Definition Updates\\{814E0E01-50B1-4E22-9825-21025E9237C6}\\mpengine.dll+2b6217|C:\\ProgramData\\Microsoft\\Windows Defender\\Definition Updates\\{814E0E01-50B1-4E22-9825-21025E9237C6}\\mpengine.dll+2b649e|C:\\ProgramData\\Microsoft\\Windows Defender\\Definition Updates\\{814E0E01-50B1-4E22-9825-21025E9237C6}\\mpengine.dll+2e7ae3|C:\\ProgramData\\Microsoft\\Windows Defender\\Definition Updates\\{814E0E01-50B1-4E22-9825-21025E9237C6}\\mpengine.dll+36f6e2|C:\\WINDOWS\\SYSTEM32\\ntdll.dll+3089d|C:\\WINDOWS\\SYSTEM32\\ntdll.dll+34634|C:\\WINDOWS\\System32\\KERNEL32.DLL+17bd4|C:\\WINDOWS\\SYSTEM32\\ntdll.dll+6ced1","TargetProcessId":"8760","SourceImage":"C:\\ProgramData\\Microsoft\\Windows Defender\\platform\\4.18.1911.3-0\\MsMpEng.exe"},"provider_name":"Microsoft-Windows-Sysmon","api":"wineventlog","opcode":"Info","version":3,"event_id":10,"task":"Process accessed (rule: ProcessAccess)","record_id":12220228,"computer_name":"win10.marvel.local","provider_guid":"{5770385f-c22a-43e0-bf4c-06f5698ffbd9}","process":{"pid":2668,"thread":{"id":3728}},"channel":"Microsoft-Windows-Sysmon/Operational"},"event":{"action":"Process accessed (rule: ProcessAccess)","created":"2020-01-13T00:05:19.570Z","kind":"event","code":10},"log":{"level":"information"}}
{"@timestamp":"2020-01-13T00:05:17.511Z","@metadata":{"beat":"winlogbeat","type":"_doc","version":"7.4.0","topic":"winlogbeat"},"host":{"name":"win10"},"agent":{"ephemeral_id":"63b64902-85b7-4e5b-8603-9a5a923a012f","hostname":"win10","id":"48e12a22-5293-48b2-be18-b209a2e8228b","version":"7.4.0","type":"winlogbeat"},"log":{"level":"information"},"message":"Process accessed:\nRuleName: \nUtcTime: 2020-01-13 00:05:17.511\nSourceProcessGUID: {9d556bd4-95d4-5e1b-0000-001069c80200}\nSourceProcessId: 2724\nSourceThreadId: 3444\nSourceImage: C:\\ProgramData\\Microsoft\\Windows Defender\\platform\\4.18.1911.3-0\\MsMpEng.exe\nTargetProcessGUID: {9d556bd4-ab37-5e1b-0000-00106605ea00}\nTargetProcessId: 8760\nTargetImage: C:\\Tools\\winlogbeat-7.4.0-windows-x86_64\\winlogbeat.exe\nGrantedAccess: 0x101000\nCallTrace: C:\\WINDOWS\\SYSTEM32\\ntdll.dll+9c584|C:\\WINDOWS\\System32\\KERNELBASE.dll+2730e|C:\\ProgramData\\Microsoft\\Windows Defender\\Definition Updates\\{814E0E01-50B1-4E22-9825-21025E9237C6}\\mpengine.dll+4af9b4|C:\\ProgramData\\Microsoft\\Windows Defender\\Definition Updates\\{814E0E01-50B1-4E22-9825-21025E9237C6}\\mpengine.dll+4af788|C:\\ProgramData\\Microsoft\\Windows Defender\\Definition Updates\\{814E0E01-50B1-4E22-9825-21025E9237C6}\\mpengine.dll+4b11c3|C:\\ProgramData\\Microsoft\\Windows Defender\\Definition Updates\\{814E0E01-50B1-4E22-9825-21025E9237C6}\\mpengine.dll+f4112|C:\\ProgramData\\Microsoft\\Windows Defender\\Definition Updates\\{814E0E01-50B1-4E22-9825-21025E9237C6}\\mpengine.dll+f2f74|C:\\ProgramData\\Microsoft\\Windows Defender\\Definition Updates\\{814E0E01-50B1-4E22-9825-21025E9237C6}\\mpengine.dll+1ae98|C:\\ProgramData\\Microsoft\\Windows Defender\\Definition Updates\\{814E0E01-50B1-4E22-9825-21025E9237C6}\\mpengine.dll+185bf|C:\\ProgramData\\Microsoft\\Windows Defender\\Definition Updates\\{814E0E01-50B1-4E22-9825-21025E9237C6}\\mpengine.dll+181b5|C:\\ProgramData\\Microsoft\\Windows Defender\\Definition Updates\\{814E0E01-50B1-4E22-9825-21025E9237C6}\\mpengine.dll+13955|C:\\ProgramData\\Microsoft\\Windows Defender\\Definition Updates\\{814E0E01-50B1-4E22-9825-21025E9237C6}\\mpengine.dll+12ef2|C:\\ProgramData\\Microsoft\\Windows Defender\\Definition Updates\\{814E0E01-50B1-4E22-9825-21025E9237C6}\\mpengine.dll+54aa87|C:\\ProgramData\\Microsoft\\Windows Defender\\Definition Updates\\{814E0E01-50B1-4E22-9825-21025E9237C6}\\mpengine.dll+54a19c|C:\\ProgramData\\Microsoft\\Windows Defender\\Definition Updates\\{814E0E01-50B1-4E22-9825-21025E9237C6}\\mpengine.dll+533ee7|C:\\ProgramData\\Microsoft\\Windows Defender\\Definition Updates\\{814E0E01-50B1-4E22-9825-21025E9237C6}\\mpengine.dll+f0904|C:\\ProgramData\\Microsoft\\Windows Defender\\Definition Updates\\{814E0E01-50B1-4E22-9825-21025E9237C6}\\mpengine.dll+eeca6|C:\\ProgramData\\Microsoft\\Windows Defender\\Definition Updates\\{814E0E01-50B1-4E22-9825-21025E9237C6}\\mpengine.dll+68c4|C:\\ProgramData\\Microsoft\\Windows Defender\\Definition Updates\\{814E0E01-50B1-4E22-9825-21025E9237C6}\\mpengine.dll+627ca|C:\\ProgramData\\Microsoft\\Windows Defender\\Definition Updates\\{814E0E01-50B1-4E22-9825-21025E9237C6}\\mpengine.dll+62524|C:\\ProgramData\\Microsoft\\Windows Defender\\Definition Updates\\{814E0E01-50B1-4E22-9825-21025E9237C6}\\mpengine.dll+6495a|C:\\ProgramData\\Microsoft\\Windows Defender\\Definition Updates\\{814E0E01-50B1-4E22-9825-21025E9237C6}\\mpengine.dll+308b78|C:\\ProgramData\\Microsoft\\Windows Defender\\Definition Updates\\{814E0E01-50B1-4E22-9825-21025E9237C6}\\mpengine.dll+30e75c|C:\\ProgramData\\Microsoft\\Windows Defender\\Definition Updates\\{814E0E01-50B1-4E22-9825-21025E9237C6}\\mpengine.dll+1bf463","winlog":{"computer_name":"win10.marvel.local","process":{"pid":2668,"thread":{"id":3728}},"task":"Process accessed (rule: ProcessAccess)","opcode":"Info","provider_guid":"{5770385f-c22a-43e0-bf4c-06f5698ffbd9}","version":3,"channel":"Microsoft-Windows-Sysmon/Operational","api":"wineventlog","user":{"identifier":"S-1-5-18","name":"SYSTEM","domain":"NT AUTHORITY","type":"User"},"event_id":10,"provider_name":"Microsoft-Windows-Sysmon","record_id":12220229,"event_data":{"SourceProcessGUID":"{9d556bd4-95d4-5e1b-0000-001069c80200}","GrantedAccess":"0x101000","SourceProcessId":"2724","TargetProcessId":"8760","UtcTime":"2020-01-13 00:05:17.511","SourceImage":"C:\\ProgramData\\Microsoft\\Windows Defender\\platform\\4.18.1911.3-0\\MsMpEng.exe","TargetImage":"C:\\Tools\\winlogbeat-7.4.0-windows-x86_64\\winlogbeat.exe","CallTrace":"C:\\WINDOWS\\SYSTEM32\\ntdll.dll+9c584|C:\\WINDOWS\\System32\\KERNELBASE.dll+2730e|C:\\ProgramData\\Microsoft\\Windows Defender\\Definition Updates\\{814E0E01-50B1-4E22-9825-21025E9237C6}\\mpengine.dll+4af9b4|C:\\ProgramData\\Microsoft\\Windows Defender\\Definition Updates\\{814E0E01-50B1-4E22-9825-21025E9237C6}\\mpengine.dll+4af788|C:\\ProgramData\\Microsoft\\Windows Defender\\Definition Updates\\{814E0E01-50B1-4E22-9825-21025E9237C6}\\mpengine.dll+4b11c3|C:\\ProgramData\\Microsoft\\Windows Defender\\Definition Updates\\{814E0E01-50B1-4E22-9825-21025E9237C6}\\mpengine.dll+f4112|C:\\ProgramData\\Microsoft\\Windows Defender\\Definition Updates\\{814E0E01-50B1-4E22-9825-21025E9237C6}\\mpengine.dll+f2f74|C:\\ProgramData\\Microsoft\\Windows Defender\\Definition Updates\\{814E0E01-50B1-4E22-9825-21025E9237C6}\\mpengine.dll+1ae98|C:\\ProgramData\\Microsoft\\Windows Defender\\Definition Updates\\{814E0E01-50B1-4E22-9825-21025E9237C6}\\mpengine.dll+185bf|C:\\ProgramData\\Microsoft\\Windows Defender\\Definition Updates\\{814E0E01-50B1-4E22-9825-21025E9237C6}\\mpengine.dll+181b5|C:\\ProgramData\\Microsoft\\Windows Defender\\Definition Updates\\{814E0E01-50B1-4E22-9825-21025E9237C6}\\mpengine.dll+13955|C:\\ProgramData\\Microsoft\\Windows Defender\\Definition Updates\\{814E0E01-50B1-4E22-9825-21025E9237C6}\\mpengine.dll+12ef2|C:\\ProgramData\\Microsoft\\Windows Defender\\Definition Updates\\{814E0E01-50B1-4E22-9825-21025E9237C6}\\mpengine.dll+54aa87|C:\\ProgramData\\Microsoft\\Windows Defender\\Definition Updates\\{814E0E01-50B1-4E22-9825-21025E9237C6}\\mpengine.dll+54a19c|C:\\ProgramData\\Microsoft\\Windows Defender\\Definition Updates\\{814E0E01-50B1-4E22-9825-21025E9237C6}\\mpengine.dll+533ee7|C:\\ProgramData\\Microsoft\\Windows Defender\\Definition Updates\\{814E0E01-50B1-4E22-9825-21025E9237C6}\\mpengine.dll+f0904|C:\\ProgramData\\Microsoft\\Windows Defender\\Definition Updates\\{814E0E01-50B1-4E22-9825-21025E9237C6}\\mpengine.dll+eeca6|C:\\ProgramData\\Microsoft\\Windows Defender\\Definition Updates\\{814E0E01-50B1-4E22-9825-21025E9237C6}\\mpengine.dll+68c4|C:\\ProgramData\\Microsoft\\Windows Defender\\Definition Updates\\{814E0E01-50B1-4E22-9825-21025E9237C6}\\mpengine.dll+627ca|C:\\ProgramData\\Microsoft\\Windows Defender\\Definition Updates\\{814E0E01-50B1-4E22-9825-21025E9237C6}\\mpengine.dll+62524|C:\\ProgramData\\Microsoft\\Windows Defender\\Definition Updates\\{814E0E01-50B1-4E22-9825-21025E9237C6}\\mpengine.dll+6495a|C:\\ProgramData\\Microsoft\\Windows Defender\\Definition Updates\\{814E0E01-50B1-4E22-9825-21025E9237C6}\\mpengine.dll+308b78|C:\\ProgramData\\Microsoft\\Windows Defender\\Definition Updates\\{814E0E01-50B1-4E22-9825-21025E9237C6}\\mpengine.dll+30e75c|C:\\ProgramData\\Microsoft\\Windows Defender\\Definition Updates\\{814E0E01-50B1-4E22-9825-21025E9237C6}\\mpengine.dll+1bf463","SourceThreadId":"3444","TargetProcessGUID":"{9d556bd4-ab37-5e1b-0000-00106605ea00}"}},"event":{"kind":"event","code":10,"action":"Process accessed (rule: ProcessAccess)","created":"2020-01-13T00:05:19.570Z"},"ecs":{"version":"1.1.0"}}
