{"@timestamp":"2020-01-13T00:05:06.651Z","@metadata":{"beat":"winlogbeat","type":"_doc","version":"7.4.0","topic":"winlogbeat"},"message":"Registry object added or deleted:\nRuleName: \nEventType: CreateKey\nUtcTime: 2020-01-13 00:05:06.636\nProcessGuid: {9d556bd4-95cf-5e1b-0000-001077e60000}\nProcessId: 756\nImage: C:\\WINDOWS\\system32\\svchost.exe\nTargetObject: HKU\\S-1-5-21-3240029639-634101575-1932135703-1203\\Software\\Microsoft\\Windows NT\\CurrentVersion\\HostActivityManager","winlog":{"api":"wineventlog","provider_guid":"{5770385f-c22a-43e0-bf4c-06f5698ffbd9}","user":{"name":"SYSTEM","domain":"NT AUTHORITY","type":"User","identifier":"S-1-5-18"},"provider_name":"Microsoft-Windows-Sysmon","version":2,"event_data":{"Image":"C:\\WINDOWS\\system32\\svchost.exe","TargetObject":"HKU\\S-1-5-21-3240029639-634101575-1932135703-1203\\Software\\Microsoft\\Windows NT\\CurrentVersion\\HostActivityManager","EventType":"CreateKey","UtcTime":"2020-01-13 00:05:06.636","ProcessGuid":"{9d556bd4-95cf-5e1b-0000-001077e60000}","ProcessId":"756"},"record_id":12220186,"task":"Registry object added or deleted (rule: RegistryEvent)","channel":"Microsoft-Windows-Sysmon/Operational","event_id":12,"computer_name":"win10.marvel.local","opcode":"Info","process":{"thread":{"id":3728},"pid":2668}},"agent":{"id":"48e12a22-5293-48b2-be18-b209a2e8228b","version":"7.4.0","type":"winlogbeat","ephemeral_id":"63b64902-85b7-4e5b-8603-9a5a923a012f","hostname":"win10"},"ecs":{"version":"1.1.0"},"host":{"name":"win10"},"event":{"action":"Registry object added or deleted (rule: RegistryEvent)","created":"2020-01-13T00:05:07.446Z","kind":"event","code":12},"log":{"level":"information"}}
{"@timestamp":"2020-01-13T00:05:06.651Z","@metadata":{"beat":"winlogbeat","type":"_doc","version":"7.4.0","topic":"winlogbeat"},"log":{"level":"information"},"message":"Registry object added or deleted:\nRuleName: \nEventType: CreateKey\nUtcTime: 2020-01-13 00:05:06.636\nProcessGuid: {9d556bd4-95cf-5e1b-0000-001077e60000}\nProcessId: 756\nImage: C:\\WINDOWS\\system32\\svchost.exe\nTargetObject: HKU\\S-1-5-21-3240029639-634101575-1932135703-1203\\Software\\Microsoft\\Windows NT\\CurrentVersion\\HostActivityManager","agent":{"ephemeral_id":"63b64902-85b7-4e5b-8603-9a5a923a012f","hostname":"win10","id":"48e12a22-5293-48b2-be18-b209a2e8228b","version":"7.4.0","type":"winlogbeat"},"ecs":{"version":"1.1.0"},"host":{"name":"win10"},"winlog":{"api":"wineventlog","computer_name":"win10.marvel.local","record_id":12220187,"user":{"identifier":"S-1-5-18","name":"SYSTEM","domain":"NT AUTHORITY","type":"User"},"event_id":12,"provider_guid":"{5770385f-c22a-43e0-bf4c-06f5698ffbd9}","task":"Registry object added or deleted (rule: RegistryEvent)","opcode":"Info","version":2,"channel":"Microsoft-Windows-Sysmon/Operational","provider_name":"Microsoft-Windows-Sysmon","process":{"pid":2668,"thread":{"id":3728}},"event_data":{"TargetObject":"HKU\\S-1-5-21-3240029639-634101575-1932135703-1203\\Software\\Microsoft\\Windows NT\\CurrentVersion\\HostActivityManager","EventType":"CreateKey","UtcTime":"2020-01-13 00:05:06.636","ProcessGuid":"{9d556bd4-95cf-5e1b-0000-001077e60000}","ProcessId":"756","Image":"C:\\WINDOWS\\system32\\svchost.exe"}},"event":{"action":"Registry object added or deleted (rule: RegistryEvent)","created":"2020-01-13T00:05:07.446Z","kind":"event","code":12}}
{"@timestamp":"2020-01-13T00:05:06.651Z","@metadata":{"beat":"winlogbeat","type":"_doc","version":"7.4.0","topic":"winlogbeat"},"winlog":{"computer_name":"win10.marvel.local","record_id":12220188,"event_id":12,"user":{"identifier":"S-1-5-18","name":"SYSTEM","domain":"NT AUTHORITY","type":"User"},"channel":"Microsoft-Windows-Sysmon/Operational","task":"Registry object added or deleted (rule: RegistryEvent)","opcode":"Info","provider_guid":"{5770385f-c22a-43e0-bf4c-06f5698ffbd9}","api":"wineventlog","version":2,"process":{"pid":2668,"thread":{"id":3728}},"event_data":{"Image":"C:\\WINDOWS\\system32\\svchost.exe","TargetObject":"HKU\\S-1-5-21-3240029639-634101575-1932135703-1203\\Software\\Microsoft\\Windows NT\\CurrentVersion\\HostActivityManager\\CommitHistory","EventType":"CreateKey","UtcTime":"2020-01-13 00:05:06.636","ProcessGuid":"{9d556bd4-95cf-5e1b-0000-001077e60000}","ProcessId":"756"},"provider_name":"Microsoft-Windows-Sysmon"},"event":{"kind":"event","code":12,"action":"Registry object added or deleted (rule: RegistryEvent)","created":"2020-01-13T00:05:07.446Z"},"log":{"level":"information"},"message":"Registry object added or deleted:\nRuleName: \nEventType: CreateKey\nUtcTime: 2020-01-13 00:05:06.636\nProcessGuid: {9d556bd4-95cf-5e1b-0000-001077e60000}\nProcessId: 756\nImage: C:\\WINDOWS\\system32\\svchost.exe\nTargetObject: HKU\\S-1-5-21-3240029639-634101575-1932135703-1203\\Software\\Microsoft\\Windows NT\\CurrentVersion\\HostActivityManager\\CommitHistory","ecs":{"version":"1.1.0"},"host":{"name":"win10"},"agent":{"type":"winlogbeat","ephemeral_id":"63b64902-85b7-4e5b-8603-9a5a923a012f","hostname":"win10","id":"48e12a22-5293-48b2-be18-b209a2e8228b","version":"7.4.0"}}
{"@timestamp":"2020-01-13T00:05:06.651Z","@metadata":{"beat":"winlogbeat","type":"_doc","version":"7.4.0","topic":"winlogbeat"},"ecs":{"version":"1.1.0"},"host":{"name":"win10"},"agent":{"version":"7.4.0","type":"winlogbeat","ephemeral_id":"63b64902-85b7-4e5b-8603-9a5a923a012f","hostname":"win10","id":"48e12a22-5293-48b2-be18-b209a2e8228b"},"winlog":{"event_id":12,"provider_name":"Microsoft-Windows-Sysmon","channel":"Microsoft-Windows-Sysmon/Operational","computer_name":"win10.marvel.local","version":2,"api":"wineventlog","process":{"thread":{"id":3728},"pid":2668},"event_data":{"TargetObject":"HKU\\S-1-5-21-3240029639-634101575-1932135703-1203\\Software\\Microsoft\\Windows NT\\CurrentVersion\\HostActivityManager\\CommitHistory\\Microsoft.OneConnect_8wekyb3d8bbwe!App","EventType":"CreateKey","UtcTime":"2020-01-13 00:05:06.636","ProcessGuid":"{9d556bd4-95cf-5e1b-0000-001077e60000}","ProcessId":"756","Image":"C:\\WINDOWS\\system32\\svchost.exe"},"record_id":12220189,"task":"Registry object added or deleted (rule: RegistryEvent)","user":{"domain":"NT AUTHORITY","type":"User","identifier":"S-1-5-18","name":"SYSTEM"},"provider_guid":"{5770385f-c22a-43e0-bf4c-06f5698ffbd9}","opcode":"Info"},"event":{"kind":"event","code":12,"action":"Registry object added or deleted (rule: RegistryEvent)","created":"2020-01-13T00:05:07.446Z"},"log":{"level":"information"},"message":"Registry object added or deleted:\nRuleName: \nEventType: CreateKey\nUtcTime: 2020-01-13 00:05:06.636\nProcessGuid: {9d556bd4-95cf-5e1b-0000-001077e60000}\nProcessId: 756\nImage: C:\\WINDOWS\\system32\\svchost.exe\nTargetObject: HKU\\S-1-5-21-3240029639-634101575-1932135703-1203\\Software\\Microsoft\\Windows NT\\CurrentVersion\\HostActivityManager\\CommitHistory\\Microsoft.OneConnect_8wekyb3d8bbwe!App"}
{"@timestamp":"2020-01-13T00:05:06.651Z","@metadata":{"beat":"winlogbeat","type":"_doc","version":"7.4.0","topic":"winlogbeat"},"agent":{"id":"48e12a22-5293-48b2-be18-b209a2e8228b","version":"7.4.0","type":"winlogbeat","ephemeral_id":"63b64902-85b7-4e5b-8603-9a5a923a012f","hostname":"win10"},"event":{"kind":"event","code":13,"action":"Registry value set (rule: RegistryEvent)","created":"2020-01-13T00:05:07.446Z"},"log":{"level":"information"},"message":"Registry value set:\nRuleName: \nEventType: SetValue\nUtcTime: 2020-01-13 00:05:06.636\nProcessGuid: {9d556bd4-95cf-5e1b-0000-001077e60000}\nProcessId: 756\nImage: C:\\WINDOWS\\system32\\svchost.exe\nTargetObject: HKU\\S-1-5-21-3240029639-634101575-1932135703-1203\\Software\\Microsoft\\Windows NT\\CurrentVersion\\HostActivityManager\\CommitHistory\\Microsoft.OneConnect_8wekyb3d8bbwe!App\\Pure\nDetails: QWORD (0x00000000-0x01400000)","winlog":{"opcode":"Info","task":"Registry value set (rule: RegistryEvent)","api":"wineventlog","provider_guid":"{5770385f-c22a-43e0-bf4c-06f5698ffbd9}","process":{"thread":{"id":3728},"pid":2668},"channel":"Microsoft-Windows-Sysmon/Operational","user":{"identifier":"S-1-5-18","name":"SYSTEM","domain":"NT AUTHORITY","type":"User"},"version":2,"event_id":13,"record_id":12220190,"event_data":{"Image":"C:\\WINDOWS\\system32\\svchost.exe","TargetObject":"HKU\\S-1-5-21-3240029639-634101575-1932135703-1203\\Software\\Microsoft\\Windows NT\\CurrentVersion\\HostActivityManager\\CommitHistory\\Microsoft.OneConnect_8wekyb3d8bbwe!App\\Pure","Details":"QWORD (0x00000000-0x01400000)","EventType":"SetValue","UtcTime":"2020-01-13 00:05:06.636","ProcessGuid":"{9d556bd4-95cf-5e1b-0000-001077e60000}","ProcessId":"756"},"provider_name":"Microsoft-Windows-Sysmon","computer_name":"win10.marvel.local"},"ecs":{"version":"1.1.0"},"host":{"name":"win10"}}
{"@timestamp":"2020-01-13T00:05:06.651Z","@metadata":{"beat":"winlogbeat","type":"_doc","version":"7.4.0","topic":"winlogbeat"},"agent":{"version":"7.4.0","type":"winlogbeat","ephemeral_id":"63b64902-85b7-4e5b-8603-9a5a923a012f","hostname":"win10","id":"48e12a22-5293-48b2-be18-b209a2e8228b"},"ecs":{"version":"1.1.0"},"message":"Registry object added or deleted:\nRuleName: \nEventType: CreateKey\nUtcTime: 2020-01-13 00:05:06.636\nProcessGuid: {9d556bd4-95cf-5e1b-0000-001077e60000}\nProcessId: 756\nImage: C:\\WINDOWS\\system32\\svchost.exe\nTargetObject: HKU\\S-1-5-21-3240029639-634101575-1932135703-1203_Classes\\Local Settings\\Software\\Microsoft\\Windows\\CurrentVersion\\AppModel\\SystemAppData\\Microsoft.OneConnect_8wekyb3d8bbwe","winlog":{"computer_name":"win10.marvel.local","provider_guid":"{5770385f-c22a-43e0-bf4c-06f5698ffbd9}","version":2,"event_data":{"TargetObject":"HKU\\S-1-5-21-3240029639-634101575-1932135703-1203_Classes\\Local Settings\\Software\\Microsoft\\Windows\\CurrentVersion\\AppModel\\SystemAppData\\Microsoft.OneConnect_8wekyb3d8bbwe","EventType":"CreateKey","UtcTime":"2020-01-13 00:05:06.636","ProcessGuid":"{9d556bd4-95cf-5e1b-0000-001077e60000}","ProcessId":"756","Image":"C:\\WINDOWS\\system32\\svchost.exe"},"event_id":12,"process":{"pid":2668,"thread":{"id":3728}},"user":{"name":"SYSTEM","domain":"NT AUTHORITY","type":"User","identifier":"S-1-5-18"},"task":"Registry object added or deleted (rule: RegistryEvent)","api":"wineventlog","opcode":"Info","channel":"Microsoft-Windows-Sysmon/Operational","provider_name":"Microsoft-Windows-Sysmon","record_id":12220191},"event":{"action":"Registry object added or deleted (rule: RegistryEvent)","created":"2020-01-13T00:05:07.446Z","kind":"event","code":12},"log":{"level":"information"},"host":{"name":"win10"}}
{"@timestamp":"2020-01-13T00:05:06.652Z","@metadata":{"beat":"winlogbeat","type":"_doc","version":"7.4.0","topic":"winlogbeat"},"log":{"level":"information"},"message":"Registry object added or deleted:\nRuleName: \nEventType: CreateKey\nUtcTime: 2020-01-13 00:05:06.636\nProcessGuid: {9d556bd4-95cf-5e1b-0000-001077e60000}\nProcessId: 756\nImage: C:\\WINDOWS\\system32\\svchost.exe\nTargetObject: HKU\\S-1-5-21-3240029639-634101575-1932135703-1203_Classes\\Local Settings\\Software\\Microsoft\\Windows\\CurrentVersion\\AppModel\\SystemAppData\\Microsoft.OneConnect_8wekyb3d8bbwe\\HAM\\AUI","host":{"name":"win10"},"agent":{"type":"winlogbeat","ephemeral_id":"63b64902-85b7-4e5b-8603-9a5a923a012f","hostname":"win10","id":"48e12a22-5293-48b2-be18-b209a2e8228b","version":"7.4.0"},"ecs":{"version":"1.1.0"},"winlog":{"provider_name":"Microsoft-Windows-Sysmon","api":"wineventlog","opcode":"Info","user":{"identifier":"S-1-5-18","name":"SYSTEM","domain":"NT AUTHORITY","type":"User"},"record_id":12220192,"provider_guid":"{5770385f-c22a-43e0-bf4c-06f5698ffbd9}","event_id":12,"version":2,"process":{"pid":2668,"thread":{"id":3728}},"event_data":{"TargetObject":"HKU\\S-1-5-21-3240029639-634101575-1932135703-1203_Classes\\Local Settings\\Software\\Microsoft\\Windows\\CurrentVersion\\AppModel\\SystemAppData\\Microsoft.OneConnect_8wekyb3d8bbwe\\HAM\\AUI","EventType":"CreateKey","UtcTime":"2020-01-13 00:05:06.636","ProcessGuid":"{9d556bd4-95cf-5e1b-0000-001077e60000}","ProcessId":"756","Image":"C:\\WINDOWS\\system32\\svchost.exe"},"channel":"Microsoft-Windows-Sysmon/Operational","task":"Registry object added or deleted (rule: RegistryEvent)","computer_name":"win10.marvel.local"},"event":{"kind":"event","code":12,"action":"Registry object added or deleted (rule: RegistryEvent)","created":"2020-01-13T00:05:07.446Z"}}
{"@timestamp":"2020-01-13T00:05:06.652Z","@metadata":{"beat":"winlogbeat","type":"_doc","version":"7.4.0","topic":"winlogbeat"},"host":{"name":"win10"},"agent":{"ephemeral_id":"63b64902-85b7-4e5b-8603-9a5a923a012f","hostname":"win10","id":"48e12a22-5293-48b2-be18-b209a2e8228b","version":"7.4.0","type":"winlogbeat"},"winlog":{"channel":"Microsoft-Windows-Sysmon/Operational","event_id":12,"task":"Registry object added or deleted (rule: RegistryEvent)","api":"wineventlog","record_id":12220193,"opcode":"Info","user":{"domain":"NT AUTHORITY","type":"User","identifier":"S-1-5-18","name":"SYSTEM"},"provider_guid":"{5770385f-c22a-43e0-bf4c-06f5698ffbd9}","process":{"pid":2668,"thread":{"id":3728}},"provider_name":"Microsoft-Windows-Sysmon","version":2,"event_data":{"ProcessId":"756","Image":"C:\\WINDOWS\\system32\\svchost.exe","TargetObject":"HKU\\S-1-5-21-3240029639-634101575-1932135703-1203_Classes\\Local Settings\\Software\\Microsoft\\Windows\\CurrentVersion\\AppModel\\SystemAppData\\Microsoft.OneConnect_8wekyb3d8bbwe\\HAM\\AUI\\App","EventType":"CreateKey","UtcTime":"2020-01-13 00:05:06.636","ProcessGuid":"{9d556bd4-95cf-5e1b-0000-001077e60000}"},"computer_name":"win10.marvel.local"},"event":{"kind":"event","code":12,"action":"Registry object added or deleted (rule: RegistryEvent)","created":"2020-01-13T00:05:07.446Z"},"log":{"level":"information"},"message":"Registry object added or deleted:\nRuleName: \nEventType: CreateKey\nUtcTime: 2020-01-13 00:05:06.636\nProcessGuid: {9d556bd4-95cf-5e1b-0000-001077e60000}\nProcessId: 756\nImage: C:\\WINDOWS\\system32\\svchost.exe\nTargetObject: HKU\\S-1-5-21-3240029639-634101575-1932135703-1203_Classes\\Local Settings\\Software\\Microsoft\\Windows\\CurrentVersion\\AppModel\\SystemAppData\\Microsoft.OneConnect_8wekyb3d8bbwe\\HAM\\AUI\\App","ecs":{"version":"1.1.0"}}
{"@timestamp":"2020-01-13T00:05:06.652Z","@metadata":{"beat":"winlogbeat","type":"_doc","version":"7.4.0","topic":"winlogbeat"},"winlog":{"record_id":12220194,"api":"wineventlog","opcode":"Info","event_id":12,"provider_name":"Microsoft-Windows-Sysmon","task":"Registry object added or deleted (rule: RegistryEvent)","provider_guid":"{5770385f-c22a-43e0-bf4c-06f5698ffbd9}","version":2,"process":{"pid":2668,"thread":{"id":3728}},"event_data":{"ProcessGuid":"{9d556bd4-95cf-5e1b-0000-001077e60000}","ProcessId":"756","Image":"C:\\WINDOWS\\system32\\svchost.exe","TargetObject":"HKU\\S-1-5-21-3240029639-634101575-1932135703-1203_Classes\\Local Settings\\Software\\Microsoft\\Windows\\CurrentVersion\\AppModel\\SystemAppData\\Microsoft.OneConnect_8wekyb3d8bbwe\\HAM\\AUI\\App\\V1","EventType":"CreateKey","UtcTime":"2020-01-13 00:05:06.636"},"channel":"Microsoft-Windows-Sysmon/Operational","computer_name":"win10.marvel.local","user":{"type":"User","identifier":"S-1-5-18","name":"SYSTEM","domain":"NT AUTHORITY"}},"event":{"kind":"event","code":12,"action":"Registry object added or deleted (rule: RegistryEvent)","created":"2020-01-13T00:05:07.446Z"},"log":{"level":"information"},"message":"Registry object added or deleted:\nRuleName: \nEventType: CreateKey\nUtcTime: 2020-01-13 00:05:06.636\nProcessGuid: {9d556bd4-95cf-5e1b-0000-001077e60000}\nProcessId: 756\nImage: C:\\WINDOWS\\system32\\svchost.exe\nTargetObject: HKU\\S-1-5-21-3240029639-634101575-1932135703-1203_Classes\\Local Settings\\Software\\Microsoft\\Windows\\CurrentVersion\\AppModel\\SystemAppData\\Microsoft.OneConnect_8wekyb3d8bbwe\\HAM\\AUI\\App\\V1","ecs":{"version":"1.1.0"},"host":{"name":"win10"},"agent":{"type":"winlogbeat","ephemeral_id":"63b64902-85b7-4e5b-8603-9a5a923a012f","hostname":"win10","id":"48e12a22-5293-48b2-be18-b209a2e8228b","version":"7.4.0"}}
{"@timestamp":"2020-01-13T00:05:06.653Z","@metadata":{"beat":"winlogbeat","type":"_doc","version":"7.4.0","topic":"winlogbeat"},"message":"Registry object added or deleted:\nRuleName: \nEventType: CreateKey\nUtcTime: 2020-01-13 00:05:06.636\nProcessGuid: {9d556bd4-95cf-5e1b-0000-001077e60000}\nProcessId: 756\nImage: C:\\WINDOWS\\system32\\svchost.exe\nTargetObject: HKU\\S-1-5-21-3240029639-634101575-1932135703-1203_Classes\\Local Settings\\Software\\Microsoft\\Windows\\CurrentVersion\\AppModel\\SystemAppData\\Microsoft.OneConnect_8wekyb3d8bbwe\\HAM\\AUI\\App\\V1\\LU","ecs":{"version":"1.1.0"},"host":{"name":"win10"},"agent":{"type":"winlogbeat","ephemeral_id":"63b64902-85b7-4e5b-8603-9a5a923a012f","hostname":"win10","id":"48e12a22-5293-48b2-be18-b209a2e8228b","version":"7.4.0"},"winlog":{"record_id":12220195,"api":"wineventlog","provider_guid":"{5770385f-c22a-43e0-bf4c-06f5698ffbd9}","version":2,"process":{"pid":2668,"thread":{"id":3728}},"user":{"identifier":"S-1-5-18","name":"SYSTEM","domain":"NT AUTHORITY","type":"User"},"event_id":12,"event_data":{"ProcessGuid":"{9d556bd4-95cf-5e1b-0000-001077e60000}","ProcessId":"756","Image":"C:\\WINDOWS\\system32\\svchost.exe","TargetObject":"HKU\\S-1-5-21-3240029639-634101575-1932135703-1203_Classes\\Local Settings\\Software\\Microsoft\\Windows\\CurrentVersion\\AppModel\\SystemAppData\\Microsoft.OneConnect_8wekyb3d8bbwe\\HAM\\AUI\\App\\V1\\LU","EventType":"CreateKey","UtcTime":"2020-01-13 00:05:06.636"},"channel":"Microsoft-Windows-Sysmon/Operational","provider_name":"Microsoft-Windows-Sysmon","task":"Registry object added or deleted (rule: RegistryEvent)","computer_name":"win10.marvel.local","opcode":"Info"},"event":{"created":"2020-01-13T00:05:07.446Z","kind":"event","code":12,"action":"Registry object added or deleted (rule: RegistryEvent)"},"log":{"level":"information"}}
{"@timestamp":"2020-01-13T00:05:06.653Z","@metadata":{"beat":"winlogbeat","type":"_doc","version":"7.4.0","topic":"winlogbeat"},"winlog":{"process":{"thread":{"id":3728},"pid":2668},"user":{"identifier":"S-1-5-18","name":"SYSTEM","domain":"NT AUTHORITY","type":"User"},"channel":"Microsoft-Windows-Sysmon/Operational","provider_name":"Microsoft-Windows-Sysmon","task":"Registry value set (rule: RegistryEvent)","event_data":{"Details":"QWORD (0x01d5c9a4-0xf855ea8e)","EventType":"SetValue","UtcTime":"2020-01-13 00:05:06.636","ProcessGuid":"{9d556bd4-95cf-5e1b-0000-001077e60000}","ProcessId":"756","Image":"C:\\WINDOWS\\system32\\svchost.exe","TargetObject":"HKU\\S-1-5-21-3240029639-634101575-1932135703-1203_Classes\\Local Settings\\Software\\Microsoft\\Windows\\CurrentVersion\\AppModel\\SystemAppData\\Microsoft.OneConnect_8wekyb3d8bbwe\\HAM\\AUI\\App\\V1\\LU\\PCT"},"provider_guid":"{5770385f-c22a-43e0-bf4c-06f5698ffbd9}","api":"wineventlog","computer_name":"win10.marvel.local","version":2,"event_id":13,"record_id":12220196,"opcode":"Info"},"event":{"code":13,"action":"Registry value set (rule: RegistryEvent)","created":"2020-01-13T00:05:07.446Z","kind":"event"},"ecs":{"version":"1.1.0"},"host":{"name":"win10"},"agent":{"hostname":"win10","id":"48e12a22-5293-48b2-be18-b209a2e8228b","version":"7.4.0","type":"winlogbeat","ephemeral_id":"63b64902-85b7-4e5b-8603-9a5a923a012f"},"log":{"level":"information"},"message":"Registry value set:\nRuleName: \nEventType: SetValue\nUtcTime: 2020-01-13 00:05:06.636\nProcessGuid: {9d556bd4-95cf-5e1b-0000-001077e60000}\nProcessId: 756\nImage: C:\\WINDOWS\\system32\\svchost.exe\nTargetObject: HKU\\S-1-5-21-3240029639-634101575-1932135703-1203_Classes\\Local Settings\\Software\\Microsoft\\Windows\\CurrentVersion\\AppModel\\SystemAppData\\Microsoft.OneConnect_8wekyb3d8bbwe\\HAM\\AUI\\App\\V1\\LU\\PCT\nDetails: QWORD (0x01d5c9a4-0xf855ea8e)"}
{"@timestamp":"2020-01-13T00:05:06.653Z","@metadata":{"beat":"winlogbeat","type":"_doc","version":"7.4.0","topic":"winlogbeat"},"host":{"name":"win10"},"agent":{"hostname":"win10","id":"48e12a22-5293-48b2-be18-b209a2e8228b","version":"7.4.0","type":"winlogbeat","ephemeral_id":"63b64902-85b7-4e5b-8603-9a5a923a012f"},"ecs":{"version":"1.1.0"},"log":{"level":"information"},"message":"Registry value set:\nRuleName: \nEventType: SetValue\nUtcTime: 2020-01-13 00:05:06.651\nProcessGuid: {9d556bd4-95cf-5e1b-0000-001077e60000}\nProcessId: 756\nImage: C:\\WINDOWS\\system32\\svchost.exe\nTargetObject: HKU\\S-1-5-21-3240029639-634101575-1932135703-1203_Classes\\Local Settings\\Software\\Microsoft\\Windows\\CurrentVersion\\AppModel\\SystemAppData\\Microsoft.OneConnect_8wekyb3d8bbwe\\HAM\\AUI\\App\\V1\\LU\\PTT\nDetails: QWORD (0x01d5c9a5-0x1cbefd27)","winlog":{"provider_name":"Microsoft-Windows-Sysmon","computer_name":"win10.marvel.local","api":"wineventlog","provider_guid":"{5770385f-c22a-43e0-bf4c-06f5698ffbd9}","record_id":12220197,"task":"Registry value set (rule: RegistryEvent)","process":{"pid":2668,"thread":{"id":3728}},"channel":"Microsoft-Windows-Sysmon/Operational","user":{"identifier":"S-1-5-18","name":"SYSTEM","domain":"NT AUTHORITY","type":"User"},"event_data":{"Image":"C:\\WINDOWS\\system32\\svchost.exe","TargetObject":"HKU\\S-1-5-21-3240029639-634101575-1932135703-1203_Classes\\Local Settings\\Software\\Microsoft\\Windows\\CurrentVersion\\AppModel\\SystemAppData\\Microsoft.OneConnect_8wekyb3d8bbwe\\HAM\\AUI\\App\\V1\\LU\\PTT","Details":"QWORD (0x01d5c9a5-0x1cbefd27)","EventType":"SetValue","UtcTime":"2020-01-13 00:05:06.651","ProcessGuid":"{9d556bd4-95cf-5e1b-0000-001077e60000}","ProcessId":"756"},"event_id":13,"opcode":"Info","version":2},"event":{"code":13,"action":"Registry value set (rule: RegistryEvent)","created":"2020-01-13T00:05:07.446Z","kind":"event"}}
{"@timestamp":"2020-01-13T00:05:06.656Z","@metadata":{"beat":"winlogbeat","type":"_doc","version":"7.4.0","topic":"winlogbeat"},"event":{"code":12,"action":"Registry object added or deleted (rule: RegistryEvent)","created":"2020-01-13T00:05:07.446Z","kind":"event"},"log":{"level":"information"},"message":"Registry object added or deleted:\nRuleName: \nEventType: DeleteValue\nUtcTime: 2020-01-13 00:05:06.651\nProcessGuid: {9d556bd4-95cf-5e1b-0000-001077e60000}\nProcessId: 756\nImage: C:\\WINDOWS\\system32\\svchost.exe\nTargetObject: HKLM\\SOFTWARE\\Microsoft\\Windows NT\\CurrentVersion\\VolatileNotifications\\41C64E6DA3251855","ecs":{"version":"1.1.0"},"host":{"name":"win10"},"agent":{"ephemeral_id":"63b64902-85b7-4e5b-8603-9a5a923a012f","hostname":"win10","id":"48e12a22-5293-48b2-be18-b209a2e8228b","version":"7.4.0","type":"winlogbeat"},"winlog":{"computer_name":"win10.marvel.local","task":"Registry object added or deleted (rule: RegistryEvent)","api":"wineventlog","process":{"pid":2668,"thread":{"id":3728}},"user":{"name":"SYSTEM","domain":"NT AUTHORITY","type":"User","identifier":"S-1-5-18"},"event_data":{"ProcessId":"756","Image":"C:\\WINDOWS\\system32\\svchost.exe","TargetObject":"HKLM\\SOFTWARE\\Microsoft\\Windows NT\\CurrentVersion\\VolatileNotifications\\41C64E6DA3251855","EventType":"DeleteValue","UtcTime":"2020-01-13 00:05:06.651","ProcessGuid":"{9d556bd4-95cf-5e1b-0000-001077e60000}"},"event_id":12,"provider_name":"Microsoft-Windows-Sysmon","channel":"Microsoft-Windows-Sysmon/Operational","opcode":"Info","provider_guid":"{5770385f-c22a-43e0-bf4c-06f5698ffbd9}","version":2,"record_id":12220198}}
{"@timestamp":"2020-01-13T00:05:06.657Z","@metadata":{"beat":"winlogbeat","type":"_doc","version":"7.4.0","topic":"winlogbeat"},"host":{"name":"win10"},"agent":{"type":"winlogbeat","ephemeral_id":"63b64902-85b7-4e5b-8603-9a5a923a012f","hostname":"win10","id":"48e12a22-5293-48b2-be18-b209a2e8228b","version":"7.4.0"},"winlog":{"event_id":12,"record_id":12220199,"task":"Registry object added or deleted (rule: RegistryEvent)","computer_name":"win10.marvel.local","channel":"Microsoft-Windows-Sysmon/Operational","version":2,"api":"wineventlog","process":{"pid":2668,"thread":{"id":3728}},"event_data":{"EventType":"CreateKey","UtcTime":"2020-01-13 00:05:06.651","ProcessGuid":"{9d556bd4-b3f5-5e1b-0000-001027d70b01}","ProcessId":"7996","Image":"C:\\WINDOWS\\System32\\svchost.exe","TargetObject":"HKLM\\System\\CurrentControlSet\\Services\\ClipSVC\\Parameters"},"opcode":"Info","provider_guid":"{5770385f-c22a-43e0-bf4c-06f5698ffbd9}","user":{"identifier":"S-1-5-18","name":"SYSTEM","domain":"NT AUTHORITY","type":"User"},"provider_name":"Microsoft-Windows-Sysmon"},"event":{"kind":"event","code":12,"action":"Registry object added or deleted (rule: RegistryEvent)","created":"2020-01-13T00:05:07.446Z"},"log":{"level":"information"},"message":"Registry object added or deleted:\nRuleName: \nEventType: CreateKey\nUtcTime: 2020-01-13 00:05:06.651\nProcessGuid: {9d556bd4-b3f5-5e1b-0000-001027d70b01}\nProcessId: 7996\nImage: C:\\WINDOWS\\System32\\svchost.exe\nTargetObject: HKLM\\System\\CurrentControlSet\\Services\\ClipSVC\\Parameters","ecs":{"version":"1.1.0"}}
{"@timestamp":"2020-01-13T00:05:06.661Z","@metadata":{"beat":"winlogbeat","type":"_doc","version":"7.4.0","topic":"winlogbeat"},"ecs":{"version":"1.1.0"},"host":{"name":"win10"},"agent":{"ephemeral_id":"63b64902-85b7-4e5b-8603-9a5a923a012f","hostname":"win10","id":"48e12a22-5293-48b2-be18-b209a2e8228b","version":"7.4.0","type":"winlogbeat"},"winlog":{"computer_name":"win10.marvel.local","event_id":12,"event_data":{"EventType":"CreateKey","UtcTime":"2020-01-13 00:05:06.651","ProcessGuid":"{9d556bd4-b3f5-5e1b-0000-001027d70b01}","ProcessId":"7996","Image":"C:\\WINDOWS\\System32\\svchost.exe","TargetObject":"HKLM\\System\\CurrentControlSet\\Services\\ClipSVC\\Parameters"},"opcode":"Info","process":{"pid":2668,"thread":{"id":3728}},"record_id":12220200,"version":2,"user":{"name":"SYSTEM","domain":"NT AUTHORITY","type":"User","identifier":"S-1-5-18"},"task":"Registry object added or deleted (rule: RegistryEvent)","api":"wineventlog","provider_guid":"{5770385f-c22a-43e0-bf4c-06f5698ffbd9}","channel":"Microsoft-Windows-Sysmon/Operational","provider_name":"Microsoft-Windows-Sysmon"},"event":{"kind":"event","code":12,"action":"Registry object added or deleted (rule: RegistryEvent)","created":"2020-01-13T00:05:07.446Z"},"log":{"level":"information"},"message":"Registry object added or deleted:\nRuleName: \nEventType: CreateKey\nUtcTime: 2020-01-13 00:05:06.651\nProcessGuid: {9d556bd4-b3f5-5e1b-0000-001027d70b01}\nProcessId: 7996\nImage: C:\\WINDOWS\\System32\\svchost.exe\nTargetObject: HKLM\\System\\CurrentControlSet\\Services\\ClipSVC\\Parameters"}
{"@timestamp":"2020-01-13T00:05:07.472Z","@metadata":{"beat":"winlogbeat","type":"_doc","version":"7.4.0","topic":"winlogbeat"},"winlog":{"channel":"Microsoft-Windows-Sysmon/Operational","provider_name":"Microsoft-Windows-Sysmon","process":{"pid":2668,"thread":{"id":3728}},"event_data":{"SourceImage":"C:\\ProgramData\\Microsoft\\Windows Defender\\platform\\4.18.1911.3-0\\MsMpEng.exe","TargetProcessGUID":"{9d556bd4-ab37-5e1b-0000-00106605ea00}","SourceProcessGUID":"{9d556bd4-95d4-5e1b-0000-001069c80200}","SourceProcessId":"2724","TargetImage":"C:\\Tools\\winlogbeat-7.4.0-windows-x86_64\\winlogbeat.exe","CallTrace":"C:\\WINDOWS\\SYSTEM32\\ntdll.dll+9c584|C:\\WINDOWS\\System32\\KERNELBASE.dll+2730e|C:\\ProgramData\\Microsoft\\Windows Defender\\Definition Updates\\{814E0E01-50B1-4E22-9825-21025E9237C6}\\mpengine.dll+4af9b4|C:\\ProgramData\\Microsoft\\Windows Defender\\Definition Updates\\{814E0E01-50B1-4E22-9825-21025E9237C6}\\mpengine.dll+4af788|C:\\ProgramData\\Microsoft\\Windows Defender\\Definition Updates\\{814E0E01-50B1-4E22-9825-21025E9237C6}\\mpengine.dll+4b11c3|C:\\ProgramData\\Microsoft\\Windows Defender\\Definition Updates\\{814E0E01-50B1-4E22-9825-21025E9237C6}\\mpengine.dll+5c5ffd|C:\\ProgramData\\Microsoft\\Windows Defender\\Definition Updates\\{814E0E01-50B1-4E22-9825-21025E9237C6}\\mpengine.dll+6008b6|C:\\ProgramData\\Microsoft\\Windows Defender\\Definition Updates\\{814E0E01-50B1-4E22-9825-21025E9237C6}\\mpengine.dll+602327|C:\\ProgramData\\Microsoft\\Windows Defender\\Definition Updates\\{814E0E01-50B1-4E22-9825-21025E9237C6}\\mpengine.dll+5fb049|C:\\ProgramData\\Microsoft\\Windows Defender\\Definition Updates\\{814E0E01-50B1-4E22-9825-21025E9237C6}\\mpengine.dll+5f9977|C:\\ProgramData\\Microsoft\\Windows Defender\\Definition Updates\\{814E0E01-50B1-4E22-9825-21025E9237C6}\\mpengine.dll+5fba86|C:\\ProgramData\\Microsoft\\Windows Defender\\Definition Updates\\{814E0E01-50B1-4E22-9825-21025E9237C6}\\mpengine.dll+5fba01|C:\\ProgramData\\Microsoft\\Windows Defender\\Definition Updates\\{814E0E01-50B1-4E22-9825-21025E9237C6}\\mpengine.dll+2b8765|C:\\ProgramData\\Microsoft\\Windows Defender\\Definition Updates\\{814E0E01-50B1-4E22-9825-21025E9237C6}\\mpengine.dll+2b6217|C:\\ProgramData\\Microsoft\\Windows Defender\\Definition Updates\\{814E0E01-50B1-4E22-9825-21025E9237C6}\\mpengine.dll+2b649e|C:\\ProgramData\\Microsoft\\Windows Defender\\Definition Updates\\{814E0E01-50B1-4E22-9825-21025E9237C6}\\mpengine.dll+2e7ae3|C:\\ProgramData\\Microsoft\\Windows Defender\\Definition Updates\\{814E0E01-50B1-4E22-9825-21025E9237C6}\\mpengine.dll+36f6e2|C:\\WINDOWS\\SYSTEM32\\ntdll.dll+3089d|C:\\WINDOWS\\SYSTEM32\\ntdll.dll+34634|C:\\WINDOWS\\System32\\KERNEL32.DLL+17bd4|C:\\WINDOWS\\SYSTEM32\\ntdll.dll+6ced1","UtcTime":"2020-01-13 00:05:07.470","SourceThreadId":"3476","TargetProcessId":"8760","GrantedAccess":"0x101000"},"task":"Process accessed (rule: ProcessAccess)","api":"wineventlog","event_id":10,"record_id":12220201,"computer_name":"win10.marvel.local","opcode":"Info","provider_guid":"{5770385f-c22a-43e0-bf4c-06f5698ffbd9}","version":3,"user":{"identifier":"S-1-5-18","name":"SYSTEM","domain":"NT AUTHORITY","type":"User"}},"event":{"kind":"event","code":10,"action":"Process accessed (rule: ProcessAccess)","created":"2020-01-13T00:05:09.467Z"},"log":{"level":"information"},"message":"Process accessed:\nRuleName: \nUtcTime: 2020-01-13 00:05:07.470\nSourceProcessGUID: {9d556bd4-95d4-5e1b-0000-001069c80200}\nSourceProcessId: 2724\nSourceThreadId: 3476\nSourceImage: C:\\ProgramData\\Microsoft\\Windows Defender\\platform\\4.18.1911.3-0\\MsMpEng.exe\nTargetProcessGUID: {9d556bd4-ab37-5e1b-0000-00106605ea00}\nTargetProcessId: 8760\nTargetImage: C:\\Tools\\winlogbeat-7.4.0-windows-x86_64\\winlogbeat.exe\nGrantedAccess: 0x101000\nCallTrace: C:\\WINDOWS\\SYSTEM32\\ntdll.dll+9c584|C:\\WINDOWS\\System32\\KERNELBASE.dll+2730e|C:\\ProgramData\\Microsoft\\Windows Defender\\Definition Updates\\{814E0E01-50B1-4E22-9825-21025E9237C6}\\mpengine.dll+4af9b4|C:\\ProgramData\\Microsoft\\Windows Defender\\Definition Updates\\{814E0E01-50B1-4E22-9825-21025E9237C6}\\mpengine.dll+4af788|C:\\ProgramData\\Microsoft\\Windows Defender\\Definition Updates\\{814E0E01-50B1-4E22-9825-21025E9237C6}\\mpengine.dll+4b11c3|C:\\ProgramData\\Microsoft\\Windows Defender\\Definition Updates\\{814E0E01-50B1-4E22-9825-21025E9237C6}\\mpengine.dll+5c5ffd|C:\\ProgramData\\Microsoft\\Windows Defender\\Definition Updates\\{814E0E01-50B1-4E22-9825-21025E9237C6}\\mpengine.dll+6008b6|C:\\ProgramData\\Microsoft\\Windows Defender\\Definition Updates\\{814E0E01-50B1-4E22-9825-21025E9237C6}\\mpengine.dll+602327|C:\\ProgramData\\Microsoft\\Windows Defender\\Definition Updates\\{814E0E01-50B1-4E22-9825-21025E9237C6}\\mpengine.dll+5fb049|C:\\ProgramData\\Microsoft\\Windows Defender\\Definition Updates\\{814E0E01-50B1-4E22-9825-21025E9237C6}\\mpengine.dll+5f9977|C:\\ProgramData\\Microsoft\\Windows Defender\\Definition Updates\\{814E0E01-50B1-4E22-9825-21025E9237C6}\\mpengine.dll+5fba86|C:\\ProgramData\\Microsoft\\Windows Defender\\Definition Updates\\{814E0E01-50B1-4E22-9825-21025E9237C6}\\mpengine.dll+5fba01|C:\\ProgramData\\Microsoft\\Windows Defender\\Definition Updates\\{814E0E01-50B1-4E22-9825-21025E9237C6}\\mpengine.dll+2b8765|C:\\ProgramData\\Microsoft\\Windows Defender\\Definition Updates\\{814E0E01-50B1-4E22-9825-21025E9237C6}\\mpengine.dll+2b6217|C:\\ProgramData\\Microsoft\\Windows Defender\\Definition Updates\\{814E0E01-50B1-4E22-9825-21025E9237C6}\\mpengine.dll+2b649e|C:\\ProgramData\\Microsoft\\Windows Defender\\Definition Updates\\{814E0E01-50B1-4E22-9825-21025E9237C6}\\mpengine.dll+2e7ae3|C:\\ProgramData\\Microsoft\\Windows Defender\\Definition Updates\\{814E0E01-50B1-4E22-9825-21025E9237C6}\\mpengine.dll+36f6e2|C:\\WINDOWS\\SYSTEM32\\ntdll.dll+3089d|C:\\WINDOWS\\SYSTEM32\\ntdll.dll+34634|C:\\WINDOWS\\System32\\KERNEL32.DLL+17bd4|C:\\WINDOWS\\SYSTEM32\\ntdll.dll+6ced1","agent":{"hostname":"win10","id":"48e12a22-5293-48b2-be18-b209a2e8228b","version":"7.4.0","type":"winlogbeat","ephemeral_id":"63b64902-85b7-4e5b-8603-9a5a923a012f"},"ecs":{"version":"1.1.0"},"host":{"name":"win10"}}
{"@timestamp":"2020-01-13T00:05:07.472Z","@metadata":{"beat":"winlogbeat","type":"_doc","version":"7.4.0","topic":"winlogbeat"},"winlog":{"computer_name":"win10.marvel.local","version":3,"provider_guid":"{5770385f-c22a-43e0-bf4c-06f5698ffbd9}","user":{"domain":"NT AUTHORITY","type":"User","identifier":"S-1-5-18","name":"SYSTEM"},"event_id":10,"record_id":12220202,"task":"Process accessed (rule: ProcessAccess)","process":{"pid":2668,"thread":{"id":3728}},"provider_name":"Microsoft-Windows-Sysmon","opcode":"Info","api":"wineventlog","channel":"Microsoft-Windows-Sysmon/Operational","event_data":{"CallTrace":"C:\\WINDOWS\\SYSTEM32\\ntdll.dll+9c584|C:\\WINDOWS\\System32\\KERNELBASE.dll+2730e|C:\\ProgramData\\Microsoft\\Windows Defender\\Definition Updates\\{814E0E01-50B1-4E22-9825-21025E9237C6}\\mpengine.dll+4af9b4|C:\\ProgramData\\Microsoft\\Windows Defender\\Definition Updates\\{814E0E01-50B1-4E22-9825-21025E9237C6}\\mpengine.dll+4af788|C:\\ProgramData\\Microsoft\\Windows Defender\\Definition Updates\\{814E0E01-50B1-4E22-9825-21025E9237C6}\\mpengine.dll+4add27|C:\\ProgramData\\Microsoft\\Windows Defender\\Definition Updates\\{814E0E01-50B1-4E22-9825-21025E9237C6}\\mpengine.dll+60077d|C:\\ProgramData\\Microsoft\\Windows Defender\\Definition Updates\\{814E0E01-50B1-4E22-9825-21025E9237C6}\\mpengine.dll+602337|C:\\ProgramData\\Microsoft\\Windows Defender\\Definition Updates\\{814E0E01-50B1-4E22-9825-21025E9237C6}\\mpengine.dll+5fb049|C:\\ProgramData\\Microsoft\\Windows Defender\\Definition Updates\\{814E0E01-50B1-4E22-9825-21025E9237C6}\\mpengine.dll+5f9977|C:\\ProgramData\\Microsoft\\Windows Defender\\Definition Updates\\{814E0E01-50B1-4E22-9825-21025E9237C6}\\mpengine.dll+5fba86|C:\\ProgramData\\Microsoft\\Windows Defender\\Definition Updates\\{814E0E01-50B1-4E22-9825-21025E9237C6}\\mpengine.dll+5fba01|C:\\ProgramData\\Microsoft\\Windows Defender\\Definition Updates\\{814E0E01-50B1-4E22-9825-21025E9237C6}\\mpengine.dll+2b8765|C:\\ProgramData\\Microsoft\\Windows Defender\\Definition Updates\\{814E0E01-50B1-4E22-9825-21025E9237C6}\\mpengine.dll+2b6217|C:\\ProgramData\\Microsoft\\Windows Defender\\Definition Updates\\{814E0E01-50B1-4E22-9825-21025E9237C6}\\mpengine.dll+2b649e|C:\\ProgramData\\Microsoft\\Windows Defender\\Definition Updates\\{814E0E01-50B1-4E22-9825-21025E9237C6}\\mpengine.dll+2e7ae3|C:\\ProgramData\\Microsoft\\Windows Defender\\Definition Updates\\{814E0E01-50B1-4E22-9825-21025E9237C6}\\mpengine.dll+36f6e2|C:\\WINDOWS\\SYSTEM32\\ntdll.dll+3089d|C:\\WINDOWS\\SYSTEM32\\ntdll.dll+34634|C:\\WINDOWS\\System32\\KERNEL32.DLL+17bd4|C:\\WINDOWS\\SYSTEM32\\ntdll.dll+6ced1","TargetProcessGUID":"{9d556bd4-ab37-5e1b-0000-00106605ea00}","GrantedAccess":"0x1010","UtcTime":"2020-01-13 00:05:07.471","SourceProcessId":"2724","SourceImage":"C:\\ProgramData\\Microsoft\\Windows Defender\\platform\\4.18.1911.3-0\\MsMpEng.exe","SourceThreadId":"3476","TargetProcessId":"8760","TargetImage":"C:\\Tools\\winlogbeat-7.4.0-windows-x86_64\\winlogbeat.exe","SourceProcessGUID":"{9d556bd4-95d4-5e1b-0000-001069c80200}"}},"event":{"created":"2020-01-13T00:05:09.467Z","kind":"event","code":10,"action":"Process accessed (rule: ProcessAccess)"},"log":{"level":"information"},"message":"Process accessed:\nRuleName: \nUtcTime: 2020-01-13 00:05:07.471\nSourceProcessGUID: {9d556bd4-95d4-5e1b-0000-001069c80200}\nSourceProcessId: 2724\nSourceThreadId: 3476\nSourceImage: C:\\ProgramData\\Microsoft\\Windows Defender\\platform\\4.18.1911.3-0\\MsMpEng.exe\nTargetProcessGUID: {9d556bd4-ab37-5e1b-0000-00106605ea00}\nTargetProcessId: 8760\nTargetImage: C:\\Tools\\winlogbeat-7.4.0-windows-x86_64\\winlogbeat.exe\nGrantedAccess: 0x1010\nCallTrace: C:\\WINDOWS\\SYSTEM32\\ntdll.dll+9c584|C:\\WINDOWS\\System32\\KERNELBASE.dll+2730e|C:\\ProgramData\\Microsoft\\Windows Defender\\Definition Updates\\{814E0E01-50B1-4E22-9825-21025E9237C6}\\mpengine.dll+4af9b4|C:\\ProgramData\\Microsoft\\Windows Defender\\Definition Updates\\{814E0E01-50B1-4E22-9825-21025E9237C6}\\mpengine.dll+4af788|C:\\ProgramData\\Microsoft\\Windows Defender\\Definition Updates\\{814E0E01-50B1-4E22-9825-21025E9237C6}\\mpengine.dll+4add27|C:\\ProgramData\\Microsoft\\Windows Defender\\Definition Updates\\{814E0E01-50B1-4E22-9825-21025E9237C6}\\mpengine.dll+60077d|C:\\ProgramData\\Microsoft\\Windows Defender\\Definition Updates\\{814E0E01-50B1-4E22-9825-21025E9237C6}\\mpengine.dll+602337|C:\\ProgramData\\Microsoft\\Windows Defender\\Definition Updates\\{814E0E01-50B1-4E22-9825-21025E9237C6}\\mpengine.dll+5fb049|C:\\ProgramData\\Microsoft\\Windows Defender\\Definition Updates\\{814E0E01-50B1-4E22-9825-21025E9237C6}\\mpengine.dll+5f9977|C:\\ProgramData\\Microsoft\\Windows Defender\\Definition Updates\\{814E0E01-50B1-4E22-9825-21025E9237C6}\\mpengine.dll+5fba86|C:\\ProgramData\\Microsoft\\Windows Defender\\Definition Updates\\{814E0E01-50B1-4E22-9825-21025E9237C6}\\mpengine.dll+5fba01|C:\\ProgramData\\Microsoft\\Windows Defender\\Definition Updates\\{814E0E01-50B1-4E22-9825-21025E9237C6}\\mpengine.dll+2b8765|C:\\ProgramData\\Microsoft\\Windows Defender\\Definition Updates\\{814E0E01-50B1-4E22-9825-21025E9237C6}\\mpengine.dll+2b6217|C:\\ProgramData\\Microsoft\\Windows Defender\\Definition Updates\\{814E0E01-50B1-4E22-9825-21025E9237C6}\\mpengine.dll+2b649e|C:\\ProgramData\\Microsoft\\Windows Defender\\Definition Updates\\{814E0E01-50B1-4E22-9825-21025E9237C6}\\mpengine.dll+2e7ae3|C:\\ProgramData\\Microsoft\\Windows Defender\\Definition Updates\\{814E0E01-50B1-4E22-9825-21025E9237C6}\\mpengine.dll+36f6e2|C:\\WINDOWS\\SYSTEM32\\ntdll.dll+3089d|C:\\WINDOWS\\SYSTEM32\\ntdll.dll+34634|C:\\WINDOWS\\System32\\KERNEL32.DLL+17bd4|C:\\WINDOWS\\SYSTEM32\\ntdll.dll+6ced1","ecs":{"version":"1.1.0"},"host":{"name":"win10"},"agent":{"hostname":"win10","id":"48e12a22-5293-48b2-be18-b209a2e8228b","version":"7.4.0","type":"winlogbeat","ephemeral_id":"63b64902-85b7-4e5b-8603-9a5a923a012f"}}
{"@timestamp":"2020-01-13T00:05:07.472Z","@metadata":{"beat":"winlogbeat","type":"_doc","version":"7.4.0","topic":"winlogbeat"},"agent":{"version":"7.4.0","type":"winlogbeat","ephemeral_id":"63b64902-85b7-4e5b-8603-9a5a923a012f","hostname":"win10","id":"48e12a22-5293-48b2-be18-b209a2e8228b"},"message":"Process accessed:\nRuleName: \nUtcTime: 2020-01-13 00:05:07.471\nSourceProcessGUID: {9d556bd4-95d4-5e1b-0000-001069c80200}\nSourceProcessId: 2724\nSourceThreadId: 3476\nSourceImage: C:\\ProgramData\\Microsoft\\Windows Defender\\platform\\4.18.1911.3-0\\MsMpEng.exe\nTargetProcessGUID: {9d556bd4-ab37-5e1b-0000-00106605ea00}\nTargetProcessId: 8760\nTargetImage: C:\\Tools\\winlogbeat-7.4.0-windows-x86_64\\winlogbeat.exe\nGrantedAccess: 0x1000\nCallTrace: C:\\WINDOWS\\SYSTEM32\\ntdll.dll+9c584|C:\\WINDOWS\\System32\\KERNELBASE.dll+2730e|C:\\ProgramData\\Microsoft\\Windows Defender\\Definition Updates\\{814E0E01-50B1-4E22-9825-21025E9237C6}\\mpengine.dll+4af9b4|C:\\ProgramData\\Microsoft\\Windows Defender\\Definition Updates\\{814E0E01-50B1-4E22-9825-21025E9237C6}\\mpengine.dll+4af788|C:\\ProgramData\\Microsoft\\Windows Defender\\Definition Updates\\{814E0E01-50B1-4E22-9825-21025E9237C6}\\mpengine.dll+60080f|C:\\ProgramData\\Microsoft\\Windows Defender\\Definition Updates\\{814E0E01-50B1-4E22-9825-21025E9237C6}\\mpengine.dll+602342|C:\\ProgramData\\Microsoft\\Windows Defender\\Definition Updates\\{814E0E01-50B1-4E22-9825-21025E9237C6}\\mpengine.dll+5fb049|C:\\ProgramData\\Microsoft\\Windows Defender\\Definition Updates\\{814E0E01-50B1-4E22-9825-21025E9237C6}\\mpengine.dll+5f9977|C:\\ProgramData\\Microsoft\\Windows Defender\\Definition Updates\\{814E0E01-50B1-4E22-9825-21025E9237C6}\\mpengine.dll+5fba86|C:\\ProgramData\\Microsoft\\Windows Defender\\Definition Updates\\{814E0E01-50B1-4E22-9825-21025E9237C6}\\mpengine.dll+5fba01|C:\\ProgramData\\Microsoft\\Windows Defender\\Definition Updates\\{814E0E01-50B1-4E22-9825-21025E9237C6}\\mpengine.dll+2b8765|C:\\ProgramData\\Microsoft\\Windows Defender\\Definition Updates\\{814E0E01-50B1-4E22-9825-21025E9237C6}\\mpengine.dll+2b6217|C:\\ProgramData\\Microsoft\\Windows Defender\\Definition Updates\\{814E0E01-50B1-4E22-9825-21025E9237C6}\\mpengine.dll+2b649e|C:\\ProgramData\\Microsoft\\Windows Defender\\Definition Updates\\{814E0E01-50B1-4E22-9825-21025E9237C6}\\mpengine.dll+2e7ae3|C:\\ProgramData\\Microsoft\\Windows Defender\\Definition Updates\\{814E0E01-50B1-4E22-9825-21025E9237C6}\\mpengine.dll+36f6e2|C:\\WINDOWS\\SYSTEM32\\ntdll.dll+3089d|C:\\WINDOWS\\SYSTEM32\\ntdll.dll+34634|C:\\WINDOWS\\System32\\KERNEL32.DLL+17bd4|C:\\WINDOWS\\SYSTEM32\\ntdll.dll+6ced1","winlog":{"version":3,"process":{"thread":{"id":3728},"pid":2668},"provider_name":"Microsoft-Windows-Sysmon","event_data":{"SourceImage":"C:\\ProgramData\\Microsoft\\Windows Defender\\platform\\4.18.1911.3-0\\MsMpEng.exe","TargetProcessGUID":"{9d556bd4-ab37-5e1b-0000-00106605ea00}","UtcTime":"2020-01-13 00:05:07.471","CallTrace":"C:\\WINDOWS\\SYSTEM32\\ntdll.dll+9c584|C:\\WINDOWS\\System32\\KERNELBASE.dll+2730e|C:\\ProgramData\\Microsoft\\Windows Defender\\Definition Updates\\{814E0E01-50B1-4E22-9825-21025E9237C6}\\mpengine.dll+4af9b4|C:\\ProgramData\\Microsoft\\Windows Defender\\Definition Updates\\{814E0E01-50B1-4E22-9825-21025E9237C6}\\mpengine.dll+4af788|C:\\ProgramData\\Microsoft\\Windows Defender\\Definition Updates\\{814E0E01-50B1-4E22-9825-21025E9237C6}\\mpengine.dll+60080f|C:\\ProgramData\\Microsoft\\Windows Defender\\Definition Updates\\{814E0E01-50B1-4E22-9825-21025E9237C6}\\mpengine.dll+602342|C:\\ProgramData\\Microsoft\\Windows Defender\\Definition Updates\\{814E0E01-50B1-4E22-9825-21025E9237C6}\\mpengine.dll+5fb049|C:\\ProgramData\\Microsoft\\Windows Defender\\Definition Updates\\{814E0E01-50B1-4E22-9825-21025E9237C6}\\mpengine.dll+5f9977|C:\\ProgramData\\Microsoft\\Windows Defender\\Definition Updates\\{814E0E01-50B1-4E22-9825-21025E9237C6}\\mpengine.dll+5fba86|C:\\ProgramData\\Microsoft\\Windows Defender\\Definition Updates\\{814E0E01-50B1-4E22-9825-21025E9237C6}\\mpengine.dll+5fba01|C:\\ProgramData\\Microsoft\\Windows Defender\\Definition Updates\\{814E0E01-50B1-4E22-9825-21025E9237C6}\\mpengine.dll+2b8765|C:\\ProgramData\\Microsoft\\Windows Defender\\Definition Updates\\{814E0E01-50B1-4E22-9825-21025E9237C6}\\mpengine.dll+2b6217|C:\\ProgramData\\Microsoft\\Windows Defender\\Definition Updates\\{814E0E01-50B1-4E22-9825-21025E9237C6}\\mpengine.dll+2b649e|C:\\ProgramData\\Microsoft\\Windows Defender\\Definition Updates\\{814E0E01-50B1-4E22-9825-21025E9237C6}\\mpengine.dll+2e7ae3|C:\\ProgramData\\Microsoft\\Windows Defender\\Definition Updates\\{814E0E01-50B1-4E22-9825-21025E9237C6}\\mpengine.dll+36f6e2|C:\\WINDOWS\\SYSTEM32\\ntdll.dll+3089d|C:\\WINDOWS\\SYSTEM32\\ntdll.dll+34634|C:\\WINDOWS\\System32\\KERNEL32.DLL+17bd4|C:\\WINDOWS\\SYSTEM32\\ntdll.dll+6ced1","SourceProcessId":"2724","TargetProcessId":"8760","GrantedAccess":"0x1000","SourceThreadId":"3476","TargetImage":"C:\\Tools\\winlogbeat-7.4.0-windows-x86_64\\winlogbeat.exe","SourceProcessGUID":"{9d556bd4-95d4-5e1b-0000-001069c80200}"},"task":"Process accessed (rule: ProcessAccess)","user":{"name":"SYSTEM","domain":"NT AUTHORITY","type":"User","identifier":"S-1-5-18"},"record_id":12220203,"event_id":10,"api":"wineventlog","computer_name":"win10.marvel.local","opcode":"Info","channel":"Microsoft-Windows-Sysmon/Operational","provider_guid":"{5770385f-c22a-43e0-bf4c-06f5698ffbd9}"},"event":{"code":10,"action":"Process accessed (rule: ProcessAccess)","created":"2020-01-13T00:05:09.467Z","kind":"event"},"log":{"level":"information"},"ecs":{"version":"1.1.0"},"host":{"name":"win10"}}
