{"@timestamp":"2020-01-13T00:05:04.588Z","@metadata":{"beat":"winlogbeat","type":"_doc","version":"7.4.0","topic":"winlogbeat"},"event":{"kind":"event","code":12,"action":"Registry object added or deleted (rule: RegistryEvent)","created":"2020-01-13T00:05:06.399Z"},"log":{"level":"information"},"ecs":{"version":"1.1.0"},"host":{"name":"win10"},"agent":{"id":"48e12a22-5293-48b2-be18-b209a2e8228b","version":"7.4.0","type":"winlogbeat","ephemeral_id":"63b64902-85b7-4e5b-8603-9a5a923a012f","hostname":"win10"},"message":"Registry object added or deleted:\nRuleName: \nEventType: CreateKey\nUtcTime: 2020-01-13 00:05:04.579\nProcessGuid: {9d556bd4-9bb6-5e1b-0000-001029e27900}\nProcessId: 7608\nImage: C:\\Program Files (x86)\\Google\\Chrome\\Application\\chrome.exe\nTargetObject: HKU\\S-1-5-21-3240029639-634101575-1932135703-1203\\Software\\Microsoft\\Windows\\CurrentVersion\\Internet Settings\\Connections","winlog":{"record_id":12220164,"opcode":"Info","api":"wineventlog","provider_guid":"{5770385f-c22a-43e0-bf4c-06f5698ffbd9}","process":{"pid":2668,"thread":{"id":3728}},"channel":"Microsoft-Windows-Sysmon/Operational","event_id":12,"provider_name":"Microsoft-Windows-Sysmon","user":{"domain":"NT AUTHORITY","type":"User","identifier":"S-1-5-18","name":"SYSTEM"},"event_data":{"UtcTime":"2020-01-13 00:05:04.579","ProcessGuid":"{9d556bd4-9bb6-5e1b-0000-001029e27900}","ProcessId":"7608","Image":"C:\\Program Files (x86)\\Google\\Chrome\\Application\\chrome.exe","TargetObject":"HKU\\S-1-5-21-3240029639-634101575-1932135703-1203\\Software\\Microsoft\\Windows\\CurrentVersion\\Internet Settings\\Connections","EventType":"CreateKey"},"version":2,"task":"Registry object added or deleted (rule: RegistryEvent)","computer_name":"win10.marvel.local"}}
{"@timestamp":"2020-01-13T00:05:05.016Z","@metadata":{"beat":"winlogbeat","type":"_doc","version":"7.4.0","topic":"winlogbeat"},"ecs":{"version":"1.1.0"},"host":{"name":"win10"},"agent":{"type":"winlogbeat","ephemeral_id":"63b64902-85b7-4e5b-8603-9a5a923a012f","hostname":"win10","id":"48e12a22-5293-48b2-be18-b209a2e8228b","version":"7.4.0"},"message":"Registry object added or deleted:\nRuleName: \nEventType: CreateKey\nUtcTime: 2020-01-13 00:05:05.005\nProcessGuid: {9d556bd4-95d4-5e1b-0000-00107ac50200}\nProcessId: 2696\nImage: C:\\Program Files\\VMware\\VMware Tools\\vmtoolsd.exe\nTargetObject: HKLM\\System\\CurrentControlSet\\Services\\Tcpip\\Parameters","winlog":{"event_id":12,"provider_name":"Microsoft-Windows-Sysmon","record_id":12220165,"opcode":"Info","event_data":{"Image":"C:\\Program Files\\VMware\\VMware Tools\\vmtoolsd.exe","TargetObject":"HKLM\\System\\CurrentControlSet\\Services\\Tcpip\\Parameters","EventType":"CreateKey","UtcTime":"2020-01-13 00:05:05.005","ProcessGuid":"{9d556bd4-95d4-5e1b-0000-00107ac50200}","ProcessId":"2696"},"api":"wineventlog","provider_guid":"{5770385f-c22a-43e0-bf4c-06f5698ffbd9}","channel":"Microsoft-Windows-Sysmon/Operational","process":{"pid":2668,"thread":{"id":3728}},"user":{"name":"SYSTEM","domain":"NT AUTHORITY","type":"User","identifier":"S-1-5-18"},"version":2,"task":"Registry object added or deleted (rule: RegistryEvent)","computer_name":"win10.marvel.local"},"event":{"code":12,"action":"Registry object added or deleted (rule: RegistryEvent)","created":"2020-01-13T00:05:06.399Z","kind":"event"},"log":{"level":"information"}}
{"@timestamp":"2020-01-13T00:05:05.022Z","@metadata":{"beat":"winlogbeat","type":"_doc","version":"7.4.0","topic":"winlogbeat"},"message":"Registry object added or deleted:\nRuleName: \nEventType: CreateKey\nUtcTime: 2020-01-13 00:05:05.020\nProcessGuid: {9d556bd4-95d4-5e1b-0000-00107ac50200}\nProcessId: 2696\nImage: C:\\Program Files\\VMware\\VMware Tools\\vmtoolsd.exe\nTargetObject: HKLM\\System\\CurrentControlSet\\Services\\Tcpip\\Parameters","winlog":{"task":"Registry object added or deleted (rule: RegistryEvent)","computer_name":"win10.marvel.local","event_id":12,"user":{"domain":"NT AUTHORITY","type":"User","identifier":"S-1-5-18","name":"SYSTEM"},"event_data":{"TargetObject":"HKLM\\System\\CurrentControlSet\\Services\\Tcpip\\Parameters","EventType":"CreateKey","UtcTime":"2020-01-13 00:05:05.020","ProcessGuid":"{9d556bd4-95d4-5e1b-0000-00107ac50200}","ProcessId":"2696","Image":"C:\\Program Files\\VMware\\VMware Tools\\vmtoolsd.exe"},"channel":"Microsoft-Windows-Sysmon/Operational","record_id":12220166,"version":2,"opcode":"Info","provider_guid":"{5770385f-c22a-43e0-bf4c-06f5698ffbd9}","process":{"pid":2668,"thread":{"id":3728}},"provider_name":"Microsoft-Windows-Sysmon","api":"wineventlog"},"event":{"kind":"event","code":12,"action":"Registry object added or deleted (rule: RegistryEvent)","created":"2020-01-13T00:05:06.399Z"},"ecs":{"version":"1.1.0"},"host":{"name":"win10"},"agent":{"hostname":"win10","id":"48e12a22-5293-48b2-be18-b209a2e8228b","version":"7.4.0","type":"winlogbeat","ephemeral_id":"63b64902-85b7-4e5b-8603-9a5a923a012f"},"log":{"level":"information"}}
{"@timestamp":"2020-01-13T00:05:05.022Z","@metadata":{"beat":"winlogbeat","type":"_doc","version":"7.4.0","topic":"winlogbeat"},"winlog":{"computer_name":"win10.marvel.local","process":{"pid":2668,"thread":{"id":3728}},"channel":"Microsoft-Windows-Sysmon/Operational","user":{"identifier":"S-1-5-18","name":"SYSTEM","domain":"NT AUTHORITY","type":"User"},"opcode":"Info","record_id":12220167,"task":"Registry object added or deleted (rule: RegistryEvent)","provider_guid":"{5770385f-c22a-43e0-bf4c-06f5698ffbd9}","version":2,"event_data":{"EventType":"CreateKey","UtcTime":"2020-01-13 00:05:05.020","ProcessGuid":"{9d556bd4-95d4-5e1b-0000-00107ac50200}","ProcessId":"2696","Image":"C:\\Program Files\\VMware\\VMware Tools\\vmtoolsd.exe","TargetObject":"HKLM\\System\\CurrentControlSet\\Services\\Tcpip\\Parameters"},"api":"wineventlog","provider_name":"Microsoft-Windows-Sysmon","event_id":12},"event":{"kind":"event","code":12,"action":"Registry object added or deleted (rule: RegistryEvent)","created":"2020-01-13T00:05:06.399Z"},"log":{"level":"information"},"message":"Registry object added or deleted:\nRuleName: \nEventType: CreateKey\nUtcTime: 2020-01-13 00:05:05.020\nProcessGuid: {9d556bd4-95d4-5e1b-0000-00107ac50200}\nProcessId: 2696\nImage: C:\\Program Files\\VMware\\VMware Tools\\vmtoolsd.exe\nTargetObject: HKLM\\System\\CurrentControlSet\\Services\\Tcpip\\Parameters","agent":{"hostname":"win10","id":"48e12a22-5293-48b2-be18-b209a2e8228b","version":"7.4.0","type":"winlogbeat","ephemeral_id":"63b64902-85b7-4e5b-8603-9a5a923a012f"},"ecs":{"version":"1.1.0"},"host":{"name":"win10"}}
{"@timestamp":"2020-01-13T00:05:05.022Z","@metadata":{"beat":"winlogbeat","type":"_doc","version":"7.4.0","topic":"winlogbeat"},"message":"Registry object added or deleted:\nRuleName: \nEventType: CreateKey\nUtcTime: 2020-01-13 00:05:05.020\nProcessGuid: {9d556bd4-95d4-5e1b-0000-00107ac50200}\nProcessId: 2696\nImage: C:\\Program Files\\VMware\\VMware Tools\\vmtoolsd.exe\nTargetObject: HKLM\\System\\CurrentControlSet\\Services\\Tcpip\\Parameters","agent":{"ephemeral_id":"63b64902-85b7-4e5b-8603-9a5a923a012f","hostname":"win10","id":"48e12a22-5293-48b2-be18-b209a2e8228b","version":"7.4.0","type":"winlogbeat"},"ecs":{"version":"1.1.0"},"host":{"name":"win10"},"winlog":{"task":"Registry object added or deleted (rule: RegistryEvent)","computer_name":"win10.marvel.local","process":{"pid":2668,"thread":{"id":3728}},"provider_guid":"{5770385f-c22a-43e0-bf4c-06f5698ffbd9}","user":{"identifier":"S-1-5-18","name":"SYSTEM","domain":"NT AUTHORITY","type":"User"},"channel":"Microsoft-Windows-Sysmon/Operational","provider_name":"Microsoft-Windows-Sysmon","event_data":{"UtcTime":"2020-01-13 00:05:05.020","ProcessGuid":"{9d556bd4-95d4-5e1b-0000-00107ac50200}","ProcessId":"2696","Image":"C:\\Program Files\\VMware\\VMware Tools\\vmtoolsd.exe","TargetObject":"HKLM\\System\\CurrentControlSet\\Services\\Tcpip\\Parameters","EventType":"CreateKey"},"opcode":"Info","version":2,"record_id":12220168,"api":"wineventlog","event_id":12},"event":{"created":"2020-01-13T00:05:06.399Z","kind":"event","code":12,"action":"Registry object added or deleted (rule: RegistryEvent)"},"log":{"level":"information"}}
{"@timestamp":"2020-01-13T00:05:05.028Z","@metadata":{"beat":"winlogbeat","type":"_doc","version":"7.4.0","topic":"winlogbeat"},"host":{"name":"win10"},"agent":{"id":"48e12a22-5293-48b2-be18-b209a2e8228b","version":"7.4.0","type":"winlogbeat","ephemeral_id":"63b64902-85b7-4e5b-8603-9a5a923a012f","hostname":"win10"},"ecs":{"version":"1.1.0"},"message":"Registry object added or deleted:\nRuleName: \nEventType: CreateKey\nUtcTime: 2020-01-13 00:05:05.020\nProcessGuid: {9d556bd4-95d4-5e1b-0000-00107ac50200}\nProcessId: 2696\nImage: C:\\Program Files\\VMware\\VMware Tools\\vmtoolsd.exe\nTargetObject: HKLM\\System\\CurrentControlSet\\Services\\Tcpip\\Parameters","winlog":{"api":"wineventlog","event_data":{"UtcTime":"2020-01-13 00:05:05.020","ProcessGuid":"{9d556bd4-95d4-5e1b-0000-00107ac50200}","ProcessId":"2696","Image":"C:\\Program Files\\VMware\\VMware Tools\\vmtoolsd.exe","TargetObject":"HKLM\\System\\CurrentControlSet\\Services\\Tcpip\\Parameters","EventType":"CreateKey"},"version":2,"event_id":12,"provider_name":"Microsoft-Windows-Sysmon","record_id":12220169,"provider_guid":"{5770385f-c22a-43e0-bf4c-06f5698ffbd9}","process":{"pid":2668,"thread":{"id":3728}},"channel":"Microsoft-Windows-Sysmon/Operational","task":"Registry object added or deleted (rule: RegistryEvent)","computer_name":"win10.marvel.local","user":{"name":"SYSTEM","domain":"NT AUTHORITY","type":"User","identifier":"S-1-5-18"},"opcode":"Info"},"event":{"created":"2020-01-13T00:05:06.400Z","kind":"event","code":12,"action":"Registry object added or deleted (rule: RegistryEvent)"},"log":{"level":"information"}}
{"@timestamp":"2020-01-13T00:05:05.028Z","@metadata":{"beat":"winlogbeat","type":"_doc","version":"7.4.0","topic":"winlogbeat"},"ecs":{"version":"1.1.0"},"winlog":{"provider_guid":"{5770385f-c22a-43e0-bf4c-06f5698ffbd9}","version":2,"record_id":12220170,"computer_name":"win10.marvel.local","event_data":{"EventType":"CreateKey","UtcTime":"2020-01-13 00:05:05.020","ProcessGuid":"{9d556bd4-95d4-5e1b-0000-00107ac50200}","ProcessId":"2696","Image":"C:\\Program Files\\VMware\\VMware Tools\\vmtoolsd.exe","TargetObject":"HKLM\\System\\CurrentControlSet\\Services\\Tcpip\\Parameters"},"task":"Registry object added or deleted (rule: RegistryEvent)","opcode":"Info","process":{"pid":2668,"thread":{"id":3728}},"channel":"Microsoft-Windows-Sysmon/Operational","provider_name":"Microsoft-Windows-Sysmon","api":"wineventlog","user":{"identifier":"S-1-5-18","name":"SYSTEM","domain":"NT AUTHORITY","type":"User"},"event_id":12},"event":{"code":12,"action":"Registry object added or deleted (rule: RegistryEvent)","created":"2020-01-13T00:05:06.400Z","kind":"event"},"log":{"level":"information"},"message":"Registry object added or deleted:\nRuleName: \nEventType: CreateKey\nUtcTime: 2020-01-13 00:05:05.020\nProcessGuid: {9d556bd4-95d4-5e1b-0000-00107ac50200}\nProcessId: 2696\nImage: C:\\Program Files\\VMware\\VMware Tools\\vmtoolsd.exe\nTargetObject: HKLM\\System\\CurrentControlSet\\Services\\Tcpip\\Parameters","host":{"name":"win10"},"agent":{"type":"winlogbeat","ephemeral_id":"63b64902-85b7-4e5b-8603-9a5a923a012f","hostname":"win10","id":"48e12a22-5293-48b2-be18-b209a2e8228b","version":"7.4.0"}}
{"@timestamp":"2020-01-13T00:05:06.191Z","@metadata":{"beat":"winlogbeat","type":"_doc","version":"7.4.0","topic":"winlogbeat"},"log":{"level":"information"},"message":"Process accessed:\nRuleName: \nUtcTime: 2020-01-13 00:05:06.190\nSourceProcessGUID: {9d556bd4-95d0-5e1b-0000-0010b3730100}\nSourceProcessId: 1068\nSourceThreadId: 1136\nSourceImage: C:\\WINDOWS\\System32\\svchost.exe\nTargetProcessGUID: {9d556bd4-b3f5-5e1b-0000-001085eb0b01}\nTargetProcessId: 2660\nTargetImage: C:\\Windows\\System32\\RuntimeBroker.exe\nGrantedAccess: 0x3000\nCallTrace: C:\\WINDOWS\\SYSTEM32\\ntdll.dll+9c584|C:\\WINDOWS\\System32\\KERNELBASE.dll+2730e|c:\\windows\\system32\\sysmain.dll+1e231|c:\\windows\\system32\\sysmain.dll+1e0b1|c:\\windows\\system32\\sysmain.dll+1c32b|c:\\windows\\system32\\sysmain.dll+1bf95|c:\\windows\\system32\\sysmain.dll+74a8d|c:\\windows\\system32\\sysmain.dll+73ab2|c:\\windows\\system32\\sysmain.dll+60223|C:\\WINDOWS\\System32\\svchost.exe+314c|C:\\WINDOWS\\System32\\sechost.dll+2de2|C:\\WINDOWS\\System32\\KERNEL32.DLL+17bd4|C:\\WINDOWS\\SYSTEM32\\ntdll.dll+6ced1","ecs":{"version":"1.1.0"},"host":{"name":"win10"},"agent":{"type":"winlogbeat","ephemeral_id":"63b64902-85b7-4e5b-8603-9a5a923a012f","hostname":"win10","id":"48e12a22-5293-48b2-be18-b209a2e8228b","version":"7.4.0"},"winlog":{"event_id":10,"provider_name":"Microsoft-Windows-Sysmon","api":"wineventlog","opcode":"Info","process":{"pid":2668,"thread":{"id":3728}},"computer_name":"win10.marvel.local","event_data":{"TargetProcessGUID":"{9d556bd4-b3f5-5e1b-0000-001085eb0b01}","GrantedAccess":"0x3000","UtcTime":"2020-01-13 00:05:06.190","SourceProcessGUID":"{9d556bd4-95d0-5e1b-0000-0010b3730100}","SourceThreadId":"1136","SourceProcessId":"1068","TargetProcessId":"2660","TargetImage":"C:\\Windows\\System32\\RuntimeBroker.exe","SourceImage":"C:\\WINDOWS\\System32\\svchost.exe","CallTrace":"C:\\WINDOWS\\SYSTEM32\\ntdll.dll+9c584|C:\\WINDOWS\\System32\\KERNELBASE.dll+2730e|c:\\windows\\system32\\sysmain.dll+1e231|c:\\windows\\system32\\sysmain.dll+1e0b1|c:\\windows\\system32\\sysmain.dll+1c32b|c:\\windows\\system32\\sysmain.dll+1bf95|c:\\windows\\system32\\sysmain.dll+74a8d|c:\\windows\\system32\\sysmain.dll+73ab2|c:\\windows\\system32\\sysmain.dll+60223|C:\\WINDOWS\\System32\\svchost.exe+314c|C:\\WINDOWS\\System32\\sechost.dll+2de2|C:\\WINDOWS\\System32\\KERNEL32.DLL+17bd4|C:\\WINDOWS\\SYSTEM32\\ntdll.dll+6ced1"},"task":"Process accessed (rule: ProcessAccess)","provider_guid":"{5770385f-c22a-43e0-bf4c-06f5698ffbd9}","version":3,"user":{"type":"User","identifier":"S-1-5-18","name":"SYSTEM","domain":"NT AUTHORITY"},"channel":"Microsoft-Windows-Sysmon/Operational","record_id":12220171},"event":{"action":"Process accessed (rule: ProcessAccess)","created":"2020-01-13T00:05:07.446Z","kind":"event","code":10}}
{"@timestamp":"2020-01-13T00:05:06.197Z","@metadata":{"beat":"winlogbeat","type":"_doc","version":"7.4.0","topic":"winlogbeat"},"event":{"action":"Process accessed (rule: ProcessAccess)","created":"2020-01-13T00:05:07.446Z","kind":"event","code":10},"log":{"level":"information"},"message":"Process accessed:\nRuleName: \nUtcTime: 2020-01-13 00:05:06.190\nSourceProcessGUID: {9d556bd4-95d0-5e1b-0000-0010b3730100}\nSourceProcessId: 1068\nSourceThreadId: 1136\nSourceImage: C:\\WINDOWS\\System32\\svchost.exe\nTargetProcessGUID: {9d556bd4-b3f5-5e1b-0000-00101dd60b01}\nTargetProcessId: 6692\nTargetImage: C:\\WINDOWS\\system32\\backgroundTaskHost.exe\nGrantedAccess: 0x3000\nCallTrace: C:\\WINDOWS\\SYSTEM32\\ntdll.dll+9c584|C:\\WINDOWS\\System32\\KERNELBASE.dll+2730e|c:\\windows\\system32\\sysmain.dll+446bf|c:\\windows\\system32\\sysmain.dll+1e441|c:\\windows\\system32\\sysmain.dll+1e366|c:\\windows\\system32\\sysmain.dll+1e24d|c:\\windows\\system32\\sysmain.dll+1e0b1|c:\\windows\\system32\\sysmain.dll+1c32b|c:\\windows\\system32\\sysmain.dll+1bf95|c:\\windows\\system32\\sysmain.dll+74a8d|c:\\windows\\system32\\sysmain.dll+73ab2|c:\\windows\\system32\\sysmain.dll+60223|C:\\WINDOWS\\System32\\svchost.exe+314c|C:\\WINDOWS\\System32\\sechost.dll+2de2|C:\\WINDOWS\\System32\\KERNEL32.DLL+17bd4|C:\\WINDOWS\\SYSTEM32\\ntdll.dll+6ced1","ecs":{"version":"1.1.0"},"host":{"name":"win10"},"agent":{"hostname":"win10","id":"48e12a22-5293-48b2-be18-b209a2e8228b","version":"7.4.0","type":"winlogbeat","ephemeral_id":"63b64902-85b7-4e5b-8603-9a5a923a012f"},"winlog":{"opcode":"Info","provider_guid":"{5770385f-c22a-43e0-bf4c-06f5698ffbd9}","event_data":{"TargetProcessGUID":"{9d556bd4-b3f5-5e1b-0000-00101dd60b01}","TargetImage":"C:\\WINDOWS\\system32\\backgroundTaskHost.exe","SourceProcessGUID":"{9d556bd4-95d0-5e1b-0000-0010b3730100}","GrantedAccess":"0x3000","SourceThreadId":"1136","SourceImage":"C:\\WINDOWS\\System32\\svchost.exe","CallTrace":"C:\\WINDOWS\\SYSTEM32\\ntdll.dll+9c584|C:\\WINDOWS\\System32\\KERNELBASE.dll+2730e|c:\\windows\\system32\\sysmain.dll+446bf|c:\\windows\\system32\\sysmain.dll+1e441|c:\\windows\\system32\\sysmain.dll+1e366|c:\\windows\\system32\\sysmain.dll+1e24d|c:\\windows\\system32\\sysmain.dll+1e0b1|c:\\windows\\system32\\sysmain.dll+1c32b|c:\\windows\\system32\\sysmain.dll+1bf95|c:\\windows\\system32\\sysmain.dll+74a8d|c:\\windows\\system32\\sysmain.dll+73ab2|c:\\windows\\system32\\sysmain.dll+60223|C:\\WINDOWS\\System32\\svchost.exe+314c|C:\\WINDOWS\\System32\\sechost.dll+2de2|C:\\WINDOWS\\System32\\KERNEL32.DLL+17bd4|C:\\WINDOWS\\SYSTEM32\\ntdll.dll+6ced1","UtcTime":"2020-01-13 00:05:06.190","SourceProcessId":"1068","TargetProcessId":"6692"},"channel":"Microsoft-Windows-Sysmon/Operational","event_id":10,"provider_name":"Microsoft-Windows-Sysmon","task":"Process accessed (rule: ProcessAccess)","computer_name":"win10.marvel.local","record_id":12220172,"api":"wineventlog","version":3,"process":{"thread":{"id":3728},"pid":2668},"user":{"identifier":"S-1-5-18","name":"SYSTEM","domain":"NT AUTHORITY","type":"User"}}}
{"@timestamp":"2020-01-13T00:05:06.197Z","@metadata":{"beat":"winlogbeat","type":"_doc","version":"7.4.0","topic":"winlogbeat"},"agent":{"version":"7.4.0","type":"winlogbeat","ephemeral_id":"63b64902-85b7-4e5b-8603-9a5a923a012f","hostname":"win10","id":"48e12a22-5293-48b2-be18-b209a2e8228b"},"message":"Process accessed:\nRuleName: \nUtcTime: 2020-01-13 00:05:06.190\nSourceProcessGUID: {9d556bd4-95d0-5e1b-0000-0010b3730100}\nSourceProcessId: 1068\nSourceThreadId: 1136\nSourceImage: C:\\WINDOWS\\System32\\svchost.exe\nTargetProcessGUID: {9d556bd4-95d3-5e1b-0000-00101f730200}\nTargetProcessId: 2244\nTargetImage: C:\\WINDOWS\\System32\\svchost.exe\nGrantedAccess: 0x3000\nCallTrace: C:\\WINDOWS\\SYSTEM32\\ntdll.dll+9c584|C:\\WINDOWS\\System32\\KERNELBASE.dll+2730e|c:\\windows\\system32\\sysmain.dll+446bf|c:\\windows\\system32\\sysmain.dll+1e441|c:\\windows\\system32\\sysmain.dll+1e366|c:\\windows\\system32\\sysmain.dll+1e24d|c:\\windows\\system32\\sysmain.dll+1e0b1|c:\\windows\\system32\\sysmain.dll+1c32b|c:\\windows\\system32\\sysmain.dll+1bf95|c:\\windows\\system32\\sysmain.dll+74a8d|c:\\windows\\system32\\sysmain.dll+73ab2|c:\\windows\\system32\\sysmain.dll+60223|C:\\WINDOWS\\System32\\svchost.exe+314c|C:\\WINDOWS\\System32\\sechost.dll+2de2|C:\\WINDOWS\\System32\\KERNEL32.DLL+17bd4|C:\\WINDOWS\\SYSTEM32\\ntdll.dll+6ced1","winlog":{"api":"wineventlog","opcode":"Info","provider_name":"Microsoft-Windows-Sysmon","task":"Process accessed (rule: ProcessAccess)","event_data":{"UtcTime":"2020-01-13 00:05:06.190","SourceProcessGUID":"{9d556bd4-95d0-5e1b-0000-0010b3730100}","SourceProcessId":"1068","TargetProcessId":"2244","GrantedAccess":"0x3000","CallTrace":"C:\\WINDOWS\\SYSTEM32\\ntdll.dll+9c584|C:\\WINDOWS\\System32\\KERNELBASE.dll+2730e|c:\\windows\\system32\\sysmain.dll+446bf|c:\\windows\\system32\\sysmain.dll+1e441|c:\\windows\\system32\\sysmain.dll+1e366|c:\\windows\\system32\\sysmain.dll+1e24d|c:\\windows\\system32\\sysmain.dll+1e0b1|c:\\windows\\system32\\sysmain.dll+1c32b|c:\\windows\\system32\\sysmain.dll+1bf95|c:\\windows\\system32\\sysmain.dll+74a8d|c:\\windows\\system32\\sysmain.dll+73ab2|c:\\windows\\system32\\sysmain.dll+60223|C:\\WINDOWS\\System32\\svchost.exe+314c|C:\\WINDOWS\\System32\\sechost.dll+2de2|C:\\WINDOWS\\System32\\KERNEL32.DLL+17bd4|C:\\WINDOWS\\SYSTEM32\\ntdll.dll+6ced1","SourceImage":"C:\\WINDOWS\\System32\\svchost.exe","SourceThreadId":"1136","TargetProcessGUID":"{9d556bd4-95d3-5e1b-0000-00101f730200}","TargetImage":"C:\\WINDOWS\\System32\\svchost.exe"},"user":{"name":"SYSTEM","domain":"NT AUTHORITY","type":"User","identifier":"S-1-5-18"},"record_id":12220173,"computer_name":"win10.marvel.local","provider_guid":"{5770385f-c22a-43e0-bf4c-06f5698ffbd9}","version":3,"process":{"pid":2668,"thread":{"id":3728}},"channel":"Microsoft-Windows-Sysmon/Operational","event_id":10},"event":{"action":"Process accessed (rule: ProcessAccess)","created":"2020-01-13T00:05:07.446Z","kind":"event","code":10},"log":{"level":"information"},"ecs":{"version":"1.1.0"},"host":{"name":"win10"}}
{"@timestamp":"2020-01-13T00:05:06.197Z","@metadata":{"beat":"winlogbeat","type":"_doc","version":"7.4.0","topic":"winlogbeat"},"host":{"name":"win10"},"winlog":{"user":{"identifier":"S-1-5-18","name":"SYSTEM","domain":"NT AUTHORITY","type":"User"},"record_id":12220174,"process":{"pid":2668,"thread":{"id":3728}},"provider_name":"Microsoft-Windows-Sysmon","api":"wineventlog","computer_name":"win10.marvel.local","version":3,"event_data":{"SourceProcessGUID":"{9d556bd4-95d0-5e1b-0000-0010b3730100}","GrantedAccess":"0x3000","CallTrace":"C:\\WINDOWS\\SYSTEM32\\ntdll.dll+9c584|C:\\WINDOWS\\System32\\KERNELBASE.dll+2730e|c:\\windows\\system32\\sysmain.dll+446bf|c:\\windows\\system32\\sysmain.dll+1e441|c:\\windows\\system32\\sysmain.dll+1e366|c:\\windows\\system32\\sysmain.dll+1e24d|c:\\windows\\system32\\sysmain.dll+1e0b1|c:\\windows\\system32\\sysmain.dll+1c32b|c:\\windows\\system32\\sysmain.dll+1bf95|c:\\windows\\system32\\sysmain.dll+74a8d|c:\\windows\\system32\\sysmain.dll+73ab2|c:\\windows\\system32\\sysmain.dll+60223|C:\\WINDOWS\\System32\\svchost.exe+314c|C:\\WINDOWS\\System32\\sechost.dll+2de2|C:\\WINDOWS\\System32\\KERNEL32.DLL+17bd4|C:\\WINDOWS\\SYSTEM32\\ntdll.dll+6ced1","SourceThreadId":"1136","TargetProcessGUID":"{9d556bd4-96c9-5e1b-0000-0010502f2c00}","TargetImage":"C:\\Windows\\System32\\RuntimeBroker.exe","UtcTime":"2020-01-13 00:05:06.190","SourceProcessId":"1068","SourceImage":"C:\\WINDOWS\\System32\\svchost.exe","TargetProcessId":"6636"},"task":"Process accessed (rule: ProcessAccess)","opcode":"Info","channel":"Microsoft-Windows-Sysmon/Operational","event_id":10,"provider_guid":"{5770385f-c22a-43e0-bf4c-06f5698ffbd9}"},"event":{"code":10,"action":"Process accessed (rule: ProcessAccess)","created":"2020-01-13T00:05:07.446Z","kind":"event"},"log":{"level":"information"},"message":"Process accessed:\nRuleName: \nUtcTime: 2020-01-13 00:05:06.190\nSourceProcessGUID: {9d556bd4-95d0-5e1b-0000-0010b3730100}\nSourceProcessId: 1068\nSourceThreadId: 1136\nSourceImage: C:\\WINDOWS\\System32\\svchost.exe\nTargetProcessGUID: {9d556bd4-96c9-5e1b-0000-0010502f2c00}\nTargetProcessId: 6636\nTargetImage: C:\\Windows\\System32\\RuntimeBroker.exe\nGrantedAccess: 0x3000\nCallTrace: C:\\WINDOWS\\SYSTEM32\\ntdll.dll+9c584|C:\\WINDOWS\\System32\\KERNELBASE.dll+2730e|c:\\windows\\system32\\sysmain.dll+446bf|c:\\windows\\system32\\sysmain.dll+1e441|c:\\windows\\system32\\sysmain.dll+1e366|c:\\windows\\system32\\sysmain.dll+1e24d|c:\\windows\\system32\\sysmain.dll+1e0b1|c:\\windows\\system32\\sysmain.dll+1c32b|c:\\windows\\system32\\sysmain.dll+1bf95|c:\\windows\\system32\\sysmain.dll+74a8d|c:\\windows\\system32\\sysmain.dll+73ab2|c:\\windows\\system32\\sysmain.dll+60223|C:\\WINDOWS\\System32\\svchost.exe+314c|C:\\WINDOWS\\System32\\sechost.dll+2de2|C:\\WINDOWS\\System32\\KERNEL32.DLL+17bd4|C:\\WINDOWS\\SYSTEM32\\ntdll.dll+6ced1","agent":{"ephemeral_id":"63b64902-85b7-4e5b-8603-9a5a923a012f","hostname":"win10","id":"48e12a22-5293-48b2-be18-b209a2e8228b","version":"7.4.0","type":"winlogbeat"},"ecs":{"version":"1.1.0"}}
{"@timestamp":"2020-01-13T00:05:06.197Z","@metadata":{"beat":"winlogbeat","type":"_doc","version":"7.4.0","topic":"winlogbeat"},"event":{"action":"Process accessed (rule: ProcessAccess)","created":"2020-01-13T00:05:07.446Z","kind":"event","code":10},"log":{"level":"information"},"message":"Process accessed:\nRuleName: \nUtcTime: 2020-01-13 00:05:06.190\nSourceProcessGUID: {9d556bd4-95d0-5e1b-0000-0010b3730100}\nSourceProcessId: 1068\nSourceThreadId: 1136\nSourceImage: C:\\WINDOWS\\System32\\svchost.exe\nTargetProcessGUID: {9d556bd4-b407-5e1b-0000-00109a390c01}\nTargetProcessId: 9048\nTargetImage: C:\\WINDOWS\\system32\\backgroundTaskHost.exe\nGrantedAccess: 0x3000\nCallTrace: C:\\WINDOWS\\SYSTEM32\\ntdll.dll+9c584|C:\\WINDOWS\\System32\\KERNELBASE.dll+2730e|c:\\windows\\system32\\sysmain.dll+1e231|c:\\windows\\system32\\sysmain.dll+1e0b1|c:\\windows\\system32\\sysmain.dll+1c32b|c:\\windows\\system32\\sysmain.dll+1bf95|c:\\windows\\system32\\sysmain.dll+74a8d|c:\\windows\\system32\\sysmain.dll+73ab2|c:\\windows\\system32\\sysmain.dll+60223|C:\\WINDOWS\\System32\\svchost.exe+314c|C:\\WINDOWS\\System32\\sechost.dll+2de2|C:\\WINDOWS\\System32\\KERNEL32.DLL+17bd4|C:\\WINDOWS\\SYSTEM32\\ntdll.dll+6ced1","ecs":{"version":"1.1.0"},"host":{"name":"win10"},"agent":{"ephemeral_id":"63b64902-85b7-4e5b-8603-9a5a923a012f","hostname":"win10","id":"48e12a22-5293-48b2-be18-b209a2e8228b","version":"7.4.0","type":"winlogbeat"},"winlog":{"process":{"thread":{"id":3728},"pid":2668},"event_data":{"TargetProcessId":"9048","SourceImage":"C:\\WINDOWS\\System32\\svchost.exe","TargetProcessGUID":"{9d556bd4-b407-5e1b-0000-00109a390c01}","TargetImage":"C:\\WINDOWS\\system32\\backgroundTaskHost.exe","GrantedAccess":"0x3000","UtcTime":"2020-01-13 00:05:06.190","SourceProcessId":"1068","SourceThreadId":"1136","SourceProcessGUID":"{9d556bd4-95d0-5e1b-0000-0010b3730100}","CallTrace":"C:\\WINDOWS\\SYSTEM32\\ntdll.dll+9c584|C:\\WINDOWS\\System32\\KERNELBASE.dll+2730e|c:\\windows\\system32\\sysmain.dll+1e231|c:\\windows\\system32\\sysmain.dll+1e0b1|c:\\windows\\system32\\sysmain.dll+1c32b|c:\\windows\\system32\\sysmain.dll+1bf95|c:\\windows\\system32\\sysmain.dll+74a8d|c:\\windows\\system32\\sysmain.dll+73ab2|c:\\windows\\system32\\sysmain.dll+60223|C:\\WINDOWS\\System32\\svchost.exe+314c|C:\\WINDOWS\\System32\\sechost.dll+2de2|C:\\WINDOWS\\System32\\KERNEL32.DLL+17bd4|C:\\WINDOWS\\SYSTEM32\\ntdll.dll+6ced1"},"event_id":10,"record_id":12220175,"api":"wineventlog","computer_name":"win10.marvel.local","opcode":"Info","version":3,"task":"Process accessed (rule: ProcessAccess)","user":{"identifier":"S-1-5-18","name":"SYSTEM","domain":"NT AUTHORITY","type":"User"},"channel":"Microsoft-Windows-Sysmon/Operational","provider_name":"Microsoft-Windows-Sysmon","provider_guid":"{5770385f-c22a-43e0-bf4c-06f5698ffbd9}"}}
{"@timestamp":"2020-01-13T00:05:06.197Z","@metadata":{"beat":"winlogbeat","type":"_doc","version":"7.4.0","topic":"winlogbeat"},"winlog":{"user":{"name":"SYSTEM","domain":"NT AUTHORITY","type":"User","identifier":"S-1-5-18"},"event_data":{"TargetImage":"C:\\Windows\\System32\\RuntimeBroker.exe","UtcTime":"2020-01-13 00:05:06.190","SourceImage":"C:\\WINDOWS\\System32\\svchost.exe","SourceProcessId":"1068","SourceThreadId":"1136","TargetProcessId":"6636","TargetProcessGUID":"{9d556bd4-96c9-5e1b-0000-0010502f2c00}","GrantedAccess":"0x3000","CallTrace":"C:\\WINDOWS\\SYSTEM32\\ntdll.dll+9c584|C:\\WINDOWS\\System32\\KERNELBASE.dll+2730e|c:\\windows\\system32\\sysmain.dll+446bf|c:\\windows\\system32\\sysmain.dll+1e441|c:\\windows\\system32\\sysmain.dll+1e366|c:\\windows\\system32\\sysmain.dll+1e24d|c:\\windows\\system32\\sysmain.dll+1e0b1|c:\\windows\\system32\\sysmain.dll+1c32b|c:\\windows\\system32\\sysmain.dll+1bf95|c:\\windows\\system32\\sysmain.dll+74a8d|c:\\windows\\system32\\sysmain.dll+73ab2|c:\\windows\\system32\\sysmain.dll+60223|C:\\WINDOWS\\System32\\svchost.exe+314c|C:\\WINDOWS\\System32\\sechost.dll+2de2|C:\\WINDOWS\\System32\\KERNEL32.DLL+17bd4|C:\\WINDOWS\\SYSTEM32\\ntdll.dll+6ced1","SourceProcessGUID":"{9d556bd4-95d0-5e1b-0000-0010b3730100}"},"api":"wineventlog","record_id":12220176,"version":3,"process":{"pid":2668,"thread":{"id":3728}},"channel":"Microsoft-Windows-Sysmon/Operational","opcode":"Info","provider_guid":"{5770385f-c22a-43e0-bf4c-06f5698ffbd9}","event_id":10,"task":"Process accessed (rule: ProcessAccess)","computer_name":"win10.marvel.local","provider_name":"Microsoft-Windows-Sysmon"},"event":{"created":"2020-01-13T00:05:07.446Z","kind":"event","code":10,"action":"Process accessed (rule: ProcessAccess)"},"log":{"level":"information"},"message":"Process accessed:\nRuleName: \nUtcTime: 2020-01-13 00:05:06.190\nSourceProcessGUID: {9d556bd4-95d0-5e1b-0000-0010b3730100}\nSourceProcessId: 1068\nSourceThreadId: 1136\nSourceImage: C:\\WINDOWS\\System32\\svchost.exe\nTargetProcessGUID: {9d556bd4-96c9-5e1b-0000-0010502f2c00}\nTargetProcessId: 6636\nTargetImage: C:\\Windows\\System32\\RuntimeBroker.exe\nGrantedAccess: 0x3000\nCallTrace: C:\\WINDOWS\\SYSTEM32\\ntdll.dll+9c584|C:\\WINDOWS\\System32\\KERNELBASE.dll+2730e|c:\\windows\\system32\\sysmain.dll+446bf|c:\\windows\\system32\\sysmain.dll+1e441|c:\\windows\\system32\\sysmain.dll+1e366|c:\\windows\\system32\\sysmain.dll+1e24d|c:\\windows\\system32\\sysmain.dll+1e0b1|c:\\windows\\system32\\sysmain.dll+1c32b|c:\\windows\\system32\\sysmain.dll+1bf95|c:\\windows\\system32\\sysmain.dll+74a8d|c:\\windows\\system32\\sysmain.dll+73ab2|c:\\windows\\system32\\sysmain.dll+60223|C:\\WINDOWS\\System32\\svchost.exe+314c|C:\\WINDOWS\\System32\\sechost.dll+2de2|C:\\WINDOWS\\System32\\KERNEL32.DLL+17bd4|C:\\WINDOWS\\SYSTEM32\\ntdll.dll+6ced1","ecs":{"version":"1.1.0"},"host":{"name":"win10"},"agent":{"ephemeral_id":"63b64902-85b7-4e5b-8603-9a5a923a012f","hostname":"win10","id":"48e12a22-5293-48b2-be18-b209a2e8228b","version":"7.4.0","type":"winlogbeat"}}
{"@timestamp":"2020-01-13T00:05:06.198Z","@metadata":{"beat":"winlogbeat","type":"_doc","version":"7.4.0","topic":"winlogbeat"},"log":{"level":"information"},"message":"Process accessed:\nRuleName: \nUtcTime: 2020-01-13 00:05:06.190\nSourceProcessGUID: {9d556bd4-95d0-5e1b-0000-0010b3730100}\nSourceProcessId: 1068\nSourceThreadId: 1136\nSourceImage: C:\\WINDOWS\\System32\\svchost.exe\nTargetProcessGUID: {9d556bd4-b3f5-5e1b-0000-00101dd60b01}\nTargetProcessId: 6692\nTargetImage: C:\\WINDOWS\\system32\\backgroundTaskHost.exe\nGrantedAccess: 0x3000\nCallTrace: C:\\WINDOWS\\SYSTEM32\\ntdll.dll+9c584|C:\\WINDOWS\\System32\\KERNELBASE.dll+2730e|c:\\windows\\system32\\sysmain.dll+446bf|c:\\windows\\system32\\sysmain.dll+1e441|c:\\windows\\system32\\sysmain.dll+1e366|c:\\windows\\system32\\sysmain.dll+1e24d|c:\\windows\\system32\\sysmain.dll+1e0b1|c:\\windows\\system32\\sysmain.dll+1c32b|c:\\windows\\system32\\sysmain.dll+1bf95|c:\\windows\\system32\\sysmain.dll+74a8d|c:\\windows\\system32\\sysmain.dll+73ab2|c:\\windows\\system32\\sysmain.dll+60223|C:\\WINDOWS\\System32\\svchost.exe+314c|C:\\WINDOWS\\System32\\sechost.dll+2de2|C:\\WINDOWS\\System32\\KERNEL32.DLL+17bd4|C:\\WINDOWS\\SYSTEM32\\ntdll.dll+6ced1","ecs":{"version":"1.1.0"},"host":{"name":"win10"},"agent":{"type":"winlogbeat","ephemeral_id":"63b64902-85b7-4e5b-8603-9a5a923a012f","hostname":"win10","id":"48e12a22-5293-48b2-be18-b209a2e8228b","version":"7.4.0"},"winlog":{"event_id":10,"task":"Process accessed (rule: ProcessAccess)","api":"wineventlog","record_id":12220177,"channel":"Microsoft-Windows-Sysmon/Operational","user":{"domain":"NT AUTHORITY","type":"User","identifier":"S-1-5-18","name":"SYSTEM"},"event_data":{"CallTrace":"C:\\WINDOWS\\SYSTEM32\\ntdll.dll+9c584|C:\\WINDOWS\\System32\\KERNELBASE.dll+2730e|c:\\windows\\system32\\sysmain.dll+446bf|c:\\windows\\system32\\sysmain.dll+1e441|c:\\windows\\system32\\sysmain.dll+1e366|c:\\windows\\system32\\sysmain.dll+1e24d|c:\\windows\\system32\\sysmain.dll+1e0b1|c:\\windows\\system32\\sysmain.dll+1c32b|c:\\windows\\system32\\sysmain.dll+1bf95|c:\\windows\\system32\\sysmain.dll+74a8d|c:\\windows\\system32\\sysmain.dll+73ab2|c:\\windows\\system32\\sysmain.dll+60223|C:\\WINDOWS\\System32\\svchost.exe+314c|C:\\WINDOWS\\System32\\sechost.dll+2de2|C:\\WINDOWS\\System32\\KERNEL32.DLL+17bd4|C:\\WINDOWS\\SYSTEM32\\ntdll.dll+6ced1","SourceImage":"C:\\WINDOWS\\System32\\svchost.exe","TargetProcessGUID":"{9d556bd4-b3f5-5e1b-0000-00101dd60b01}","GrantedAccess":"0x3000","SourceThreadId":"1136","TargetImage":"C:\\WINDOWS\\system32\\backgroundTaskHost.exe","UtcTime":"2020-01-13 00:05:06.190","SourceProcessGUID":"{9d556bd4-95d0-5e1b-0000-0010b3730100}","TargetProcessId":"6692","SourceProcessId":"1068"},"process":{"pid":2668,"thread":{"id":3728}},"provider_name":"Microsoft-Windows-Sysmon","computer_name":"win10.marvel.local","version":3,"opcode":"Info","provider_guid":"{5770385f-c22a-43e0-bf4c-06f5698ffbd9}"},"event":{"code":10,"action":"Process accessed (rule: ProcessAccess)","created":"2020-01-13T00:05:07.446Z","kind":"event"}}
{"@timestamp":"2020-01-13T00:05:06.198Z","@metadata":{"beat":"winlogbeat","type":"_doc","version":"7.4.0","topic":"winlogbeat"},"host":{"name":"win10"},"agent":{"hostname":"win10","id":"48e12a22-5293-48b2-be18-b209a2e8228b","version":"7.4.0","type":"winlogbeat","ephemeral_id":"63b64902-85b7-4e5b-8603-9a5a923a012f"},"ecs":{"version":"1.1.0"},"winlog":{"version":3,"process":{"thread":{"id":3728},"pid":2668},"event_data":{"SourceProcessId":"1068","TargetProcessGUID":"{9d556bd4-95d3-5e1b-0000-00101f730200}","GrantedAccess":"0x3000","CallTrace":"C:\\WINDOWS\\SYSTEM32\\ntdll.dll+9c584|C:\\WINDOWS\\System32\\KERNELBASE.dll+2730e|c:\\windows\\system32\\sysmain.dll+446bf|c:\\windows\\system32\\sysmain.dll+1e441|c:\\windows\\system32\\sysmain.dll+1e366|c:\\windows\\system32\\sysmain.dll+1e24d|c:\\windows\\system32\\sysmain.dll+1e0b1|c:\\windows\\system32\\sysmain.dll+1c32b|c:\\windows\\system32\\sysmain.dll+1bf95|c:\\windows\\system32\\sysmain.dll+74a8d|c:\\windows\\system32\\sysmain.dll+73ab2|c:\\windows\\system32\\sysmain.dll+60223|C:\\WINDOWS\\System32\\svchost.exe+314c|C:\\WINDOWS\\System32\\sechost.dll+2de2|C:\\WINDOWS\\System32\\KERNEL32.DLL+17bd4|C:\\WINDOWS\\SYSTEM32\\ntdll.dll+6ced1","UtcTime":"2020-01-13 00:05:06.190","SourceProcessGUID":"{9d556bd4-95d0-5e1b-0000-0010b3730100}","TargetImage":"C:\\WINDOWS\\System32\\svchost.exe","TargetProcessId":"2244","SourceImage":"C:\\WINDOWS\\System32\\svchost.exe","SourceThreadId":"1136"},"channel":"Microsoft-Windows-Sysmon/Operational","event_id":10,"api":"wineventlog","provider_guid":"{5770385f-c22a-43e0-bf4c-06f5698ffbd9}","opcode":"Info","user":{"identifier":"S-1-5-18","name":"SYSTEM","domain":"NT AUTHORITY","type":"User"},"provider_name":"Microsoft-Windows-Sysmon","record_id":12220178,"computer_name":"win10.marvel.local","task":"Process accessed (rule: ProcessAccess)"},"event":{"kind":"event","code":10,"action":"Process accessed (rule: ProcessAccess)","created":"2020-01-13T00:05:07.446Z"},"log":{"level":"information"},"message":"Process accessed:\nRuleName: \nUtcTime: 2020-01-13 00:05:06.190\nSourceProcessGUID: {9d556bd4-95d0-5e1b-0000-0010b3730100}\nSourceProcessId: 1068\nSourceThreadId: 1136\nSourceImage: C:\\WINDOWS\\System32\\svchost.exe\nTargetProcessGUID: {9d556bd4-95d3-5e1b-0000-00101f730200}\nTargetProcessId: 2244\nTargetImage: C:\\WINDOWS\\System32\\svchost.exe\nGrantedAccess: 0x3000\nCallTrace: C:\\WINDOWS\\SYSTEM32\\ntdll.dll+9c584|C:\\WINDOWS\\System32\\KERNELBASE.dll+2730e|c:\\windows\\system32\\sysmain.dll+446bf|c:\\windows\\system32\\sysmain.dll+1e441|c:\\windows\\system32\\sysmain.dll+1e366|c:\\windows\\system32\\sysmain.dll+1e24d|c:\\windows\\system32\\sysmain.dll+1e0b1|c:\\windows\\system32\\sysmain.dll+1c32b|c:\\windows\\system32\\sysmain.dll+1bf95|c:\\windows\\system32\\sysmain.dll+74a8d|c:\\windows\\system32\\sysmain.dll+73ab2|c:\\windows\\system32\\sysmain.dll+60223|C:\\WINDOWS\\System32\\svchost.exe+314c|C:\\WINDOWS\\System32\\sechost.dll+2de2|C:\\WINDOWS\\System32\\KERNEL32.DLL+17bd4|C:\\WINDOWS\\SYSTEM32\\ntdll.dll+6ced1"}
{"@timestamp":"2020-01-13T00:05:06.198Z","@metadata":{"beat":"winlogbeat","type":"_doc","version":"7.4.0","topic":"winlogbeat"},"agent":{"ephemeral_id":"63b64902-85b7-4e5b-8603-9a5a923a012f","hostname":"win10","id":"48e12a22-5293-48b2-be18-b209a2e8228b","version":"7.4.0","type":"winlogbeat"},"winlog":{"process":{"pid":2668,"thread":{"id":3728}},"user":{"name":"SYSTEM","domain":"NT AUTHORITY","type":"User","identifier":"S-1-5-18"},"record_id":12220179,"computer_name":"win10.marvel.local","channel":"Microsoft-Windows-Sysmon/Operational","provider_guid":"{5770385f-c22a-43e0-bf4c-06f5698ffbd9}","version":3,"api":"wineventlog","task":"Process accessed (rule: ProcessAccess)","opcode":"Info","event_data":{"UtcTime":"2020-01-13 00:05:06.190","SourceProcessId":"1068","CallTrace":"C:\\WINDOWS\\SYSTEM32\\ntdll.dll+9c584|C:\\WINDOWS\\System32\\KERNELBASE.dll+2730e|c:\\windows\\system32\\sysmain.dll+446bf|c:\\windows\\system32\\sysmain.dll+1e441|c:\\windows\\system32\\sysmain.dll+1e366|c:\\windows\\system32\\sysmain.dll+1e24d|c:\\windows\\system32\\sysmain.dll+1e0b1|c:\\windows\\system32\\sysmain.dll+1c32b|c:\\windows\\system32\\sysmain.dll+1bf95|c:\\windows\\system32\\sysmain.dll+74a8d|c:\\windows\\system32\\sysmain.dll+73ab2|c:\\windows\\system32\\sysmain.dll+60223|C:\\WINDOWS\\System32\\svchost.exe+314c|C:\\WINDOWS\\System32\\sechost.dll+2de2|C:\\WINDOWS\\System32\\KERNEL32.DLL+17bd4|C:\\WINDOWS\\SYSTEM32\\ntdll.dll+6ced1","GrantedAccess":"0x3000","SourceProcessGUID":"{9d556bd4-95d0-5e1b-0000-0010b3730100}","SourceThreadId":"1136","TargetProcessId":"4656","TargetImage":"C:\\Windows\\SystemApps\\Microsoft.Windows.Cortana_cw5n1h2txyewy\\SearchUI.exe","SourceImage":"C:\\WINDOWS\\System32\\svchost.exe","TargetProcessGUID":"{9d556bd4-95f6-5e1b-0000-00102e111100}"},"event_id":10,"provider_name":"Microsoft-Windows-Sysmon"},"event":{"kind":"event","code":10,"action":"Process accessed (rule: ProcessAccess)","created":"2020-01-13T00:05:07.446Z"},"log":{"level":"information"},"message":"Process accessed:\nRuleName: \nUtcTime: 2020-01-13 00:05:06.190\nSourceProcessGUID: {9d556bd4-95d0-5e1b-0000-0010b3730100}\nSourceProcessId: 1068\nSourceThreadId: 1136\nSourceImage: C:\\WINDOWS\\System32\\svchost.exe\nTargetProcessGUID: {9d556bd4-95f6-5e1b-0000-00102e111100}\nTargetProcessId: 4656\nTargetImage: C:\\Windows\\SystemApps\\Microsoft.Windows.Cortana_cw5n1h2txyewy\\SearchUI.exe\nGrantedAccess: 0x3000\nCallTrace: C:\\WINDOWS\\SYSTEM32\\ntdll.dll+9c584|C:\\WINDOWS\\System32\\KERNELBASE.dll+2730e|c:\\windows\\system32\\sysmain.dll+446bf|c:\\windows\\system32\\sysmain.dll+1e441|c:\\windows\\system32\\sysmain.dll+1e366|c:\\windows\\system32\\sysmain.dll+1e24d|c:\\windows\\system32\\sysmain.dll+1e0b1|c:\\windows\\system32\\sysmain.dll+1c32b|c:\\windows\\system32\\sysmain.dll+1bf95|c:\\windows\\system32\\sysmain.dll+74a8d|c:\\windows\\system32\\sysmain.dll+73ab2|c:\\windows\\system32\\sysmain.dll+60223|C:\\WINDOWS\\System32\\svchost.exe+314c|C:\\WINDOWS\\System32\\sechost.dll+2de2|C:\\WINDOWS\\System32\\KERNEL32.DLL+17bd4|C:\\WINDOWS\\SYSTEM32\\ntdll.dll+6ced1","ecs":{"version":"1.1.0"},"host":{"name":"win10"}}
{"@timestamp":"2020-01-13T00:05:06.622Z","@metadata":{"beat":"winlogbeat","type":"_doc","version":"7.4.0","topic":"winlogbeat"},"log":{"level":"information"},"message":"Process accessed:\nRuleName: \nUtcTime: 2020-01-13 00:05:06.621\nSourceProcessGUID: {9d556bd4-95cf-5e1b-0000-001077e60000}\nSourceProcessId: 756\nSourceThreadId: 6728\nSourceImage: C:\\WINDOWS\\system32\\svchost.exe\nTargetProcessGUID: {9d556bd4-b3f5-5e1b-0000-00101dd60b01}\nTargetProcessId: 6692\nTargetImage: C:\\WINDOWS\\system32\\backgroundTaskHost.exe\nGrantedAccess: 0x1000\nCallTrace: C:\\WINDOWS\\SYSTEM32\\ntdll.dll+9c584|C:\\WINDOWS\\SYSTEM32\\psmserviceexthost.dll+222a3|C:\\WINDOWS\\SYSTEM32\\psmserviceexthost.dll+dbeb|C:\\WINDOWS\\SYSTEM32\\ntdll.dll+3089d|C:\\WINDOWS\\SYSTEM32\\ntdll.dll+34634|C:\\WINDOWS\\System32\\KERNEL32.DLL+17bd4|C:\\WINDOWS\\SYSTEM32\\ntdll.dll+6ced1","winlog":{"computer_name":"win10.marvel.local","event_data":{"CallTrace":"C:\\WINDOWS\\SYSTEM32\\ntdll.dll+9c584|C:\\WINDOWS\\SYSTEM32\\psmserviceexthost.dll+222a3|C:\\WINDOWS\\SYSTEM32\\psmserviceexthost.dll+dbeb|C:\\WINDOWS\\SYSTEM32\\ntdll.dll+3089d|C:\\WINDOWS\\SYSTEM32\\ntdll.dll+34634|C:\\WINDOWS\\System32\\KERNEL32.DLL+17bd4|C:\\WINDOWS\\SYSTEM32\\ntdll.dll+6ced1","SourceProcessGUID":"{9d556bd4-95cf-5e1b-0000-001077e60000}","UtcTime":"2020-01-13 00:05:06.621","TargetProcessGUID":"{9d556bd4-b3f5-5e1b-0000-00101dd60b01}","GrantedAccess":"0x1000","SourceProcessId":"756","SourceImage":"C:\\WINDOWS\\system32\\svchost.exe","SourceThreadId":"6728","TargetImage":"C:\\WINDOWS\\system32\\backgroundTaskHost.exe","TargetProcessId":"6692"},"version":3,"process":{"pid":2668,"thread":{"id":3728}},"user":{"identifier":"S-1-5-18","name":"SYSTEM","domain":"NT AUTHORITY","type":"User"},"record_id":12220180,"task":"Process accessed (rule: ProcessAccess)","api":"wineventlog","opcode":"Info","provider_guid":"{5770385f-c22a-43e0-bf4c-06f5698ffbd9}","channel":"Microsoft-Windows-Sysmon/Operational","event_id":10,"provider_name":"Microsoft-Windows-Sysmon"},"ecs":{"version":"1.1.0"},"host":{"name":"win10"},"agent":{"id":"48e12a22-5293-48b2-be18-b209a2e8228b","version":"7.4.0","type":"winlogbeat","ephemeral_id":"63b64902-85b7-4e5b-8603-9a5a923a012f","hostname":"win10"},"event":{"created":"2020-01-13T00:05:07.446Z","kind":"event","code":10,"action":"Process accessed (rule: ProcessAccess)"}}
{"@timestamp":"2020-01-13T00:05:06.623Z","@metadata":{"beat":"winlogbeat","type":"_doc","version":"7.4.0","topic":"winlogbeat"},"host":{"name":"win10"},"agent":{"ephemeral_id":"63b64902-85b7-4e5b-8603-9a5a923a012f","hostname":"win10","id":"48e12a22-5293-48b2-be18-b209a2e8228b","version":"7.4.0","type":"winlogbeat"},"event":{"kind":"event","code":12,"action":"Registry object added or deleted (rule: RegistryEvent)","created":"2020-01-13T00:05:07.446Z"},"log":{"level":"information"},"message":"Registry object added or deleted:\nRuleName: \nEventType: CreateKey\nUtcTime: 2020-01-13 00:05:06.621\nProcessGuid: {9d556bd4-95cf-5e1b-0000-001077e60000}\nProcessId: 756\nImage: C:\\WINDOWS\\system32\\svchost.exe\nTargetObject: HKLM\\SOFTWARE\\Microsoft\\Windows\\Windows Error Reporting\\TermReason\\6692","winlog":{"event_id":12,"record_id":12220181,"computer_name":"win10.marvel.local","api":"wineventlog","provider_guid":"{5770385f-c22a-43e0-bf4c-06f5698ffbd9}","process":{"pid":2668,"thread":{"id":3728}},"version":2,"channel":"Microsoft-Windows-Sysmon/Operational","opcode":"Info","task":"Registry object added or deleted (rule: RegistryEvent)","user":{"name":"SYSTEM","domain":"NT AUTHORITY","type":"User","identifier":"S-1-5-18"},"provider_name":"Microsoft-Windows-Sysmon","event_data":{"ProcessGuid":"{9d556bd4-95cf-5e1b-0000-001077e60000}","ProcessId":"756","Image":"C:\\WINDOWS\\system32\\svchost.exe","TargetObject":"HKLM\\SOFTWARE\\Microsoft\\Windows\\Windows Error Reporting\\TermReason\\6692","EventType":"CreateKey","UtcTime":"2020-01-13 00:05:06.621"}},"ecs":{"version":"1.1.0"}}
{"@timestamp":"2020-01-13T00:05:06.625Z","@metadata":{"beat":"winlogbeat","type":"_doc","version":"7.4.0","topic":"winlogbeat"},"message":"Registry value set:\nRuleName: \nEventType: SetValue\nUtcTime: 2020-01-13 00:05:06.621\nProcessGuid: {9d556bd4-95cf-5e1b-0000-001077e60000}\nProcessId: 756\nImage: C:\\WINDOWS\\system32\\svchost.exe\nTargetObject: HKLM\\SOFTWARE\\Microsoft\\Windows\\Windows Error Reporting\\TermReason\\6692\\Terminator\nDetails: HAM","winlog":{"provider_name":"Microsoft-Windows-Sysmon","channel":"Microsoft-Windows-Sysmon/Operational","record_id":12220182,"task":"Registry value set (rule: RegistryEvent)","version":2,"provider_guid":"{5770385f-c22a-43e0-bf4c-06f5698ffbd9}","user":{"type":"User","identifier":"S-1-5-18","name":"SYSTEM","domain":"NT AUTHORITY"},"event_id":13,"api":"wineventlog","opcode":"Info","process":{"pid":2668,"thread":{"id":3728}},"event_data":{"TargetObject":"HKLM\\SOFTWARE\\Microsoft\\Windows\\Windows Error Reporting\\TermReason\\6692\\Terminator","Details":"HAM","EventType":"SetValue","UtcTime":"2020-01-13 00:05:06.621","ProcessGuid":"{9d556bd4-95cf-5e1b-0000-001077e60000}","ProcessId":"756","Image":"C:\\WINDOWS\\system32\\svchost.exe"},"computer_name":"win10.marvel.local"},"event":{"code":13,"action":"Registry value set (rule: RegistryEvent)","created":"2020-01-13T00:05:07.446Z","kind":"event"},"log":{"level":"information"},"ecs":{"version":"1.1.0"},"host":{"name":"win10"},"agent":{"ephemeral_id":"63b64902-85b7-4e5b-8603-9a5a923a012f","hostname":"win10","id":"48e12a22-5293-48b2-be18-b209a2e8228b","version":"7.4.0","type":"winlogbeat"}}
{"@timestamp":"2020-01-13T00:05:06.625Z","@metadata":{"beat":"winlogbeat","type":"_doc","version":"7.4.0","topic":"winlogbeat"},"event":{"kind":"event","code":13,"action":"Registry value set (rule: RegistryEvent)","created":"2020-01-13T00:05:07.446Z"},"log":{"level":"information"},"message":"Registry value set:\nRuleName: \nEventType: SetValue\nUtcTime: 2020-01-13 00:05:06.621\nProcessGuid: {9d556bd4-95cf-5e1b-0000-001077e60000}\nProcessId: 756\nImage: C:\\WINDOWS\\system32\\svchost.exe\nTargetObject: HKLM\\SOFTWARE\\Microsoft\\Windows\\Windows Error Reporting\\TermReason\\6692\\Reason\nDetails: DWORD (0x00000004)","agent":{"id":"48e12a22-5293-48b2-be18-b209a2e8228b","version":"7.4.0","type":"winlogbeat","ephemeral_id":"63b64902-85b7-4e5b-8603-9a5a923a012f","hostname":"win10"},"ecs":{"version":"1.1.0"},"host":{"name":"win10"},"winlog":{"version":2,"channel":"Microsoft-Windows-Sysmon/Operational","event_id":13,"user":{"identifier":"S-1-5-18","name":"SYSTEM","domain":"NT AUTHORITY","type":"User"},"provider_name":"Microsoft-Windows-Sysmon","record_id":12220183,"api":"wineventlog","task":"Registry value set (rule: RegistryEvent)","computer_name":"win10.marvel.local","process":{"thread":{"id":3728},"pid":2668},"provider_guid":"{5770385f-c22a-43e0-bf4c-06f5698ffbd9}","event_data":{"Details":"DWORD (0x00000004)","EventType":"SetValue","UtcTime":"2020-01-13 00:05:06.621","ProcessGuid":"{9d556bd4-95cf-5e1b-0000-001077e60000}","ProcessId":"756","Image":"C:\\WINDOWS\\system32\\svchost.exe","TargetObject":"HKLM\\SOFTWARE\\Microsoft\\Windows\\Windows Error Reporting\\TermReason\\6692\\Reason"},"opcode":"Info"}}
{"@timestamp":"2020-01-13T00:05:06.625Z","@metadata":{"beat":"winlogbeat","type":"_doc","version":"7.4.0","topic":"winlogbeat"},"message":"Registry value set:\nRuleName: \nEventType: SetValue\nUtcTime: 2020-01-13 00:05:06.621\nProcessGuid: {9d556bd4-95cf-5e1b-0000-001077e60000}\nProcessId: 756\nImage: C:\\WINDOWS\\system32\\svchost.exe\nTargetObject: HKLM\\SOFTWARE\\Microsoft\\Windows\\Windows Error Reporting\\TermReason\\6692\\CreationTime\nDetails: QWORD (0x01d5c9a5-0x1cbcb4b9)","ecs":{"version":"1.1.0"},"host":{"name":"win10"},"agent":{"hostname":"win10","id":"48e12a22-5293-48b2-be18-b209a2e8228b","version":"7.4.0","type":"winlogbeat","ephemeral_id":"63b64902-85b7-4e5b-8603-9a5a923a012f"},"winlog":{"computer_name":"win10.marvel.local","provider_guid":"{5770385f-c22a-43e0-bf4c-06f5698ffbd9}","provider_name":"Microsoft-Windows-Sysmon","record_id":12220184,"task":"Registry value set (rule: RegistryEvent)","opcode":"Info","event_id":13,"api":"wineventlog","version":2,"channel":"Microsoft-Windows-Sysmon/Operational","process":{"thread":{"id":3728},"pid":2668},"user":{"type":"User","identifier":"S-1-5-18","name":"SYSTEM","domain":"NT AUTHORITY"},"event_data":{"EventType":"SetValue","UtcTime":"2020-01-13 00:05:06.621","ProcessGuid":"{9d556bd4-95cf-5e1b-0000-001077e60000}","ProcessId":"756","Image":"C:\\WINDOWS\\system32\\svchost.exe","TargetObject":"HKLM\\SOFTWARE\\Microsoft\\Windows\\Windows Error Reporting\\TermReason\\6692\\CreationTime","Details":"QWORD (0x01d5c9a5-0x1cbcb4b9)"}},"event":{"kind":"event","code":13,"action":"Registry value set (rule: RegistryEvent)","created":"2020-01-13T00:05:07.446Z"},"log":{"level":"information"}}
{"@timestamp":"2020-01-13T00:05:06.636Z","@metadata":{"beat":"winlogbeat","type":"_doc","version":"7.4.0","topic":"winlogbeat"},"winlog":{"provider_guid":"{5770385f-c22a-43e0-bf4c-06f5698ffbd9}","process":{"pid":2668,"thread":{"id":3728}},"computer_name":"win10.marvel.local","user":{"identifier":"S-1-5-18","name":"SYSTEM","domain":"NT AUTHORITY","type":"User"},"channel":"Microsoft-Windows-Sysmon/Operational","version":3,"event_data":{"ProcessGuid":"{9d556bd4-b3f5-5e1b-0000-00101dd60b01}","ProcessId":"6692","Image":"C:\\Windows\\System32\\backgroundTaskHost.exe","UtcTime":"2020-01-13 00:05:06.636"},"provider_name":"Microsoft-Windows-Sysmon","task":"Process terminated (rule: ProcessTerminate)","opcode":"Info","event_id":5,"record_id":12220185,"api":"wineventlog"},"event":{"created":"2020-01-13T00:05:07.446Z","kind":"event","code":5,"action":"Process terminated (rule: ProcessTerminate)"},"log":{"level":"information"},"message":"Process terminated:\nRuleName: \nUtcTime: 2020-01-13 00:05:06.636\nProcessGuid: {9d556bd4-b3f5-5e1b-0000-00101dd60b01}\nProcessId: 6692\nImage: C:\\Windows\\System32\\backgroundTaskHost.exe","ecs":{"version":"1.1.0"},"host":{"name":"win10"},"agent":{"type":"winlogbeat","ephemeral_id":"63b64902-85b7-4e5b-8603-9a5a923a012f","hostname":"win10","id":"48e12a22-5293-48b2-be18-b209a2e8228b","version":"7.4.0"}}
