{"@timestamp":"2020-01-13T00:04:51.830Z","@metadata":{"beat":"winlogbeat","type":"_doc","version":"7.4.0","topic":"winlogbeat"},"host":{"name":"win10"},"winlog":{"opcode":"Info","provider_guid":"{5770385f-c22a-43e0-bf4c-06f5698ffbd9}","event_data":{"Image":"C:\\Windows\\Sysmon64.exe","TargetObject":"HKLM\\SOFTWARE\\Microsoft\\EnterpriseCertificates\\Disallowed","EventType":"CreateKey","UtcTime":"2020-01-13 00:04:51.821","ProcessGuid":"{9d556bd4-95d4-5e1b-0000-001059c30200}","ProcessId":"2668"},"version":2,"channel":"Microsoft-Windows-Sysmon/Operational","api":"wineventlog","process":{"thread":{"id":3728},"pid":2668},"user":{"type":"User","identifier":"S-1-5-18","name":"SYSTEM","domain":"NT AUTHORITY"},"provider_name":"Microsoft-Windows-Sysmon","computer_name":"win10.marvel.local","event_id":12,"record_id":12220096,"task":"Registry object added or deleted (rule: RegistryEvent)"},"event":{"action":"Registry object added or deleted (rule: RegistryEvent)","created":"2020-01-13T00:04:53.187Z","kind":"event","code":12},"log":{"level":"information"},"message":"Registry object added or deleted:\nRuleName: \nEventType: CreateKey\nUtcTime: 2020-01-13 00:04:51.821\nProcessGuid: {9d556bd4-95d4-5e1b-0000-001059c30200}\nProcessId: 2668\nImage: C:\\Windows\\Sysmon64.exe\nTargetObject: HKLM\\SOFTWARE\\Microsoft\\EnterpriseCertificates\\Disallowed","agent":{"version":"7.4.0","type":"winlogbeat","ephemeral_id":"63b64902-85b7-4e5b-8603-9a5a923a012f","hostname":"win10","id":"48e12a22-5293-48b2-be18-b209a2e8228b"},"ecs":{"version":"1.1.0"}}
{"@timestamp":"2020-01-13T00:04:51.830Z","@metadata":{"beat":"winlogbeat","type":"_doc","version":"7.4.0","topic":"winlogbeat"},"event":{"created":"2020-01-13T00:04:53.187Z","kind":"event","code":12,"action":"Registry object added or deleted (rule: RegistryEvent)"},"log":{"level":"information"},"message":"Registry object added or deleted:\nRuleName: \nEventType: CreateKey\nUtcTime: 2020-01-13 00:04:51.821\nProcessGuid: {9d556bd4-95d4-5e1b-0000-001059c30200}\nProcessId: 2668\nImage: C:\\Windows\\Sysmon64.exe\nTargetObject: HKLM\\SOFTWARE\\Microsoft\\EnterpriseCertificates\\Disallowed","winlog":{"version":2,"process":{"pid":2668,"thread":{"id":3728}},"record_id":12220097,"task":"Registry object added or deleted (rule: RegistryEvent)","user":{"identifier":"S-1-5-18","name":"SYSTEM","domain":"NT AUTHORITY","type":"User"},"event_data":{"EventType":"CreateKey","UtcTime":"2020-01-13 00:04:51.821","ProcessGuid":"{9d556bd4-95d4-5e1b-0000-001059c30200}","ProcessId":"2668","Image":"C:\\Windows\\Sysmon64.exe","TargetObject":"HKLM\\SOFTWARE\\Microsoft\\EnterpriseCertificates\\Disallowed"},"event_id":12,"provider_name":"Microsoft-Windows-Sysmon","api":"wineventlog","computer_name":"win10.marvel.local","opcode":"Info","provider_guid":"{5770385f-c22a-43e0-bf4c-06f5698ffbd9}","channel":"Microsoft-Windows-Sysmon/Operational"},"ecs":{"version":"1.1.0"},"host":{"name":"win10"},"agent":{"ephemeral_id":"63b64902-85b7-4e5b-8603-9a5a923a012f","hostname":"win10","id":"48e12a22-5293-48b2-be18-b209a2e8228b","version":"7.4.0","type":"winlogbeat"}}
{"@timestamp":"2020-01-13T00:04:51.830Z","@metadata":{"beat":"winlogbeat","type":"_doc","version":"7.4.0","topic":"winlogbeat"},"log":{"level":"information"},"message":"Registry object added or deleted:\nRuleName: \nEventType: CreateKey\nUtcTime: 2020-01-13 00:04:51.821\nProcessGuid: {9d556bd4-95d4-5e1b-0000-001059c30200}\nProcessId: 2668\nImage: C:\\Windows\\Sysmon64.exe\nTargetObject: HKLM\\SOFTWARE\\Microsoft\\EnterpriseCertificates\\Disallowed\\Certificates","ecs":{"version":"1.1.0"},"host":{"name":"win10"},"agent":{"version":"7.4.0","type":"winlogbeat","ephemeral_id":"63b64902-85b7-4e5b-8603-9a5a923a012f","hostname":"win10","id":"48e12a22-5293-48b2-be18-b209a2e8228b"},"winlog":{"api":"wineventlog","provider_guid":"{5770385f-c22a-43e0-bf4c-06f5698ffbd9}","user":{"domain":"NT AUTHORITY","type":"User","identifier":"S-1-5-18","name":"SYSTEM"},"channel":"Microsoft-Windows-Sysmon/Operational","event_data":{"TargetObject":"HKLM\\SOFTWARE\\Microsoft\\EnterpriseCertificates\\Disallowed\\Certificates","EventType":"CreateKey","UtcTime":"2020-01-13 00:04:51.821","ProcessGuid":"{9d556bd4-95d4-5e1b-0000-001059c30200}","ProcessId":"2668","Image":"C:\\Windows\\Sysmon64.exe"},"opcode":"Info","task":"Registry object added or deleted (rule: RegistryEvent)","version":2,"provider_name":"Microsoft-Windows-Sysmon","process":{"pid":2668,"thread":{"id":3728}},"event_id":12,"computer_name":"win10.marvel.local","record_id":12220098},"event":{"action":"Registry object added or deleted (rule: RegistryEvent)","created":"2020-01-13T00:04:53.187Z","kind":"event","code":12}}
{"@timestamp":"2020-01-13T00:04:51.830Z","@metadata":{"beat":"winlogbeat","type":"_doc","version":"7.4.0","topic":"winlogbeat"},"agent":{"ephemeral_id":"63b64902-85b7-4e5b-8603-9a5a923a012f","hostname":"win10","id":"48e12a22-5293-48b2-be18-b209a2e8228b","version":"7.4.0","type":"winlogbeat"},"ecs":{"version":"1.1.0"},"event":{"kind":"event","code":12,"action":"Registry object added or deleted (rule: RegistryEvent)","created":"2020-01-13T00:04:53.187Z"},"log":{"level":"information"},"message":"Registry object added or deleted:\nRuleName: \nEventType: CreateKey\nUtcTime: 2020-01-13 00:04:51.821\nProcessGuid: {9d556bd4-95d4-5e1b-0000-001059c30200}\nProcessId: 2668\nImage: C:\\Windows\\Sysmon64.exe\nTargetObject: HKLM\\SOFTWARE\\Microsoft\\EnterpriseCertificates\\Disallowed\\CRLs","winlog":{"opcode":"Info","version":2,"user":{"domain":"NT AUTHORITY","type":"User","identifier":"S-1-5-18","name":"SYSTEM"},"record_id":12220099,"task":"Registry object added or deleted (rule: RegistryEvent)","api":"wineventlog","computer_name":"win10.marvel.local","event_data":{"ProcessGuid":"{9d556bd4-95d4-5e1b-0000-001059c30200}","ProcessId":"2668","Image":"C:\\Windows\\Sysmon64.exe","TargetObject":"HKLM\\SOFTWARE\\Microsoft\\EnterpriseCertificates\\Disallowed\\CRLs","EventType":"CreateKey","UtcTime":"2020-01-13 00:04:51.821"},"channel":"Microsoft-Windows-Sysmon/Operational","event_id":12,"provider_name":"Microsoft-Windows-Sysmon","provider_guid":"{5770385f-c22a-43e0-bf4c-06f5698ffbd9}","process":{"pid":2668,"thread":{"id":3728}}},"host":{"name":"win10"}}
{"@timestamp":"2020-01-13T00:04:51.830Z","@metadata":{"beat":"winlogbeat","type":"_doc","version":"7.4.0","topic":"winlogbeat"},"ecs":{"version":"1.1.0"},"host":{"name":"win10"},"agent":{"ephemeral_id":"63b64902-85b7-4e5b-8603-9a5a923a012f","hostname":"win10","id":"48e12a22-5293-48b2-be18-b209a2e8228b","version":"7.4.0","type":"winlogbeat"},"winlog":{"opcode":"Info","version":2,"channel":"Microsoft-Windows-Sysmon/Operational","provider_name":"Microsoft-Windows-Sysmon","process":{"pid":2668,"thread":{"id":3728}},"user":{"type":"User","identifier":"S-1-5-18","name":"SYSTEM","domain":"NT AUTHORITY"},"record_id":12220100,"computer_name":"win10.marvel.local","event_data":{"ProcessId":"2668","Image":"C:\\Windows\\Sysmon64.exe","TargetObject":"HKLM\\SOFTWARE\\Microsoft\\EnterpriseCertificates\\Disallowed\\CTLs","EventType":"CreateKey","UtcTime":"2020-01-13 00:04:51.821","ProcessGuid":"{9d556bd4-95d4-5e1b-0000-001059c30200}"},"api":"wineventlog","event_id":12,"provider_guid":"{5770385f-c22a-43e0-bf4c-06f5698ffbd9}","task":"Registry object added or deleted (rule: RegistryEvent)"},"event":{"created":"2020-01-13T00:04:53.187Z","kind":"event","code":12,"action":"Registry object added or deleted (rule: RegistryEvent)"},"log":{"level":"information"},"message":"Registry object added or deleted:\nRuleName: \nEventType: CreateKey\nUtcTime: 2020-01-13 00:04:51.821\nProcessGuid: {9d556bd4-95d4-5e1b-0000-001059c30200}\nProcessId: 2668\nImage: C:\\Windows\\Sysmon64.exe\nTargetObject: HKLM\\SOFTWARE\\Microsoft\\EnterpriseCertificates\\Disallowed\\CTLs"}
{"@timestamp":"2020-01-13T00:04:51.830Z","@metadata":{"beat":"winlogbeat","type":"_doc","version":"7.4.0","topic":"winlogbeat"},"winlog":{"event_id":7,"provider_name":"Microsoft-Windows-Sysmon","channel":"Microsoft-Windows-Sysmon/Operational","record_id":12220101,"task":"Image loaded (rule: ImageLoad)","api":"wineventlog","provider_guid":"{5770385f-c22a-43e0-bf4c-06f5698ffbd9}","event_data":{"Signature":"Microsoft Windows","SignatureStatus":"Valid","ProcessId":"2556","Image":"C:\\Users\\thor\\Downloads\\injection-master\\injection-master\\InjectDLL\\x64\\Debug\\InjectDLL.exe","Hashes":"SHA1=B58FE9E11128F34E3E294F927A948A18D1F46EB8,MD5=9D6A7E1290D7778F459179B7D78ABDC0,SHA256=97421205D6352D3D77C9601394A46C7F7D9E8F23E03F0BEBAC6217D3E098AB2B,IMPHASH=88E7E7C7FA90052EC162DD37F2B7C7BD","Signed":"true","FileVersion":"10.0.18362.476 (WinBuild.160101.0800)","OriginalFileName":"rpcrt4.dll","UtcTime":"2020-01-13 00:04:51.821","Description":"Remote Procedure Call Runtime","Company":"Microsoft Corporation","ProcessGuid":"{9d556bd4-b423-5e1b-0000-00104e060d01}","ImageLoaded":"C:\\Windows\\System32\\rpcrt4.dll","Product":"Microsoft Windows Operating System"},"process":{"pid":2668,"thread":{"id":3728}},"opcode":"Info","version":3,"computer_name":"win10.marvel.local","user":{"identifier":"S-1-5-18","name":"SYSTEM","domain":"NT AUTHORITY","type":"User"}},"event":{"kind":"event","code":7,"action":"Image loaded (rule: ImageLoad)","created":"2020-01-13T00:04:53.187Z"},"ecs":{"version":"1.1.0"},"host":{"name":"win10"},"agent":{"id":"48e12a22-5293-48b2-be18-b209a2e8228b","version":"7.4.0","type":"winlogbeat","ephemeral_id":"63b64902-85b7-4e5b-8603-9a5a923a012f","hostname":"win10"},"log":{"level":"information"},"message":"Image loaded:\nRuleName: \nUtcTime: 2020-01-13 00:04:51.821\nProcessGuid: {9d556bd4-b423-5e1b-0000-00104e060d01}\nProcessId: 2556\nImage: C:\\Users\\thor\\Downloads\\injection-master\\injection-master\\InjectDLL\\x64\\Debug\\InjectDLL.exe\nImageLoaded: C:\\Windows\\System32\\rpcrt4.dll\nFileVersion: 10.0.18362.476 (WinBuild.160101.0800)\nDescription: Remote Procedure Call Runtime\nProduct: Microsoft Windows Operating System\nCompany: Microsoft Corporation\nOriginalFileName: rpcrt4.dll\nHashes: SHA1=B58FE9E11128F34E3E294F927A948A18D1F46EB8,MD5=9D6A7E1290D7778F459179B7D78ABDC0,SHA256=97421205D6352D3D77C9601394A46C7F7D9E8F23E03F0BEBAC6217D3E098AB2B,IMPHASH=88E7E7C7FA90052EC162DD37F2B7C7BD\nSigned: true\nSignature: Microsoft Windows\nSignatureStatus: Valid"}
{"@timestamp":"2020-01-13T00:04:51.831Z","@metadata":{"beat":"winlogbeat","type":"_doc","version":"7.4.0","topic":"winlogbeat"},"winlog":{"record_id":12220102,"process":{"pid":2668,"thread":{"id":3732}},"provider_name":"Microsoft-Windows-Sysmon","event_data":{"Signature":"Microsoft Corporation","Product":"Microsoft Windows Operating System","Company":"Microsoft Corporation","Hashes":"SHA1=96B8895D9C797D93B4125B89FECD6AA8314F5F10,MD5=3814D0DDF7AA5FFA99A8D6DFDCE84806,SHA256=7E5B9EE525541FA5C89CD2473748FCC72923A0D930DADBD32A8EA770B9E400B3,IMPHASH=2BA8486101F2F8AC913A5F44D425917E","Description":"Microsoft C Runtime Library","Signed":"true","FileVersion":"10.0.18362.1 (WinBuild.160101.0800)","ProcessId":"2556","OriginalFileName":"ucrtbase.dll","ProcessGuid":"{9d556bd4-b423-5e1b-0000-00104e060d01}","SignatureStatus":"Valid","Image":"C:\\Users\\thor\\Downloads\\injection-master\\injection-master\\InjectDLL\\x64\\Debug\\InjectDLL.exe","UtcTime":"2020-01-13 00:04:51.805","ImageLoaded":"C:\\Windows\\System32\\ucrtbased.dll"},"user":{"identifier":"S-1-5-18","name":"SYSTEM","domain":"NT AUTHORITY","type":"User"},"opcode":"Info","task":"Image loaded (rule: ImageLoad)","api":"wineventlog","computer_name":"win10.marvel.local","provider_guid":"{5770385f-c22a-43e0-bf4c-06f5698ffbd9}","channel":"Microsoft-Windows-Sysmon/Operational","version":3,"event_id":7},"event":{"code":7,"action":"Image loaded (rule: ImageLoad)","created":"2020-01-13T00:04:53.187Z","kind":"event"},"log":{"level":"information"},"message":"Image loaded:\nRuleName: \nUtcTime: 2020-01-13 00:04:51.805\nProcessGuid: {9d556bd4-b423-5e1b-0000-00104e060d01}\nProcessId: 2556\nImage: C:\\Users\\thor\\Downloads\\injection-master\\injection-master\\InjectDLL\\x64\\Debug\\InjectDLL.exe\nImageLoaded: C:\\Windows\\System32\\ucrtbased.dll\nFileVersion: 10.0.18362.1 (WinBuild.160101.0800)\nDescription: Microsoft C Runtime Library\nProduct: Microsoft Windows Operating System\nCompany: Microsoft Corporation\nOriginalFileName: ucrtbase.dll\nHashes: SHA1=96B8895D9C797D93B4125B89FECD6AA8314F5F10,MD5=3814D0DDF7AA5FFA99A8D6DFDCE84806,SHA256=7E5B9EE525541FA5C89CD2473748FCC72923A0D930DADBD32A8EA770B9E400B3,IMPHASH=2BA8486101F2F8AC913A5F44D425917E\nSigned: true\nSignature: Microsoft Corporation\nSignatureStatus: Valid","ecs":{"version":"1.1.0"},"host":{"name":"win10"},"agent":{"ephemeral_id":"63b64902-85b7-4e5b-8603-9a5a923a012f","hostname":"win10","id":"48e12a22-5293-48b2-be18-b209a2e8228b","version":"7.4.0","type":"winlogbeat"}}
{"@timestamp":"2020-01-13T00:04:51.831Z","@metadata":{"beat":"winlogbeat","type":"_doc","version":"7.4.0","topic":"winlogbeat"},"agent":{"ephemeral_id":"63b64902-85b7-4e5b-8603-9a5a923a012f","hostname":"win10","id":"48e12a22-5293-48b2-be18-b209a2e8228b","version":"7.4.0","type":"winlogbeat"},"event":{"action":"Image loaded (rule: ImageLoad)","created":"2020-01-13T00:04:53.187Z","kind":"event","code":7},"log":{"level":"information"},"message":"Image loaded:\nRuleName: \nUtcTime: 2020-01-13 00:04:51.789\nProcessGuid: {9d556bd4-b423-5e1b-0000-00104e060d01}\nProcessId: 2556\nImage: C:\\Users\\thor\\Downloads\\injection-master\\injection-master\\InjectDLL\\x64\\Debug\\InjectDLL.exe\nImageLoaded: C:\\Windows\\System32\\ucrtbased.dll\nFileVersion: 10.0.18362.1 (WinBuild.160101.0800)\nDescription: Microsoft C Runtime Library\nProduct: Microsoft Windows Operating System\nCompany: Microsoft Corporation\nOriginalFileName: ucrtbase.dll\nHashes: SHA1=96B8895D9C797D93B4125B89FECD6AA8314F5F10,MD5=3814D0DDF7AA5FFA99A8D6DFDCE84806,SHA256=7E5B9EE525541FA5C89CD2473748FCC72923A0D930DADBD32A8EA770B9E400B3,IMPHASH=2BA8486101F2F8AC913A5F44D425917E\nSigned: true\nSignature: Microsoft Corporation\nSignatureStatus: Valid","winlog":{"event_data":{"ImageLoaded":"C:\\Windows\\System32\\ucrtbased.dll","SignatureStatus":"Valid","OriginalFileName":"ucrtbase.dll","Description":"Microsoft C Runtime Library","Product":"Microsoft Windows Operating System","UtcTime":"2020-01-13 00:04:51.789","ProcessGuid":"{9d556bd4-b423-5e1b-0000-00104e060d01}","Hashes":"SHA1=96B8895D9C797D93B4125B89FECD6AA8314F5F10,MD5=3814D0DDF7AA5FFA99A8D6DFDCE84806,SHA256=7E5B9EE525541FA5C89CD2473748FCC72923A0D930DADBD32A8EA770B9E400B3,IMPHASH=2BA8486101F2F8AC913A5F44D425917E","Signed":"true","Company":"Microsoft Corporation","Signature":"Microsoft Corporation","FileVersion":"10.0.18362.1 (WinBuild.160101.0800)","ProcessId":"2556","Image":"C:\\Users\\thor\\Downloads\\injection-master\\injection-master\\InjectDLL\\x64\\Debug\\InjectDLL.exe"},"provider_guid":"{5770385f-c22a-43e0-bf4c-06f5698ffbd9}","process":{"pid":2668,"thread":{"id":3732}},"task":"Image loaded (rule: ImageLoad)","api":"wineventlog","opcode":"Info","user":{"type":"User","identifier":"S-1-5-18","name":"SYSTEM","domain":"NT AUTHORITY"},"record_id":12220103,"event_id":7,"version":3,"provider_name":"Microsoft-Windows-Sysmon","computer_name":"win10.marvel.local","channel":"Microsoft-Windows-Sysmon/Operational"},"ecs":{"version":"1.1.0"},"host":{"name":"win10"}}
{"@timestamp":"2020-01-13T00:04:51.832Z","@metadata":{"beat":"winlogbeat","type":"_doc","version":"7.4.0","topic":"winlogbeat"},"host":{"name":"win10"},"agent":{"ephemeral_id":"63b64902-85b7-4e5b-8603-9a5a923a012f","hostname":"win10","id":"48e12a22-5293-48b2-be18-b209a2e8228b","version":"7.4.0","type":"winlogbeat"},"message":"Process terminated:\nRuleName: \nUtcTime: 2020-01-13 00:04:51.821\nProcessGuid: {9d556bd4-b423-5e1b-0000-00104e060d01}\nProcessId: 2556\nImage: C:\\Users\\thor\\Downloads\\injection-master\\injection-master\\InjectDLL\\x64\\Debug\\InjectDLL.exe","winlog":{"computer_name":"win10.marvel.local","process":{"thread":{"id":3728},"pid":2668},"channel":"Microsoft-Windows-Sysmon/Operational","provider_name":"Microsoft-Windows-Sysmon","event_data":{"Image":"C:\\Users\\thor\\Downloads\\injection-master\\injection-master\\InjectDLL\\x64\\Debug\\InjectDLL.exe","UtcTime":"2020-01-13 00:04:51.821","ProcessGuid":"{9d556bd4-b423-5e1b-0000-00104e060d01}","ProcessId":"2556"},"record_id":12220104,"opcode":"Info","provider_guid":"{5770385f-c22a-43e0-bf4c-06f5698ffbd9}","event_id":5,"task":"Process terminated (rule: ProcessTerminate)","api":"wineventlog","user":{"identifier":"S-1-5-18","name":"SYSTEM","domain":"NT AUTHORITY","type":"User"},"version":3},"event":{"action":"Process terminated (rule: ProcessTerminate)","created":"2020-01-13T00:04:53.187Z","kind":"event","code":5},"log":{"level":"information"},"ecs":{"version":"1.1.0"}}
{"@timestamp":"2020-01-13T00:04:51.839Z","@metadata":{"beat":"winlogbeat","type":"_doc","version":"7.4.0","topic":"winlogbeat"},"winlog":{"event_data":{"Image":"C:\\WINDOWS\\System32\\svchost.exe","TargetFilename":"C:\\Windows\\Prefetch\\INJECTDLL.EXE-90A3DD30.pf","CreationUtcTime":"2020-01-12 23:01:30.615","UtcTime":"2020-01-13 00:04:51.836","ProcessGuid":"{9d556bd4-95d0-5e1b-0000-0010b3730100}","ProcessId":"1068"},"provider_name":"Microsoft-Windows-Sysmon","api":"wineventlog","user":{"identifier":"S-1-5-18","name":"SYSTEM","domain":"NT AUTHORITY","type":"User"},"channel":"Microsoft-Windows-Sysmon/Operational","event_id":11,"opcode":"Info","process":{"thread":{"id":3728},"pid":2668},"record_id":12220105,"task":"File created (rule: FileCreate)","computer_name":"win10.marvel.local","provider_guid":"{5770385f-c22a-43e0-bf4c-06f5698ffbd9}","version":2},"event":{"kind":"event","code":11,"action":"File created (rule: FileCreate)","created":"2020-01-13T00:04:53.187Z"},"log":{"level":"information"},"message":"File created:\nRuleName: \nUtcTime: 2020-01-13 00:04:51.836\nProcessGuid: {9d556bd4-95d0-5e1b-0000-0010b3730100}\nProcessId: 1068\nImage: C:\\WINDOWS\\System32\\svchost.exe\nTargetFilename: C:\\Windows\\Prefetch\\INJECTDLL.EXE-90A3DD30.pf\nCreationUtcTime: 2020-01-12 23:01:30.615","ecs":{"version":"1.1.0"},"host":{"name":"win10"},"agent":{"type":"winlogbeat","ephemeral_id":"63b64902-85b7-4e5b-8603-9a5a923a012f","hostname":"win10","id":"48e12a22-5293-48b2-be18-b209a2e8228b","version":"7.4.0"}}
{"@timestamp":"2020-01-13T00:04:51.877Z","@metadata":{"beat":"winlogbeat","type":"_doc","version":"7.4.0","topic":"winlogbeat"},"log":{"level":"information"},"message":"Process accessed:\nRuleName: \nUtcTime: 2020-01-13 00:04:51.868\nSourceProcessGUID: {9d556bd4-95d4-5e1b-0000-001069c80200}\nSourceProcessId: 2724\nSourceThreadId: 2928\nSourceImage: C:\\ProgramData\\Microsoft\\Windows Defender\\platform\\4.18.1911.3-0\\MsMpEng.exe\nTargetProcessGUID: {9d556bd4-ac15-5e1b-0000-0010b47ced00}\nTargetProcessId: 1016\nTargetImage: C:\\Windows\\System32\\WindowsPowerShell\\v1.0\\powershell.exe\nGrantedAccess: 0x1410\nCallTrace: C:\\WINDOWS\\SYSTEM32\\ntdll.dll+9c584|C:\\WINDOWS\\System32\\KERNELBASE.dll+2730e|C:\\ProgramData\\Microsoft\\Windows Defender\\platform\\4.18.1911.3-0\\mpsvc.dll+dde1f|C:\\ProgramData\\Microsoft\\Windows Defender\\platform\\4.18.1911.3-0\\mpsvc.dll+dabc8|C:\\ProgramData\\Microsoft\\Windows Defender\\platform\\4.18.1911.3-0\\mpsvc.dll+dea8a|C:\\ProgramData\\Microsoft\\Windows Defender\\platform\\4.18.1911.3-0\\mpsvc.dll+dc393|C:\\ProgramData\\Microsoft\\Windows Defender\\platform\\4.18.1911.3-0\\mpsvc.dll+dcf76|C:\\WINDOWS\\System32\\RPCRT4.dll+76983|C:\\WINDOWS\\System32\\RPCRT4.dll+da036|C:\\WINDOWS\\System32\\RPCRT4.dll+37a7c|C:\\WINDOWS\\System32\\RPCRT4.dll+548f8|C:\\WINDOWS\\System32\\RPCRT4.dll+2c951|C:\\WINDOWS\\System32\\RPCRT4.dll+2c20b|C:\\WINDOWS\\System32\\RPCRT4.dll+1a86f|C:\\WINDOWS\\System32\\RPCRT4.dll+19d1a|C:\\WINDOWS\\System32\\RPCRT4.dll+19301|C:\\WINDOWS\\System32\\RPCRT4.dll+18d6e|C:\\WINDOWS\\System32\\RPCRT4.dll+169a5|C:\\WINDOWS\\SYSTEM32\\ntdll.dll+3346d|C:\\WINDOWS\\SYSTEM32\\ntdll.dll+341c2|C:\\WINDOWS\\System32\\KERNEL32.DLL+17bd4|C:\\WINDOWS\\SYSTEM32\\ntdll.dll+6ced1","winlog":{"event_data":{"UtcTime":"2020-01-13 00:04:51.868","SourceProcessGUID":"{9d556bd4-95d4-5e1b-0000-001069c80200}","SourceProcessId":"2724","TargetImage":"C:\\Windows\\System32\\WindowsPowerShell\\v1.0\\powershell.exe","GrantedAccess":"0x1410","SourceImage":"C:\\ProgramData\\Microsoft\\Windows Defender\\platform\\4.18.1911.3-0\\MsMpEng.exe","TargetProcessId":"1016","CallTrace":"C:\\WINDOWS\\SYSTEM32\\ntdll.dll+9c584|C:\\WINDOWS\\System32\\KERNELBASE.dll+2730e|C:\\ProgramData\\Microsoft\\Windows Defender\\platform\\4.18.1911.3-0\\mpsvc.dll+dde1f|C:\\ProgramData\\Microsoft\\Windows Defender\\platform\\4.18.1911.3-0\\mpsvc.dll+dabc8|C:\\ProgramData\\Microsoft\\Windows Defender\\platform\\4.18.1911.3-0\\mpsvc.dll+dea8a|C:\\ProgramData\\Microsoft\\Windows Defender\\platform\\4.18.1911.3-0\\mpsvc.dll+dc393|C:\\ProgramData\\Microsoft\\Windows Defender\\platform\\4.18.1911.3-0\\mpsvc.dll+dcf76|C:\\WINDOWS\\System32\\RPCRT4.dll+76983|C:\\WINDOWS\\System32\\RPCRT4.dll+da036|C:\\WINDOWS\\System32\\RPCRT4.dll+37a7c|C:\\WINDOWS\\System32\\RPCRT4.dll+548f8|C:\\WINDOWS\\System32\\RPCRT4.dll+2c951|C:\\WINDOWS\\System32\\RPCRT4.dll+2c20b|C:\\WINDOWS\\System32\\RPCRT4.dll+1a86f|C:\\WINDOWS\\System32\\RPCRT4.dll+19d1a|C:\\WINDOWS\\System32\\RPCRT4.dll+19301|C:\\WINDOWS\\System32\\RPCRT4.dll+18d6e|C:\\WINDOWS\\System32\\RPCRT4.dll+169a5|C:\\WINDOWS\\SYSTEM32\\ntdll.dll+3346d|C:\\WINDOWS\\SYSTEM32\\ntdll.dll+341c2|C:\\WINDOWS\\System32\\KERNEL32.DLL+17bd4|C:\\WINDOWS\\SYSTEM32\\ntdll.dll+6ced1","TargetProcessGUID":"{9d556bd4-ac15-5e1b-0000-0010b47ced00}","SourceThreadId":"2928"},"computer_name":"win10.marvel.local","task":"Process accessed (rule: ProcessAccess)","opcode":"Info","provider_guid":"{5770385f-c22a-43e0-bf4c-06f5698ffbd9}","version":3,"user":{"name":"SYSTEM","domain":"NT AUTHORITY","type":"User","identifier":"S-1-5-18"},"process":{"thread":{"id":3728},"pid":2668},"channel":"Microsoft-Windows-Sysmon/Operational","event_id":10,"record_id":12220106,"provider_name":"Microsoft-Windows-Sysmon","api":"wineventlog"},"event":{"action":"Process accessed (rule: ProcessAccess)","created":"2020-01-13T00:04:53.188Z","kind":"event","code":10},"ecs":{"version":"1.1.0"},"host":{"name":"win10"},"agent":{"hostname":"win10","id":"48e12a22-5293-48b2-be18-b209a2e8228b","version":"7.4.0","type":"winlogbeat","ephemeral_id":"63b64902-85b7-4e5b-8603-9a5a923a012f"}}
{"@timestamp":"2020-01-13T00:04:51.877Z","@metadata":{"beat":"winlogbeat","type":"_doc","version":"7.4.0","topic":"winlogbeat"},"message":"Process accessed:\nRuleName: \nUtcTime: 2020-01-13 00:04:51.868\nSourceProcessGUID: {9d556bd4-95d4-5e1b-0000-001069c80200}\nSourceProcessId: 2724\nSourceThreadId: 2928\nSourceImage: C:\\ProgramData\\Microsoft\\Windows Defender\\platform\\4.18.1911.3-0\\MsMpEng.exe\nTargetProcessGUID: {9d556bd4-ac15-5e1b-0000-0010b47ced00}\nTargetProcessId: 1016\nTargetImage: C:\\Windows\\System32\\WindowsPowerShell\\v1.0\\powershell.exe\nGrantedAccess: 0x1000\nCallTrace: C:\\WINDOWS\\SYSTEM32\\ntdll.dll+9c584|C:\\WINDOWS\\System32\\KERNELBASE.dll+2730e|C:\\ProgramData\\Microsoft\\Windows Defender\\platform\\4.18.1911.3-0\\mpsvc.dll+1241e0|C:\\ProgramData\\Microsoft\\Windows Defender\\platform\\4.18.1911.3-0\\mpsvc.dll+d787c|C:\\ProgramData\\Microsoft\\Windows Defender\\platform\\4.18.1911.3-0\\mpsvc.dll+dac94|C:\\ProgramData\\Microsoft\\Windows Defender\\platform\\4.18.1911.3-0\\mpsvc.dll+dea8a|C:\\ProgramData\\Microsoft\\Windows Defender\\platform\\4.18.1911.3-0\\mpsvc.dll+dc393|C:\\ProgramData\\Microsoft\\Windows Defender\\platform\\4.18.1911.3-0\\mpsvc.dll+dcf76|C:\\WINDOWS\\System32\\RPCRT4.dll+76983|C:\\WINDOWS\\System32\\RPCRT4.dll+da036|C:\\WINDOWS\\System32\\RPCRT4.dll+37a7c|C:\\WINDOWS\\System32\\RPCRT4.dll+548f8|C:\\WINDOWS\\System32\\RPCRT4.dll+2c951|C:\\WINDOWS\\System32\\RPCRT4.dll+2c20b|C:\\WINDOWS\\System32\\RPCRT4.dll+1a86f|C:\\WINDOWS\\System32\\RPCRT4.dll+19d1a|C:\\WINDOWS\\System32\\RPCRT4.dll+19301|C:\\WINDOWS\\System32\\RPCRT4.dll+18d6e|C:\\WINDOWS\\System32\\RPCRT4.dll+169a5|C:\\WINDOWS\\SYSTEM32\\ntdll.dll+3346d|C:\\WINDOWS\\SYSTEM32\\ntdll.dll+341c2|C:\\WINDOWS\\System32\\KERNEL32.DLL+17bd4|C:\\WINDOWS\\SYSTEM32\\ntdll.dll+6ced1","ecs":{"version":"1.1.0"},"host":{"name":"win10"},"agent":{"ephemeral_id":"63b64902-85b7-4e5b-8603-9a5a923a012f","hostname":"win10","id":"48e12a22-5293-48b2-be18-b209a2e8228b","version":"7.4.0","type":"winlogbeat"},"winlog":{"channel":"Microsoft-Windows-Sysmon/Operational","record_id":12220107,"task":"Process accessed (rule: ProcessAccess)","event_id":10,"computer_name":"win10.marvel.local","opcode":"Info","process":{"pid":2668,"thread":{"id":3728}},"provider_guid":"{5770385f-c22a-43e0-bf4c-06f5698ffbd9}","event_data":{"TargetProcessId":"1016","GrantedAccess":"0x1000","CallTrace":"C:\\WINDOWS\\SYSTEM32\\ntdll.dll+9c584|C:\\WINDOWS\\System32\\KERNELBASE.dll+2730e|C:\\ProgramData\\Microsoft\\Windows Defender\\platform\\4.18.1911.3-0\\mpsvc.dll+1241e0|C:\\ProgramData\\Microsoft\\Windows Defender\\platform\\4.18.1911.3-0\\mpsvc.dll+d787c|C:\\ProgramData\\Microsoft\\Windows Defender\\platform\\4.18.1911.3-0\\mpsvc.dll+dac94|C:\\ProgramData\\Microsoft\\Windows Defender\\platform\\4.18.1911.3-0\\mpsvc.dll+dea8a|C:\\ProgramData\\Microsoft\\Windows Defender\\platform\\4.18.1911.3-0\\mpsvc.dll+dc393|C:\\ProgramData\\Microsoft\\Windows Defender\\platform\\4.18.1911.3-0\\mpsvc.dll+dcf76|C:\\WINDOWS\\System32\\RPCRT4.dll+76983|C:\\WINDOWS\\System32\\RPCRT4.dll+da036|C:\\WINDOWS\\System32\\RPCRT4.dll+37a7c|C:\\WINDOWS\\System32\\RPCRT4.dll+548f8|C:\\WINDOWS\\System32\\RPCRT4.dll+2c951|C:\\WINDOWS\\System32\\RPCRT4.dll+2c20b|C:\\WINDOWS\\System32\\RPCRT4.dll+1a86f|C:\\WINDOWS\\System32\\RPCRT4.dll+19d1a|C:\\WINDOWS\\System32\\RPCRT4.dll+19301|C:\\WINDOWS\\System32\\RPCRT4.dll+18d6e|C:\\WINDOWS\\System32\\RPCRT4.dll+169a5|C:\\WINDOWS\\SYSTEM32\\ntdll.dll+3346d|C:\\WINDOWS\\SYSTEM32\\ntdll.dll+341c2|C:\\WINDOWS\\System32\\KERNEL32.DLL+17bd4|C:\\WINDOWS\\SYSTEM32\\ntdll.dll+6ced1","SourceProcessId":"2724","TargetProcessGUID":"{9d556bd4-ac15-5e1b-0000-0010b47ced00}","TargetImage":"C:\\Windows\\System32\\WindowsPowerShell\\v1.0\\powershell.exe","SourceThreadId":"2928","UtcTime":"2020-01-13 00:04:51.868","SourceProcessGUID":"{9d556bd4-95d4-5e1b-0000-001069c80200}","SourceImage":"C:\\ProgramData\\Microsoft\\Windows Defender\\platform\\4.18.1911.3-0\\MsMpEng.exe"},"provider_name":"Microsoft-Windows-Sysmon","api":"wineventlog","version":3,"user":{"type":"User","identifier":"S-1-5-18","name":"SYSTEM","domain":"NT AUTHORITY"}},"event":{"action":"Process accessed (rule: ProcessAccess)","created":"2020-01-13T00:04:53.188Z","kind":"event","code":10},"log":{"level":"information"}}
{"@timestamp":"2020-01-13T00:04:51.877Z","@metadata":{"beat":"winlogbeat","type":"_doc","version":"7.4.0","topic":"winlogbeat"},"ecs":{"version":"1.1.0"},"host":{"name":"win10"},"winlog":{"channel":"Microsoft-Windows-Sysmon/Operational","record_id":12220108,"version":3,"process":{"thread":{"id":3728},"pid":2668},"api":"wineventlog","opcode":"Info","provider_guid":"{5770385f-c22a-43e0-bf4c-06f5698ffbd9}","event_data":{"GrantedAccess":"0x1000","SourceProcessGUID":"{9d556bd4-95d4-5e1b-0000-001069c80200}","TargetProcessGUID":"{9d556bd4-ac15-5e1b-0000-0010b47ced00}","UtcTime":"2020-01-13 00:04:51.868","TargetImage":"C:\\Windows\\System32\\WindowsPowerShell\\v1.0\\powershell.exe","SourceProcessId":"2724","SourceThreadId":"2928","CallTrace":"C:\\WINDOWS\\SYSTEM32\\ntdll.dll+9c584|C:\\WINDOWS\\System32\\KERNELBASE.dll+6a7e5|C:\\ProgramData\\Microsoft\\Windows Defender\\platform\\4.18.1911.3-0\\mpsvc.dll+d7b83|C:\\ProgramData\\Microsoft\\Windows Defender\\platform\\4.18.1911.3-0\\mpsvc.dll+dac94|C:\\ProgramData\\Microsoft\\Windows Defender\\platform\\4.18.1911.3-0\\mpsvc.dll+dea8a|C:\\ProgramData\\Microsoft\\Windows Defender\\platform\\4.18.1911.3-0\\mpsvc.dll+dc393|C:\\ProgramData\\Microsoft\\Windows Defender\\platform\\4.18.1911.3-0\\mpsvc.dll+dcf76|C:\\WINDOWS\\System32\\RPCRT4.dll+76983|C:\\WINDOWS\\System32\\RPCRT4.dll+da036|C:\\WINDOWS\\System32\\RPCRT4.dll+37a7c|C:\\WINDOWS\\System32\\RPCRT4.dll+548f8|C:\\WINDOWS\\System32\\RPCRT4.dll+2c951|C:\\WINDOWS\\System32\\RPCRT4.dll+2c20b|C:\\WINDOWS\\System32\\RPCRT4.dll+1a86f|C:\\WINDOWS\\System32\\RPCRT4.dll+19d1a|C:\\WINDOWS\\System32\\RPCRT4.dll+19301|C:\\WINDOWS\\System32\\RPCRT4.dll+18d6e|C:\\WINDOWS\\System32\\RPCRT4.dll+169a5|C:\\WINDOWS\\SYSTEM32\\ntdll.dll+3346d|C:\\WINDOWS\\SYSTEM32\\ntdll.dll+341c2|C:\\WINDOWS\\System32\\KERNEL32.DLL+17bd4|C:\\WINDOWS\\SYSTEM32\\ntdll.dll+6ced1","SourceImage":"C:\\ProgramData\\Microsoft\\Windows Defender\\platform\\4.18.1911.3-0\\MsMpEng.exe","TargetProcessId":"1016"},"task":"Process accessed (rule: ProcessAccess)","computer_name":"win10.marvel.local","user":{"domain":"NT AUTHORITY","type":"User","identifier":"S-1-5-18","name":"SYSTEM"},"provider_name":"Microsoft-Windows-Sysmon","event_id":10},"event":{"created":"2020-01-13T00:04:53.188Z","kind":"event","code":10,"action":"Process accessed (rule: ProcessAccess)"},"log":{"level":"information"},"message":"Process accessed:\nRuleName: \nUtcTime: 2020-01-13 00:04:51.868\nSourceProcessGUID: {9d556bd4-95d4-5e1b-0000-001069c80200}\nSourceProcessId: 2724\nSourceThreadId: 2928\nSourceImage: C:\\ProgramData\\Microsoft\\Windows Defender\\platform\\4.18.1911.3-0\\MsMpEng.exe\nTargetProcessGUID: {9d556bd4-ac15-5e1b-0000-0010b47ced00}\nTargetProcessId: 1016\nTargetImage: C:\\Windows\\System32\\WindowsPowerShell\\v1.0\\powershell.exe\nGrantedAccess: 0x1000\nCallTrace: C:\\WINDOWS\\SYSTEM32\\ntdll.dll+9c584|C:\\WINDOWS\\System32\\KERNELBASE.dll+6a7e5|C:\\ProgramData\\Microsoft\\Windows Defender\\platform\\4.18.1911.3-0\\mpsvc.dll+d7b83|C:\\ProgramData\\Microsoft\\Windows Defender\\platform\\4.18.1911.3-0\\mpsvc.dll+dac94|C:\\ProgramData\\Microsoft\\Windows Defender\\platform\\4.18.1911.3-0\\mpsvc.dll+dea8a|C:\\ProgramData\\Microsoft\\Windows Defender\\platform\\4.18.1911.3-0\\mpsvc.dll+dc393|C:\\ProgramData\\Microsoft\\Windows Defender\\platform\\4.18.1911.3-0\\mpsvc.dll+dcf76|C:\\WINDOWS\\System32\\RPCRT4.dll+76983|C:\\WINDOWS\\System32\\RPCRT4.dll+da036|C:\\WINDOWS\\System32\\RPCRT4.dll+37a7c|C:\\WINDOWS\\System32\\RPCRT4.dll+548f8|C:\\WINDOWS\\System32\\RPCRT4.dll+2c951|C:\\WINDOWS\\System32\\RPCRT4.dll+2c20b|C:\\WINDOWS\\System32\\RPCRT4.dll+1a86f|C:\\WINDOWS\\System32\\RPCRT4.dll+19d1a|C:\\WINDOWS\\System32\\RPCRT4.dll+19301|C:\\WINDOWS\\System32\\RPCRT4.dll+18d6e|C:\\WINDOWS\\System32\\RPCRT4.dll+169a5|C:\\WINDOWS\\SYSTEM32\\ntdll.dll+3346d|C:\\WINDOWS\\SYSTEM32\\ntdll.dll+341c2|C:\\WINDOWS\\System32\\KERNEL32.DLL+17bd4|C:\\WINDOWS\\SYSTEM32\\ntdll.dll+6ced1","agent":{"version":"7.4.0","type":"winlogbeat","ephemeral_id":"63b64902-85b7-4e5b-8603-9a5a923a012f","hostname":"win10","id":"48e12a22-5293-48b2-be18-b209a2e8228b"}}
{"@timestamp":"2020-01-13T00:04:52.435Z","@metadata":{"beat":"winlogbeat","type":"_doc","version":"7.4.0","topic":"winlogbeat"},"winlog":{"channel":"Microsoft-Windows-Sysmon/Operational","api":"wineventlog","provider_guid":"{5770385f-c22a-43e0-bf4c-06f5698ffbd9}","event_data":{"TargetProcessId":"8760","GrantedAccess":"0x101000","SourceProcessId":"2724","CallTrace":"C:\\WINDOWS\\SYSTEM32\\ntdll.dll+9c584|C:\\WINDOWS\\System32\\KERNELBASE.dll+2730e|C:\\ProgramData\\Microsoft\\Windows Defender\\Definition Updates\\{814E0E01-50B1-4E22-9825-21025E9237C6}\\mpengine.dll+4af9b4|C:\\ProgramData\\Microsoft\\Windows Defender\\Definition Updates\\{814E0E01-50B1-4E22-9825-21025E9237C6}\\mpengine.dll+4af788|C:\\ProgramData\\Microsoft\\Windows Defender\\Definition Updates\\{814E0E01-50B1-4E22-9825-21025E9237C6}\\mpengine.dll+4b11c3|C:\\ProgramData\\Microsoft\\Windows Defender\\Definition Updates\\{814E0E01-50B1-4E22-9825-21025E9237C6}\\mpengine.dll+5c5ffd|C:\\ProgramData\\Microsoft\\Windows Defender\\Definition Updates\\{814E0E01-50B1-4E22-9825-21025E9237C6}\\mpengine.dll+6008b6|C:\\ProgramData\\Microsoft\\Windows Defender\\Definition Updates\\{814E0E01-50B1-4E22-9825-21025E9237C6}\\mpengine.dll+602327|C:\\ProgramData\\Microsoft\\Windows Defender\\Definition Updates\\{814E0E01-50B1-4E22-9825-21025E9237C6}\\mpengine.dll+5fb049|C:\\ProgramData\\Microsoft\\Windows Defender\\Definition Updates\\{814E0E01-50B1-4E22-9825-21025E9237C6}\\mpengine.dll+5f9977|C:\\ProgramData\\Microsoft\\Windows Defender\\Definition Updates\\{814E0E01-50B1-4E22-9825-21025E9237C6}\\mpengine.dll+5fba86|C:\\ProgramData\\Microsoft\\Windows Defender\\Definition Updates\\{814E0E01-50B1-4E22-9825-21025E9237C6}\\mpengine.dll+5fba01|C:\\ProgramData\\Microsoft\\Windows Defender\\Definition Updates\\{814E0E01-50B1-4E22-9825-21025E9237C6}\\mpengine.dll+2b8765|C:\\ProgramData\\Microsoft\\Windows Defender\\Definition Updates\\{814E0E01-50B1-4E22-9825-21025E9237C6}\\mpengine.dll+2b6217|C:\\ProgramData\\Microsoft\\Windows Defender\\Definition Updates\\{814E0E01-50B1-4E22-9825-21025E9237C6}\\mpengine.dll+2b649e|C:\\ProgramData\\Microsoft\\Windows Defender\\Definition Updates\\{814E0E01-50B1-4E22-9825-21025E9237C6}\\mpengine.dll+2e7ae3|C:\\ProgramData\\Microsoft\\Windows Defender\\Definition Updates\\{814E0E01-50B1-4E22-9825-21025E9237C6}\\mpengine.dll+36f6e2|C:\\WINDOWS\\SYSTEM32\\ntdll.dll+3089d|C:\\WINDOWS\\SYSTEM32\\ntdll.dll+34634|C:\\WINDOWS\\System32\\KERNEL32.DLL+17bd4|C:\\WINDOWS\\SYSTEM32\\ntdll.dll+6ced1","TargetProcessGUID":"{9d556bd4-ab37-5e1b-0000-00106605ea00}","TargetImage":"C:\\Tools\\winlogbeat-7.4.0-windows-x86_64\\winlogbeat.exe","SourceProcessGUID":"{9d556bd4-95d4-5e1b-0000-001069c80200}","SourceThreadId":"2928","SourceImage":"C:\\ProgramData\\Microsoft\\Windows Defender\\platform\\4.18.1911.3-0\\MsMpEng.exe","UtcTime":"2020-01-13 00:04:52.434"},"provider_name":"Microsoft-Windows-Sysmon","computer_name":"win10.marvel.local","version":3,"record_id":12220109,"process":{"pid":2668,"thread":{"id":3728}},"user":{"domain":"NT AUTHORITY","type":"User","identifier":"S-1-5-18","name":"SYSTEM"},"event_id":10,"task":"Process accessed (rule: ProcessAccess)","opcode":"Info"},"event":{"kind":"event","code":10,"action":"Process accessed (rule: ProcessAccess)","created":"2020-01-13T00:04:53.188Z"},"log":{"level":"information"},"message":"Process accessed:\nRuleName: \nUtcTime: 2020-01-13 00:04:52.434\nSourceProcessGUID: {9d556bd4-95d4-5e1b-0000-001069c80200}\nSourceProcessId: 2724\nSourceThreadId: 2928\nSourceImage: C:\\ProgramData\\Microsoft\\Windows Defender\\platform\\4.18.1911.3-0\\MsMpEng.exe\nTargetProcessGUID: {9d556bd4-ab37-5e1b-0000-00106605ea00}\nTargetProcessId: 8760\nTargetImage: C:\\Tools\\winlogbeat-7.4.0-windows-x86_64\\winlogbeat.exe\nGrantedAccess: 0x101000\nCallTrace: C:\\WINDOWS\\SYSTEM32\\ntdll.dll+9c584|C:\\WINDOWS\\System32\\KERNELBASE.dll+2730e|C:\\ProgramData\\Microsoft\\Windows Defender\\Definition Updates\\{814E0E01-50B1-4E22-9825-21025E9237C6}\\mpengine.dll+4af9b4|C:\\ProgramData\\Microsoft\\Windows Defender\\Definition Updates\\{814E0E01-50B1-4E22-9825-21025E9237C6}\\mpengine.dll+4af788|C:\\ProgramData\\Microsoft\\Windows Defender\\Definition Updates\\{814E0E01-50B1-4E22-9825-21025E9237C6}\\mpengine.dll+4b11c3|C:\\ProgramData\\Microsoft\\Windows Defender\\Definition Updates\\{814E0E01-50B1-4E22-9825-21025E9237C6}\\mpengine.dll+5c5ffd|C:\\ProgramData\\Microsoft\\Windows Defender\\Definition Updates\\{814E0E01-50B1-4E22-9825-21025E9237C6}\\mpengine.dll+6008b6|C:\\ProgramData\\Microsoft\\Windows Defender\\Definition Updates\\{814E0E01-50B1-4E22-9825-21025E9237C6}\\mpengine.dll+602327|C:\\ProgramData\\Microsoft\\Windows Defender\\Definition Updates\\{814E0E01-50B1-4E22-9825-21025E9237C6}\\mpengine.dll+5fb049|C:\\ProgramData\\Microsoft\\Windows Defender\\Definition Updates\\{814E0E01-50B1-4E22-9825-21025E9237C6}\\mpengine.dll+5f9977|C:\\ProgramData\\Microsoft\\Windows Defender\\Definition Updates\\{814E0E01-50B1-4E22-9825-21025E9237C6}\\mpengine.dll+5fba86|C:\\ProgramData\\Microsoft\\Windows Defender\\Definition Updates\\{814E0E01-50B1-4E22-9825-21025E9237C6}\\mpengine.dll+5fba01|C:\\ProgramData\\Microsoft\\Windows Defender\\Definition Updates\\{814E0E01-50B1-4E22-9825-21025E9237C6}\\mpengine.dll+2b8765|C:\\ProgramData\\Microsoft\\Windows Defender\\Definition Updates\\{814E0E01-50B1-4E22-9825-21025E9237C6}\\mpengine.dll+2b6217|C:\\ProgramData\\Microsoft\\Windows Defender\\Definition Updates\\{814E0E01-50B1-4E22-9825-21025E9237C6}\\mpengine.dll+2b649e|C:\\ProgramData\\Microsoft\\Windows Defender\\Definition Updates\\{814E0E01-50B1-4E22-9825-21025E9237C6}\\mpengine.dll+2e7ae3|C:\\ProgramData\\Microsoft\\Windows Defender\\Definition Updates\\{814E0E01-50B1-4E22-9825-21025E9237C6}\\mpengine.dll+36f6e2|C:\\WINDOWS\\SYSTEM32\\ntdll.dll+3089d|C:\\WINDOWS\\SYSTEM32\\ntdll.dll+34634|C:\\WINDOWS\\System32\\KERNEL32.DLL+17bd4|C:\\WINDOWS\\SYSTEM32\\ntdll.dll+6ced1","ecs":{"version":"1.1.0"},"host":{"name":"win10"},"agent":{"type":"winlogbeat","ephemeral_id":"63b64902-85b7-4e5b-8603-9a5a923a012f","hostname":"win10","id":"48e12a22-5293-48b2-be18-b209a2e8228b","version":"7.4.0"}}
{"@timestamp":"2020-01-13T00:04:52.435Z","@metadata":{"beat":"winlogbeat","type":"_doc","version":"7.4.0","topic":"winlogbeat"},"log":{"level":"information"},"message":"Process accessed:\nRuleName: \nUtcTime: 2020-01-13 00:04:52.434\nSourceProcessGUID: {9d556bd4-95d4-5e1b-0000-001069c80200}\nSourceProcessId: 2724\nSourceThreadId: 2928\nSourceImage: C:\\ProgramData\\Microsoft\\Windows Defender\\platform\\4.18.1911.3-0\\MsMpEng.exe\nTargetProcessGUID: {9d556bd4-ab37-5e1b-0000-00106605ea00}\nTargetProcessId: 8760\nTargetImage: C:\\Tools\\winlogbeat-7.4.0-windows-x86_64\\winlogbeat.exe\nGrantedAccess: 0x1010\nCallTrace: C:\\WINDOWS\\SYSTEM32\\ntdll.dll+9c584|C:\\WINDOWS\\System32\\KERNELBASE.dll+2730e|C:\\ProgramData\\Microsoft\\Windows Defender\\Definition Updates\\{814E0E01-50B1-4E22-9825-21025E9237C6}\\mpengine.dll+4af9b4|C:\\ProgramData\\Microsoft\\Windows Defender\\Definition Updates\\{814E0E01-50B1-4E22-9825-21025E9237C6}\\mpengine.dll+4af788|C:\\ProgramData\\Microsoft\\Windows Defender\\Definition Updates\\{814E0E01-50B1-4E22-9825-21025E9237C6}\\mpengine.dll+4add27|C:\\ProgramData\\Microsoft\\Windows Defender\\Definition Updates\\{814E0E01-50B1-4E22-9825-21025E9237C6}\\mpengine.dll+60077d|C:\\ProgramData\\Microsoft\\Windows Defender\\Definition Updates\\{814E0E01-50B1-4E22-9825-21025E9237C6}\\mpengine.dll+602337|C:\\ProgramData\\Microsoft\\Windows Defender\\Definition Updates\\{814E0E01-50B1-4E22-9825-21025E9237C6}\\mpengine.dll+5fb049|C:\\ProgramData\\Microsoft\\Windows Defender\\Definition Updates\\{814E0E01-50B1-4E22-9825-21025E9237C6}\\mpengine.dll+5f9977|C:\\ProgramData\\Microsoft\\Windows Defender\\Definition Updates\\{814E0E01-50B1-4E22-9825-21025E9237C6}\\mpengine.dll+5fba86|C:\\ProgramData\\Microsoft\\Windows Defender\\Definition Updates\\{814E0E01-50B1-4E22-9825-21025E9237C6}\\mpengine.dll+5fba01|C:\\ProgramData\\Microsoft\\Windows Defender\\Definition Updates\\{814E0E01-50B1-4E22-9825-21025E9237C6}\\mpengine.dll+2b8765|C:\\ProgramData\\Microsoft\\Windows Defender\\Definition Updates\\{814E0E01-50B1-4E22-9825-21025E9237C6}\\mpengine.dll+2b6217|C:\\ProgramData\\Microsoft\\Windows Defender\\Definition Updates\\{814E0E01-50B1-4E22-9825-21025E9237C6}\\mpengine.dll+2b649e|C:\\ProgramData\\Microsoft\\Windows Defender\\Definition Updates\\{814E0E01-50B1-4E22-9825-21025E9237C6}\\mpengine.dll+2e7ae3|C:\\ProgramData\\Microsoft\\Windows Defender\\Definition Updates\\{814E0E01-50B1-4E22-9825-21025E9237C6}\\mpengine.dll+36f6e2|C:\\WINDOWS\\SYSTEM32\\ntdll.dll+3089d|C:\\WINDOWS\\SYSTEM32\\ntdll.dll+34634|C:\\WINDOWS\\System32\\KERNEL32.DLL+17bd4|C:\\WINDOWS\\SYSTEM32\\ntdll.dll+6ced1","ecs":{"version":"1.1.0"},"host":{"name":"win10"},"agent":{"hostname":"win10","id":"48e12a22-5293-48b2-be18-b209a2e8228b","version":"7.4.0","type":"winlogbeat","ephemeral_id":"63b64902-85b7-4e5b-8603-9a5a923a012f"},"winlog":{"computer_name":"win10.marvel.local","provider_guid":"{5770385f-c22a-43e0-bf4c-06f5698ffbd9}","user":{"type":"User","identifier":"S-1-5-18","name":"SYSTEM","domain":"NT AUTHORITY"},"channel":"Microsoft-Windows-Sysmon/Operational","opcode":"Info","process":{"pid":2668,"thread":{"id":3728}},"provider_name":"Microsoft-Windows-Sysmon","record_id":12220110,"task":"Process accessed (rule: ProcessAccess)","api":"wineventlog","version":3,"event_data":{"SourceImage":"C:\\ProgramData\\Microsoft\\Windows Defender\\platform\\4.18.1911.3-0\\MsMpEng.exe","TargetProcessGUID":"{9d556bd4-ab37-5e1b-0000-00106605ea00}","UtcTime":"2020-01-13 00:04:52.434","SourceThreadId":"2928","TargetImage":"C:\\Tools\\winlogbeat-7.4.0-windows-x86_64\\winlogbeat.exe","CallTrace":"C:\\WINDOWS\\SYSTEM32\\ntdll.dll+9c584|C:\\WINDOWS\\System32\\KERNELBASE.dll+2730e|C:\\ProgramData\\Microsoft\\Windows Defender\\Definition Updates\\{814E0E01-50B1-4E22-9825-21025E9237C6}\\mpengine.dll+4af9b4|C:\\ProgramData\\Microsoft\\Windows Defender\\Definition Updates\\{814E0E01-50B1-4E22-9825-21025E9237C6}\\mpengine.dll+4af788|C:\\ProgramData\\Microsoft\\Windows Defender\\Definition Updates\\{814E0E01-50B1-4E22-9825-21025E9237C6}\\mpengine.dll+4add27|C:\\ProgramData\\Microsoft\\Windows Defender\\Definition Updates\\{814E0E01-50B1-4E22-9825-21025E9237C6}\\mpengine.dll+60077d|C:\\ProgramData\\Microsoft\\Windows Defender\\Definition Updates\\{814E0E01-50B1-4E22-9825-21025E9237C6}\\mpengine.dll+602337|C:\\ProgramData\\Microsoft\\Windows Defender\\Definition Updates\\{814E0E01-50B1-4E22-9825-21025E9237C6}\\mpengine.dll+5fb049|C:\\ProgramData\\Microsoft\\Windows Defender\\Definition Updates\\{814E0E01-50B1-4E22-9825-21025E9237C6}\\mpengine.dll+5f9977|C:\\ProgramData\\Microsoft\\Windows Defender\\Definition Updates\\{814E0E01-50B1-4E22-9825-21025E9237C6}\\mpengine.dll+5fba86|C:\\ProgramData\\Microsoft\\Windows Defender\\Definition Updates\\{814E0E01-50B1-4E22-9825-21025E9237C6}\\mpengine.dll+5fba01|C:\\ProgramData\\Microsoft\\Windows Defender\\Definition Updates\\{814E0E01-50B1-4E22-9825-21025E9237C6}\\mpengine.dll+2b8765|C:\\ProgramData\\Microsoft\\Windows Defender\\Definition Updates\\{814E0E01-50B1-4E22-9825-21025E9237C6}\\mpengine.dll+2b6217|C:\\ProgramData\\Microsoft\\Windows Defender\\Definition Updates\\{814E0E01-50B1-4E22-9825-21025E9237C6}\\mpengine.dll+2b649e|C:\\ProgramData\\Microsoft\\Windows Defender\\Definition Updates\\{814E0E01-50B1-4E22-9825-21025E9237C6}\\mpengine.dll+2e7ae3|C:\\ProgramData\\Microsoft\\Windows Defender\\Definition Updates\\{814E0E01-50B1-4E22-9825-21025E9237C6}\\mpengine.dll+36f6e2|C:\\WINDOWS\\SYSTEM32\\ntdll.dll+3089d|C:\\WINDOWS\\SYSTEM32\\ntdll.dll+34634|C:\\WINDOWS\\System32\\KERNEL32.DLL+17bd4|C:\\WINDOWS\\SYSTEM32\\ntdll.dll+6ced1","SourceProcessId":"2724","TargetProcessId":"8760","GrantedAccess":"0x1010","SourceProcessGUID":"{9d556bd4-95d4-5e1b-0000-001069c80200}"},"event_id":10},"event":{"action":"Process accessed (rule: ProcessAccess)","created":"2020-01-13T00:04:53.188Z","kind":"event","code":10}}
{"@timestamp":"2020-01-13T00:04:52.435Z","@metadata":{"beat":"winlogbeat","type":"_doc","version":"7.4.0","topic":"winlogbeat"},"ecs":{"version":"1.1.0"},"host":{"name":"win10"},"agent":{"ephemeral_id":"63b64902-85b7-4e5b-8603-9a5a923a012f","hostname":"win10","id":"48e12a22-5293-48b2-be18-b209a2e8228b","version":"7.4.0","type":"winlogbeat"},"log":{"level":"information"},"message":"Process accessed:\nRuleName: \nUtcTime: 2020-01-13 00:04:52.434\nSourceProcessGUID: {9d556bd4-95d4-5e1b-0000-001069c80200}\nSourceProcessId: 2724\nSourceThreadId: 2928\nSourceImage: C:\\ProgramData\\Microsoft\\Windows Defender\\platform\\4.18.1911.3-0\\MsMpEng.exe\nTargetProcessGUID: {9d556bd4-ab37-5e1b-0000-00106605ea00}\nTargetProcessId: 8760\nTargetImage: C:\\Tools\\winlogbeat-7.4.0-windows-x86_64\\winlogbeat.exe\nGrantedAccess: 0x1000\nCallTrace: C:\\WINDOWS\\SYSTEM32\\ntdll.dll+9c584|C:\\WINDOWS\\System32\\KERNELBASE.dll+2730e|C:\\ProgramData\\Microsoft\\Windows Defender\\Definition Updates\\{814E0E01-50B1-4E22-9825-21025E9237C6}\\mpengine.dll+4af9b4|C:\\ProgramData\\Microsoft\\Windows Defender\\Definition Updates\\{814E0E01-50B1-4E22-9825-21025E9237C6}\\mpengine.dll+4af788|C:\\ProgramData\\Microsoft\\Windows Defender\\Definition Updates\\{814E0E01-50B1-4E22-9825-21025E9237C6}\\mpengine.dll+60080f|C:\\ProgramData\\Microsoft\\Windows Defender\\Definition Updates\\{814E0E01-50B1-4E22-9825-21025E9237C6}\\mpengine.dll+602342|C:\\ProgramData\\Microsoft\\Windows Defender\\Definition Updates\\{814E0E01-50B1-4E22-9825-21025E9237C6}\\mpengine.dll+5fb049|C:\\ProgramData\\Microsoft\\Windows Defender\\Definition Updates\\{814E0E01-50B1-4E22-9825-21025E9237C6}\\mpengine.dll+5f9977|C:\\ProgramData\\Microsoft\\Windows Defender\\Definition Updates\\{814E0E01-50B1-4E22-9825-21025E9237C6}\\mpengine.dll+5fba86|C:\\ProgramData\\Microsoft\\Windows Defender\\Definition Updates\\{814E0E01-50B1-4E22-9825-21025E9237C6}\\mpengine.dll+5fba01|C:\\ProgramData\\Microsoft\\Windows Defender\\Definition Updates\\{814E0E01-50B1-4E22-9825-21025E9237C6}\\mpengine.dll+2b8765|C:\\ProgramData\\Microsoft\\Windows Defender\\Definition Updates\\{814E0E01-50B1-4E22-9825-21025E9237C6}\\mpengine.dll+2b6217|C:\\ProgramData\\Microsoft\\Windows Defender\\Definition Updates\\{814E0E01-50B1-4E22-9825-21025E9237C6}\\mpengine.dll+2b649e|C:\\ProgramData\\Microsoft\\Windows Defender\\Definition Updates\\{814E0E01-50B1-4E22-9825-21025E9237C6}\\mpengine.dll+2e7ae3|C:\\ProgramData\\Microsoft\\Windows Defender\\Definition Updates\\{814E0E01-50B1-4E22-9825-21025E9237C6}\\mpengine.dll+36f6e2|C:\\WINDOWS\\SYSTEM32\\ntdll.dll+3089d|C:\\WINDOWS\\SYSTEM32\\ntdll.dll+34634|C:\\WINDOWS\\System32\\KERNEL32.DLL+17bd4|C:\\WINDOWS\\SYSTEM32\\ntdll.dll+6ced1","winlog":{"provider_name":"Microsoft-Windows-Sysmon","api":"wineventlog","version":3,"process":{"pid":2668,"thread":{"id":3728}},"user":{"identifier":"S-1-5-18","name":"SYSTEM","domain":"NT AUTHORITY","type":"User"},"event_id":10,"event_data":{"TargetProcessGUID":"{9d556bd4-ab37-5e1b-0000-00106605ea00}","SourceProcessGUID":"{9d556bd4-95d4-5e1b-0000-001069c80200}","SourceProcessId":"2724","SourceThreadId":"2928","UtcTime":"2020-01-13 00:04:52.434","TargetProcessId":"8760","GrantedAccess":"0x1000","TargetImage":"C:\\Tools\\winlogbeat-7.4.0-windows-x86_64\\winlogbeat.exe","CallTrace":"C:\\WINDOWS\\SYSTEM32\\ntdll.dll+9c584|C:\\WINDOWS\\System32\\KERNELBASE.dll+2730e|C:\\ProgramData\\Microsoft\\Windows Defender\\Definition Updates\\{814E0E01-50B1-4E22-9825-21025E9237C6}\\mpengine.dll+4af9b4|C:\\ProgramData\\Microsoft\\Windows Defender\\Definition Updates\\{814E0E01-50B1-4E22-9825-21025E9237C6}\\mpengine.dll+4af788|C:\\ProgramData\\Microsoft\\Windows Defender\\Definition Updates\\{814E0E01-50B1-4E22-9825-21025E9237C6}\\mpengine.dll+60080f|C:\\ProgramData\\Microsoft\\Windows Defender\\Definition Updates\\{814E0E01-50B1-4E22-9825-21025E9237C6}\\mpengine.dll+602342|C:\\ProgramData\\Microsoft\\Windows Defender\\Definition Updates\\{814E0E01-50B1-4E22-9825-21025E9237C6}\\mpengine.dll+5fb049|C:\\ProgramData\\Microsoft\\Windows Defender\\Definition Updates\\{814E0E01-50B1-4E22-9825-21025E9237C6}\\mpengine.dll+5f9977|C:\\ProgramData\\Microsoft\\Windows Defender\\Definition Updates\\{814E0E01-50B1-4E22-9825-21025E9237C6}\\mpengine.dll+5fba86|C:\\ProgramData\\Microsoft\\Windows Defender\\Definition Updates\\{814E0E01-50B1-4E22-9825-21025E9237C6}\\mpengine.dll+5fba01|C:\\ProgramData\\Microsoft\\Windows Defender\\Definition Updates\\{814E0E01-50B1-4E22-9825-21025E9237C6}\\mpengine.dll+2b8765|C:\\ProgramData\\Microsoft\\Windows Defender\\Definition Updates\\{814E0E01-50B1-4E22-9825-21025E9237C6}\\mpengine.dll+2b6217|C:\\ProgramData\\Microsoft\\Windows Defender\\Definition Updates\\{814E0E01-50B1-4E22-9825-21025E9237C6}\\mpengine.dll+2b649e|C:\\ProgramData\\Microsoft\\Windows Defender\\Definition Updates\\{814E0E01-50B1-4E22-9825-21025E9237C6}\\mpengine.dll+2e7ae3|C:\\ProgramData\\Microsoft\\Windows Defender\\Definition Updates\\{814E0E01-50B1-4E22-9825-21025E9237C6}\\mpengine.dll+36f6e2|C:\\WINDOWS\\SYSTEM32\\ntdll.dll+3089d|C:\\WINDOWS\\SYSTEM32\\ntdll.dll+34634|C:\\WINDOWS\\System32\\KERNEL32.DLL+17bd4|C:\\WINDOWS\\SYSTEM32\\ntdll.dll+6ced1","SourceImage":"C:\\ProgramData\\Microsoft\\Windows Defender\\platform\\4.18.1911.3-0\\MsMpEng.exe"},"channel":"Microsoft-Windows-Sysmon/Operational","computer_name":"win10.marvel.local","opcode":"Info","task":"Process accessed (rule: ProcessAccess)","provider_guid":"{5770385f-c22a-43e0-bf4c-06f5698ffbd9}","record_id":12220111},"event":{"created":"2020-01-13T00:04:53.188Z","kind":"event","code":10,"action":"Process accessed (rule: ProcessAccess)"}}
