{"@timestamp":"2020-01-13T00:04:51.809Z","@metadata":{"beat":"winlogbeat","type":"_doc","version":"7.4.0","topic":"winlogbeat"},"ecs":{"version":"1.1.0"},"host":{"name":"win10"},"winlog":{"opcode":"Info","event_id":12,"record_id":12220051,"provider_name":"Microsoft-Windows-Sysmon","api":"wineventlog","computer_name":"win10.marvel.local","task":"Registry object added or deleted (rule: RegistryEvent)","provider_guid":"{5770385f-c22a-43e0-bf4c-06f5698ffbd9}","channel":"Microsoft-Windows-Sysmon/Operational","process":{"pid":2668,"thread":{"id":3728}},"event_data":{"Image":"C:\\Windows\\Sysmon64.exe","TargetObject":"HKU\\.DEFAULT\\Software\\Policies\\Microsoft\\SystemCertificates\\Disallowed\\Certificates","EventType":"CreateKey","UtcTime":"2020-01-13 00:04:51.805","ProcessGuid":"{9d556bd4-95d4-5e1b-0000-001059c30200}","ProcessId":"2668"},"version":2,"user":{"domain":"NT AUTHORITY","type":"User","identifier":"S-1-5-18","name":"SYSTEM"}},"event":{"kind":"event","code":12,"action":"Registry object added or deleted (rule: RegistryEvent)","created":"2020-01-13T00:04:53.186Z"},"log":{"level":"information"},"message":"Registry object added or deleted:\nRuleName: \nEventType: CreateKey\nUtcTime: 2020-01-13 00:04:51.805\nProcessGuid: {9d556bd4-95d4-5e1b-0000-001059c30200}\nProcessId: 2668\nImage: C:\\Windows\\Sysmon64.exe\nTargetObject: HKU\\.DEFAULT\\Software\\Policies\\Microsoft\\SystemCertificates\\Disallowed\\Certificates","agent":{"ephemeral_id":"63b64902-85b7-4e5b-8603-9a5a923a012f","hostname":"win10","id":"48e12a22-5293-48b2-be18-b209a2e8228b","version":"7.4.0","type":"winlogbeat"}}
{"@timestamp":"2020-01-13T00:04:51.809Z","@metadata":{"beat":"winlogbeat","type":"_doc","version":"7.4.0","topic":"winlogbeat"},"ecs":{"version":"1.1.0"},"host":{"name":"win10"},"agent":{"version":"7.4.0","type":"winlogbeat","ephemeral_id":"63b64902-85b7-4e5b-8603-9a5a923a012f","hostname":"win10","id":"48e12a22-5293-48b2-be18-b209a2e8228b"},"winlog":{"version":2,"provider_name":"Microsoft-Windows-Sysmon","record_id":12220052,"api":"wineventlog","process":{"pid":2668,"thread":{"id":3728}},"event_data":{"EventType":"CreateKey","UtcTime":"2020-01-13 00:04:51.805","ProcessGuid":"{9d556bd4-95d4-5e1b-0000-001059c30200}","ProcessId":"2668","Image":"C:\\Windows\\Sysmon64.exe","TargetObject":"HKU\\.DEFAULT\\Software\\Policies\\Microsoft\\SystemCertificates\\Disallowed\\CRLs"},"task":"Registry object added or deleted (rule: RegistryEvent)","provider_guid":"{5770385f-c22a-43e0-bf4c-06f5698ffbd9}","opcode":"Info","computer_name":"win10.marvel.local","event_id":12,"channel":"Microsoft-Windows-Sysmon/Operational","user":{"identifier":"S-1-5-18","name":"SYSTEM","domain":"NT AUTHORITY","type":"User"}},"event":{"code":12,"action":"Registry object added or deleted (rule: RegistryEvent)","created":"2020-01-13T00:04:53.186Z","kind":"event"},"log":{"level":"information"},"message":"Registry object added or deleted:\nRuleName: \nEventType: CreateKey\nUtcTime: 2020-01-13 00:04:51.805\nProcessGuid: {9d556bd4-95d4-5e1b-0000-001059c30200}\nProcessId: 2668\nImage: C:\\Windows\\Sysmon64.exe\nTargetObject: HKU\\.DEFAULT\\Software\\Policies\\Microsoft\\SystemCertificates\\Disallowed\\CRLs"}
{"@timestamp":"2020-01-13T00:04:51.809Z","@metadata":{"beat":"winlogbeat","type":"_doc","version":"7.4.0","topic":"winlogbeat"},"ecs":{"version":"1.1.0"},"host":{"name":"win10"},"agent":{"id":"48e12a22-5293-48b2-be18-b209a2e8228b","version":"7.4.0","type":"winlogbeat","ephemeral_id":"63b64902-85b7-4e5b-8603-9a5a923a012f","hostname":"win10"},"event":{"kind":"event","code":12,"action":"Registry object added or deleted (rule: RegistryEvent)","created":"2020-01-13T00:04:53.186Z"},"log":{"level":"information"},"message":"Registry object added or deleted:\nRuleName: \nEventType: CreateKey\nUtcTime: 2020-01-13 00:04:51.805\nProcessGuid: {9d556bd4-95d4-5e1b-0000-001059c30200}\nProcessId: 2668\nImage: C:\\Windows\\Sysmon64.exe\nTargetObject: HKU\\.DEFAULT\\Software\\Policies\\Microsoft\\SystemCertificates\\Disallowed\\CTLs","winlog":{"task":"Registry object added or deleted (rule: RegistryEvent)","computer_name":"win10.marvel.local","provider_guid":"{5770385f-c22a-43e0-bf4c-06f5698ffbd9}","version":2,"record_id":12220053,"api":"wineventlog","process":{"thread":{"id":3728},"pid":2668},"event_data":{"ProcessId":"2668","Image":"C:\\Windows\\Sysmon64.exe","TargetObject":"HKU\\.DEFAULT\\Software\\Policies\\Microsoft\\SystemCertificates\\Disallowed\\CTLs","EventType":"CreateKey","UtcTime":"2020-01-13 00:04:51.805","ProcessGuid":"{9d556bd4-95d4-5e1b-0000-001059c30200}"},"channel":"Microsoft-Windows-Sysmon/Operational","provider_name":"Microsoft-Windows-Sysmon","opcode":"Info","event_id":12,"user":{"type":"User","identifier":"S-1-5-18","name":"SYSTEM","domain":"NT AUTHORITY"}}}
{"@timestamp":"2020-01-13T00:04:51.809Z","@metadata":{"beat":"winlogbeat","type":"_doc","version":"7.4.0","topic":"winlogbeat"},"message":"Registry object added or deleted:\nRuleName: \nEventType: CreateKey\nUtcTime: 2020-01-13 00:04:51.805\nProcessGuid: {9d556bd4-95d4-5e1b-0000-001059c30200}\nProcessId: 2668\nImage: C:\\Windows\\Sysmon64.exe\nTargetObject: HKLM\\SOFTWARE\\Microsoft\\SystemCertificates\\Disallowed","ecs":{"version":"1.1.0"},"host":{"name":"win10"},"agent":{"ephemeral_id":"63b64902-85b7-4e5b-8603-9a5a923a012f","hostname":"win10","id":"48e12a22-5293-48b2-be18-b209a2e8228b","version":"7.4.0","type":"winlogbeat"},"winlog":{"computer_name":"win10.marvel.local","process":{"pid":2668,"thread":{"id":3728}},"event_data":{"UtcTime":"2020-01-13 00:04:51.805","ProcessGuid":"{9d556bd4-95d4-5e1b-0000-001059c30200}","ProcessId":"2668","Image":"C:\\Windows\\Sysmon64.exe","TargetObject":"HKLM\\SOFTWARE\\Microsoft\\SystemCertificates\\Disallowed","EventType":"CreateKey"},"event_id":12,"provider_name":"Microsoft-Windows-Sysmon","channel":"Microsoft-Windows-Sysmon/Operational","api":"wineventlog","opcode":"Info","provider_guid":"{5770385f-c22a-43e0-bf4c-06f5698ffbd9}","record_id":12220054,"task":"Registry object added or deleted (rule: RegistryEvent)","version":2,"user":{"identifier":"S-1-5-18","name":"SYSTEM","domain":"NT AUTHORITY","type":"User"}},"event":{"kind":"event","code":12,"action":"Registry object added or deleted (rule: RegistryEvent)","created":"2020-01-13T00:04:53.186Z"},"log":{"level":"information"}}
{"@timestamp":"2020-01-13T00:04:51.810Z","@metadata":{"beat":"winlogbeat","type":"_doc","version":"7.4.0","topic":"winlogbeat"},"event":{"created":"2020-01-13T00:04:53.186Z","kind":"event","code":12,"action":"Registry object added or deleted (rule: RegistryEvent)"},"log":{"level":"information"},"message":"Registry object added or deleted:\nRuleName: \nEventType: CreateKey\nUtcTime: 2020-01-13 00:04:51.805\nProcessGuid: {9d556bd4-95d4-5e1b-0000-001059c30200}\nProcessId: 2668\nImage: C:\\Windows\\Sysmon64.exe\nTargetObject: HKLM\\SOFTWARE\\Microsoft\\SystemCertificates\\Disallowed","ecs":{"version":"1.1.0"},"host":{"name":"win10"},"agent":{"version":"7.4.0","type":"winlogbeat","ephemeral_id":"63b64902-85b7-4e5b-8603-9a5a923a012f","hostname":"win10","id":"48e12a22-5293-48b2-be18-b209a2e8228b"},"winlog":{"version":2,"process":{"thread":{"id":3728},"pid":2668},"event_data":{"TargetObject":"HKLM\\SOFTWARE\\Microsoft\\SystemCertificates\\Disallowed","EventType":"CreateKey","UtcTime":"2020-01-13 00:04:51.805","ProcessGuid":"{9d556bd4-95d4-5e1b-0000-001059c30200}","ProcessId":"2668","Image":"C:\\Windows\\Sysmon64.exe"},"event_id":12,"opcode":"Info","provider_guid":"{5770385f-c22a-43e0-bf4c-06f5698ffbd9}","computer_name":"win10.marvel.local","task":"Registry object added or deleted (rule: RegistryEvent)","record_id":12220055,"channel":"Microsoft-Windows-Sysmon/Operational","api":"wineventlog","user":{"domain":"NT AUTHORITY","type":"User","identifier":"S-1-5-18","name":"SYSTEM"},"provider_name":"Microsoft-Windows-Sysmon"}}
{"@timestamp":"2020-01-13T00:04:51.810Z","@metadata":{"beat":"winlogbeat","type":"_doc","version":"7.4.0","topic":"winlogbeat"},"ecs":{"version":"1.1.0"},"host":{"name":"win10"},"agent":{"ephemeral_id":"63b64902-85b7-4e5b-8603-9a5a923a012f","hostname":"win10","id":"48e12a22-5293-48b2-be18-b209a2e8228b","version":"7.4.0","type":"winlogbeat"},"winlog":{"version":2,"user":{"type":"User","identifier":"S-1-5-18","name":"SYSTEM","domain":"NT AUTHORITY"},"event_id":12,"api":"wineventlog","computer_name":"win10.marvel.local","opcode":"Info","record_id":12220056,"event_data":{"ProcessGuid":"{9d556bd4-95d4-5e1b-0000-001059c30200}","ProcessId":"2668","Image":"C:\\Windows\\Sysmon64.exe","TargetObject":"HKLM\\SOFTWARE\\Microsoft\\SystemCertificates\\Disallowed\\Certificates","EventType":"CreateKey","UtcTime":"2020-01-13 00:04:51.805"},"task":"Registry object added or deleted (rule: RegistryEvent)","provider_guid":"{5770385f-c22a-43e0-bf4c-06f5698ffbd9}","process":{"pid":2668,"thread":{"id":3728}},"channel":"Microsoft-Windows-Sysmon/Operational","provider_name":"Microsoft-Windows-Sysmon"},"event":{"kind":"event","code":12,"action":"Registry object added or deleted (rule: RegistryEvent)","created":"2020-01-13T00:04:53.186Z"},"log":{"level":"information"},"message":"Registry object added or deleted:\nRuleName: \nEventType: CreateKey\nUtcTime: 2020-01-13 00:04:51.805\nProcessGuid: {9d556bd4-95d4-5e1b-0000-001059c30200}\nProcessId: 2668\nImage: C:\\Windows\\Sysmon64.exe\nTargetObject: HKLM\\SOFTWARE\\Microsoft\\SystemCertificates\\Disallowed\\Certificates"}
{"@timestamp":"2020-01-13T00:04:51.810Z","@metadata":{"beat":"winlogbeat","type":"_doc","version":"7.4.0","topic":"winlogbeat"},"log":{"level":"information"},"message":"Registry object added or deleted:\nRuleName: \nEventType: CreateKey\nUtcTime: 2020-01-13 00:04:51.805\nProcessGuid: {9d556bd4-95d4-5e1b-0000-001059c30200}\nProcessId: 2668\nImage: C:\\Windows\\Sysmon64.exe\nTargetObject: HKLM\\SOFTWARE\\Microsoft\\SystemCertificates\\Disallowed\\CRLs","ecs":{"version":"1.1.0"},"host":{"name":"win10"},"agent":{"version":"7.4.0","type":"winlogbeat","ephemeral_id":"63b64902-85b7-4e5b-8603-9a5a923a012f","hostname":"win10","id":"48e12a22-5293-48b2-be18-b209a2e8228b"},"winlog":{"provider_guid":"{5770385f-c22a-43e0-bf4c-06f5698ffbd9}","provider_name":"Microsoft-Windows-Sysmon","task":"Registry object added or deleted (rule: RegistryEvent)","opcode":"Info","user":{"domain":"NT AUTHORITY","type":"User","identifier":"S-1-5-18","name":"SYSTEM"},"event_data":{"TargetObject":"HKLM\\SOFTWARE\\Microsoft\\SystemCertificates\\Disallowed\\CRLs","EventType":"CreateKey","UtcTime":"2020-01-13 00:04:51.805","ProcessGuid":"{9d556bd4-95d4-5e1b-0000-001059c30200}","ProcessId":"2668","Image":"C:\\Windows\\Sysmon64.exe"},"event_id":12,"channel":"Microsoft-Windows-Sysmon/Operational","record_id":12220057,"api":"wineventlog","computer_name":"win10.marvel.local","version":2,"process":{"pid":2668,"thread":{"id":3728}}},"event":{"created":"2020-01-13T00:04:53.187Z","kind":"event","code":12,"action":"Registry object added or deleted (rule: RegistryEvent)"}}
{"@timestamp":"2020-01-13T00:04:51.810Z","@metadata":{"beat":"winlogbeat","type":"_doc","version":"7.4.0","topic":"winlogbeat"},"host":{"name":"win10"},"winlog":{"event_data":{"Image":"C:\\Windows\\Sysmon64.exe","TargetObject":"HKLM\\SOFTWARE\\Microsoft\\SystemCertificates\\Disallowed\\CTLs","EventType":"CreateKey","UtcTime":"2020-01-13 00:04:51.805","ProcessGuid":"{9d556bd4-95d4-5e1b-0000-001059c30200}","ProcessId":"2668"},"provider_name":"Microsoft-Windows-Sysmon","opcode":"Info","version":2,"process":{"thread":{"id":3728},"pid":2668},"event_id":12,"user":{"identifier":"S-1-5-18","name":"SYSTEM","domain":"NT AUTHORITY","type":"User"},"api":"wineventlog","computer_name":"win10.marvel.local","provider_guid":"{5770385f-c22a-43e0-bf4c-06f5698ffbd9}","channel":"Microsoft-Windows-Sysmon/Operational","record_id":12220058,"task":"Registry object added or deleted (rule: RegistryEvent)"},"event":{"kind":"event","code":12,"action":"Registry object added or deleted (rule: RegistryEvent)","created":"2020-01-13T00:04:53.187Z"},"log":{"level":"information"},"message":"Registry object added or deleted:\nRuleName: \nEventType: CreateKey\nUtcTime: 2020-01-13 00:04:51.805\nProcessGuid: {9d556bd4-95d4-5e1b-0000-001059c30200}\nProcessId: 2668\nImage: C:\\Windows\\Sysmon64.exe\nTargetObject: HKLM\\SOFTWARE\\Microsoft\\SystemCertificates\\Disallowed\\CTLs","agent":{"type":"winlogbeat","ephemeral_id":"63b64902-85b7-4e5b-8603-9a5a923a012f","hostname":"win10","id":"48e12a22-5293-48b2-be18-b209a2e8228b","version":"7.4.0"},"ecs":{"version":"1.1.0"}}
{"@timestamp":"2020-01-13T00:04:51.810Z","@metadata":{"beat":"winlogbeat","type":"_doc","version":"7.4.0","topic":"winlogbeat"},"host":{"name":"win10"},"agent":{"ephemeral_id":"63b64902-85b7-4e5b-8603-9a5a923a012f","hostname":"win10","id":"48e12a22-5293-48b2-be18-b209a2e8228b","version":"7.4.0","type":"winlogbeat"},"winlog":{"task":"Registry object added or deleted (rule: RegistryEvent)","api":"wineventlog","opcode":"Info","record_id":12220059,"provider_guid":"{5770385f-c22a-43e0-bf4c-06f5698ffbd9}","process":{"pid":2668,"thread":{"id":3728}},"user":{"domain":"NT AUTHORITY","type":"User","identifier":"S-1-5-18","name":"SYSTEM"},"computer_name":"win10.marvel.local","version":2,"event_data":{"EventType":"CreateKey","UtcTime":"2020-01-13 00:04:51.805","ProcessGuid":"{9d556bd4-95d4-5e1b-0000-001059c30200}","ProcessId":"2668","Image":"C:\\Windows\\Sysmon64.exe","TargetObject":"HKLM\\SOFTWARE\\Policies\\Microsoft\\SystemCertificates\\Disallowed"},"provider_name":"Microsoft-Windows-Sysmon","channel":"Microsoft-Windows-Sysmon/Operational","event_id":12},"event":{"action":"Registry object added or deleted (rule: RegistryEvent)","created":"2020-01-13T00:04:53.187Z","kind":"event","code":12},"log":{"level":"information"},"message":"Registry object added or deleted:\nRuleName: \nEventType: CreateKey\nUtcTime: 2020-01-13 00:04:51.805\nProcessGuid: {9d556bd4-95d4-5e1b-0000-001059c30200}\nProcessId: 2668\nImage: C:\\Windows\\Sysmon64.exe\nTargetObject: HKLM\\SOFTWARE\\Policies\\Microsoft\\SystemCertificates\\Disallowed","ecs":{"version":"1.1.0"}}
{"@timestamp":"2020-01-13T00:04:51.810Z","@metadata":{"beat":"winlogbeat","type":"_doc","version":"7.4.0","topic":"winlogbeat"},"event":{"kind":"event","code":12,"action":"Registry object added or deleted (rule: RegistryEvent)","created":"2020-01-13T00:04:53.187Z"},"log":{"level":"information"},"message":"Registry object added or deleted:\nRuleName: \nEventType: CreateKey\nUtcTime: 2020-01-13 00:04:51.805\nProcessGuid: {9d556bd4-95d4-5e1b-0000-001059c30200}\nProcessId: 2668\nImage: C:\\Windows\\Sysmon64.exe\nTargetObject: HKLM\\SOFTWARE\\Policies\\Microsoft\\SystemCertificates\\Disallowed\\Certificates","ecs":{"version":"1.1.0"},"host":{"name":"win10"},"agent":{"type":"winlogbeat","ephemeral_id":"63b64902-85b7-4e5b-8603-9a5a923a012f","hostname":"win10","id":"48e12a22-5293-48b2-be18-b209a2e8228b","version":"7.4.0"},"winlog":{"provider_guid":"{5770385f-c22a-43e0-bf4c-06f5698ffbd9}","event_id":12,"record_id":12220060,"channel":"Microsoft-Windows-Sysmon/Operational","provider_name":"Microsoft-Windows-Sysmon","version":2,"user":{"identifier":"S-1-5-18","name":"SYSTEM","domain":"NT AUTHORITY","type":"User"},"process":{"thread":{"id":3728},"pid":2668},"event_data":{"EventType":"CreateKey","UtcTime":"2020-01-13 00:04:51.805","ProcessGuid":"{9d556bd4-95d4-5e1b-0000-001059c30200}","ProcessId":"2668","Image":"C:\\Windows\\Sysmon64.exe","TargetObject":"HKLM\\SOFTWARE\\Policies\\Microsoft\\SystemCertificates\\Disallowed\\Certificates"},"task":"Registry object added or deleted (rule: RegistryEvent)","api":"wineventlog","computer_name":"win10.marvel.local","opcode":"Info"}}
{"@timestamp":"2020-01-13T00:04:51.810Z","@metadata":{"beat":"winlogbeat","type":"_doc","version":"7.4.0","topic":"winlogbeat"},"winlog":{"api":"wineventlog","version":2,"process":{"thread":{"id":3728},"pid":2668},"user":{"type":"User","identifier":"S-1-5-18","name":"SYSTEM","domain":"NT AUTHORITY"},"channel":"Microsoft-Windows-Sysmon/Operational","record_id":12220061,"event_data":{"ProcessId":"2668","Image":"C:\\Windows\\Sysmon64.exe","TargetObject":"HKLM\\SOFTWARE\\Policies\\Microsoft\\SystemCertificates\\Disallowed\\CRLs","EventType":"CreateKey","UtcTime":"2020-01-13 00:04:51.805","ProcessGuid":"{9d556bd4-95d4-5e1b-0000-001059c30200}"},"provider_name":"Microsoft-Windows-Sysmon","provider_guid":"{5770385f-c22a-43e0-bf4c-06f5698ffbd9}","computer_name":"win10.marvel.local","opcode":"Info","event_id":12,"task":"Registry object added or deleted (rule: RegistryEvent)"},"event":{"action":"Registry object added or deleted (rule: RegistryEvent)","created":"2020-01-13T00:04:53.187Z","kind":"event","code":12},"log":{"level":"information"},"message":"Registry object added or deleted:\nRuleName: \nEventType: CreateKey\nUtcTime: 2020-01-13 00:04:51.805\nProcessGuid: {9d556bd4-95d4-5e1b-0000-001059c30200}\nProcessId: 2668\nImage: C:\\Windows\\Sysmon64.exe\nTargetObject: HKLM\\SOFTWARE\\Policies\\Microsoft\\SystemCertificates\\Disallowed\\CRLs","ecs":{"version":"1.1.0"},"host":{"name":"win10"},"agent":{"ephemeral_id":"63b64902-85b7-4e5b-8603-9a5a923a012f","hostname":"win10","id":"48e12a22-5293-48b2-be18-b209a2e8228b","version":"7.4.0","type":"winlogbeat"}}
{"@timestamp":"2020-01-13T00:04:51.810Z","@metadata":{"beat":"winlogbeat","type":"_doc","version":"7.4.0","topic":"winlogbeat"},"message":"Registry object added or deleted:\nRuleName: \nEventType: CreateKey\nUtcTime: 2020-01-13 00:04:51.805\nProcessGuid: {9d556bd4-95d4-5e1b-0000-001059c30200}\nProcessId: 2668\nImage: C:\\Windows\\Sysmon64.exe\nTargetObject: HKLM\\SOFTWARE\\Policies\\Microsoft\\SystemCertificates\\Disallowed\\CTLs","host":{"name":"win10"},"agent":{"ephemeral_id":"63b64902-85b7-4e5b-8603-9a5a923a012f","hostname":"win10","id":"48e12a22-5293-48b2-be18-b209a2e8228b","version":"7.4.0","type":"winlogbeat"},"ecs":{"version":"1.1.0"},"winlog":{"channel":"Microsoft-Windows-Sysmon/Operational","task":"Registry object added or deleted (rule: RegistryEvent)","provider_guid":"{5770385f-c22a-43e0-bf4c-06f5698ffbd9}","provider_name":"Microsoft-Windows-Sysmon","version":2,"opcode":"Info","event_id":12,"record_id":12220062,"process":{"pid":2668,"thread":{"id":3728}},"user":{"type":"User","identifier":"S-1-5-18","name":"SYSTEM","domain":"NT AUTHORITY"},"event_data":{"ProcessGuid":"{9d556bd4-95d4-5e1b-0000-001059c30200}","ProcessId":"2668","Image":"C:\\Windows\\Sysmon64.exe","TargetObject":"HKLM\\SOFTWARE\\Policies\\Microsoft\\SystemCertificates\\Disallowed\\CTLs","EventType":"CreateKey","UtcTime":"2020-01-13 00:04:51.805"},"api":"wineventlog","computer_name":"win10.marvel.local"},"event":{"kind":"event","code":12,"action":"Registry object added or deleted (rule: RegistryEvent)","created":"2020-01-13T00:04:53.187Z"},"log":{"level":"information"}}
{"@timestamp":"2020-01-13T00:04:51.810Z","@metadata":{"beat":"winlogbeat","type":"_doc","version":"7.4.0","topic":"winlogbeat"},"agent":{"ephemeral_id":"63b64902-85b7-4e5b-8603-9a5a923a012f","hostname":"win10","id":"48e12a22-5293-48b2-be18-b209a2e8228b","version":"7.4.0","type":"winlogbeat"},"winlog":{"provider_guid":"{5770385f-c22a-43e0-bf4c-06f5698ffbd9}","api":"wineventlog","task":"Registry object added or deleted (rule: RegistryEvent)","process":{"pid":2668,"thread":{"id":3728}},"opcode":"Info","computer_name":"win10.marvel.local","channel":"Microsoft-Windows-Sysmon/Operational","event_id":12,"version":2,"user":{"type":"User","identifier":"S-1-5-18","name":"SYSTEM","domain":"NT AUTHORITY"},"event_data":{"Image":"C:\\Windows\\Sysmon64.exe","TargetObject":"HKLM\\SOFTWARE\\Microsoft\\EnterpriseCertificates\\Disallowed","EventType":"CreateKey","UtcTime":"2020-01-13 00:04:51.805","ProcessGuid":"{9d556bd4-95d4-5e1b-0000-001059c30200}","ProcessId":"2668"},"provider_name":"Microsoft-Windows-Sysmon","record_id":12220063},"event":{"created":"2020-01-13T00:04:53.187Z","kind":"event","code":12,"action":"Registry object added or deleted (rule: RegistryEvent)"},"log":{"level":"information"},"message":"Registry object added or deleted:\nRuleName: \nEventType: CreateKey\nUtcTime: 2020-01-13 00:04:51.805\nProcessGuid: {9d556bd4-95d4-5e1b-0000-001059c30200}\nProcessId: 2668\nImage: C:\\Windows\\Sysmon64.exe\nTargetObject: HKLM\\SOFTWARE\\Microsoft\\EnterpriseCertificates\\Disallowed","ecs":{"version":"1.1.0"},"host":{"name":"win10"}}
{"@timestamp":"2020-01-13T00:04:51.810Z","@metadata":{"beat":"winlogbeat","type":"_doc","version":"7.4.0","topic":"winlogbeat"},"winlog":{"event_id":12,"user":{"name":"SYSTEM","domain":"NT AUTHORITY","type":"User","identifier":"S-1-5-18"},"event_data":{"TargetObject":"HKLM\\SOFTWARE\\Microsoft\\EnterpriseCertificates\\Disallowed","EventType":"CreateKey","UtcTime":"2020-01-13 00:04:51.805","ProcessGuid":"{9d556bd4-95d4-5e1b-0000-001059c30200}","ProcessId":"2668","Image":"C:\\Windows\\Sysmon64.exe"},"provider_name":"Microsoft-Windows-Sysmon","task":"Registry object added or deleted (rule: RegistryEvent)","record_id":12220064,"process":{"pid":2668,"thread":{"id":3728}},"channel":"Microsoft-Windows-Sysmon/Operational","api":"wineventlog","computer_name":"win10.marvel.local","opcode":"Info","provider_guid":"{5770385f-c22a-43e0-bf4c-06f5698ffbd9}","version":2},"event":{"action":"Registry object added or deleted (rule: RegistryEvent)","created":"2020-01-13T00:04:53.187Z","kind":"event","code":12},"log":{"level":"information"},"message":"Registry object added or deleted:\nRuleName: \nEventType: CreateKey\nUtcTime: 2020-01-13 00:04:51.805\nProcessGuid: {9d556bd4-95d4-5e1b-0000-001059c30200}\nProcessId: 2668\nImage: C:\\Windows\\Sysmon64.exe\nTargetObject: HKLM\\SOFTWARE\\Microsoft\\EnterpriseCertificates\\Disallowed","ecs":{"version":"1.1.0"},"host":{"name":"win10"},"agent":{"hostname":"win10","id":"48e12a22-5293-48b2-be18-b209a2e8228b","version":"7.4.0","type":"winlogbeat","ephemeral_id":"63b64902-85b7-4e5b-8603-9a5a923a012f"}}
{"@timestamp":"2020-01-13T00:04:51.810Z","@metadata":{"beat":"winlogbeat","type":"_doc","version":"7.4.0","topic":"winlogbeat"},"agent":{"ephemeral_id":"63b64902-85b7-4e5b-8603-9a5a923a012f","hostname":"win10","id":"48e12a22-5293-48b2-be18-b209a2e8228b","version":"7.4.0","type":"winlogbeat"},"winlog":{"user":{"type":"User","identifier":"S-1-5-18","name":"SYSTEM","domain":"NT AUTHORITY"},"channel":"Microsoft-Windows-Sysmon/Operational","computer_name":"win10.marvel.local","record_id":12220065,"provider_name":"Microsoft-Windows-Sysmon","opcode":"Info","provider_guid":"{5770385f-c22a-43e0-bf4c-06f5698ffbd9}","version":2,"event_id":12,"task":"Registry object added or deleted (rule: RegistryEvent)","api":"wineventlog","event_data":{"ProcessGuid":"{9d556bd4-95d4-5e1b-0000-001059c30200}","ProcessId":"2668","Image":"C:\\Windows\\Sysmon64.exe","TargetObject":"HKLM\\SOFTWARE\\Microsoft\\EnterpriseCertificates\\Disallowed\\Certificates","EventType":"CreateKey","UtcTime":"2020-01-13 00:04:51.805"},"process":{"pid":2668,"thread":{"id":3728}}},"event":{"code":12,"action":"Registry object added or deleted (rule: RegistryEvent)","created":"2020-01-13T00:04:53.187Z","kind":"event"},"log":{"level":"information"},"message":"Registry object added or deleted:\nRuleName: \nEventType: CreateKey\nUtcTime: 2020-01-13 00:04:51.805\nProcessGuid: {9d556bd4-95d4-5e1b-0000-001059c30200}\nProcessId: 2668\nImage: C:\\Windows\\Sysmon64.exe\nTargetObject: HKLM\\SOFTWARE\\Microsoft\\EnterpriseCertificates\\Disallowed\\Certificates","ecs":{"version":"1.1.0"},"host":{"name":"win10"}}
{"@timestamp":"2020-01-13T00:04:51.810Z","@metadata":{"beat":"winlogbeat","type":"_doc","version":"7.4.0","topic":"winlogbeat"},"winlog":{"api":"wineventlog","process":{"pid":2668,"thread":{"id":3728}},"event_id":12,"version":2,"opcode":"Info","event_data":{"ProcessGuid":"{9d556bd4-95d4-5e1b-0000-001059c30200}","ProcessId":"2668","Image":"C:\\Windows\\Sysmon64.exe","TargetObject":"HKLM\\SOFTWARE\\Microsoft\\EnterpriseCertificates\\Disallowed\\CRLs","EventType":"CreateKey","UtcTime":"2020-01-13 00:04:51.805"},"channel":"Microsoft-Windows-Sysmon/Operational","provider_name":"Microsoft-Windows-Sysmon","task":"Registry object added or deleted (rule: RegistryEvent)","computer_name":"win10.marvel.local","provider_guid":"{5770385f-c22a-43e0-bf4c-06f5698ffbd9}","record_id":12220066,"user":{"type":"User","identifier":"S-1-5-18","name":"SYSTEM","domain":"NT AUTHORITY"}},"event":{"created":"2020-01-13T00:04:53.187Z","kind":"event","code":12,"action":"Registry object added or deleted (rule: RegistryEvent)"},"log":{"level":"information"},"message":"Registry object added or deleted:\nRuleName: \nEventType: CreateKey\nUtcTime: 2020-01-13 00:04:51.805\nProcessGuid: {9d556bd4-95d4-5e1b-0000-001059c30200}\nProcessId: 2668\nImage: C:\\Windows\\Sysmon64.exe\nTargetObject: HKLM\\SOFTWARE\\Microsoft\\EnterpriseCertificates\\Disallowed\\CRLs","ecs":{"version":"1.1.0"},"host":{"name":"win10"},"agent":{"ephemeral_id":"63b64902-85b7-4e5b-8603-9a5a923a012f","hostname":"win10","id":"48e12a22-5293-48b2-be18-b209a2e8228b","version":"7.4.0","type":"winlogbeat"}}
{"@timestamp":"2020-01-13T00:04:51.810Z","@metadata":{"beat":"winlogbeat","type":"_doc","version":"7.4.0","topic":"winlogbeat"},"ecs":{"version":"1.1.0"},"message":"Registry object added or deleted:\nRuleName: \nEventType: CreateKey\nUtcTime: 2020-01-13 00:04:51.805\nProcessGuid: {9d556bd4-95d4-5e1b-0000-001059c30200}\nProcessId: 2668\nImage: C:\\Windows\\Sysmon64.exe\nTargetObject: HKLM\\SOFTWARE\\Microsoft\\EnterpriseCertificates\\Disallowed\\CTLs","winlog":{"channel":"Microsoft-Windows-Sysmon/Operational","opcode":"Info","version":2,"event_data":{"Image":"C:\\Windows\\Sysmon64.exe","TargetObject":"HKLM\\SOFTWARE\\Microsoft\\EnterpriseCertificates\\Disallowed\\CTLs","EventType":"CreateKey","UtcTime":"2020-01-13 00:04:51.805","ProcessGuid":"{9d556bd4-95d4-5e1b-0000-001059c30200}","ProcessId":"2668"},"task":"Registry object added or deleted (rule: RegistryEvent)","provider_guid":"{5770385f-c22a-43e0-bf4c-06f5698ffbd9}","user":{"identifier":"S-1-5-18","name":"SYSTEM","domain":"NT AUTHORITY","type":"User"},"api":"wineventlog","process":{"pid":2668,"thread":{"id":3728}},"provider_name":"Microsoft-Windows-Sysmon","record_id":12220067,"computer_name":"win10.marvel.local","event_id":12},"event":{"action":"Registry object added or deleted (rule: RegistryEvent)","created":"2020-01-13T00:04:53.187Z","kind":"event","code":12},"log":{"level":"information"},"host":{"name":"win10"},"agent":{"hostname":"win10","id":"48e12a22-5293-48b2-be18-b209a2e8228b","version":"7.4.0","type":"winlogbeat","ephemeral_id":"63b64902-85b7-4e5b-8603-9a5a923a012f"}}
{"@timestamp":"2020-01-13T00:04:51.812Z","@metadata":{"beat":"winlogbeat","type":"_doc","version":"7.4.0","topic":"winlogbeat"},"ecs":{"version":"1.1.0"},"host":{"name":"win10"},"agent":{"ephemeral_id":"63b64902-85b7-4e5b-8603-9a5a923a012f","hostname":"win10","id":"48e12a22-5293-48b2-be18-b209a2e8228b","version":"7.4.0","type":"winlogbeat"},"message":"Image loaded:\nRuleName: \nUtcTime: 2020-01-13 00:04:51.774\nProcessGuid: {9d556bd4-b423-5e1b-0000-00104e060d01}\nProcessId: 2556\nImage: C:\\Users\\thor\\Downloads\\injection-master\\injection-master\\InjectDLL\\x64\\Debug\\InjectDLL.exe\nImageLoaded: C:\\Windows\\System32\\vcruntime140d.dll\nFileVersion: 14.24.28127.4 built by: vcwrkspc\nDescription: Microsoft C Runtime Library\nProduct: Microsoft Visual Studio\nCompany: Microsoft Corporation\nOriginalFileName: vcruntime140d.dll\nHashes: SHA1=36233CEF3B5B1ED3FD5D67A200B3138299A5E1CD,MD5=B5960225DE314EC2B91148F275C233EC,SHA256=FE586A662CC002E6893DAD68C285A7352A040DD8EA0FC96AEFB8B4C8B8768B81,IMPHASH=FAAE1E74491BA9B4811B84FCAFF65B03\nSigned: true\nSignature: Microsoft Corporation\nSignatureStatus: Valid","winlog":{"provider_guid":"{5770385f-c22a-43e0-bf4c-06f5698ffbd9}","opcode":"Info","event_id":7,"record_id":12220068,"task":"Image loaded (rule: ImageLoad)","user":{"identifier":"S-1-5-18","name":"SYSTEM","domain":"NT AUTHORITY","type":"User"},"api":"wineventlog","computer_name":"win10.marvel.local","version":3,"event_data":{"FileVersion":"14.24.28127.4 built by: vcwrkspc","Signature":"Microsoft Corporation","ImageLoaded":"C:\\Windows\\System32\\vcruntime140d.dll","Product":"Microsoft Visual Studio","Signed":"true","Description":"Microsoft C Runtime Library","Hashes":"SHA1=36233CEF3B5B1ED3FD5D67A200B3138299A5E1CD,MD5=B5960225DE314EC2B91148F275C233EC,SHA256=FE586A662CC002E6893DAD68C285A7352A040DD8EA0FC96AEFB8B4C8B8768B81,IMPHASH=FAAE1E74491BA9B4811B84FCAFF65B03","SignatureStatus":"Valid","Image":"C:\\Users\\thor\\Downloads\\injection-master\\injection-master\\InjectDLL\\x64\\Debug\\InjectDLL.exe","Company":"Microsoft Corporation","ProcessId":"2556","UtcTime":"2020-01-13 00:04:51.774","ProcessGuid":"{9d556bd4-b423-5e1b-0000-00104e060d01}","OriginalFileName":"vcruntime140d.dll"},"channel":"Microsoft-Windows-Sysmon/Operational","provider_name":"Microsoft-Windows-Sysmon","process":{"pid":2668,"thread":{"id":3732}}},"event":{"kind":"event","code":7,"action":"Image loaded (rule: ImageLoad)","created":"2020-01-13T00:04:53.187Z"},"log":{"level":"information"}}
{"@timestamp":"2020-01-13T00:04:51.815Z","@metadata":{"beat":"winlogbeat","type":"_doc","version":"7.4.0","topic":"winlogbeat"},"winlog":{"channel":"Microsoft-Windows-Sysmon/Operational","event_id":12,"computer_name":"win10.marvel.local","task":"Registry object added or deleted (rule: RegistryEvent)","provider_guid":"{5770385f-c22a-43e0-bf4c-06f5698ffbd9}","event_data":{"UtcTime":"2020-01-13 00:04:51.805","ProcessGuid":"{9d556bd4-95d4-5e1b-0000-001059c30200}","ProcessId":"2668","Image":"C:\\Windows\\Sysmon64.exe","TargetObject":"HKU\\.DEFAULT\\Software\\Microsoft\\Windows\\CurrentVersion\\WinTrust\\Trust Providers\\Software Publishing","EventType":"CreateKey"},"record_id":12220069,"version":2,"process":{"thread":{"id":3728},"pid":2668},"provider_name":"Microsoft-Windows-Sysmon","api":"wineventlog","opcode":"Info","user":{"identifier":"S-1-5-18","name":"SYSTEM","domain":"NT AUTHORITY","type":"User"}},"event":{"code":12,"action":"Registry object added or deleted (rule: RegistryEvent)","created":"2020-01-13T00:04:53.187Z","kind":"event"},"ecs":{"version":"1.1.0"},"host":{"name":"win10"},"agent":{"type":"winlogbeat","ephemeral_id":"63b64902-85b7-4e5b-8603-9a5a923a012f","hostname":"win10","id":"48e12a22-5293-48b2-be18-b209a2e8228b","version":"7.4.0"},"log":{"level":"information"},"message":"Registry object added or deleted:\nRuleName: \nEventType: CreateKey\nUtcTime: 2020-01-13 00:04:51.805\nProcessGuid: {9d556bd4-95d4-5e1b-0000-001059c30200}\nProcessId: 2668\nImage: C:\\Windows\\Sysmon64.exe\nTargetObject: HKU\\.DEFAULT\\Software\\Microsoft\\Windows\\CurrentVersion\\WinTrust\\Trust Providers\\Software Publishing"}
{"@timestamp":"2020-01-13T00:04:51.815Z","@metadata":{"beat":"winlogbeat","type":"_doc","version":"7.4.0","topic":"winlogbeat"},"host":{"name":"win10"},"agent":{"version":"7.4.0","type":"winlogbeat","ephemeral_id":"63b64902-85b7-4e5b-8603-9a5a923a012f","hostname":"win10","id":"48e12a22-5293-48b2-be18-b209a2e8228b"},"winlog":{"api":"wineventlog","provider_guid":"{5770385f-c22a-43e0-bf4c-06f5698ffbd9}","version":3,"process":{"pid":2668,"thread":{"id":3728}},"channel":"Microsoft-Windows-Sysmon/Operational","provider_name":"Microsoft-Windows-Sysmon","user":{"identifier":"S-1-5-18","name":"SYSTEM","domain":"NT AUTHORITY","type":"User"},"event_data":{"TargetProcessGUID":"{9d556bd4-acd1-5e1b-0000-0010de5aef00}","TargetProcessId":"8288","TargetImage":"C:\\WINDOWS\\system32\\notepad.exe","CallTrace":"C:\\WINDOWS\\SYSTEM32\\ntdll.dll+9c584|C:\\WINDOWS\\System32\\KERNELBASE.dll+2730e|C:\\Users\\thor\\Downloads\\injection-master\\injection-master\\InjectDLL\\x64\\Debug\\InjectDLL.exe+11ffe|C:\\Users\\thor\\Downloads\\injection-master\\injection-master\\InjectDLL\\x64\\Debug\\InjectDLL.exe+12dc9|C:\\Users\\thor\\Downloads\\injection-master\\injection-master\\InjectDLL\\x64\\Debug\\InjectDLL.exe+12c6e|C:\\Users\\thor\\Downloads\\injection-master\\injection-master\\InjectDLL\\x64\\Debug\\InjectDLL.exe+12b2e|C:\\Users\\thor\\Downloads\\injection-master\\injection-master\\InjectDLL\\x64\\Debug\\InjectDLL.exe+12e59|C:\\WINDOWS\\System32\\KERNEL32.DLL+17bd4|C:\\WINDOWS\\SYSTEM32\\ntdll.dll+6ced1","SourceProcessGUID":"{9d556bd4-b423-5e1b-0000-00104e060d01}","UtcTime":"2020-01-13 00:04:51.805","SourceProcessId":"2556","SourceThreadId":"4744","SourceImage":"C:\\Users\\thor\\Downloads\\injection-master\\injection-master\\InjectDLL\\x64\\Debug\\InjectDLL.exe","GrantedAccess":"0x1fffff"},"task":"Process accessed (rule: ProcessAccess)","event_id":10,"computer_name":"win10.marvel.local","record_id":12220070,"opcode":"Info"},"event":{"code":10,"action":"Process accessed (rule: ProcessAccess)","created":"2020-01-13T00:04:53.187Z","kind":"event"},"log":{"level":"information"},"message":"Process accessed:\nRuleName: \nUtcTime: 2020-01-13 00:04:51.805\nSourceProcessGUID: {9d556bd4-b423-5e1b-0000-00104e060d01}\nSourceProcessId: 2556\nSourceThreadId: 4744\nSourceImage: C:\\Users\\thor\\Downloads\\injection-master\\injection-master\\InjectDLL\\x64\\Debug\\InjectDLL.exe\nTargetProcessGUID: {9d556bd4-acd1-5e1b-0000-0010de5aef00}\nTargetProcessId: 8288\nTargetImage: C:\\WINDOWS\\system32\\notepad.exe\nGrantedAccess: 0x1FFFFF\nCallTrace: C:\\WINDOWS\\SYSTEM32\\ntdll.dll+9c584|C:\\WINDOWS\\System32\\KERNELBASE.dll+2730e|C:\\Users\\thor\\Downloads\\injection-master\\injection-master\\InjectDLL\\x64\\Debug\\InjectDLL.exe+11ffe|C:\\Users\\thor\\Downloads\\injection-master\\injection-master\\InjectDLL\\x64\\Debug\\InjectDLL.exe+12dc9|C:\\Users\\thor\\Downloads\\injection-master\\injection-master\\InjectDLL\\x64\\Debug\\InjectDLL.exe+12c6e|C:\\Users\\thor\\Downloads\\injection-master\\injection-master\\InjectDLL\\x64\\Debug\\InjectDLL.exe+12b2e|C:\\Users\\thor\\Downloads\\injection-master\\injection-master\\InjectDLL\\x64\\Debug\\InjectDLL.exe+12e59|C:\\WINDOWS\\System32\\KERNEL32.DLL+17bd4|C:\\WINDOWS\\SYSTEM32\\ntdll.dll+6ced1","ecs":{"version":"1.1.0"}}
{"@timestamp":"2020-01-13T00:04:51.816Z","@metadata":{"beat":"winlogbeat","type":"_doc","version":"7.4.0","topic":"winlogbeat"},"host":{"name":"win10"},"agent":{"ephemeral_id":"63b64902-85b7-4e5b-8603-9a5a923a012f","hostname":"win10","id":"48e12a22-5293-48b2-be18-b209a2e8228b","version":"7.4.0","type":"winlogbeat"},"winlog":{"provider_name":"Microsoft-Windows-Sysmon","task":"Process accessed (rule: ProcessAccess)","computer_name":"win10.marvel.local","provider_guid":"{5770385f-c22a-43e0-bf4c-06f5698ffbd9}","version":3,"process":{"thread":{"id":3728},"pid":2668},"record_id":12220071,"user":{"name":"SYSTEM","domain":"NT AUTHORITY","type":"User","identifier":"S-1-5-18"},"event_data":{"CallTrace":"C:\\WINDOWS\\SYSTEM32\\ntdll.dll+9c584|C:\\WINDOWS\\System32\\KERNELBASE.dll+6a7e5|C:\\ProgramData\\Microsoft\\Windows Defender\\Definition Updates\\{814E0E01-50B1-4E22-9825-21025E9237C6}\\mpengine.dll+2a2b28|C:\\ProgramData\\Microsoft\\Windows Defender\\Definition Updates\\{814E0E01-50B1-4E22-9825-21025E9237C6}\\mpengine.dll+2a37a7|C:\\ProgramData\\Microsoft\\Windows Defender\\Definition Updates\\{814E0E01-50B1-4E22-9825-21025E9237C6}\\mpengine.dll+1d81ce|C:\\ProgramData\\Microsoft\\Windows Defender\\Definition Updates\\{814E0E01-50B1-4E22-9825-21025E9237C6}\\mpengine.dll+1d7d65|C:\\ProgramData\\Microsoft\\Windows Defender\\Definition Updates\\{814E0E01-50B1-4E22-9825-21025E9237C6}\\mpengine.dll+79bdd2|C:\\ProgramData\\Microsoft\\Windows Defender\\Definition Updates\\{814E0E01-50B1-4E22-9825-21025E9237C6}\\mpengine.dll+79a875|C:\\ProgramData\\Microsoft\\Windows Defender\\Definition Updates\\{814E0E01-50B1-4E22-9825-21025E9237C6}\\mpengine.dll+3365df|C:\\ProgramData\\Microsoft\\Windows Defender\\Definition Updates\\{814E0E01-50B1-4E22-9825-21025E9237C6}\\mpengine.dll+30ed68|C:\\ProgramData\\Microsoft\\Windows Defender\\Definition Updates\\{814E0E01-50B1-4E22-9825-21025E9237C6}\\mpengine.dll+30e73a|C:\\ProgramData\\Microsoft\\Windows Defender\\Definition Updates\\{814E0E01-50B1-4E22-9825-21025E9237C6}\\mpengine.dll+1bf463|C:\\ProgramData\\Microsoft\\Windows Defender\\Definition Updates\\{814E0E01-50B1-4E22-9825-21025E9237C6}\\mpengine.dll+242f9f|C:\\ProgramData\\Microsoft\\Windows Defender\\platform\\4.18.1911.3-0\\mpsvc.dll+18467|C:\\ProgramData\\Microsoft\\Windows Defender\\platform\\4.18.1911.3-0\\mprtp.dll+15f4c|C:\\ProgramData\\Microsoft\\Windows Defender\\platform\\4.18.1911.3-0\\mprtp.dll+41139|C:\\ProgramData\\Microsoft\\Windows Defender\\platform\\4.18.1911.3-0\\mprtp.dll+45e1c|C:\\ProgramData\\Microsoft\\Windows Defender\\platform\\4.18.1911.3-0\\mpclient.dll+82843|C:\\WINDOWS\\SYSTEM32\\ntdll.dll+3089d|C:\\WINDOWS\\SYSTEM32\\ntdll.dll+34634|C:\\WINDOWS\\System32\\KERNEL32.DLL+17bd4|C:\\WINDOWS\\SYSTEM32\\ntdll.dll+6ced1","SourceProcessId":"2724","TargetProcessId":"8288","UtcTime":"2020-01-13 00:04:51.805","SourceProcessGUID":"{9d556bd4-95d4-5e1b-0000-001069c80200}","TargetImage":"C:\\WINDOWS\\system32\\notepad.exe","TargetProcessGUID":"{9d556bd4-acd1-5e1b-0000-0010de5aef00}","SourceImage":"C:\\ProgramData\\Microsoft\\Windows Defender\\platform\\4.18.1911.3-0\\MsMpEng.exe","GrantedAccess":"0x1000","SourceThreadId":"3480"},"api":"wineventlog","opcode":"Info","event_id":10,"channel":"Microsoft-Windows-Sysmon/Operational"},"event":{"code":10,"action":"Process accessed (rule: ProcessAccess)","created":"2020-01-13T00:04:53.187Z","kind":"event"},"log":{"level":"information"},"message":"Process accessed:\nRuleName: \nUtcTime: 2020-01-13 00:04:51.805\nSourceProcessGUID: {9d556bd4-95d4-5e1b-0000-001069c80200}\nSourceProcessId: 2724\nSourceThreadId: 3480\nSourceImage: C:\\ProgramData\\Microsoft\\Windows Defender\\platform\\4.18.1911.3-0\\MsMpEng.exe\nTargetProcessGUID: {9d556bd4-acd1-5e1b-0000-0010de5aef00}\nTargetProcessId: 8288\nTargetImage: C:\\WINDOWS\\system32\\notepad.exe\nGrantedAccess: 0x1000\nCallTrace: C:\\WINDOWS\\SYSTEM32\\ntdll.dll+9c584|C:\\WINDOWS\\System32\\KERNELBASE.dll+6a7e5|C:\\ProgramData\\Microsoft\\Windows Defender\\Definition Updates\\{814E0E01-50B1-4E22-9825-21025E9237C6}\\mpengine.dll+2a2b28|C:\\ProgramData\\Microsoft\\Windows Defender\\Definition Updates\\{814E0E01-50B1-4E22-9825-21025E9237C6}\\mpengine.dll+2a37a7|C:\\ProgramData\\Microsoft\\Windows Defender\\Definition Updates\\{814E0E01-50B1-4E22-9825-21025E9237C6}\\mpengine.dll+1d81ce|C:\\ProgramData\\Microsoft\\Windows Defender\\Definition Updates\\{814E0E01-50B1-4E22-9825-21025E9237C6}\\mpengine.dll+1d7d65|C:\\ProgramData\\Microsoft\\Windows Defender\\Definition Updates\\{814E0E01-50B1-4E22-9825-21025E9237C6}\\mpengine.dll+79bdd2|C:\\ProgramData\\Microsoft\\Windows Defender\\Definition Updates\\{814E0E01-50B1-4E22-9825-21025E9237C6}\\mpengine.dll+79a875|C:\\ProgramData\\Microsoft\\Windows Defender\\Definition Updates\\{814E0E01-50B1-4E22-9825-21025E9237C6}\\mpengine.dll+3365df|C:\\ProgramData\\Microsoft\\Windows Defender\\Definition Updates\\{814E0E01-50B1-4E22-9825-21025E9237C6}\\mpengine.dll+30ed68|C:\\ProgramData\\Microsoft\\Windows Defender\\Definition Updates\\{814E0E01-50B1-4E22-9825-21025E9237C6}\\mpengine.dll+30e73a|C:\\ProgramData\\Microsoft\\Windows Defender\\Definition Updates\\{814E0E01-50B1-4E22-9825-21025E9237C6}\\mpengine.dll+1bf463|C:\\ProgramData\\Microsoft\\Windows Defender\\Definition Updates\\{814E0E01-50B1-4E22-9825-21025E9237C6}\\mpengine.dll+242f9f|C:\\ProgramData\\Microsoft\\Windows Defender\\platform\\4.18.1911.3-0\\mpsvc.dll+18467|C:\\ProgramData\\Microsoft\\Windows Defender\\platform\\4.18.1911.3-0\\mprtp.dll+15f4c|C:\\ProgramData\\Microsoft\\Windows Defender\\platform\\4.18.1911.3-0\\mprtp.dll+41139|C:\\ProgramData\\Microsoft\\Windows Defender\\platform\\4.18.1911.3-0\\mprtp.dll+45e1c|C:\\ProgramData\\Microsoft\\Windows Defender\\platform\\4.18.1911.3-0\\mpclient.dll+82843|C:\\WINDOWS\\SYSTEM32\\ntdll.dll+3089d|C:\\WINDOWS\\SYSTEM32\\ntdll.dll+34634|C:\\WINDOWS\\System32\\KERNEL32.DLL+17bd4|C:\\WINDOWS\\SYSTEM32\\ntdll.dll+6ced1","ecs":{"version":"1.1.0"}}
{"@timestamp":"2020-01-13T00:04:51.817Z","@metadata":{"beat":"winlogbeat","type":"_doc","version":"7.4.0","topic":"winlogbeat"},"log":{"level":"information"},"message":"Process accessed:\nRuleName: \nUtcTime: 2020-01-13 00:04:51.805\nSourceProcessGUID: {9d556bd4-95d4-5e1b-0000-001069c80200}\nSourceProcessId: 2724\nSourceThreadId: 3480\nSourceImage: C:\\ProgramData\\Microsoft\\Windows Defender\\platform\\4.18.1911.3-0\\MsMpEng.exe\nTargetProcessGUID: {9d556bd4-acd1-5e1b-0000-0010de5aef00}\nTargetProcessId: 8288\nTargetImage: C:\\WINDOWS\\system32\\notepad.exe\nGrantedAccess: 0x1000\nCallTrace: C:\\WINDOWS\\SYSTEM32\\ntdll.dll+9c584|C:\\WINDOWS\\System32\\KERNELBASE.dll+2730e|C:\\ProgramData\\Microsoft\\Windows Defender\\Definition Updates\\{814E0E01-50B1-4E22-9825-21025E9237C6}\\mpengine.dll+4af9b4|C:\\ProgramData\\Microsoft\\Windows Defender\\Definition Updates\\{814E0E01-50B1-4E22-9825-21025E9237C6}\\mpengine.dll+4af788|C:\\ProgramData\\Microsoft\\Windows Defender\\Definition Updates\\{814E0E01-50B1-4E22-9825-21025E9237C6}\\mpengine.dll+2a2bc4|C:\\ProgramData\\Microsoft\\Windows Defender\\Definition Updates\\{814E0E01-50B1-4E22-9825-21025E9237C6}\\mpengine.dll+2a37a7|C:\\ProgramData\\Microsoft\\Windows Defender\\Definition Updates\\{814E0E01-50B1-4E22-9825-21025E9237C6}\\mpengine.dll+1d81ce|C:\\ProgramData\\Microsoft\\Windows Defender\\Definition Updates\\{814E0E01-50B1-4E22-9825-21025E9237C6}\\mpengine.dll+1d7d65|C:\\ProgramData\\Microsoft\\Windows Defender\\Definition Updates\\{814E0E01-50B1-4E22-9825-21025E9237C6}\\mpengine.dll+79bdd2|C:\\ProgramData\\Microsoft\\Windows Defender\\Definition Updates\\{814E0E01-50B1-4E22-9825-21025E9237C6}\\mpengine.dll+79a875|C:\\ProgramData\\Microsoft\\Windows Defender\\Definition Updates\\{814E0E01-50B1-4E22-9825-21025E9237C6}\\mpengine.dll+3365df|C:\\ProgramData\\Microsoft\\Windows Defender\\Definition Updates\\{814E0E01-50B1-4E22-9825-21025E9237C6}\\mpengine.dll+30ed68|C:\\ProgramData\\Microsoft\\Windows Defender\\Definition Updates\\{814E0E01-50B1-4E22-9825-21025E9237C6}\\mpengine.dll+30e73a|C:\\ProgramData\\Microsoft\\Windows Defender\\Definition Updates\\{814E0E01-50B1-4E22-9825-21025E9237C6}\\mpengine.dll+1bf463|C:\\ProgramData\\Microsoft\\Windows Defender\\Definition Updates\\{814E0E01-50B1-4E22-9825-21025E9237C6}\\mpengine.dll+242f9f|C:\\ProgramData\\Microsoft\\Windows Defender\\platform\\4.18.1911.3-0\\mpsvc.dll+18467|C:\\ProgramData\\Microsoft\\Windows Defender\\platform\\4.18.1911.3-0\\mprtp.dll+15f4c|C:\\ProgramData\\Microsoft\\Windows Defender\\platform\\4.18.1911.3-0\\mprtp.dll+41139|C:\\ProgramData\\Microsoft\\Windows Defender\\platform\\4.18.1911.3-0\\mprtp.dll+45e1c|C:\\ProgramData\\Microsoft\\Windows Defender\\platform\\4.18.1911.3-0\\mpclient.dll+82843|C:\\WINDOWS\\SYSTEM32\\ntdll.dll+3089d|C:\\WINDOWS\\SYSTEM32\\ntdll.dll+34634|C:\\WINDOWS\\System32\\KERNEL32.DLL+17bd4|C:\\WINDOWS\\SYSTEM32\\ntdll.dll+6ced1","ecs":{"version":"1.1.0"},"host":{"name":"win10"},"agent":{"version":"7.4.0","type":"winlogbeat","ephemeral_id":"63b64902-85b7-4e5b-8603-9a5a923a012f","hostname":"win10","id":"48e12a22-5293-48b2-be18-b209a2e8228b"},"winlog":{"event_data":{"GrantedAccess":"0x1000","SourceImage":"C:\\ProgramData\\Microsoft\\Windows Defender\\platform\\4.18.1911.3-0\\MsMpEng.exe","TargetImage":"C:\\WINDOWS\\system32\\notepad.exe","CallTrace":"C:\\WINDOWS\\SYSTEM32\\ntdll.dll+9c584|C:\\WINDOWS\\System32\\KERNELBASE.dll+2730e|C:\\ProgramData\\Microsoft\\Windows Defender\\Definition Updates\\{814E0E01-50B1-4E22-9825-21025E9237C6}\\mpengine.dll+4af9b4|C:\\ProgramData\\Microsoft\\Windows Defender\\Definition Updates\\{814E0E01-50B1-4E22-9825-21025E9237C6}\\mpengine.dll+4af788|C:\\ProgramData\\Microsoft\\Windows Defender\\Definition Updates\\{814E0E01-50B1-4E22-9825-21025E9237C6}\\mpengine.dll+2a2bc4|C:\\ProgramData\\Microsoft\\Windows Defender\\Definition Updates\\{814E0E01-50B1-4E22-9825-21025E9237C6}\\mpengine.dll+2a37a7|C:\\ProgramData\\Microsoft\\Windows Defender\\Definition Updates\\{814E0E01-50B1-4E22-9825-21025E9237C6}\\mpengine.dll+1d81ce|C:\\ProgramData\\Microsoft\\Windows Defender\\Definition Updates\\{814E0E01-50B1-4E22-9825-21025E9237C6}\\mpengine.dll+1d7d65|C:\\ProgramData\\Microsoft\\Windows Defender\\Definition Updates\\{814E0E01-50B1-4E22-9825-21025E9237C6}\\mpengine.dll+79bdd2|C:\\ProgramData\\Microsoft\\Windows Defender\\Definition Updates\\{814E0E01-50B1-4E22-9825-21025E9237C6}\\mpengine.dll+79a875|C:\\ProgramData\\Microsoft\\Windows Defender\\Definition Updates\\{814E0E01-50B1-4E22-9825-21025E9237C6}\\mpengine.dll+3365df|C:\\ProgramData\\Microsoft\\Windows Defender\\Definition Updates\\{814E0E01-50B1-4E22-9825-21025E9237C6}\\mpengine.dll+30ed68|C:\\ProgramData\\Microsoft\\Windows Defender\\Definition Updates\\{814E0E01-50B1-4E22-9825-21025E9237C6}\\mpengine.dll+30e73a|C:\\ProgramData\\Microsoft\\Windows Defender\\Definition Updates\\{814E0E01-50B1-4E22-9825-21025E9237C6}\\mpengine.dll+1bf463|C:\\ProgramData\\Microsoft\\Windows Defender\\Definition Updates\\{814E0E01-50B1-4E22-9825-21025E9237C6}\\mpengine.dll+242f9f|C:\\ProgramData\\Microsoft\\Windows Defender\\platform\\4.18.1911.3-0\\mpsvc.dll+18467|C:\\ProgramData\\Microsoft\\Windows Defender\\platform\\4.18.1911.3-0\\mprtp.dll+15f4c|C:\\ProgramData\\Microsoft\\Windows Defender\\platform\\4.18.1911.3-0\\mprtp.dll+41139|C:\\ProgramData\\Microsoft\\Windows Defender\\platform\\4.18.1911.3-0\\mprtp.dll+45e1c|C:\\ProgramData\\Microsoft\\Windows Defender\\platform\\4.18.1911.3-0\\mpclient.dll+82843|C:\\WINDOWS\\SYSTEM32\\ntdll.dll+3089d|C:\\WINDOWS\\SYSTEM32\\ntdll.dll+34634|C:\\WINDOWS\\System32\\KERNEL32.DLL+17bd4|C:\\WINDOWS\\SYSTEM32\\ntdll.dll+6ced1","SourceProcessGUID":"{9d556bd4-95d4-5e1b-0000-001069c80200}","SourceProcessId":"2724","TargetProcessGUID":"{9d556bd4-acd1-5e1b-0000-0010de5aef00}","TargetProcessId":"8288","UtcTime":"2020-01-13 00:04:51.805","SourceThreadId":"3480"},"channel":"Microsoft-Windows-Sysmon/Operational","api":"wineventlog","computer_name":"win10.marvel.local","opcode":"Info","provider_name":"Microsoft-Windows-Sysmon","task":"Process accessed (rule: ProcessAccess)","version":3,"user":{"identifier":"S-1-5-18","name":"SYSTEM","domain":"NT AUTHORITY","type":"User"},"provider_guid":"{5770385f-c22a-43e0-bf4c-06f5698ffbd9}","process":{"pid":2668,"thread":{"id":3728}},"event_id":10,"record_id":12220072},"event":{"code":10,"action":"Process accessed (rule: ProcessAccess)","created":"2020-01-13T00:04:53.187Z","kind":"event"}}
