{"@timestamp":"2020-01-13T00:04:51.818Z","@metadata":{"beat":"winlogbeat","type":"_doc","version":"7.4.0","topic":"winlogbeat"},"agent":{"hostname":"win10","id":"48e12a22-5293-48b2-be18-b209a2e8228b","version":"7.4.0","type":"winlogbeat","ephemeral_id":"63b64902-85b7-4e5b-8603-9a5a923a012f"},"message":"Process accessed:\nRuleName: \nUtcTime: 2020-01-13 00:04:51.805\nSourceProcessGUID: {9d556bd4-95d4-5e1b-0000-001069c80200}\nSourceProcessId: 2724\nSourceThreadId: 3480\nSourceImage: C:\\ProgramData\\Microsoft\\Windows Defender\\platform\\4.18.1911.3-0\\MsMpEng.exe\nTargetProcessGUID: {9d556bd4-acd1-5e1b-0000-0010de5aef00}\nTargetProcessId: 8288\nTargetImage: C:\\WINDOWS\\system32\\notepad.exe\nGrantedAccess: 0x1000\nCallTrace: C:\\WINDOWS\\SYSTEM32\\ntdll.dll+9c584|C:\\WINDOWS\\System32\\KERNELBASE.dll+2730e|C:\\ProgramData\\Microsoft\\Windows Defender\\Definition Updates\\{814E0E01-50B1-4E22-9825-21025E9237C6}\\mpengine.dll+4af9b4|C:\\ProgramData\\Microsoft\\Windows Defender\\Definition Updates\\{814E0E01-50B1-4E22-9825-21025E9237C6}\\mpengine.dll+4af788|C:\\ProgramData\\Microsoft\\Windows Defender\\Definition Updates\\{814E0E01-50B1-4E22-9825-21025E9237C6}\\mpengine.dll+4afafc|C:\\ProgramData\\Microsoft\\Windows Defender\\Definition Updates\\{814E0E01-50B1-4E22-9825-21025E9237C6}\\mpengine.dll+2b3366|C:\\ProgramData\\Microsoft\\Windows Defender\\Definition Updates\\{814E0E01-50B1-4E22-9825-21025E9237C6}\\mpengine.dll+2b65ee|C:\\ProgramData\\Microsoft\\Windows Defender\\Definition Updates\\{814E0E01-50B1-4E22-9825-21025E9237C6}\\mpengine.dll+2a203b|C:\\ProgramData\\Microsoft\\Windows Defender\\Definition Updates\\{814E0E01-50B1-4E22-9825-21025E9237C6}\\mpengine.dll+2a22b7|C:\\ProgramData\\Microsoft\\Windows Defender\\Definition Updates\\{814E0E01-50B1-4E22-9825-21025E9237C6}\\mpengine.dll+2a37d7|C:\\ProgramData\\Microsoft\\Windows Defender\\Definition Updates\\{814E0E01-50B1-4E22-9825-21025E9237C6}\\mpengine.dll+1d81ce|C:\\ProgramData\\Microsoft\\Windows Defender\\Definition Updates\\{814E0E01-50B1-4E22-9825-21025E9237C6}\\mpengine.dll+1d7d65|C:\\ProgramData\\Microsoft\\Windows Defender\\Definition Updates\\{814E0E01-50B1-4E22-9825-21025E9237C6}\\mpengine.dll+79bdd2|C:\\ProgramData\\Microsoft\\Windows Defender\\Definition Updates\\{814E0E01-50B1-4E22-9825-21025E9237C6}\\mpengine.dll+79a875|C:\\ProgramData\\Microsoft\\Windows Defender\\Definition Updates\\{814E0E01-50B1-4E22-9825-21025E9237C6}\\mpengine.dll+3365df|C:\\ProgramData\\Microsoft\\Windows Defender\\Definition Updates\\{814E0E01-50B1-4E22-9825-21025E9237C6}\\mpengine.dll+30ed68|C:\\ProgramData\\Microsoft\\Windows Defender\\Definition Updates\\{814E0E01-50B1-4E22-9825-21025E9237C6}\\mpengine.dll+30e73a|C:\\ProgramData\\Microsoft\\Windows Defender\\Definition Updates\\{814E0E01-50B1-4E22-9825-21025E9237C6}\\mpengine.dll+1bf463|C:\\ProgramData\\Microsoft\\Windows Defender\\Definition Updates\\{814E0E01-50B1-4E22-9825-21025E9237C6}\\mpengine.dll+242f9f|C:\\ProgramData\\Microsoft\\Windows Defender\\platform\\4.18.1911.3-0\\mpsvc.dll+18467|C:\\ProgramData\\Microsoft\\Windows Defender\\platform\\4.18.1911.3-0\\mprtp.dll+15f4c|C:\\ProgramData\\Microsoft\\Windows Defender\\platform\\4.18.1911.3-0\\mprtp.dll+41139|C:\\ProgramData\\Microsoft\\Windows Defender\\platform\\4.18.1911.3-0\\mprtp.dll+45e1c|C:\\ProgramData\\Microsoft\\Windows Defender\\platform\\4.18.1911.3-0\\mpclient.dll+82843","winlog":{"task":"Process accessed (rule: ProcessAccess)","user":{"identifier":"S-1-5-18","name":"SYSTEM","domain":"NT AUTHORITY","type":"User"},"channel":"Microsoft-Windows-Sysmon/Operational","api":"wineventlog","version":3,"process":{"thread":{"id":3728},"pid":2668},"event_id":10,"provider_name":"Microsoft-Windows-Sysmon","event_data":{"TargetProcessGUID":"{9d556bd4-acd1-5e1b-0000-0010de5aef00}","GrantedAccess":"0x1000","SourceProcessGUID":"{9d556bd4-95d4-5e1b-0000-001069c80200}","UtcTime":"2020-01-13 00:04:51.805","SourceThreadId":"3480","SourceImage":"C:\\ProgramData\\Microsoft\\Windows Defender\\platform\\4.18.1911.3-0\\MsMpEng.exe","TargetImage":"C:\\WINDOWS\\system32\\notepad.exe","SourceProcessId":"2724","TargetProcessId":"8288","CallTrace":"C:\\WINDOWS\\SYSTEM32\\ntdll.dll+9c584|C:\\WINDOWS\\System32\\KERNELBASE.dll+2730e|C:\\ProgramData\\Microsoft\\Windows Defender\\Definition Updates\\{814E0E01-50B1-4E22-9825-21025E9237C6}\\mpengine.dll+4af9b4|C:\\ProgramData\\Microsoft\\Windows Defender\\Definition Updates\\{814E0E01-50B1-4E22-9825-21025E9237C6}\\mpengine.dll+4af788|C:\\ProgramData\\Microsoft\\Windows Defender\\Definition Updates\\{814E0E01-50B1-4E22-9825-21025E9237C6}\\mpengine.dll+4afafc|C:\\ProgramData\\Microsoft\\Windows Defender\\Definition Updates\\{814E0E01-50B1-4E22-9825-21025E9237C6}\\mpengine.dll+2b3366|C:\\ProgramData\\Microsoft\\Windows Defender\\Definition Updates\\{814E0E01-50B1-4E22-9825-21025E9237C6}\\mpengine.dll+2b65ee|C:\\ProgramData\\Microsoft\\Windows Defender\\Definition Updates\\{814E0E01-50B1-4E22-9825-21025E9237C6}\\mpengine.dll+2a203b|C:\\ProgramData\\Microsoft\\Windows Defender\\Definition Updates\\{814E0E01-50B1-4E22-9825-21025E9237C6}\\mpengine.dll+2a22b7|C:\\ProgramData\\Microsoft\\Windows Defender\\Definition Updates\\{814E0E01-50B1-4E22-9825-21025E9237C6}\\mpengine.dll+2a37d7|C:\\ProgramData\\Microsoft\\Windows Defender\\Definition Updates\\{814E0E01-50B1-4E22-9825-21025E9237C6}\\mpengine.dll+1d81ce|C:\\ProgramData\\Microsoft\\Windows Defender\\Definition Updates\\{814E0E01-50B1-4E22-9825-21025E9237C6}\\mpengine.dll+1d7d65|C:\\ProgramData\\Microsoft\\Windows Defender\\Definition Updates\\{814E0E01-50B1-4E22-9825-21025E9237C6}\\mpengine.dll+79bdd2|C:\\ProgramData\\Microsoft\\Windows Defender\\Definition Updates\\{814E0E01-50B1-4E22-9825-21025E9237C6}\\mpengine.dll+79a875|C:\\ProgramData\\Microsoft\\Windows Defender\\Definition Updates\\{814E0E01-50B1-4E22-9825-21025E9237C6}\\mpengine.dll+3365df|C:\\ProgramData\\Microsoft\\Windows Defender\\Definition Updates\\{814E0E01-50B1-4E22-9825-21025E9237C6}\\mpengine.dll+30ed68|C:\\ProgramData\\Microsoft\\Windows Defender\\Definition Updates\\{814E0E01-50B1-4E22-9825-21025E9237C6}\\mpengine.dll+30e73a|C:\\ProgramData\\Microsoft\\Windows Defender\\Definition Updates\\{814E0E01-50B1-4E22-9825-21025E9237C6}\\mpengine.dll+1bf463|C:\\ProgramData\\Microsoft\\Windows Defender\\Definition Updates\\{814E0E01-50B1-4E22-9825-21025E9237C6}\\mpengine.dll+242f9f|C:\\ProgramData\\Microsoft\\Windows Defender\\platform\\4.18.1911.3-0\\mpsvc.dll+18467|C:\\ProgramData\\Microsoft\\Windows Defender\\platform\\4.18.1911.3-0\\mprtp.dll+15f4c|C:\\ProgramData\\Microsoft\\Windows Defender\\platform\\4.18.1911.3-0\\mprtp.dll+41139|C:\\ProgramData\\Microsoft\\Windows Defender\\platform\\4.18.1911.3-0\\mprtp.dll+45e1c|C:\\ProgramData\\Microsoft\\Windows Defender\\platform\\4.18.1911.3-0\\mpclient.dll+82843"},"record_id":12220073,"computer_name":"win10.marvel.local","opcode":"Info","provider_guid":"{5770385f-c22a-43e0-bf4c-06f5698ffbd9}"},"event":{"action":"Process accessed (rule: ProcessAccess)","created":"2020-01-13T00:04:53.187Z","kind":"event","code":10},"log":{"level":"information"},"ecs":{"version":"1.1.0"},"host":{"name":"win10"}}
{"@timestamp":"2020-01-13T00:04:51.818Z","@metadata":{"beat":"winlogbeat","type":"_doc","version":"7.4.0","topic":"winlogbeat"},"host":{"name":"win10"},"agent":{"ephemeral_id":"63b64902-85b7-4e5b-8603-9a5a923a012f","hostname":"win10","id":"48e12a22-5293-48b2-be18-b209a2e8228b","version":"7.4.0","type":"winlogbeat"},"message":"Process accessed:\nRuleName: \nUtcTime: 2020-01-13 00:04:51.805\nSourceProcessGUID: {9d556bd4-95d4-5e1b-0000-001069c80200}\nSourceProcessId: 2724\nSourceThreadId: 3480\nSourceImage: C:\\ProgramData\\Microsoft\\Windows Defender\\platform\\4.18.1911.3-0\\MsMpEng.exe\nTargetProcessGUID: {9d556bd4-acd1-5e1b-0000-0010de5aef00}\nTargetProcessId: 8288\nTargetImage: C:\\WINDOWS\\system32\\notepad.exe\nGrantedAccess: 0x101000\nCallTrace: C:\\WINDOWS\\SYSTEM32\\ntdll.dll+9c584|C:\\WINDOWS\\System32\\KERNELBASE.dll+2730e|C:\\ProgramData\\Microsoft\\Windows Defender\\Definition Updates\\{814E0E01-50B1-4E22-9825-21025E9237C6}\\mpengine.dll+4af9b4|C:\\ProgramData\\Microsoft\\Windows Defender\\Definition Updates\\{814E0E01-50B1-4E22-9825-21025E9237C6}\\mpengine.dll+4af788|C:\\ProgramData\\Microsoft\\Windows Defender\\Definition Updates\\{814E0E01-50B1-4E22-9825-21025E9237C6}\\mpengine.dll+2f169d|C:\\ProgramData\\Microsoft\\Windows Defender\\Definition Updates\\{814E0E01-50B1-4E22-9825-21025E9237C6}\\mpengine.dll+2b7a63|C:\\ProgramData\\Microsoft\\Windows Defender\\Definition Updates\\{814E0E01-50B1-4E22-9825-21025E9237C6}\\mpengine.dll+2b8b83|C:\\ProgramData\\Microsoft\\Windows Defender\\Definition Updates\\{814E0E01-50B1-4E22-9825-21025E9237C6}\\mpengine.dll+2b383c|C:\\ProgramData\\Microsoft\\Windows Defender\\Definition Updates\\{814E0E01-50B1-4E22-9825-21025E9237C6}\\mpengine.dll+2b65ee|C:\\ProgramData\\Microsoft\\Windows Defender\\Definition Updates\\{814E0E01-50B1-4E22-9825-21025E9237C6}\\mpengine.dll+2a203b|C:\\ProgramData\\Microsoft\\Windows Defender\\Definition Updates\\{814E0E01-50B1-4E22-9825-21025E9237C6}\\mpengine.dll+2a22b7|C:\\ProgramData\\Microsoft\\Windows Defender\\Definition Updates\\{814E0E01-50B1-4E22-9825-21025E9237C6}\\mpengine.dll+2a37d7|C:\\ProgramData\\Microsoft\\Windows Defender\\Definition Updates\\{814E0E01-50B1-4E22-9825-21025E9237C6}\\mpengine.dll+1d81ce|C:\\ProgramData\\Microsoft\\Windows Defender\\Definition Updates\\{814E0E01-50B1-4E22-9825-21025E9237C6}\\mpengine.dll+1d7d65|C:\\ProgramData\\Microsoft\\Windows Defender\\Definition Updates\\{814E0E01-50B1-4E22-9825-21025E9237C6}\\mpengine.dll+79bdd2|C:\\ProgramData\\Microsoft\\Windows Defender\\Definition Updates\\{814E0E01-50B1-4E22-9825-21025E9237C6}\\mpengine.dll+79a875|C:\\ProgramData\\Microsoft\\Windows Defender\\Definition Updates\\{814E0E01-50B1-4E22-9825-21025E9237C6}\\mpengine.dll+3365df|C:\\ProgramData\\Microsoft\\Windows Defender\\Definition Updates\\{814E0E01-50B1-4E22-9825-21025E9237C6}\\mpengine.dll+30ed68|C:\\ProgramData\\Microsoft\\Windows Defender\\Definition Updates\\{814E0E01-50B1-4E22-9825-21025E9237C6}\\mpengine.dll+30e73a|C:\\ProgramData\\Microsoft\\Windows Defender\\Definition Updates\\{814E0E01-50B1-4E22-9825-21025E9237C6}\\mpengine.dll+1bf463|C:\\ProgramData\\Microsoft\\Windows Defender\\Definition Updates\\{814E0E01-50B1-4E22-9825-21025E9237C6}\\mpengine.dll+242f9f|C:\\ProgramData\\Microsoft\\Windows Defender\\platform\\4.18.1911.3-0\\mpsvc.dll+18467|C:\\ProgramData\\Microsoft\\Windows Defender\\platform\\4.18.1911.3-0\\mprtp.dll+15f4c|C:\\ProgramData\\Microsoft\\Windows Defender\\platform\\4.18.1911.3-0\\mprtp.dll+41139","winlog":{"channel":"Microsoft-Windows-Sysmon/Operational","provider_name":"Microsoft-Windows-Sysmon","process":{"pid":2668,"thread":{"id":3728}},"event_id":10,"task":"Process accessed (rule: ProcessAccess)","opcode":"Info","provider_guid":"{5770385f-c22a-43e0-bf4c-06f5698ffbd9}","user":{"type":"User","identifier":"S-1-5-18","name":"SYSTEM","domain":"NT AUTHORITY"},"version":3,"computer_name":"win10.marvel.local","event_data":{"TargetProcessGUID":"{9d556bd4-acd1-5e1b-0000-0010de5aef00}","GrantedAccess":"0x101000","SourceProcessGUID":"{9d556bd4-95d4-5e1b-0000-001069c80200}","TargetProcessId":"8288","UtcTime":"2020-01-13 00:04:51.805","SourceProcessId":"2724","SourceThreadId":"3480","SourceImage":"C:\\ProgramData\\Microsoft\\Windows Defender\\platform\\4.18.1911.3-0\\MsMpEng.exe","TargetImage":"C:\\WINDOWS\\system32\\notepad.exe","CallTrace":"C:\\WINDOWS\\SYSTEM32\\ntdll.dll+9c584|C:\\WINDOWS\\System32\\KERNELBASE.dll+2730e|C:\\ProgramData\\Microsoft\\Windows Defender\\Definition Updates\\{814E0E01-50B1-4E22-9825-21025E9237C6}\\mpengine.dll+4af9b4|C:\\ProgramData\\Microsoft\\Windows Defender\\Definition Updates\\{814E0E01-50B1-4E22-9825-21025E9237C6}\\mpengine.dll+4af788|C:\\ProgramData\\Microsoft\\Windows Defender\\Definition Updates\\{814E0E01-50B1-4E22-9825-21025E9237C6}\\mpengine.dll+2f169d|C:\\ProgramData\\Microsoft\\Windows Defender\\Definition Updates\\{814E0E01-50B1-4E22-9825-21025E9237C6}\\mpengine.dll+2b7a63|C:\\ProgramData\\Microsoft\\Windows Defender\\Definition Updates\\{814E0E01-50B1-4E22-9825-21025E9237C6}\\mpengine.dll+2b8b83|C:\\ProgramData\\Microsoft\\Windows Defender\\Definition Updates\\{814E0E01-50B1-4E22-9825-21025E9237C6}\\mpengine.dll+2b383c|C:\\ProgramData\\Microsoft\\Windows Defender\\Definition Updates\\{814E0E01-50B1-4E22-9825-21025E9237C6}\\mpengine.dll+2b65ee|C:\\ProgramData\\Microsoft\\Windows Defender\\Definition Updates\\{814E0E01-50B1-4E22-9825-21025E9237C6}\\mpengine.dll+2a203b|C:\\ProgramData\\Microsoft\\Windows Defender\\Definition Updates\\{814E0E01-50B1-4E22-9825-21025E9237C6}\\mpengine.dll+2a22b7|C:\\ProgramData\\Microsoft\\Windows Defender\\Definition Updates\\{814E0E01-50B1-4E22-9825-21025E9237C6}\\mpengine.dll+2a37d7|C:\\ProgramData\\Microsoft\\Windows Defender\\Definition Updates\\{814E0E01-50B1-4E22-9825-21025E9237C6}\\mpengine.dll+1d81ce|C:\\ProgramData\\Microsoft\\Windows Defender\\Definition Updates\\{814E0E01-50B1-4E22-9825-21025E9237C6}\\mpengine.dll+1d7d65|C:\\ProgramData\\Microsoft\\Windows Defender\\Definition Updates\\{814E0E01-50B1-4E22-9825-21025E9237C6}\\mpengine.dll+79bdd2|C:\\ProgramData\\Microsoft\\Windows Defender\\Definition Updates\\{814E0E01-50B1-4E22-9825-21025E9237C6}\\mpengine.dll+79a875|C:\\ProgramData\\Microsoft\\Windows Defender\\Definition Updates\\{814E0E01-50B1-4E22-9825-21025E9237C6}\\mpengine.dll+3365df|C:\\ProgramData\\Microsoft\\Windows Defender\\Definition Updates\\{814E0E01-50B1-4E22-9825-21025E9237C6}\\mpengine.dll+30ed68|C:\\ProgramData\\Microsoft\\Windows Defender\\Definition Updates\\{814E0E01-50B1-4E22-9825-21025E9237C6}\\mpengine.dll+30e73a|C:\\ProgramData\\Microsoft\\Windows Defender\\Definition Updates\\{814E0E01-50B1-4E22-9825-21025E9237C6}\\mpengine.dll+1bf463|C:\\ProgramData\\Microsoft\\Windows Defender\\Definition Updates\\{814E0E01-50B1-4E22-9825-21025E9237C6}\\mpengine.dll+242f9f|C:\\ProgramData\\Microsoft\\Windows Defender\\platform\\4.18.1911.3-0\\mpsvc.dll+18467|C:\\ProgramData\\Microsoft\\Windows Defender\\platform\\4.18.1911.3-0\\mprtp.dll+15f4c|C:\\ProgramData\\Microsoft\\Windows Defender\\platform\\4.18.1911.3-0\\mprtp.dll+41139"},"record_id":12220074,"api":"wineventlog"},"event":{"kind":"event","code":10,"action":"Process accessed (rule: ProcessAccess)","created":"2020-01-13T00:04:53.187Z"},"log":{"level":"information"},"ecs":{"version":"1.1.0"}}
{"@timestamp":"2020-01-13T00:04:51.824Z","@metadata":{"beat":"winlogbeat","type":"_doc","version":"7.4.0","topic":"winlogbeat"},"host":{"name":"win10"},"agent":{"version":"7.4.0","type":"winlogbeat","ephemeral_id":"63b64902-85b7-4e5b-8603-9a5a923a012f","hostname":"win10","id":"48e12a22-5293-48b2-be18-b209a2e8228b"},"winlog":{"channel":"Microsoft-Windows-Sysmon/Operational","provider_guid":"{5770385f-c22a-43e0-bf4c-06f5698ffbd9}","event_data":{"SourceProcessGuid":"{9d556bd4-b423-5e1b-0000-00104e060d01}","SourceProcessId":"2556","TargetImage":"C:\\Windows\\System32\\notepad.exe","SourceImage":"C:\\Users\\thor\\Downloads\\injection-master\\injection-master\\InjectDLL\\x64\\Debug\\InjectDLL.exe","TargetProcessId":"8288","NewThreadId":"3004","StartFunction":"LoadLibraryW","UtcTime":"2020-01-13 00:04:51.805","TargetProcessGuid":"{9d556bd4-acd1-5e1b-0000-0010de5aef00}","StartAddress":"0x00007FFB9B92E4F0","StartModule":"C:\\WINDOWS\\System32\\KERNEL32.DLL"},"event_id":8,"provider_name":"Microsoft-Windows-Sysmon","api":"wineventlog","process":{"pid":2668,"thread":{"id":3728}},"computer_name":"win10.marvel.local","opcode":"Info","user":{"type":"User","identifier":"S-1-5-18","name":"SYSTEM","domain":"NT AUTHORITY"},"record_id":12220075,"task":"CreateRemoteThread detected (rule: CreateRemoteThread)","version":2},"event":{"code":8,"action":"CreateRemoteThread detected (rule: CreateRemoteThread)","created":"2020-01-13T00:04:53.187Z","kind":"event"},"log":{"level":"information"},"message":"CreateRemoteThread detected:\nRuleName: \nUtcTime: 2020-01-13 00:04:51.805\nSourceProcessGuid: {9d556bd4-b423-5e1b-0000-00104e060d01}\nSourceProcessId: 2556\nSourceImage: C:\\Users\\thor\\Downloads\\injection-master\\injection-master\\InjectDLL\\x64\\Debug\\InjectDLL.exe\nTargetProcessGuid: {9d556bd4-acd1-5e1b-0000-0010de5aef00}\nTargetProcessId: 8288\nTargetImage: C:\\Windows\\System32\\notepad.exe\nNewThreadId: 3004\nStartAddress: 0x00007FFB9B92E4F0\nStartModule: C:\\WINDOWS\\System32\\KERNEL32.DLL\nStartFunction: LoadLibraryW","ecs":{"version":"1.1.0"}}
{"@timestamp":"2020-01-13T00:04:51.826Z","@metadata":{"beat":"winlogbeat","type":"_doc","version":"7.4.0","topic":"winlogbeat"},"host":{"name":"win10"},"agent":{"id":"48e12a22-5293-48b2-be18-b209a2e8228b","version":"7.4.0","type":"winlogbeat","ephemeral_id":"63b64902-85b7-4e5b-8603-9a5a923a012f","hostname":"win10"},"winlog":{"task":"Image loaded (rule: ImageLoad)","opcode":"Info","api":"wineventlog","computer_name":"win10.marvel.local","version":3,"channel":"Microsoft-Windows-Sysmon/Operational","event_data":{"Description":"AppModel API Host","Product":"Microsoft Windows Operating System","OriginalFileName":"kernel.appcore.dll","UtcTime":"2020-01-13 00:04:51.821","Signature":"Microsoft Windows","ProcessId":"2556","FileVersion":"10.0.18362.1 (WinBuild.160101.0800)","Company":"Microsoft Corporation","SignatureStatus":"Valid","Image":"C:\\Users\\thor\\Downloads\\injection-master\\injection-master\\InjectDLL\\x64\\Debug\\InjectDLL.exe","Hashes":"SHA1=4985EC8C3309DB6CCCCFD4D18423A84E37BEC172,MD5=EDF981437C0FD1B9DBF9EA42CE97CE60,SHA256=42164F81BC8FC2D0A6B71DAA492BE6A6D4785821AA4FDCA27B9273721EDB23D9,IMPHASH=8899216954AA228EAA7E8EEDC31DBC03","Signed":"true","ProcessGuid":"{9d556bd4-b423-5e1b-0000-00104e060d01}","ImageLoaded":"C:\\Windows\\System32\\kernel.appcore.dll"},"provider_name":"Microsoft-Windows-Sysmon","provider_guid":"{5770385f-c22a-43e0-bf4c-06f5698ffbd9}","process":{"pid":2668,"thread":{"id":3728}},"event_id":7,"record_id":12220076,"user":{"identifier":"S-1-5-18","name":"SYSTEM","domain":"NT AUTHORITY","type":"User"}},"event":{"kind":"event","code":7,"action":"Image loaded (rule: ImageLoad)","created":"2020-01-13T00:04:53.187Z"},"log":{"level":"information"},"message":"Image loaded:\nRuleName: \nUtcTime: 2020-01-13 00:04:51.821\nProcessGuid: {9d556bd4-b423-5e1b-0000-00104e060d01}\nProcessId: 2556\nImage: C:\\Users\\thor\\Downloads\\injection-master\\injection-master\\InjectDLL\\x64\\Debug\\InjectDLL.exe\nImageLoaded: C:\\Windows\\System32\\kernel.appcore.dll\nFileVersion: 10.0.18362.1 (WinBuild.160101.0800)\nDescription: AppModel API Host\nProduct: Microsoft Windows Operating System\nCompany: Microsoft Corporation\nOriginalFileName: kernel.appcore.dll\nHashes: SHA1=4985EC8C3309DB6CCCCFD4D18423A84E37BEC172,MD5=EDF981437C0FD1B9DBF9EA42CE97CE60,SHA256=42164F81BC8FC2D0A6B71DAA492BE6A6D4785821AA4FDCA27B9273721EDB23D9,IMPHASH=8899216954AA228EAA7E8EEDC31DBC03\nSigned: true\nSignature: Microsoft Windows\nSignatureStatus: Valid","ecs":{"version":"1.1.0"}}
{"@timestamp":"2020-01-13T00:04:51.828Z","@metadata":{"beat":"winlogbeat","type":"_doc","version":"7.4.0","topic":"winlogbeat"},"ecs":{"version":"1.1.0"},"host":{"name":"win10"},"agent":{"ephemeral_id":"63b64902-85b7-4e5b-8603-9a5a923a012f","hostname":"win10","id":"48e12a22-5293-48b2-be18-b209a2e8228b","version":"7.4.0","type":"winlogbeat"},"event":{"action":"Registry object added or deleted (rule: RegistryEvent)","created":"2020-01-13T00:04:53.187Z","kind":"event","code":12},"log":{"level":"information"},"message":"Registry object added or deleted:\nRuleName: \nEventType: CreateKey\nUtcTime: 2020-01-13 00:04:51.821\nProcessGuid: {9d556bd4-95d4-5e1b-0000-001059c30200}\nProcessId: 2668\nImage: C:\\Windows\\Sysmon64.exe\nTargetObject: HKU\\.DEFAULT\\Software\\Microsoft\\SystemCertificates\\Disallowed","winlog":{"version":2,"record_id":12220077,"process":{"thread":{"id":3728},"pid":2668},"channel":"Microsoft-Windows-Sysmon/Operational","event_id":12,"opcode":"Info","provider_guid":"{5770385f-c22a-43e0-bf4c-06f5698ffbd9}","user":{"name":"SYSTEM","domain":"NT AUTHORITY","type":"User","identifier":"S-1-5-18"},"event_data":{"UtcTime":"2020-01-13 00:04:51.821","ProcessGuid":"{9d556bd4-95d4-5e1b-0000-001059c30200}","ProcessId":"2668","Image":"C:\\Windows\\Sysmon64.exe","TargetObject":"HKU\\.DEFAULT\\Software\\Microsoft\\SystemCertificates\\Disallowed","EventType":"CreateKey"},"task":"Registry object added or deleted (rule: RegistryEvent)","api":"wineventlog","provider_name":"Microsoft-Windows-Sysmon","computer_name":"win10.marvel.local"}}
{"@timestamp":"2020-01-13T00:04:51.829Z","@metadata":{"beat":"winlogbeat","type":"_doc","version":"7.4.0","topic":"winlogbeat"},"message":"Image loaded:\nRuleName: \nUtcTime: 2020-01-13 00:04:51.821\nProcessGuid: {9d556bd4-b423-5e1b-0000-00104e060d01}\nProcessId: 2556\nImage: C:\\Users\\thor\\Downloads\\injection-master\\injection-master\\InjectDLL\\x64\\Debug\\InjectDLL.exe\nImageLoaded: C:\\Windows\\System32\\msvcrt.dll\nFileVersion: 7.0.18362.1 (WinBuild.160101.0800)\nDescription: Windows NT CRT DLL\nProduct: Microsoft Windows Operating System\nCompany: Microsoft Corporation\nOriginalFileName: msvcrt.dll\nHashes: SHA1=0EA4B3CFB14E49CEC0D42FF0F1FA989E69647A8F,MD5=36354D9B5B0A58A4B9A19103852C00A2,SHA256=E5A863D3F4BFEFED7D73A7B1499F81B7235BC9AE3C108065041BCB8E5446B1BB,IMPHASH=1273683626EBBA703979F188A1E64237\nSigned: true\nSignature: Microsoft Windows\nSignatureStatus: Valid","ecs":{"version":"1.1.0"},"host":{"name":"win10"},"agent":{"ephemeral_id":"63b64902-85b7-4e5b-8603-9a5a923a012f","hostname":"win10","id":"48e12a22-5293-48b2-be18-b209a2e8228b","version":"7.4.0","type":"winlogbeat"},"winlog":{"event_data":{"Product":"Microsoft Windows Operating System","Hashes":"SHA1=0EA4B3CFB14E49CEC0D42FF0F1FA989E69647A8F,MD5=36354D9B5B0A58A4B9A19103852C00A2,SHA256=E5A863D3F4BFEFED7D73A7B1499F81B7235BC9AE3C108065041BCB8E5446B1BB,IMPHASH=1273683626EBBA703979F188A1E64237","SignatureStatus":"Valid","OriginalFileName":"msvcrt.dll","Image":"C:\\Users\\thor\\Downloads\\injection-master\\injection-master\\InjectDLL\\x64\\Debug\\InjectDLL.exe","ImageLoaded":"C:\\Windows\\System32\\msvcrt.dll","Description":"Windows NT CRT DLL","Signed":"true","ProcessGuid":"{9d556bd4-b423-5e1b-0000-00104e060d01}","FileVersion":"7.0.18362.1 (WinBuild.160101.0800)","Company":"Microsoft Corporation","ProcessId":"2556","UtcTime":"2020-01-13 00:04:51.821","Signature":"Microsoft Windows"},"task":"Image loaded (rule: ImageLoad)","provider_name":"Microsoft-Windows-Sysmon","channel":"Microsoft-Windows-Sysmon/Operational","opcode":"Info","process":{"pid":2668,"thread":{"id":3728}},"api":"wineventlog","version":3,"record_id":12220078,"computer_name":"win10.marvel.local","provider_guid":"{5770385f-c22a-43e0-bf4c-06f5698ffbd9}","user":{"identifier":"S-1-5-18","name":"SYSTEM","domain":"NT AUTHORITY","type":"User"},"event_id":7},"event":{"kind":"event","code":7,"action":"Image loaded (rule: ImageLoad)","created":"2020-01-13T00:04:53.187Z"},"log":{"level":"information"}}
{"@timestamp":"2020-01-13T00:04:51.829Z","@metadata":{"beat":"winlogbeat","type":"_doc","version":"7.4.0","topic":"winlogbeat"},"ecs":{"version":"1.1.0"},"host":{"name":"win10"},"agent":{"id":"48e12a22-5293-48b2-be18-b209a2e8228b","version":"7.4.0","type":"winlogbeat","ephemeral_id":"63b64902-85b7-4e5b-8603-9a5a923a012f","hostname":"win10"},"winlog":{"opcode":"Info","provider_guid":"{5770385f-c22a-43e0-bf4c-06f5698ffbd9}","computer_name":"win10.marvel.local","process":{"thread":{"id":3728},"pid":2668},"channel":"Microsoft-Windows-Sysmon/Operational","provider_name":"Microsoft-Windows-Sysmon","record_id":12220079,"api":"wineventlog","user":{"identifier":"S-1-5-18","name":"SYSTEM","domain":"NT AUTHORITY","type":"User"},"version":2,"task":"Registry object added or deleted (rule: RegistryEvent)","event_id":12,"event_data":{"TargetObject":"HKU\\.DEFAULT\\Software\\Microsoft\\SystemCertificates\\Disallowed","EventType":"CreateKey","UtcTime":"2020-01-13 00:04:51.821","ProcessGuid":"{9d556bd4-95d4-5e1b-0000-001059c30200}","ProcessId":"2668","Image":"C:\\Windows\\Sysmon64.exe"}},"event":{"kind":"event","code":12,"action":"Registry object added or deleted (rule: RegistryEvent)","created":"2020-01-13T00:04:53.187Z"},"log":{"level":"information"},"message":"Registry object added or deleted:\nRuleName: \nEventType: CreateKey\nUtcTime: 2020-01-13 00:04:51.821\nProcessGuid: {9d556bd4-95d4-5e1b-0000-001059c30200}\nProcessId: 2668\nImage: C:\\Windows\\Sysmon64.exe\nTargetObject: HKU\\.DEFAULT\\Software\\Microsoft\\SystemCertificates\\Disallowed"}
{"@timestamp":"2020-01-13T00:04:51.829Z","@metadata":{"beat":"winlogbeat","type":"_doc","version":"7.4.0","topic":"winlogbeat"},"event":{"code":12,"action":"Registry object added or deleted (rule: RegistryEvent)","created":"2020-01-13T00:04:53.187Z","kind":"event"},"log":{"level":"information"},"message":"Registry object added or deleted:\nRuleName: \nEventType: CreateKey\nUtcTime: 2020-01-13 00:04:51.821\nProcessGuid: {9d556bd4-95d4-5e1b-0000-001059c30200}\nProcessId: 2668\nImage: C:\\Windows\\Sysmon64.exe\nTargetObject: HKU\\.DEFAULT\\Software\\Microsoft\\SystemCertificates\\Disallowed\\Certificates","winlog":{"event_id":12,"event_data":{"ProcessGuid":"{9d556bd4-95d4-5e1b-0000-001059c30200}","ProcessId":"2668","Image":"C:\\Windows\\Sysmon64.exe","TargetObject":"HKU\\.DEFAULT\\Software\\Microsoft\\SystemCertificates\\Disallowed\\Certificates","EventType":"CreateKey","UtcTime":"2020-01-13 00:04:51.821"},"api":"wineventlog","process":{"pid":2668,"thread":{"id":3728}},"version":2,"user":{"identifier":"S-1-5-18","name":"SYSTEM","domain":"NT AUTHORITY","type":"User"},"record_id":12220080,"task":"Registry object added or deleted (rule: RegistryEvent)","computer_name":"win10.marvel.local","opcode":"Info","channel":"Microsoft-Windows-Sysmon/Operational","provider_guid":"{5770385f-c22a-43e0-bf4c-06f5698ffbd9}","provider_name":"Microsoft-Windows-Sysmon"},"ecs":{"version":"1.1.0"},"host":{"name":"win10"},"agent":{"version":"7.4.0","type":"winlogbeat","ephemeral_id":"63b64902-85b7-4e5b-8603-9a5a923a012f","hostname":"win10","id":"48e12a22-5293-48b2-be18-b209a2e8228b"}}
{"@timestamp":"2020-01-13T00:04:51.829Z","@metadata":{"beat":"winlogbeat","type":"_doc","version":"7.4.0","topic":"winlogbeat"},"event":{"created":"2020-01-13T00:04:53.187Z","kind":"event","code":12,"action":"Registry object added or deleted (rule: RegistryEvent)"},"log":{"level":"information"},"message":"Registry object added or deleted:\nRuleName: \nEventType: CreateKey\nUtcTime: 2020-01-13 00:04:51.821\nProcessGuid: {9d556bd4-95d4-5e1b-0000-001059c30200}\nProcessId: 2668\nImage: C:\\Windows\\Sysmon64.exe\nTargetObject: HKU\\.DEFAULT\\Software\\Microsoft\\SystemCertificates\\Disallowed\\CRLs","winlog":{"user":{"type":"User","identifier":"S-1-5-18","name":"SYSTEM","domain":"NT AUTHORITY"},"channel":"Microsoft-Windows-Sysmon/Operational","task":"Registry object added or deleted (rule: RegistryEvent)","version":2,"provider_guid":"{5770385f-c22a-43e0-bf4c-06f5698ffbd9}","computer_name":"win10.marvel.local","event_id":12,"provider_name":"Microsoft-Windows-Sysmon","record_id":12220081,"event_data":{"TargetObject":"HKU\\.DEFAULT\\Software\\Microsoft\\SystemCertificates\\Disallowed\\CRLs","EventType":"CreateKey","UtcTime":"2020-01-13 00:04:51.821","ProcessGuid":"{9d556bd4-95d4-5e1b-0000-001059c30200}","ProcessId":"2668","Image":"C:\\Windows\\Sysmon64.exe"},"opcode":"Info","process":{"thread":{"id":3728},"pid":2668},"api":"wineventlog"},"ecs":{"version":"1.1.0"},"host":{"name":"win10"},"agent":{"id":"48e12a22-5293-48b2-be18-b209a2e8228b","version":"7.4.0","type":"winlogbeat","ephemeral_id":"63b64902-85b7-4e5b-8603-9a5a923a012f","hostname":"win10"}}
{"@timestamp":"2020-01-13T00:04:51.829Z","@metadata":{"beat":"winlogbeat","type":"_doc","version":"7.4.0","topic":"winlogbeat"},"message":"Registry object added or deleted:\nRuleName: \nEventType: CreateKey\nUtcTime: 2020-01-13 00:04:51.821\nProcessGuid: {9d556bd4-95d4-5e1b-0000-001059c30200}\nProcessId: 2668\nImage: C:\\Windows\\Sysmon64.exe\nTargetObject: HKU\\.DEFAULT\\Software\\Microsoft\\SystemCertificates\\Disallowed\\CTLs","host":{"name":"win10"},"agent":{"version":"7.4.0","type":"winlogbeat","ephemeral_id":"63b64902-85b7-4e5b-8603-9a5a923a012f","hostname":"win10","id":"48e12a22-5293-48b2-be18-b209a2e8228b"},"ecs":{"version":"1.1.0"},"winlog":{"record_id":12220082,"task":"Registry object added or deleted (rule: RegistryEvent)","version":2,"event_data":{"EventType":"CreateKey","UtcTime":"2020-01-13 00:04:51.821","ProcessGuid":"{9d556bd4-95d4-5e1b-0000-001059c30200}","ProcessId":"2668","Image":"C:\\Windows\\Sysmon64.exe","TargetObject":"HKU\\.DEFAULT\\Software\\Microsoft\\SystemCertificates\\Disallowed\\CTLs"},"opcode":"Info","provider_guid":"{5770385f-c22a-43e0-bf4c-06f5698ffbd9}","process":{"thread":{"id":3728},"pid":2668},"computer_name":"win10.marvel.local","event_id":12,"api":"wineventlog","user":{"identifier":"S-1-5-18","name":"SYSTEM","domain":"NT AUTHORITY","type":"User"},"channel":"Microsoft-Windows-Sysmon/Operational","provider_name":"Microsoft-Windows-Sysmon"},"event":{"action":"Registry object added or deleted (rule: RegistryEvent)","created":"2020-01-13T00:04:53.187Z","kind":"event","code":12},"log":{"level":"information"}}
{"@timestamp":"2020-01-13T00:04:51.829Z","@metadata":{"beat":"winlogbeat","type":"_doc","version":"7.4.0","topic":"winlogbeat"},"host":{"name":"win10"},"agent":{"version":"7.4.0","type":"winlogbeat","ephemeral_id":"63b64902-85b7-4e5b-8603-9a5a923a012f","hostname":"win10","id":"48e12a22-5293-48b2-be18-b209a2e8228b"},"winlog":{"version":2,"event_data":{"EventType":"CreateKey","UtcTime":"2020-01-13 00:04:51.821","ProcessGuid":"{9d556bd4-95d4-5e1b-0000-001059c30200}","ProcessId":"2668","Image":"C:\\Windows\\Sysmon64.exe","TargetObject":"HKU\\.DEFAULT\\Software\\Policies\\Microsoft\\SystemCertificates\\Disallowed"},"event_id":12,"api":"wineventlog","provider_guid":"{5770385f-c22a-43e0-bf4c-06f5698ffbd9}","channel":"Microsoft-Windows-Sysmon/Operational","opcode":"Info","process":{"thread":{"id":3728},"pid":2668},"user":{"identifier":"S-1-5-18","name":"SYSTEM","domain":"NT AUTHORITY","type":"User"},"record_id":12220083,"task":"Registry object added or deleted (rule: RegistryEvent)","provider_name":"Microsoft-Windows-Sysmon","computer_name":"win10.marvel.local"},"event":{"kind":"event","code":12,"action":"Registry object added or deleted (rule: RegistryEvent)","created":"2020-01-13T00:04:53.187Z"},"log":{"level":"information"},"message":"Registry object added or deleted:\nRuleName: \nEventType: CreateKey\nUtcTime: 2020-01-13 00:04:51.821\nProcessGuid: {9d556bd4-95d4-5e1b-0000-001059c30200}\nProcessId: 2668\nImage: C:\\Windows\\Sysmon64.exe\nTargetObject: HKU\\.DEFAULT\\Software\\Policies\\Microsoft\\SystemCertificates\\Disallowed","ecs":{"version":"1.1.0"}}
{"@timestamp":"2020-01-13T00:04:51.829Z","@metadata":{"beat":"winlogbeat","type":"_doc","version":"7.4.0","topic":"winlogbeat"},"winlog":{"opcode":"Info","api":"wineventlog","computer_name":"win10.marvel.local","provider_guid":"{5770385f-c22a-43e0-bf4c-06f5698ffbd9}","process":{"thread":{"id":3728},"pid":2668},"event_id":12,"provider_name":"Microsoft-Windows-Sysmon","record_id":12220084,"task":"Registry object added or deleted (rule: RegistryEvent)","version":2,"event_data":{"TargetObject":"HKU\\.DEFAULT\\Software\\Policies\\Microsoft\\SystemCertificates\\Disallowed\\Certificates","EventType":"CreateKey","UtcTime":"2020-01-13 00:04:51.821","ProcessGuid":"{9d556bd4-95d4-5e1b-0000-001059c30200}","ProcessId":"2668","Image":"C:\\Windows\\Sysmon64.exe"},"user":{"name":"SYSTEM","domain":"NT AUTHORITY","type":"User","identifier":"S-1-5-18"},"channel":"Microsoft-Windows-Sysmon/Operational"},"event":{"code":12,"action":"Registry object added or deleted (rule: RegistryEvent)","created":"2020-01-13T00:04:53.187Z","kind":"event"},"log":{"level":"information"},"host":{"name":"win10"},"agent":{"ephemeral_id":"63b64902-85b7-4e5b-8603-9a5a923a012f","hostname":"win10","id":"48e12a22-5293-48b2-be18-b209a2e8228b","version":"7.4.0","type":"winlogbeat"},"ecs":{"version":"1.1.0"},"message":"Registry object added or deleted:\nRuleName: \nEventType: CreateKey\nUtcTime: 2020-01-13 00:04:51.821\nProcessGuid: {9d556bd4-95d4-5e1b-0000-001059c30200}\nProcessId: 2668\nImage: C:\\Windows\\Sysmon64.exe\nTargetObject: HKU\\.DEFAULT\\Software\\Policies\\Microsoft\\SystemCertificates\\Disallowed\\Certificates"}
{"@timestamp":"2020-01-13T00:04:51.829Z","@metadata":{"beat":"winlogbeat","type":"_doc","version":"7.4.0","topic":"winlogbeat"},"ecs":{"version":"1.1.0"},"winlog":{"version":2,"api":"wineventlog","provider_guid":"{5770385f-c22a-43e0-bf4c-06f5698ffbd9}","event_data":{"EventType":"CreateKey","UtcTime":"2020-01-13 00:04:51.821","ProcessGuid":"{9d556bd4-95d4-5e1b-0000-001059c30200}","ProcessId":"2668","Image":"C:\\Windows\\Sysmon64.exe","TargetObject":"HKU\\.DEFAULT\\Software\\Policies\\Microsoft\\SystemCertificates\\Disallowed\\CRLs"},"channel":"Microsoft-Windows-Sysmon/Operational","task":"Registry object added or deleted (rule: RegistryEvent)","computer_name":"win10.marvel.local","opcode":"Info","process":{"thread":{"id":3728},"pid":2668},"user":{"domain":"NT AUTHORITY","type":"User","identifier":"S-1-5-18","name":"SYSTEM"},"event_id":12,"provider_name":"Microsoft-Windows-Sysmon","record_id":12220085},"event":{"created":"2020-01-13T00:04:53.187Z","kind":"event","code":12,"action":"Registry object added or deleted (rule: RegistryEvent)"},"log":{"level":"information"},"message":"Registry object added or deleted:\nRuleName: \nEventType: CreateKey\nUtcTime: 2020-01-13 00:04:51.821\nProcessGuid: {9d556bd4-95d4-5e1b-0000-001059c30200}\nProcessId: 2668\nImage: C:\\Windows\\Sysmon64.exe\nTargetObject: HKU\\.DEFAULT\\Software\\Policies\\Microsoft\\SystemCertificates\\Disallowed\\CRLs","host":{"name":"win10"},"agent":{"type":"winlogbeat","ephemeral_id":"63b64902-85b7-4e5b-8603-9a5a923a012f","hostname":"win10","id":"48e12a22-5293-48b2-be18-b209a2e8228b","version":"7.4.0"}}
{"@timestamp":"2020-01-13T00:04:51.829Z","@metadata":{"beat":"winlogbeat","type":"_doc","version":"7.4.0","topic":"winlogbeat"},"winlog":{"api":"wineventlog","computer_name":"win10.marvel.local","event_data":{"ProcessGuid":"{9d556bd4-95d4-5e1b-0000-001059c30200}","ProcessId":"2668","Image":"C:\\Windows\\Sysmon64.exe","TargetObject":"HKU\\.DEFAULT\\Software\\Policies\\Microsoft\\SystemCertificates\\Disallowed\\CTLs","EventType":"CreateKey","UtcTime":"2020-01-13 00:04:51.821"},"event_id":12,"version":2,"channel":"Microsoft-Windows-Sysmon/Operational","provider_name":"Microsoft-Windows-Sysmon","task":"Registry object added or deleted (rule: RegistryEvent)","provider_guid":"{5770385f-c22a-43e0-bf4c-06f5698ffbd9}","opcode":"Info","record_id":12220086,"user":{"name":"SYSTEM","domain":"NT AUTHORITY","type":"User","identifier":"S-1-5-18"},"process":{"pid":2668,"thread":{"id":3728}}},"event":{"kind":"event","code":12,"action":"Registry object added or deleted (rule: RegistryEvent)","created":"2020-01-13T00:04:53.187Z"},"log":{"level":"information"},"message":"Registry object added or deleted:\nRuleName: \nEventType: CreateKey\nUtcTime: 2020-01-13 00:04:51.821\nProcessGuid: {9d556bd4-95d4-5e1b-0000-001059c30200}\nProcessId: 2668\nImage: C:\\Windows\\Sysmon64.exe\nTargetObject: HKU\\.DEFAULT\\Software\\Policies\\Microsoft\\SystemCertificates\\Disallowed\\CTLs","ecs":{"version":"1.1.0"},"host":{"name":"win10"},"agent":{"ephemeral_id":"63b64902-85b7-4e5b-8603-9a5a923a012f","hostname":"win10","id":"48e12a22-5293-48b2-be18-b209a2e8228b","version":"7.4.0","type":"winlogbeat"}}
{"@timestamp":"2020-01-13T00:04:51.829Z","@metadata":{"beat":"winlogbeat","type":"_doc","version":"7.4.0","topic":"winlogbeat"},"log":{"level":"information"},"host":{"name":"win10"},"agent":{"ephemeral_id":"63b64902-85b7-4e5b-8603-9a5a923a012f","hostname":"win10","id":"48e12a22-5293-48b2-be18-b209a2e8228b","version":"7.4.0","type":"winlogbeat"},"ecs":{"version":"1.1.0"},"message":"Registry object added or deleted:\nRuleName: \nEventType: CreateKey\nUtcTime: 2020-01-13 00:04:51.821\nProcessGuid: {9d556bd4-95d4-5e1b-0000-001059c30200}\nProcessId: 2668\nImage: C:\\Windows\\Sysmon64.exe\nTargetObject: HKLM\\SOFTWARE\\Microsoft\\SystemCertificates\\Disallowed","winlog":{"provider_name":"Microsoft-Windows-Sysmon","record_id":12220087,"task":"Registry object added or deleted (rule: RegistryEvent)","version":2,"user":{"domain":"NT AUTHORITY","type":"User","identifier":"S-1-5-18","name":"SYSTEM"},"process":{"pid":2668,"thread":{"id":3728}},"api":"wineventlog","opcode":"Info","provider_guid":"{5770385f-c22a-43e0-bf4c-06f5698ffbd9}","event_data":{"Image":"C:\\Windows\\Sysmon64.exe","TargetObject":"HKLM\\SOFTWARE\\Microsoft\\SystemCertificates\\Disallowed","EventType":"CreateKey","UtcTime":"2020-01-13 00:04:51.821","ProcessGuid":"{9d556bd4-95d4-5e1b-0000-001059c30200}","ProcessId":"2668"},"channel":"Microsoft-Windows-Sysmon/Operational","event_id":12,"computer_name":"win10.marvel.local"},"event":{"created":"2020-01-13T00:04:53.187Z","kind":"event","code":12,"action":"Registry object added or deleted (rule: RegistryEvent)"}}
{"@timestamp":"2020-01-13T00:04:51.829Z","@metadata":{"beat":"winlogbeat","type":"_doc","version":"7.4.0","topic":"winlogbeat"},"agent":{"hostname":"win10","id":"48e12a22-5293-48b2-be18-b209a2e8228b","version":"7.4.0","type":"winlogbeat","ephemeral_id":"63b64902-85b7-4e5b-8603-9a5a923a012f"},"log":{"level":"information"},"message":"Registry object added or deleted:\nRuleName: \nEventType: CreateKey\nUtcTime: 2020-01-13 00:04:51.821\nProcessGuid: {9d556bd4-95d4-5e1b-0000-001059c30200}\nProcessId: 2668\nImage: C:\\Windows\\Sysmon64.exe\nTargetObject: HKLM\\SOFTWARE\\Microsoft\\SystemCertificates\\Disallowed","winlog":{"opcode":"Info","provider_guid":"{5770385f-c22a-43e0-bf4c-06f5698ffbd9}","process":{"pid":2668,"thread":{"id":3728}},"user":{"identifier":"S-1-5-18","name":"SYSTEM","domain":"NT AUTHORITY","type":"User"},"task":"Registry object added or deleted (rule: RegistryEvent)","provider_name":"Microsoft-Windows-Sysmon","record_id":12220088,"event_id":12,"api":"wineventlog","computer_name":"win10.marvel.local","version":2,"event_data":{"ProcessId":"2668","Image":"C:\\Windows\\Sysmon64.exe","TargetObject":"HKLM\\SOFTWARE\\Microsoft\\SystemCertificates\\Disallowed","EventType":"CreateKey","UtcTime":"2020-01-13 00:04:51.821","ProcessGuid":"{9d556bd4-95d4-5e1b-0000-001059c30200}"},"channel":"Microsoft-Windows-Sysmon/Operational"},"event":{"kind":"event","code":12,"action":"Registry object added or deleted (rule: RegistryEvent)","created":"2020-01-13T00:04:53.187Z"},"ecs":{"version":"1.1.0"},"host":{"name":"win10"}}
{"@timestamp":"2020-01-13T00:04:51.829Z","@metadata":{"beat":"winlogbeat","type":"_doc","version":"7.4.0","topic":"winlogbeat"},"event":{"code":12,"action":"Registry object added or deleted (rule: RegistryEvent)","created":"2020-01-13T00:04:53.187Z","kind":"event"},"log":{"level":"information"},"message":"Registry object added or deleted:\nRuleName: \nEventType: CreateKey\nUtcTime: 2020-01-13 00:04:51.821\nProcessGuid: {9d556bd4-95d4-5e1b-0000-001059c30200}\nProcessId: 2668\nImage: C:\\Windows\\Sysmon64.exe\nTargetObject: HKLM\\SOFTWARE\\Microsoft\\SystemCertificates\\Disallowed\\Certificates","ecs":{"version":"1.1.0"},"host":{"name":"win10"},"agent":{"version":"7.4.0","type":"winlogbeat","ephemeral_id":"63b64902-85b7-4e5b-8603-9a5a923a012f","hostname":"win10","id":"48e12a22-5293-48b2-be18-b209a2e8228b"},"winlog":{"process":{"pid":2668,"thread":{"id":3728}},"computer_name":"win10.marvel.local","user":{"identifier":"S-1-5-18","name":"SYSTEM","domain":"NT AUTHORITY","type":"User"},"channel":"Microsoft-Windows-Sysmon/Operational","event_id":12,"task":"Registry object added or deleted (rule: RegistryEvent)","provider_guid":"{5770385f-c22a-43e0-bf4c-06f5698ffbd9}","api":"wineventlog","version":2,"event_data":{"ProcessId":"2668","Image":"C:\\Windows\\Sysmon64.exe","TargetObject":"HKLM\\SOFTWARE\\Microsoft\\SystemCertificates\\Disallowed\\Certificates","EventType":"CreateKey","UtcTime":"2020-01-13 00:04:51.821","ProcessGuid":"{9d556bd4-95d4-5e1b-0000-001059c30200}"},"opcode":"Info","provider_name":"Microsoft-Windows-Sysmon","record_id":12220089}}
{"@timestamp":"2020-01-13T00:04:51.829Z","@metadata":{"beat":"winlogbeat","type":"_doc","version":"7.4.0","topic":"winlogbeat"},"event":{"kind":"event","code":12,"action":"Registry object added or deleted (rule: RegistryEvent)","created":"2020-01-13T00:04:53.187Z"},"log":{"level":"information"},"host":{"name":"win10"},"agent":{"ephemeral_id":"63b64902-85b7-4e5b-8603-9a5a923a012f","hostname":"win10","id":"48e12a22-5293-48b2-be18-b209a2e8228b","version":"7.4.0","type":"winlogbeat"},"ecs":{"version":"1.1.0"},"message":"Registry object added or deleted:\nRuleName: \nEventType: CreateKey\nUtcTime: 2020-01-13 00:04:51.821\nProcessGuid: {9d556bd4-95d4-5e1b-0000-001059c30200}\nProcessId: 2668\nImage: C:\\Windows\\Sysmon64.exe\nTargetObject: HKLM\\SOFTWARE\\Microsoft\\SystemCertificates\\Disallowed\\CRLs","winlog":{"version":2,"process":{"pid":2668,"thread":{"id":3728}},"channel":"Microsoft-Windows-Sysmon/Operational","api":"wineventlog","opcode":"Info","provider_guid":"{5770385f-c22a-43e0-bf4c-06f5698ffbd9}","task":"Registry object added or deleted (rule: RegistryEvent)","computer_name":"win10.marvel.local","user":{"name":"SYSTEM","domain":"NT AUTHORITY","type":"User","identifier":"S-1-5-18"},"event_data":{"UtcTime":"2020-01-13 00:04:51.821","ProcessGuid":"{9d556bd4-95d4-5e1b-0000-001059c30200}","ProcessId":"2668","Image":"C:\\Windows\\Sysmon64.exe","TargetObject":"HKLM\\SOFTWARE\\Microsoft\\SystemCertificates\\Disallowed\\CRLs","EventType":"CreateKey"},"event_id":12,"record_id":12220090,"provider_name":"Microsoft-Windows-Sysmon"}}
{"@timestamp":"2020-01-13T00:04:51.829Z","@metadata":{"beat":"winlogbeat","type":"_doc","version":"7.4.0","topic":"winlogbeat"},"winlog":{"task":"Registry object added or deleted (rule: RegistryEvent)","user":{"identifier":"S-1-5-18","name":"SYSTEM","domain":"NT AUTHORITY","type":"User"},"event_data":{"ProcessId":"2668","Image":"C:\\Windows\\Sysmon64.exe","TargetObject":"HKLM\\SOFTWARE\\Microsoft\\SystemCertificates\\Disallowed\\CTLs","EventType":"CreateKey","UtcTime":"2020-01-13 00:04:51.821","ProcessGuid":"{9d556bd4-95d4-5e1b-0000-001059c30200}"},"channel":"Microsoft-Windows-Sysmon/Operational","record_id":12220091,"computer_name":"win10.marvel.local","provider_guid":"{5770385f-c22a-43e0-bf4c-06f5698ffbd9}","version":2,"api":"wineventlog","opcode":"Info","process":{"pid":2668,"thread":{"id":3728}},"event_id":12,"provider_name":"Microsoft-Windows-Sysmon"},"event":{"code":12,"action":"Registry object added or deleted (rule: RegistryEvent)","created":"2020-01-13T00:04:53.187Z","kind":"event"},"log":{"level":"information"},"message":"Registry object added or deleted:\nRuleName: \nEventType: CreateKey\nUtcTime: 2020-01-13 00:04:51.821\nProcessGuid: {9d556bd4-95d4-5e1b-0000-001059c30200}\nProcessId: 2668\nImage: C:\\Windows\\Sysmon64.exe\nTargetObject: HKLM\\SOFTWARE\\Microsoft\\SystemCertificates\\Disallowed\\CTLs","host":{"name":"win10"},"agent":{"version":"7.4.0","type":"winlogbeat","ephemeral_id":"63b64902-85b7-4e5b-8603-9a5a923a012f","hostname":"win10","id":"48e12a22-5293-48b2-be18-b209a2e8228b"},"ecs":{"version":"1.1.0"}}
{"@timestamp":"2020-01-13T00:04:51.829Z","@metadata":{"beat":"winlogbeat","type":"_doc","version":"7.4.0","topic":"winlogbeat"},"host":{"name":"win10"},"agent":{"ephemeral_id":"63b64902-85b7-4e5b-8603-9a5a923a012f","hostname":"win10","id":"48e12a22-5293-48b2-be18-b209a2e8228b","version":"7.4.0","type":"winlogbeat"},"message":"Registry object added or deleted:\nRuleName: \nEventType: CreateKey\nUtcTime: 2020-01-13 00:04:51.821\nProcessGuid: {9d556bd4-95d4-5e1b-0000-001059c30200}\nProcessId: 2668\nImage: C:\\Windows\\Sysmon64.exe\nTargetObject: HKLM\\SOFTWARE\\Policies\\Microsoft\\SystemCertificates\\Disallowed","winlog":{"user":{"type":"User","identifier":"S-1-5-18","name":"SYSTEM","domain":"NT AUTHORITY"},"channel":"Microsoft-Windows-Sysmon/Operational","provider_guid":"{5770385f-c22a-43e0-bf4c-06f5698ffbd9}","process":{"pid":2668,"thread":{"id":3728}},"event_id":12,"record_id":12220092,"opcode":"Info","computer_name":"win10.marvel.local","version":2,"event_data":{"ProcessGuid":"{9d556bd4-95d4-5e1b-0000-001059c30200}","ProcessId":"2668","Image":"C:\\Windows\\Sysmon64.exe","TargetObject":"HKLM\\SOFTWARE\\Policies\\Microsoft\\SystemCertificates\\Disallowed","EventType":"CreateKey","UtcTime":"2020-01-13 00:04:51.821"},"provider_name":"Microsoft-Windows-Sysmon","task":"Registry object added or deleted (rule: RegistryEvent)","api":"wineventlog"},"event":{"code":12,"action":"Registry object added or deleted (rule: RegistryEvent)","created":"2020-01-13T00:04:53.187Z","kind":"event"},"log":{"level":"information"},"ecs":{"version":"1.1.0"}}
{"@timestamp":"2020-01-13T00:04:51.829Z","@metadata":{"beat":"winlogbeat","type":"_doc","version":"7.4.0","topic":"winlogbeat"},"ecs":{"version":"1.1.0"},"host":{"name":"win10"},"event":{"action":"Registry object added or deleted (rule: RegistryEvent)","created":"2020-01-13T00:04:53.187Z","kind":"event","code":12},"log":{"level":"information"},"message":"Registry object added or deleted:\nRuleName: \nEventType: CreateKey\nUtcTime: 2020-01-13 00:04:51.821\nProcessGuid: {9d556bd4-95d4-5e1b-0000-001059c30200}\nProcessId: 2668\nImage: C:\\Windows\\Sysmon64.exe\nTargetObject: HKLM\\SOFTWARE\\Policies\\Microsoft\\SystemCertificates\\Disallowed\\Certificates","winlog":{"provider_name":"Microsoft-Windows-Sysmon","computer_name":"win10.marvel.local","opcode":"Info","user":{"identifier":"S-1-5-18","name":"SYSTEM","domain":"NT AUTHORITY","type":"User"},"task":"Registry object added or deleted (rule: RegistryEvent)","api":"wineventlog","provider_guid":"{5770385f-c22a-43e0-bf4c-06f5698ffbd9}","record_id":12220093,"version":2,"process":{"pid":2668,"thread":{"id":3728}},"event_data":{"Image":"C:\\Windows\\Sysmon64.exe","TargetObject":"HKLM\\SOFTWARE\\Policies\\Microsoft\\SystemCertificates\\Disallowed\\Certificates","EventType":"CreateKey","UtcTime":"2020-01-13 00:04:51.821","ProcessGuid":"{9d556bd4-95d4-5e1b-0000-001059c30200}","ProcessId":"2668"},"channel":"Microsoft-Windows-Sysmon/Operational","event_id":12},"agent":{"ephemeral_id":"63b64902-85b7-4e5b-8603-9a5a923a012f","hostname":"win10","id":"48e12a22-5293-48b2-be18-b209a2e8228b","version":"7.4.0","type":"winlogbeat"}}
{"@timestamp":"2020-01-13T00:04:51.829Z","@metadata":{"beat":"winlogbeat","type":"_doc","version":"7.4.0","topic":"winlogbeat"},"agent":{"ephemeral_id":"63b64902-85b7-4e5b-8603-9a5a923a012f","hostname":"win10","id":"48e12a22-5293-48b2-be18-b209a2e8228b","version":"7.4.0","type":"winlogbeat"},"winlog":{"version":2,"event_data":{"TargetObject":"HKLM\\SOFTWARE\\Policies\\Microsoft\\SystemCertificates\\Disallowed\\CRLs","EventType":"CreateKey","UtcTime":"2020-01-13 00:04:51.821","ProcessGuid":"{9d556bd4-95d4-5e1b-0000-001059c30200}","ProcessId":"2668","Image":"C:\\Windows\\Sysmon64.exe"},"task":"Registry object added or deleted (rule: RegistryEvent)","process":{"pid":2668,"thread":{"id":3728}},"channel":"Microsoft-Windows-Sysmon/Operational","user":{"identifier":"S-1-5-18","name":"SYSTEM","domain":"NT AUTHORITY","type":"User"},"opcode":"Info","api":"wineventlog","computer_name":"win10.marvel.local","provider_guid":"{5770385f-c22a-43e0-bf4c-06f5698ffbd9}","event_id":12,"provider_name":"Microsoft-Windows-Sysmon","record_id":12220094},"event":{"kind":"event","code":12,"action":"Registry object added or deleted (rule: RegistryEvent)","created":"2020-01-13T00:04:53.187Z"},"log":{"level":"information"},"message":"Registry object added or deleted:\nRuleName: \nEventType: CreateKey\nUtcTime: 2020-01-13 00:04:51.821\nProcessGuid: {9d556bd4-95d4-5e1b-0000-001059c30200}\nProcessId: 2668\nImage: C:\\Windows\\Sysmon64.exe\nTargetObject: HKLM\\SOFTWARE\\Policies\\Microsoft\\SystemCertificates\\Disallowed\\CRLs","ecs":{"version":"1.1.0"},"host":{"name":"win10"}}
{"@timestamp":"2020-01-13T00:04:51.829Z","@metadata":{"beat":"winlogbeat","type":"_doc","version":"7.4.0","topic":"winlogbeat"},"winlog":{"task":"Registry object added or deleted (rule: RegistryEvent)","provider_guid":"{5770385f-c22a-43e0-bf4c-06f5698ffbd9}","process":{"pid":2668,"thread":{"id":3728}},"event_data":{"UtcTime":"2020-01-13 00:04:51.821","ProcessGuid":"{9d556bd4-95d4-5e1b-0000-001059c30200}","ProcessId":"2668","Image":"C:\\Windows\\Sysmon64.exe","TargetObject":"HKLM\\SOFTWARE\\Policies\\Microsoft\\SystemCertificates\\Disallowed\\CTLs","EventType":"CreateKey"},"provider_name":"Microsoft-Windows-Sysmon","api":"wineventlog","opcode":"Info","computer_name":"win10.marvel.local","user":{"identifier":"S-1-5-18","name":"SYSTEM","domain":"NT AUTHORITY","type":"User"},"event_id":12,"record_id":12220095,"version":2,"channel":"Microsoft-Windows-Sysmon/Operational"},"event":{"action":"Registry object added or deleted (rule: RegistryEvent)","created":"2020-01-13T00:04:53.187Z","kind":"event","code":12},"log":{"level":"information"},"message":"Registry object added or deleted:\nRuleName: \nEventType: CreateKey\nUtcTime: 2020-01-13 00:04:51.821\nProcessGuid: {9d556bd4-95d4-5e1b-0000-001059c30200}\nProcessId: 2668\nImage: C:\\Windows\\Sysmon64.exe\nTargetObject: HKLM\\SOFTWARE\\Policies\\Microsoft\\SystemCertificates\\Disallowed\\CTLs","host":{"name":"win10"},"agent":{"ephemeral_id":"63b64902-85b7-4e5b-8603-9a5a923a012f","hostname":"win10","id":"48e12a22-5293-48b2-be18-b209a2e8228b","version":"7.4.0","type":"winlogbeat"},"ecs":{"version":"1.1.0"}}
