{"@timestamp":"2020-01-13T00:05:18.535Z","@metadata":{"beat":"winlogbeat","type":"_doc","version":"7.4.0","topic":"winlogbeat"},"ecs":{"version":"1.1.0"},"host":{"name":"win10"},"event":{"kind":"event","code":9,"action":"RawAccessRead detected (rule: RawAccessRead)","created":"2020-01-13T00:05:19.570Z"},"log":{"level":"information"},"message":"RawAccessRead detected:\nRuleName: \nUtcTime: 2020-01-13 00:05:18.534\nProcessGuid: {9d556bd4-95ce-5e1b-0000-00106bcf0000}\nProcessId: 652\nImage: C:\\Windows\\System32\\lsass.exe\nDevice: \\Device\\HarddiskVolume1","winlog":{"api":"wineventlog","channel":"Microsoft-Windows-Sysmon/Operational","user":{"identifier":"S-1-5-18","name":"SYSTEM","domain":"NT AUTHORITY","type":"User"},"record_id":12220241,"process":{"pid":2668,"thread":{"id":3728}},"event_id":9,"provider_guid":"{5770385f-c22a-43e0-bf4c-06f5698ffbd9}","event_data":{"ProcessGuid":"{9d556bd4-95ce-5e1b-0000-00106bcf0000}","ProcessId":"652","Image":"C:\\Windows\\System32\\lsass.exe","Device":"\\Device\\HarddiskVolume1","UtcTime":"2020-01-13 00:05:18.534"},"task":"RawAccessRead detected (rule: RawAccessRead)","computer_name":"win10.marvel.local","opcode":"Info","version":2,"provider_name":"Microsoft-Windows-Sysmon"},"agent":{"ephemeral_id":"63b64902-85b7-4e5b-8603-9a5a923a012f","hostname":"win10","id":"48e12a22-5293-48b2-be18-b209a2e8228b","version":"7.4.0","type":"winlogbeat"}}
{"@timestamp":"2020-01-13T00:05:18.535Z","@metadata":{"beat":"winlogbeat","type":"_doc","version":"7.4.0","topic":"winlogbeat"},"agent":{"ephemeral_id":"63b64902-85b7-4e5b-8603-9a5a923a012f","hostname":"win10","id":"48e12a22-5293-48b2-be18-b209a2e8228b","version":"7.4.0","type":"winlogbeat"},"winlog":{"event_data":{"ProcessId":"652","Image":"C:\\WINDOWS\\system32\\lsass.exe","TargetObject":"HKLM\\SOFTWARE\\Microsoft\\Hvsi","EventType":"CreateKey","UtcTime":"2020-01-13 00:05:18.534","ProcessGuid":"{9d556bd4-95ce-5e1b-0000-00106bcf0000}"},"provider_name":"Microsoft-Windows-Sysmon","api":"wineventlog","computer_name":"win10.marvel.local","opcode":"Info","provider_guid":"{5770385f-c22a-43e0-bf4c-06f5698ffbd9}","user":{"domain":"NT AUTHORITY","type":"User","identifier":"S-1-5-18","name":"SYSTEM"},"version":2,"record_id":12220242,"channel":"Microsoft-Windows-Sysmon/Operational","task":"Registry object added or deleted (rule: RegistryEvent)","event_id":12,"process":{"thread":{"id":3728},"pid":2668}},"event":{"created":"2020-01-13T00:05:19.570Z","kind":"event","code":12,"action":"Registry object added or deleted (rule: RegistryEvent)"},"log":{"level":"information"},"message":"Registry object added or deleted:\nRuleName: \nEventType: CreateKey\nUtcTime: 2020-01-13 00:05:18.534\nProcessGuid: {9d556bd4-95ce-5e1b-0000-00106bcf0000}\nProcessId: 652\nImage: C:\\WINDOWS\\system32\\lsass.exe\nTargetObject: HKLM\\SOFTWARE\\Microsoft\\Hvsi","ecs":{"version":"1.1.0"},"host":{"name":"win10"}}
{"@timestamp":"2020-01-13T00:05:18.535Z","@metadata":{"beat":"winlogbeat","type":"_doc","version":"7.4.0","topic":"winlogbeat"},"host":{"name":"win10"},"agent":{"ephemeral_id":"63b64902-85b7-4e5b-8603-9a5a923a012f","hostname":"win10","id":"48e12a22-5293-48b2-be18-b209a2e8228b","version":"7.4.0","type":"winlogbeat"},"winlog":{"task":"Registry object added or deleted (rule: RegistryEvent)","event_id":12,"record_id":12220243,"computer_name":"win10.marvel.local","version":2,"user":{"domain":"NT AUTHORITY","type":"User","identifier":"S-1-5-18","name":"SYSTEM"},"channel":"Microsoft-Windows-Sysmon/Operational","provider_name":"Microsoft-Windows-Sysmon","api":"wineventlog","event_data":{"TargetObject":"HKLM\\System\\CurrentControlSet\\Control\\Hvsi","EventType":"CreateKey","UtcTime":"2020-01-13 00:05:18.534","ProcessGuid":"{9d556bd4-95ce-5e1b-0000-00106bcf0000}","ProcessId":"652","Image":"C:\\WINDOWS\\system32\\lsass.exe"},"opcode":"Info","provider_guid":"{5770385f-c22a-43e0-bf4c-06f5698ffbd9}","process":{"pid":2668,"thread":{"id":3728}}},"event":{"action":"Registry object added or deleted (rule: RegistryEvent)","created":"2020-01-13T00:05:19.570Z","kind":"event","code":12},"log":{"level":"information"},"message":"Registry object added or deleted:\nRuleName: \nEventType: CreateKey\nUtcTime: 2020-01-13 00:05:18.534\nProcessGuid: {9d556bd4-95ce-5e1b-0000-00106bcf0000}\nProcessId: 652\nImage: C:\\WINDOWS\\system32\\lsass.exe\nTargetObject: HKLM\\System\\CurrentControlSet\\Control\\Hvsi","ecs":{"version":"1.1.0"}}
{"@timestamp":"2020-01-13T00:05:18.543Z","@metadata":{"beat":"winlogbeat","type":"_doc","version":"7.4.0","topic":"winlogbeat"},"winlog":{"record_id":12220244,"task":"Registry object added or deleted (rule: RegistryEvent)","provider_guid":"{5770385f-c22a-43e0-bf4c-06f5698ffbd9}","channel":"Microsoft-Windows-Sysmon/Operational","provider_name":"Microsoft-Windows-Sysmon","computer_name":"win10.marvel.local","user":{"identifier":"S-1-5-18","name":"SYSTEM","domain":"NT AUTHORITY","type":"User"},"event_id":12,"version":2,"event_data":{"UtcTime":"2020-01-13 00:05:18.542","ProcessGuid":"{9d556bd4-95ce-5e1b-0000-00106bcf0000}","ProcessId":"652","Image":"C:\\WINDOWS\\system32\\lsass.exe","TargetObject":"HKLM\\SOFTWARE\\Microsoft\\Hvsi","EventType":"CreateKey"},"api":"wineventlog","opcode":"Info","process":{"thread":{"id":3728},"pid":2668}},"event":{"created":"2020-01-13T00:05:19.570Z","kind":"event","code":12,"action":"Registry object added or deleted (rule: RegistryEvent)"},"log":{"level":"information"},"message":"Registry object added or deleted:\nRuleName: \nEventType: CreateKey\nUtcTime: 2020-01-13 00:05:18.542\nProcessGuid: {9d556bd4-95ce-5e1b-0000-00106bcf0000}\nProcessId: 652\nImage: C:\\WINDOWS\\system32\\lsass.exe\nTargetObject: HKLM\\SOFTWARE\\Microsoft\\Hvsi","ecs":{"version":"1.1.0"},"host":{"name":"win10"},"agent":{"id":"48e12a22-5293-48b2-be18-b209a2e8228b","version":"7.4.0","type":"winlogbeat","ephemeral_id":"63b64902-85b7-4e5b-8603-9a5a923a012f","hostname":"win10"}}
{"@timestamp":"2020-01-13T00:05:18.543Z","@metadata":{"beat":"winlogbeat","type":"_doc","version":"7.4.0","topic":"winlogbeat"},"ecs":{"version":"1.1.0"},"host":{"name":"win10"},"agent":{"type":"winlogbeat","ephemeral_id":"63b64902-85b7-4e5b-8603-9a5a923a012f","hostname":"win10","id":"48e12a22-5293-48b2-be18-b209a2e8228b","version":"7.4.0"},"message":"Registry object added or deleted:\nRuleName: \nEventType: CreateKey\nUtcTime: 2020-01-13 00:05:18.543\nProcessGuid: {9d556bd4-95ce-5e1b-0000-00106bcf0000}\nProcessId: 652\nImage: C:\\WINDOWS\\system32\\lsass.exe\nTargetObject: HKLM\\System\\CurrentControlSet\\Control\\Hvsi","winlog":{"provider_name":"Microsoft-Windows-Sysmon","record_id":12220245,"computer_name":"win10.marvel.local","process":{"pid":2668,"thread":{"id":3728}},"api":"wineventlog","provider_guid":"{5770385f-c22a-43e0-bf4c-06f5698ffbd9}","channel":"Microsoft-Windows-Sysmon/Operational","event_id":12,"user":{"domain":"NT AUTHORITY","type":"User","identifier":"S-1-5-18","name":"SYSTEM"},"event_data":{"ProcessGuid":"{9d556bd4-95ce-5e1b-0000-00106bcf0000}","ProcessId":"652","Image":"C:\\WINDOWS\\system32\\lsass.exe","TargetObject":"HKLM\\System\\CurrentControlSet\\Control\\Hvsi","EventType":"CreateKey","UtcTime":"2020-01-13 00:05:18.543"},"version":2,"task":"Registry object added or deleted (rule: RegistryEvent)","opcode":"Info"},"event":{"code":12,"action":"Registry object added or deleted (rule: RegistryEvent)","created":"2020-01-13T00:05:19.570Z","kind":"event"},"log":{"level":"information"}}
{"@timestamp":"2020-01-13T00:05:18.544Z","@metadata":{"beat":"winlogbeat","type":"_doc","version":"7.4.0","topic":"winlogbeat"},"agent":{"ephemeral_id":"63b64902-85b7-4e5b-8603-9a5a923a012f","hostname":"win10","id":"48e12a22-5293-48b2-be18-b209a2e8228b","version":"7.4.0","type":"winlogbeat"},"ecs":{"version":"1.1.0"},"winlog":{"opcode":"Info","user":{"name":"SYSTEM","domain":"NT AUTHORITY","type":"User","identifier":"S-1-5-18"},"provider_name":"Microsoft-Windows-Sysmon","record_id":12220246,"task":"RawAccessRead detected (rule: RawAccessRead)","api":"wineventlog","provider_guid":"{5770385f-c22a-43e0-bf4c-06f5698ffbd9}","version":2,"event_data":{"UtcTime":"2020-01-13 00:05:18.543","ProcessGuid":"{9d556bd4-95ce-5e1b-0000-00106bcf0000}","ProcessId":"652","Image":"C:\\Windows\\System32\\lsass.exe","Device":"\\Device\\HarddiskVolume1"},"event_id":9,"process":{"pid":2668,"thread":{"id":3728}},"channel":"Microsoft-Windows-Sysmon/Operational","computer_name":"win10.marvel.local"},"event":{"action":"RawAccessRead detected (rule: RawAccessRead)","created":"2020-01-13T00:05:19.570Z","kind":"event","code":9},"log":{"level":"information"},"message":"RawAccessRead detected:\nRuleName: \nUtcTime: 2020-01-13 00:05:18.543\nProcessGuid: {9d556bd4-95ce-5e1b-0000-00106bcf0000}\nProcessId: 652\nImage: C:\\Windows\\System32\\lsass.exe\nDevice: \\Device\\HarddiskVolume1","host":{"name":"win10"}}
{"@timestamp":"2020-01-13T00:05:18.544Z","@metadata":{"beat":"winlogbeat","type":"_doc","version":"7.4.0","topic":"winlogbeat"},"winlog":{"version":2,"channel":"Microsoft-Windows-Sysmon/Operational","process":{"thread":{"id":3728},"pid":2668},"user":{"identifier":"S-1-5-18","name":"SYSTEM","domain":"NT AUTHORITY","type":"User"},"provider_guid":"{5770385f-c22a-43e0-bf4c-06f5698ffbd9}","task":"RawAccessRead detected (rule: RawAccessRead)","api":"wineventlog","opcode":"Info","event_data":{"ProcessId":"652","Image":"C:\\Windows\\System32\\lsass.exe","Device":"\\Device\\HarddiskVolume1","UtcTime":"2020-01-13 00:05:18.543","ProcessGuid":"{9d556bd4-95ce-5e1b-0000-00106bcf0000}"},"event_id":9,"record_id":12220247,"computer_name":"win10.marvel.local","provider_name":"Microsoft-Windows-Sysmon"},"event":{"created":"2020-01-13T00:05:19.570Z","kind":"event","code":9,"action":"RawAccessRead detected (rule: RawAccessRead)"},"log":{"level":"information"},"message":"RawAccessRead detected:\nRuleName: \nUtcTime: 2020-01-13 00:05:18.543\nProcessGuid: {9d556bd4-95ce-5e1b-0000-00106bcf0000}\nProcessId: 652\nImage: C:\\Windows\\System32\\lsass.exe\nDevice: \\Device\\HarddiskVolume1","ecs":{"version":"1.1.0"},"host":{"name":"win10"},"agent":{"version":"7.4.0","type":"winlogbeat","ephemeral_id":"63b64902-85b7-4e5b-8603-9a5a923a012f","hostname":"win10","id":"48e12a22-5293-48b2-be18-b209a2e8228b"}}
{"@timestamp":"2020-01-13T00:05:18.544Z","@metadata":{"beat":"winlogbeat","type":"_doc","version":"7.4.0","topic":"winlogbeat"},"event":{"kind":"event","code":12,"action":"Registry object added or deleted (rule: RegistryEvent)","created":"2020-01-13T00:05:19.570Z"},"log":{"level":"information"},"message":"Registry object added or deleted:\nRuleName: \nEventType: CreateKey\nUtcTime: 2020-01-13 00:05:18.543\nProcessGuid: {9d556bd4-95ce-5e1b-0000-00106bcf0000}\nProcessId: 652\nImage: C:\\WINDOWS\\system32\\lsass.exe\nTargetObject: HKLM\\SOFTWARE\\Microsoft\\Hvsi","winlog":{"user":{"domain":"NT AUTHORITY","type":"User","identifier":"S-1-5-18","name":"SYSTEM"},"record_id":12220248,"api":"wineventlog","opcode":"Info","provider_guid":"{5770385f-c22a-43e0-bf4c-06f5698ffbd9}","process":{"pid":2668,"thread":{"id":3728}},"task":"Registry object added or deleted (rule: RegistryEvent)","computer_name":"win10.marvel.local","version":2,"event_data":{"Image":"C:\\WINDOWS\\system32\\lsass.exe","TargetObject":"HKLM\\SOFTWARE\\Microsoft\\Hvsi","EventType":"CreateKey","UtcTime":"2020-01-13 00:05:18.543","ProcessGuid":"{9d556bd4-95ce-5e1b-0000-00106bcf0000}","ProcessId":"652"},"channel":"Microsoft-Windows-Sysmon/Operational","event_id":12,"provider_name":"Microsoft-Windows-Sysmon"},"ecs":{"version":"1.1.0"},"host":{"name":"win10"},"agent":{"ephemeral_id":"63b64902-85b7-4e5b-8603-9a5a923a012f","hostname":"win10","id":"48e12a22-5293-48b2-be18-b209a2e8228b","version":"7.4.0","type":"winlogbeat"}}
{"@timestamp":"2020-01-13T00:05:18.544Z","@metadata":{"beat":"winlogbeat","type":"_doc","version":"7.4.0","topic":"winlogbeat"},"event":{"kind":"event","code":12,"action":"Registry object added or deleted (rule: RegistryEvent)","created":"2020-01-13T00:05:19.570Z"},"log":{"level":"information"},"message":"Registry object added or deleted:\nRuleName: \nEventType: CreateKey\nUtcTime: 2020-01-13 00:05:18.543\nProcessGuid: {9d556bd4-95ce-5e1b-0000-00106bcf0000}\nProcessId: 652\nImage: C:\\WINDOWS\\system32\\lsass.exe\nTargetObject: HKLM\\System\\CurrentControlSet\\Control\\Hvsi","agent":{"ephemeral_id":"63b64902-85b7-4e5b-8603-9a5a923a012f","hostname":"win10","id":"48e12a22-5293-48b2-be18-b209a2e8228b","version":"7.4.0","type":"winlogbeat"},"ecs":{"version":"1.1.0"},"host":{"name":"win10"},"winlog":{"version":2,"user":{"type":"User","identifier":"S-1-5-18","name":"SYSTEM","domain":"NT AUTHORITY"},"channel":"Microsoft-Windows-Sysmon/Operational","provider_name":"Microsoft-Windows-Sysmon","api":"wineventlog","event_data":{"UtcTime":"2020-01-13 00:05:18.543","ProcessGuid":"{9d556bd4-95ce-5e1b-0000-00106bcf0000}","ProcessId":"652","Image":"C:\\WINDOWS\\system32\\lsass.exe","TargetObject":"HKLM\\System\\CurrentControlSet\\Control\\Hvsi","EventType":"CreateKey"},"provider_guid":"{5770385f-c22a-43e0-bf4c-06f5698ffbd9}","opcode":"Info","computer_name":"win10.marvel.local","event_id":12,"record_id":12220249,"task":"Registry object added or deleted (rule: RegistryEvent)","process":{"pid":2668,"thread":{"id":3728}}}}
{"@timestamp":"2020-01-13T00:05:18.625Z","@metadata":{"beat":"winlogbeat","type":"_doc","version":"7.4.0","topic":"winlogbeat"},"agent":{"ephemeral_id":"63b64902-85b7-4e5b-8603-9a5a923a012f","hostname":"win10","id":"48e12a22-5293-48b2-be18-b209a2e8228b","version":"7.4.0","type":"winlogbeat"},"log":{"level":"information"},"message":"A logon was attempted using explicit credentials.\n\nSubject:\n\tSecurity ID:\t\tS-1-5-18\n\tAccount Name:\t\tWIN10$\n\tAccount Domain:\t\tMARVEL\n\tLogon ID:\t\t0x3E7\n\tLogon GUID:\t\t{00000000-0000-0000-0000-000000000000}\n\nAccount Whose Credentials Were Used:\n\tAccount Name:\t\tthor\n\tAccount Domain:\t\tMARVEL\n\tLogon GUID:\t\t{00000000-0000-0000-0000-000000000000}\n\nTarget Server:\n\tTarget Server Name:\tlocalhost\n\tAdditional Information:\tlocalhost\n\nProcess Information:\n\tProcess ID:\t\t0x28c\n\tProcess Name:\t\tC:\\Windows\\System32\\lsass.exe\n\nNetwork Information:\n\tNetwork Address:\t-\n\tPort:\t\t\t-\n\nThis event is generated when a process attempts to log on an account by explicitly specifying that accounts credentials.  This most commonly occurs in batch-type configurations such as scheduled tasks, or when using the RUNAS command.","winlog":{"computer_name":"win10.marvel.local","provider_guid":"{54849625-5478-4994-a5ba-3e3b0328c30d}","process":{"pid":652,"thread":{"id":6736}},"event_id":4648,"provider_name":"Microsoft-Windows-Security-Auditing","record_id":5844,"task":"Logon","channel":"Security","opcode":"Info","api":"wineventlog","event_data":{"SubjectDomainName":"MARVEL","TargetLogonGuid":"{00000000-0000-0000-0000-000000000000}","TargetUserName":"thor","TargetServerName":"localhost","ProcessName":"C:\\Windows\\System32\\lsass.exe","SubjectUserSid":"S-1-5-18","IpAddress":"-","IpPort":"-","SubjectLogonId":"0x3e7","LogonGuid":"{00000000-0000-0000-0000-000000000000}","TargetDomainName":"MARVEL","ProcessId":"0x28c","SubjectUserName":"WIN10$","TargetInfo":"localhost"},"keywords":["Audit Success"]},"event":{"code":4648,"action":"Logon","created":"2020-01-13T00:05:20.567Z","kind":"event"},"ecs":{"version":"1.1.0"},"host":{"name":"win10"}}
{"@timestamp":"2020-01-13T00:05:18.625Z","@metadata":{"beat":"winlogbeat","type":"_doc","version":"7.4.0","topic":"winlogbeat"},"event":{"action":"Logon","created":"2020-01-13T00:05:20.567Z","kind":"event","code":4624},"log":{"level":"information"},"message":"An account was successfully logged on.\n\nSubject:\n\tSecurity ID:\t\tS-1-5-18\n\tAccount Name:\t\tWIN10$\n\tAccount Domain:\t\tMARVEL\n\tLogon ID:\t\t0x3E7\n\nLogon Information:\n\tLogon Type:\t\t7\n\tRestricted Admin Mode:\t-\n\tVirtual Account:\t\tNo\n\tElevated Token:\t\tYes\n\nImpersonation Level:\t\tImpersonation\n\nNew Logon:\n\tSecurity ID:\t\tS-1-5-21-3240029639-634101575-1932135703-1203\n\tAccount Name:\t\tthor\n\tAccount Domain:\t\tMARVEL\n\tLogon ID:\t\t0x10D0534\n\tLinked Logon ID:\t\t0x10D184F\n\tNetwork Account Name:\t-\n\tNetwork Account Domain:\t-\n\tLogon GUID:\t\t{00000000-0000-0000-0000-000000000000}\n\nProcess Information:\n\tProcess ID:\t\t0x28c\n\tProcess Name:\t\tC:\\Windows\\System32\\lsass.exe\n\nNetwork Information:\n\tWorkstation Name:\tWIN10\n\tSource Network Address:\t-\n\tSource Port:\t\t-\n\nDetailed Authentication Information:\n\tLogon Process:\t\tNegotiat\n\tAuthentication Package:\tNegotiate\n\tTransited Services:\t-\n\tPackage Name (NTLM only):\t-\n\tKey Length:\t\t0\n\nThis event is generated when a logon session is created. It is generated on the computer that was accessed.\n\nThe subject fields indicate the account on the local system which requested the logon. This is most commonly a service such as the Server service, or a local process such as Winlogon.exe or Services.exe.\n\nThe logon type field indicates the kind of logon that occurred. The most common types are 2 (interactive) and 3 (network).\n\nThe New Logon fields indicate the account for whom the new logon was created, i.e. the account that was logged on.\n\nThe network fields indicate where a remote logon request originated. Workstation name is not always available and may be left blank in some cases.\n\nThe impersonation level field indicates the extent to which a process in the logon session can impersonate.\n\nThe authentication information fields provide detailed information about this specific logon request.\n\t- Logon GUID is a unique identifier that can be used to correlate this event with a KDC event.\n\t- Transited services indicate which intermediate services have participated in this logon request.\n\t- Package name indicates which sub-protocol was used among the NTLM protocols.\n\t- Key length indicates the length of the generated session key. This will be 0 if no session key was requested.","ecs":{"version":"1.1.0"},"host":{"name":"win10"},"agent":{"ephemeral_id":"63b64902-85b7-4e5b-8603-9a5a923a012f","hostname":"win10","id":"48e12a22-5293-48b2-be18-b209a2e8228b","version":"7.4.0","type":"winlogbeat"},"winlog":{"opcode":"Info","event_data":{"AuthenticationPackageName":"Negotiate","IpAddress":"-","LogonType":"7","ProcessName":"C:\\Windows\\System32\\lsass.exe","TargetLinkedLogonId":"0x10d184f","IpPort":"-","KeyLength":"0","TargetDomainName":"MARVEL","TransmittedServices":"-","SubjectUserSid":"S-1-5-18","TargetLogonId":"0x10d0534","TargetOutboundUserName":"-","LogonProcessName":"Negotiat","SubjectLogonId":"0x3e7","SubjectDomainName":"MARVEL","LmPackageName":"-","TargetOutboundDomainName":"-","ProcessId":"0x28c","VirtualAccount":"%%1843","TargetUserSid":"S-1-5-21-3240029639-634101575-1932135703-1203","RestrictedAdminMode":"-","SubjectUserName":"WIN10$","LogonGuid":"{00000000-0000-0000-0000-000000000000}","TargetUserName":"thor","ImpersonationLevel":"%%1833","ElevatedToken":"%%1842","WorkstationName":"WIN10"},"task":"Logon","keywords":["Audit Success"],"api":"wineventlog","computer_name":"win10.marvel.local","provider_name":"Microsoft-Windows-Security-Auditing","record_id":5845,"provider_guid":"{54849625-5478-4994-a5ba-3e3b0328c30d}","process":{"pid":652,"thread":{"id":6736}},"channel":"Security","event_id":4624,"version":2}}
{"@timestamp":"2020-01-13T00:05:18.625Z","@metadata":{"beat":"winlogbeat","type":"_doc","version":"7.4.0","topic":"winlogbeat"},"message":"An account was successfully logged on.\n\nSubject:\n\tSecurity ID:\t\tS-1-5-18\n\tAccount Name:\t\tWIN10$\n\tAccount Domain:\t\tMARVEL\n\tLogon ID:\t\t0x3E7\n\nLogon Information:\n\tLogon Type:\t\t7\n\tRestricted Admin Mode:\t-\n\tVirtual Account:\t\tNo\n\tElevated Token:\t\tNo\n\nImpersonation Level:\t\tImpersonation\n\nNew Logon:\n\tSecurity ID:\t\tS-1-5-21-3240029639-634101575-1932135703-1203\n\tAccount Name:\t\tthor\n\tAccount Domain:\t\tMARVEL\n\tLogon ID:\t\t0x10D184F\n\tLinked Logon ID:\t\t0x10D0534\n\tNetwork Account Name:\t-\n\tNetwork Account Domain:\t-\n\tLogon GUID:\t\t{00000000-0000-0000-0000-000000000000}\n\nProcess Information:\n\tProcess ID:\t\t0x28c\n\tProcess Name:\t\tC:\\Windows\\System32\\lsass.exe\n\nNetwork Information:\n\tWorkstation Name:\tWIN10\n\tSource Network Address:\t-\n\tSource Port:\t\t-\n\nDetailed Authentication Information:\n\tLogon Process:\t\tNegotiat\n\tAuthentication Package:\tNegotiate\n\tTransited Services:\t-\n\tPackage Name (NTLM only):\t-\n\tKey Length:\t\t0\n\nThis event is generated when a logon session is created. It is generated on the computer that was accessed.\n\nThe subject fields indicate the account on the local system which requested the logon. This is most commonly a service such as the Server service, or a local process such as Winlogon.exe or Services.exe.\n\nThe logon type field indicates the kind of logon that occurred. The most common types are 2 (interactive) and 3 (network).\n\nThe New Logon fields indicate the account for whom the new logon was created, i.e. the account that was logged on.\n\nThe network fields indicate where a remote logon request originated. Workstation name is not always available and may be left blank in some cases.\n\nThe impersonation level field indicates the extent to which a process in the logon session can impersonate.\n\nThe authentication information fields provide detailed information about this specific logon request.\n\t- Logon GUID is a unique identifier that can be used to correlate this event with a KDC event.\n\t- Transited services indicate which intermediate services have participated in this logon request.\n\t- Package name indicates which sub-protocol was used among the NTLM protocols.\n\t- Key length indicates the length of the generated session key. This will be 0 if no session key was requested.","ecs":{"version":"1.1.0"},"host":{"name":"win10"},"agent":{"version":"7.4.0","type":"winlogbeat","ephemeral_id":"63b64902-85b7-4e5b-8603-9a5a923a012f","hostname":"win10","id":"48e12a22-5293-48b2-be18-b209a2e8228b"},"winlog":{"version":2,"channel":"Security","event_id":4624,"task":"Logon","api":"wineventlog","provider_guid":"{54849625-5478-4994-a5ba-3e3b0328c30d}","keywords":["Audit Success"],"opcode":"Info","provider_name":"Microsoft-Windows-Security-Auditing","record_id":5846,"event_data":{"LogonProcessName":"Negotiat","TargetLogonId":"0x10d184f","KeyLength":"0","IpPort":"-","WorkstationName":"WIN10","RestrictedAdminMode":"-","TargetDomainName":"MARVEL","ImpersonationLevel":"%%1833","LogonType":"7","ProcessId":"0x28c","SubjectUserSid":"S-1-5-18","TargetUserSid":"S-1-5-21-3240029639-634101575-1932135703-1203","ElevatedToken":"%%1843","SubjectLogonId":"0x3e7","IpAddress":"-","SubjectDomainName":"MARVEL","TargetOutboundUserName":"-","AuthenticationPackageName":"Negotiate","TargetOutboundDomainName":"-","SubjectUserName":"WIN10$","VirtualAccount":"%%1843","TargetUserName":"thor","LogonGuid":"{00000000-0000-0000-0000-000000000000}","TransmittedServices":"-","LmPackageName":"-","TargetLinkedLogonId":"0x10d0534","ProcessName":"C:\\Windows\\System32\\lsass.exe"},"process":{"pid":652,"thread":{"id":6736}},"computer_name":"win10.marvel.local"},"event":{"action":"Logon","created":"2020-01-13T00:05:20.567Z","kind":"event","code":4624},"log":{"level":"information"}}
{"@timestamp":"2020-01-13T00:05:18.625Z","@metadata":{"beat":"winlogbeat","type":"_doc","version":"7.4.0","topic":"winlogbeat"},"agent":{"ephemeral_id":"63b64902-85b7-4e5b-8603-9a5a923a012f","hostname":"win10","id":"48e12a22-5293-48b2-be18-b209a2e8228b","version":"7.4.0","type":"winlogbeat"},"message":"Special privileges assigned to new logon.\n\nSubject:\n\tSecurity ID:\t\tS-1-5-21-3240029639-634101575-1932135703-1203\n\tAccount Name:\t\tthor\n\tAccount Domain:\t\tMARVEL\n\tLogon ID:\t\t0x10D0534\n\nPrivileges:\t\tSeSecurityPrivilege\n\t\t\tSeTakeOwnershipPrivilege\n\t\t\tSeLoadDriverPrivilege\n\t\t\tSeBackupPrivilege\n\t\t\tSeRestorePrivilege\n\t\t\tSeDebugPrivilege\n\t\t\tSeSystemEnvironmentPrivilege\n\t\t\tSeImpersonatePrivilege\n\t\t\tSeDelegateSessionUserImpersonatePrivilege","winlog":{"opcode":"Info","process":{"pid":652,"thread":{"id":6736}},"channel":"Security","event_id":4672,"provider_name":"Microsoft-Windows-Security-Auditing","record_id":5847,"task":"Special Logon","computer_name":"win10.marvel.local","provider_guid":"{54849625-5478-4994-a5ba-3e3b0328c30d}","api":"wineventlog","keywords":["Audit Success"],"event_data":{"PrivilegeList":"SeSecurityPrivilege\n\t\t\tSeTakeOwnershipPrivilege\n\t\t\tSeLoadDriverPrivilege\n\t\t\tSeBackupPrivilege\n\t\t\tSeRestorePrivilege\n\t\t\tSeDebugPrivilege\n\t\t\tSeSystemEnvironmentPrivilege\n\t\t\tSeImpersonatePrivilege\n\t\t\tSeDelegateSessionUserImpersonatePrivilege","SubjectUserSid":"S-1-5-21-3240029639-634101575-1932135703-1203","SubjectUserName":"thor","SubjectDomainName":"MARVEL","SubjectLogonId":"0x10d0534"}},"event":{"kind":"event","code":4672,"action":"Special Logon","created":"2020-01-13T00:05:20.567Z"},"log":{"level":"information"},"ecs":{"version":"1.1.0"},"host":{"name":"win10"}}
{"@timestamp":"2020-01-13T00:05:18.627Z","@metadata":{"beat":"winlogbeat","type":"_doc","version":"7.4.0","topic":"winlogbeat"},"winlog":{"record_id":5848,"task":"Logoff","process":{"pid":652,"thread":{"id":732}},"event_id":4634,"provider_name":"Microsoft-Windows-Security-Auditing","event_data":{"TargetUserName":"thor","TargetDomainName":"MARVEL","TargetLogonId":"0x10d184f","LogonType":"7","TargetUserSid":"S-1-5-21-3240029639-634101575-1932135703-1203"},"channel":"Security","computer_name":"win10.marvel.local","opcode":"Info","provider_guid":"{54849625-5478-4994-a5ba-3e3b0328c30d}","api":"wineventlog","keywords":["Audit Success"]},"event":{"kind":"event","code":4634,"action":"Logoff","created":"2020-01-13T00:05:20.567Z"},"log":{"level":"information"},"ecs":{"version":"1.1.0"},"host":{"name":"win10"},"agent":{"ephemeral_id":"63b64902-85b7-4e5b-8603-9a5a923a012f","hostname":"win10","id":"48e12a22-5293-48b2-be18-b209a2e8228b","version":"7.4.0","type":"winlogbeat"},"message":"An account was logged off.\n\nSubject:\n\tSecurity ID:\t\tS-1-5-21-3240029639-634101575-1932135703-1203\n\tAccount Name:\t\tthor\n\tAccount Domain:\t\tMARVEL\n\tLogon ID:\t\t0x10D184F\n\nLogon Type:\t\t\t7\n\nThis event is generated when a logon session is destroyed. It may be positively correlated with a logon event using the Logon ID value. Logon IDs are only unique between reboots on the same computer."}
{"@timestamp":"2020-01-13T00:05:18.627Z","@metadata":{"beat":"winlogbeat","type":"_doc","version":"7.4.0","topic":"winlogbeat"},"winlog":{"provider_name":"Microsoft-Windows-Security-Auditing","computer_name":"win10.marvel.local","process":{"pid":652,"thread":{"id":732}},"event_id":4634,"record_id":5849,"provider_guid":"{54849625-5478-4994-a5ba-3e3b0328c30d}","event_data":{"TargetDomainName":"MARVEL","TargetLogonId":"0x10d0534","LogonType":"7","TargetUserSid":"S-1-5-21-3240029639-634101575-1932135703-1203","TargetUserName":"thor"},"api":"wineventlog","keywords":["Audit Success"],"channel":"Security","opcode":"Info","task":"Logoff"},"event":{"code":4634,"action":"Logoff","created":"2020-01-13T00:05:20.567Z","kind":"event"},"log":{"level":"information"},"message":"An account was logged off.\n\nSubject:\n\tSecurity ID:\t\tS-1-5-21-3240029639-634101575-1932135703-1203\n\tAccount Name:\t\tthor\n\tAccount Domain:\t\tMARVEL\n\tLogon ID:\t\t0x10D0534\n\nLogon Type:\t\t\t7\n\nThis event is generated when a logon session is destroyed. It may be positively correlated with a logon event using the Logon ID value. Logon IDs are only unique between reboots on the same computer.","host":{"name":"win10"},"agent":{"ephemeral_id":"63b64902-85b7-4e5b-8603-9a5a923a012f","hostname":"win10","id":"48e12a22-5293-48b2-be18-b209a2e8228b","version":"7.4.0","type":"winlogbeat"},"ecs":{"version":"1.1.0"}}
{"@timestamp":"2020-01-13T00:05:18.672Z","@metadata":{"beat":"winlogbeat","type":"_doc","version":"7.4.0","topic":"winlogbeat"},"log":{"level":"information"},"message":"An account was logged off.\n\nSubject:\n\tSecurity ID:\t\tS-1-5-21-3240029639-634101575-1932135703-1203\n\tAccount Name:\t\tthor\n\tAccount Domain:\t\tMARVEL\n\tLogon ID:\t\t0x10C1FD7\n\nLogon Type:\t\t\t2\n\nThis event is generated when a logon session is destroyed. It may be positively correlated with a logon event using the Logon ID value. Logon IDs are only unique between reboots on the same computer.","winlog":{"provider_name":"Microsoft-Windows-Security-Auditing","task":"Logoff","api":"wineventlog","channel":"Security","event_data":{"TargetUserSid":"S-1-5-21-3240029639-634101575-1932135703-1203","TargetUserName":"thor","TargetDomainName":"MARVEL","TargetLogonId":"0x10c1fd7","LogonType":"2"},"keywords":["Audit Success"],"opcode":"Info","event_id":4634,"record_id":5850,"computer_name":"win10.marvel.local","provider_guid":"{54849625-5478-4994-a5ba-3e3b0328c30d}","process":{"thread":{"id":7800},"pid":652}},"event":{"action":"Logoff","created":"2020-01-13T00:05:20.567Z","kind":"event","code":4634},"host":{"name":"win10"},"agent":{"version":"7.4.0","type":"winlogbeat","ephemeral_id":"63b64902-85b7-4e5b-8603-9a5a923a012f","hostname":"win10","id":"48e12a22-5293-48b2-be18-b209a2e8228b"},"ecs":{"version":"1.1.0"}}
{"@timestamp":"2020-01-13T00:05:18.672Z","@metadata":{"beat":"winlogbeat","type":"_doc","version":"7.4.0","topic":"winlogbeat"},"ecs":{"version":"1.1.0"},"host":{"name":"win10"},"message":"An account was logged off.\n\nSubject:\n\tSecurity ID:\t\tS-1-5-21-3240029639-634101575-1932135703-1203\n\tAccount Name:\t\tthor\n\tAccount Domain:\t\tMARVEL\n\tLogon ID:\t\t0x10C1FAC\n\nLogon Type:\t\t\t2\n\nThis event is generated when a logon session is destroyed. It may be positively correlated with a logon event using the Logon ID value. Logon IDs are only unique between reboots on the same computer.","winlog":{"keywords":["Audit Success"],"provider_guid":"{54849625-5478-4994-a5ba-3e3b0328c30d}","event_id":4634,"provider_name":"Microsoft-Windows-Security-Auditing","record_id":5851,"task":"Logoff","event_data":{"TargetUserName":"thor","TargetDomainName":"MARVEL","TargetLogonId":"0x10c1fac","LogonType":"2","TargetUserSid":"S-1-5-21-3240029639-634101575-1932135703-1203"},"opcode":"Info","channel":"Security","api":"wineventlog","computer_name":"win10.marvel.local","process":{"pid":652,"thread":{"id":732}}},"event":{"kind":"event","code":4634,"action":"Logoff","created":"2020-01-13T00:05:20.567Z"},"log":{"level":"information"},"agent":{"ephemeral_id":"63b64902-85b7-4e5b-8603-9a5a923a012f","hostname":"win10","id":"48e12a22-5293-48b2-be18-b209a2e8228b","version":"7.4.0","type":"winlogbeat"}}
{"@timestamp":"2020-01-13T00:05:22.525Z","@metadata":{"beat":"winlogbeat","type":"_doc","version":"7.4.0","topic":"winlogbeat"},"log":{"level":"information"},"ecs":{"version":"1.1.0"},"host":{"name":"win10"},"agent":{"type":"winlogbeat","ephemeral_id":"63b64902-85b7-4e5b-8603-9a5a923a012f","hostname":"win10","id":"48e12a22-5293-48b2-be18-b209a2e8228b","version":"7.4.0"},"message":"Process accessed:\nRuleName: \nUtcTime: 2020-01-13 00:05:22.524\nSourceProcessGUID: {9d556bd4-95d4-5e1b-0000-001069c80200}\nSourceProcessId: 2724\nSourceThreadId: 3480\nSourceImage: C:\\ProgramData\\Microsoft\\Windows Defender\\platform\\4.18.1911.3-0\\MsMpEng.exe\nTargetProcessGUID: {9d556bd4-ab37-5e1b-0000-00106605ea00}\nTargetProcessId: 8760\nTargetImage: C:\\Tools\\winlogbeat-7.4.0-windows-x86_64\\winlogbeat.exe\nGrantedAccess: 0x101000\nCallTrace: C:\\WINDOWS\\SYSTEM32\\ntdll.dll+9c584|C:\\WINDOWS\\System32\\KERNELBASE.dll+2730e|C:\\ProgramData\\Microsoft\\Windows Defender\\Definition Updates\\{814E0E01-50B1-4E22-9825-21025E9237C6}\\mpengine.dll+4af9b4|C:\\ProgramData\\Microsoft\\Windows Defender\\Definition Updates\\{814E0E01-50B1-4E22-9825-21025E9237C6}\\mpengine.dll+4af788|C:\\ProgramData\\Microsoft\\Windows Defender\\Definition Updates\\{814E0E01-50B1-4E22-9825-21025E9237C6}\\mpengine.dll+4b11c3|C:\\ProgramData\\Microsoft\\Windows Defender\\Definition Updates\\{814E0E01-50B1-4E22-9825-21025E9237C6}\\mpengine.dll+5c5ffd|C:\\ProgramData\\Microsoft\\Windows Defender\\Definition Updates\\{814E0E01-50B1-4E22-9825-21025E9237C6}\\mpengine.dll+6008b6|C:\\ProgramData\\Microsoft\\Windows Defender\\Definition Updates\\{814E0E01-50B1-4E22-9825-21025E9237C6}\\mpengine.dll+602327|C:\\ProgramData\\Microsoft\\Windows Defender\\Definition Updates\\{814E0E01-50B1-4E22-9825-21025E9237C6}\\mpengine.dll+5fb049|C:\\ProgramData\\Microsoft\\Windows Defender\\Definition Updates\\{814E0E01-50B1-4E22-9825-21025E9237C6}\\mpengine.dll+5f9977|C:\\ProgramData\\Microsoft\\Windows Defender\\Definition Updates\\{814E0E01-50B1-4E22-9825-21025E9237C6}\\mpengine.dll+5fba86|C:\\ProgramData\\Microsoft\\Windows Defender\\Definition Updates\\{814E0E01-50B1-4E22-9825-21025E9237C6}\\mpengine.dll+5fba01|C:\\ProgramData\\Microsoft\\Windows Defender\\Definition Updates\\{814E0E01-50B1-4E22-9825-21025E9237C6}\\mpengine.dll+2b8765|C:\\ProgramData\\Microsoft\\Windows Defender\\Definition Updates\\{814E0E01-50B1-4E22-9825-21025E9237C6}\\mpengine.dll+2b6217|C:\\ProgramData\\Microsoft\\Windows Defender\\Definition Updates\\{814E0E01-50B1-4E22-9825-21025E9237C6}\\mpengine.dll+2b649e|C:\\ProgramData\\Microsoft\\Windows Defender\\Definition Updates\\{814E0E01-50B1-4E22-9825-21025E9237C6}\\mpengine.dll+2e7ae3|C:\\ProgramData\\Microsoft\\Windows Defender\\Definition Updates\\{814E0E01-50B1-4E22-9825-21025E9237C6}\\mpengine.dll+36f6e2|C:\\WINDOWS\\SYSTEM32\\ntdll.dll+3089d|C:\\WINDOWS\\SYSTEM32\\ntdll.dll+34634|C:\\WINDOWS\\System32\\KERNEL32.DLL+17bd4|C:\\WINDOWS\\SYSTEM32\\ntdll.dll+6ced1","winlog":{"provider_guid":"{5770385f-c22a-43e0-bf4c-06f5698ffbd9}","user":{"identifier":"S-1-5-18","name":"SYSTEM","domain":"NT AUTHORITY","type":"User"},"task":"Process accessed (rule: ProcessAccess)","computer_name":"win10.marvel.local","process":{"pid":2668,"thread":{"id":3728}},"event_data":{"SourceProcessId":"2724","TargetProcessId":"8760","GrantedAccess":"0x101000","SourceImage":"C:\\ProgramData\\Microsoft\\Windows Defender\\platform\\4.18.1911.3-0\\MsMpEng.exe","CallTrace":"C:\\WINDOWS\\SYSTEM32\\ntdll.dll+9c584|C:\\WINDOWS\\System32\\KERNELBASE.dll+2730e|C:\\ProgramData\\Microsoft\\Windows Defender\\Definition Updates\\{814E0E01-50B1-4E22-9825-21025E9237C6}\\mpengine.dll+4af9b4|C:\\ProgramData\\Microsoft\\Windows Defender\\Definition Updates\\{814E0E01-50B1-4E22-9825-21025E9237C6}\\mpengine.dll+4af788|C:\\ProgramData\\Microsoft\\Windows Defender\\Definition Updates\\{814E0E01-50B1-4E22-9825-21025E9237C6}\\mpengine.dll+4b11c3|C:\\ProgramData\\Microsoft\\Windows Defender\\Definition Updates\\{814E0E01-50B1-4E22-9825-21025E9237C6}\\mpengine.dll+5c5ffd|C:\\ProgramData\\Microsoft\\Windows Defender\\Definition Updates\\{814E0E01-50B1-4E22-9825-21025E9237C6}\\mpengine.dll+6008b6|C:\\ProgramData\\Microsoft\\Windows Defender\\Definition Updates\\{814E0E01-50B1-4E22-9825-21025E9237C6}\\mpengine.dll+602327|C:\\ProgramData\\Microsoft\\Windows Defender\\Definition Updates\\{814E0E01-50B1-4E22-9825-21025E9237C6}\\mpengine.dll+5fb049|C:\\ProgramData\\Microsoft\\Windows Defender\\Definition Updates\\{814E0E01-50B1-4E22-9825-21025E9237C6}\\mpengine.dll+5f9977|C:\\ProgramData\\Microsoft\\Windows Defender\\Definition Updates\\{814E0E01-50B1-4E22-9825-21025E9237C6}\\mpengine.dll+5fba86|C:\\ProgramData\\Microsoft\\Windows Defender\\Definition Updates\\{814E0E01-50B1-4E22-9825-21025E9237C6}\\mpengine.dll+5fba01|C:\\ProgramData\\Microsoft\\Windows Defender\\Definition Updates\\{814E0E01-50B1-4E22-9825-21025E9237C6}\\mpengine.dll+2b8765|C:\\ProgramData\\Microsoft\\Windows Defender\\Definition Updates\\{814E0E01-50B1-4E22-9825-21025E9237C6}\\mpengine.dll+2b6217|C:\\ProgramData\\Microsoft\\Windows Defender\\Definition Updates\\{814E0E01-50B1-4E22-9825-21025E9237C6}\\mpengine.dll+2b649e|C:\\ProgramData\\Microsoft\\Windows Defender\\Definition Updates\\{814E0E01-50B1-4E22-9825-21025E9237C6}\\mpengine.dll+2e7ae3|C:\\ProgramData\\Microsoft\\Windows Defender\\Definition Updates\\{814E0E01-50B1-4E22-9825-21025E9237C6}\\mpengine.dll+36f6e2|C:\\WINDOWS\\SYSTEM32\\ntdll.dll+3089d|C:\\WINDOWS\\SYSTEM32\\ntdll.dll+34634|C:\\WINDOWS\\System32\\KERNEL32.DLL+17bd4|C:\\WINDOWS\\SYSTEM32\\ntdll.dll+6ced1","UtcTime":"2020-01-13 00:05:22.524","SourceProcessGUID":"{9d556bd4-95d4-5e1b-0000-001069c80200}","SourceThreadId":"3480","TargetProcessGUID":"{9d556bd4-ab37-5e1b-0000-00106605ea00}","TargetImage":"C:\\Tools\\winlogbeat-7.4.0-windows-x86_64\\winlogbeat.exe"},"provider_name":"Microsoft-Windows-Sysmon","record_id":12220250,"event_id":10,"opcode":"Info","api":"wineventlog","version":3,"channel":"Microsoft-Windows-Sysmon/Operational"},"event":{"created":"2020-01-13T00:05:23.600Z","kind":"event","code":10,"action":"Process accessed (rule: ProcessAccess)"}}
{"@timestamp":"2020-01-13T00:05:22.525Z","@metadata":{"beat":"winlogbeat","type":"_doc","version":"7.4.0","topic":"winlogbeat"},"ecs":{"version":"1.1.0"},"host":{"name":"win10"},"agent":{"ephemeral_id":"63b64902-85b7-4e5b-8603-9a5a923a012f","hostname":"win10","id":"48e12a22-5293-48b2-be18-b209a2e8228b","version":"7.4.0","type":"winlogbeat"},"winlog":{"opcode":"Info","event_data":{"GrantedAccess":"0x1010","SourceProcessGUID":"{9d556bd4-95d4-5e1b-0000-001069c80200}","SourceThreadId":"3480","SourceImage":"C:\\ProgramData\\Microsoft\\Windows Defender\\platform\\4.18.1911.3-0\\MsMpEng.exe","SourceProcessId":"2724","TargetProcessGUID":"{9d556bd4-ab37-5e1b-0000-00106605ea00}","TargetProcessId":"8760","TargetImage":"C:\\Tools\\winlogbeat-7.4.0-windows-x86_64\\winlogbeat.exe","CallTrace":"C:\\WINDOWS\\SYSTEM32\\ntdll.dll+9c584|C:\\WINDOWS\\System32\\KERNELBASE.dll+2730e|C:\\ProgramData\\Microsoft\\Windows Defender\\Definition Updates\\{814E0E01-50B1-4E22-9825-21025E9237C6}\\mpengine.dll+4af9b4|C:\\ProgramData\\Microsoft\\Windows Defender\\Definition Updates\\{814E0E01-50B1-4E22-9825-21025E9237C6}\\mpengine.dll+4af788|C:\\ProgramData\\Microsoft\\Windows Defender\\Definition Updates\\{814E0E01-50B1-4E22-9825-21025E9237C6}\\mpengine.dll+4add27|C:\\ProgramData\\Microsoft\\Windows Defender\\Definition Updates\\{814E0E01-50B1-4E22-9825-21025E9237C6}\\mpengine.dll+60077d|C:\\ProgramData\\Microsoft\\Windows Defender\\Definition Updates\\{814E0E01-50B1-4E22-9825-21025E9237C6}\\mpengine.dll+602337|C:\\ProgramData\\Microsoft\\Windows Defender\\Definition Updates\\{814E0E01-50B1-4E22-9825-21025E9237C6}\\mpengine.dll+5fb049|C:\\ProgramData\\Microsoft\\Windows Defender\\Definition Updates\\{814E0E01-50B1-4E22-9825-21025E9237C6}\\mpengine.dll+5f9977|C:\\ProgramData\\Microsoft\\Windows Defender\\Definition Updates\\{814E0E01-50B1-4E22-9825-21025E9237C6}\\mpengine.dll+5fba86|C:\\ProgramData\\Microsoft\\Windows Defender\\Definition Updates\\{814E0E01-50B1-4E22-9825-21025E9237C6}\\mpengine.dll+5fba01|C:\\ProgramData\\Microsoft\\Windows Defender\\Definition Updates\\{814E0E01-50B1-4E22-9825-21025E9237C6}\\mpengine.dll+2b8765|C:\\ProgramData\\Microsoft\\Windows Defender\\Definition Updates\\{814E0E01-50B1-4E22-9825-21025E9237C6}\\mpengine.dll+2b6217|C:\\ProgramData\\Microsoft\\Windows Defender\\Definition Updates\\{814E0E01-50B1-4E22-9825-21025E9237C6}\\mpengine.dll+2b649e|C:\\ProgramData\\Microsoft\\Windows Defender\\Definition Updates\\{814E0E01-50B1-4E22-9825-21025E9237C6}\\mpengine.dll+2e7ae3|C:\\ProgramData\\Microsoft\\Windows Defender\\Definition Updates\\{814E0E01-50B1-4E22-9825-21025E9237C6}\\mpengine.dll+36f6e2|C:\\WINDOWS\\SYSTEM32\\ntdll.dll+3089d|C:\\WINDOWS\\SYSTEM32\\ntdll.dll+34634|C:\\WINDOWS\\System32\\KERNEL32.DLL+17bd4|C:\\WINDOWS\\SYSTEM32\\ntdll.dll+6ced1","UtcTime":"2020-01-13 00:05:22.524"},"process":{"thread":{"id":3728},"pid":2668},"provider_guid":"{5770385f-c22a-43e0-bf4c-06f5698ffbd9}","record_id":12220251,"task":"Process accessed (rule: ProcessAccess)","api":"wineventlog","provider_name":"Microsoft-Windows-Sysmon","computer_name":"win10.marvel.local","version":3,"user":{"identifier":"S-1-5-18","name":"SYSTEM","domain":"NT AUTHORITY","type":"User"},"channel":"Microsoft-Windows-Sysmon/Operational","event_id":10},"event":{"kind":"event","code":10,"action":"Process accessed (rule: ProcessAccess)","created":"2020-01-13T00:05:23.600Z"},"log":{"level":"information"},"message":"Process accessed:\nRuleName: \nUtcTime: 2020-01-13 00:05:22.524\nSourceProcessGUID: {9d556bd4-95d4-5e1b-0000-001069c80200}\nSourceProcessId: 2724\nSourceThreadId: 3480\nSourceImage: C:\\ProgramData\\Microsoft\\Windows Defender\\platform\\4.18.1911.3-0\\MsMpEng.exe\nTargetProcessGUID: {9d556bd4-ab37-5e1b-0000-00106605ea00}\nTargetProcessId: 8760\nTargetImage: C:\\Tools\\winlogbeat-7.4.0-windows-x86_64\\winlogbeat.exe\nGrantedAccess: 0x1010\nCallTrace: C:\\WINDOWS\\SYSTEM32\\ntdll.dll+9c584|C:\\WINDOWS\\System32\\KERNELBASE.dll+2730e|C:\\ProgramData\\Microsoft\\Windows Defender\\Definition Updates\\{814E0E01-50B1-4E22-9825-21025E9237C6}\\mpengine.dll+4af9b4|C:\\ProgramData\\Microsoft\\Windows Defender\\Definition Updates\\{814E0E01-50B1-4E22-9825-21025E9237C6}\\mpengine.dll+4af788|C:\\ProgramData\\Microsoft\\Windows Defender\\Definition Updates\\{814E0E01-50B1-4E22-9825-21025E9237C6}\\mpengine.dll+4add27|C:\\ProgramData\\Microsoft\\Windows Defender\\Definition Updates\\{814E0E01-50B1-4E22-9825-21025E9237C6}\\mpengine.dll+60077d|C:\\ProgramData\\Microsoft\\Windows Defender\\Definition Updates\\{814E0E01-50B1-4E22-9825-21025E9237C6}\\mpengine.dll+602337|C:\\ProgramData\\Microsoft\\Windows Defender\\Definition Updates\\{814E0E01-50B1-4E22-9825-21025E9237C6}\\mpengine.dll+5fb049|C:\\ProgramData\\Microsoft\\Windows Defender\\Definition Updates\\{814E0E01-50B1-4E22-9825-21025E9237C6}\\mpengine.dll+5f9977|C:\\ProgramData\\Microsoft\\Windows Defender\\Definition Updates\\{814E0E01-50B1-4E22-9825-21025E9237C6}\\mpengine.dll+5fba86|C:\\ProgramData\\Microsoft\\Windows Defender\\Definition Updates\\{814E0E01-50B1-4E22-9825-21025E9237C6}\\mpengine.dll+5fba01|C:\\ProgramData\\Microsoft\\Windows Defender\\Definition Updates\\{814E0E01-50B1-4E22-9825-21025E9237C6}\\mpengine.dll+2b8765|C:\\ProgramData\\Microsoft\\Windows Defender\\Definition Updates\\{814E0E01-50B1-4E22-9825-21025E9237C6}\\mpengine.dll+2b6217|C:\\ProgramData\\Microsoft\\Windows Defender\\Definition Updates\\{814E0E01-50B1-4E22-9825-21025E9237C6}\\mpengine.dll+2b649e|C:\\ProgramData\\Microsoft\\Windows Defender\\Definition Updates\\{814E0E01-50B1-4E22-9825-21025E9237C6}\\mpengine.dll+2e7ae3|C:\\ProgramData\\Microsoft\\Windows Defender\\Definition Updates\\{814E0E01-50B1-4E22-9825-21025E9237C6}\\mpengine.dll+36f6e2|C:\\WINDOWS\\SYSTEM32\\ntdll.dll+3089d|C:\\WINDOWS\\SYSTEM32\\ntdll.dll+34634|C:\\WINDOWS\\System32\\KERNEL32.DLL+17bd4|C:\\WINDOWS\\SYSTEM32\\ntdll.dll+6ced1"}
{"@timestamp":"2020-01-13T00:05:22.525Z","@metadata":{"beat":"winlogbeat","type":"_doc","version":"7.4.0","topic":"winlogbeat"},"host":{"name":"win10"},"agent":{"hostname":"win10","id":"48e12a22-5293-48b2-be18-b209a2e8228b","version":"7.4.0","type":"winlogbeat","ephemeral_id":"63b64902-85b7-4e5b-8603-9a5a923a012f"},"winlog":{"version":3,"user":{"identifier":"S-1-5-18","name":"SYSTEM","domain":"NT AUTHORITY","type":"User"},"event_id":10,"api":"wineventlog","computer_name":"win10.marvel.local","provider_guid":"{5770385f-c22a-43e0-bf4c-06f5698ffbd9}","channel":"Microsoft-Windows-Sysmon/Operational","task":"Process accessed (rule: ProcessAccess)","provider_name":"Microsoft-Windows-Sysmon","record_id":12220252,"opcode":"Info","process":{"pid":2668,"thread":{"id":3728}},"event_data":{"TargetImage":"C:\\Tools\\winlogbeat-7.4.0-windows-x86_64\\winlogbeat.exe","SourceProcessGUID":"{9d556bd4-95d4-5e1b-0000-001069c80200}","SourceImage":"C:\\ProgramData\\Microsoft\\Windows Defender\\platform\\4.18.1911.3-0\\MsMpEng.exe","TargetProcessGUID":"{9d556bd4-ab37-5e1b-0000-00106605ea00}","GrantedAccess":"0x1000","CallTrace":"C:\\WINDOWS\\SYSTEM32\\ntdll.dll+9c584|C:\\WINDOWS\\System32\\KERNELBASE.dll+2730e|C:\\ProgramData\\Microsoft\\Windows Defender\\Definition Updates\\{814E0E01-50B1-4E22-9825-21025E9237C6}\\mpengine.dll+4af9b4|C:\\ProgramData\\Microsoft\\Windows Defender\\Definition Updates\\{814E0E01-50B1-4E22-9825-21025E9237C6}\\mpengine.dll+4af788|C:\\ProgramData\\Microsoft\\Windows Defender\\Definition Updates\\{814E0E01-50B1-4E22-9825-21025E9237C6}\\mpengine.dll+60080f|C:\\ProgramData\\Microsoft\\Windows Defender\\Definition Updates\\{814E0E01-50B1-4E22-9825-21025E9237C6}\\mpengine.dll+602342|C:\\ProgramData\\Microsoft\\Windows Defender\\Definition Updates\\{814E0E01-50B1-4E22-9825-21025E9237C6}\\mpengine.dll+5fb049|C:\\ProgramData\\Microsoft\\Windows Defender\\Definition Updates\\{814E0E01-50B1-4E22-9825-21025E9237C6}\\mpengine.dll+5f9977|C:\\ProgramData\\Microsoft\\Windows Defender\\Definition Updates\\{814E0E01-50B1-4E22-9825-21025E9237C6}\\mpengine.dll+5fba86|C:\\ProgramData\\Microsoft\\Windows Defender\\Definition Updates\\{814E0E01-50B1-4E22-9825-21025E9237C6}\\mpengine.dll+5fba01|C:\\ProgramData\\Microsoft\\Windows Defender\\Definition Updates\\{814E0E01-50B1-4E22-9825-21025E9237C6}\\mpengine.dll+2b8765|C:\\ProgramData\\Microsoft\\Windows Defender\\Definition Updates\\{814E0E01-50B1-4E22-9825-21025E9237C6}\\mpengine.dll+2b6217|C:\\ProgramData\\Microsoft\\Windows Defender\\Definition Updates\\{814E0E01-50B1-4E22-9825-21025E9237C6}\\mpengine.dll+2b649e|C:\\ProgramData\\Microsoft\\Windows Defender\\Definition Updates\\{814E0E01-50B1-4E22-9825-21025E9237C6}\\mpengine.dll+2e7ae3|C:\\ProgramData\\Microsoft\\Windows Defender\\Definition Updates\\{814E0E01-50B1-4E22-9825-21025E9237C6}\\mpengine.dll+36f6e2|C:\\WINDOWS\\SYSTEM32\\ntdll.dll+3089d|C:\\WINDOWS\\SYSTEM32\\ntdll.dll+34634|C:\\WINDOWS\\System32\\KERNEL32.DLL+17bd4|C:\\WINDOWS\\SYSTEM32\\ntdll.dll+6ced1","UtcTime":"2020-01-13 00:05:22.524","SourceThreadId":"3480","TargetProcessId":"8760","SourceProcessId":"2724"}},"event":{"code":10,"action":"Process accessed (rule: ProcessAccess)","created":"2020-01-13T00:05:23.600Z","kind":"event"},"log":{"level":"information"},"message":"Process accessed:\nRuleName: \nUtcTime: 2020-01-13 00:05:22.524\nSourceProcessGUID: {9d556bd4-95d4-5e1b-0000-001069c80200}\nSourceProcessId: 2724\nSourceThreadId: 3480\nSourceImage: C:\\ProgramData\\Microsoft\\Windows Defender\\platform\\4.18.1911.3-0\\MsMpEng.exe\nTargetProcessGUID: {9d556bd4-ab37-5e1b-0000-00106605ea00}\nTargetProcessId: 8760\nTargetImage: C:\\Tools\\winlogbeat-7.4.0-windows-x86_64\\winlogbeat.exe\nGrantedAccess: 0x1000\nCallTrace: C:\\WINDOWS\\SYSTEM32\\ntdll.dll+9c584|C:\\WINDOWS\\System32\\KERNELBASE.dll+2730e|C:\\ProgramData\\Microsoft\\Windows Defender\\Definition Updates\\{814E0E01-50B1-4E22-9825-21025E9237C6}\\mpengine.dll+4af9b4|C:\\ProgramData\\Microsoft\\Windows Defender\\Definition Updates\\{814E0E01-50B1-4E22-9825-21025E9237C6}\\mpengine.dll+4af788|C:\\ProgramData\\Microsoft\\Windows Defender\\Definition Updates\\{814E0E01-50B1-4E22-9825-21025E9237C6}\\mpengine.dll+60080f|C:\\ProgramData\\Microsoft\\Windows Defender\\Definition Updates\\{814E0E01-50B1-4E22-9825-21025E9237C6}\\mpengine.dll+602342|C:\\ProgramData\\Microsoft\\Windows Defender\\Definition Updates\\{814E0E01-50B1-4E22-9825-21025E9237C6}\\mpengine.dll+5fb049|C:\\ProgramData\\Microsoft\\Windows Defender\\Definition Updates\\{814E0E01-50B1-4E22-9825-21025E9237C6}\\mpengine.dll+5f9977|C:\\ProgramData\\Microsoft\\Windows Defender\\Definition Updates\\{814E0E01-50B1-4E22-9825-21025E9237C6}\\mpengine.dll+5fba86|C:\\ProgramData\\Microsoft\\Windows Defender\\Definition Updates\\{814E0E01-50B1-4E22-9825-21025E9237C6}\\mpengine.dll+5fba01|C:\\ProgramData\\Microsoft\\Windows Defender\\Definition Updates\\{814E0E01-50B1-4E22-9825-21025E9237C6}\\mpengine.dll+2b8765|C:\\ProgramData\\Microsoft\\Windows Defender\\Definition Updates\\{814E0E01-50B1-4E22-9825-21025E9237C6}\\mpengine.dll+2b6217|C:\\ProgramData\\Microsoft\\Windows Defender\\Definition Updates\\{814E0E01-50B1-4E22-9825-21025E9237C6}\\mpengine.dll+2b649e|C:\\ProgramData\\Microsoft\\Windows Defender\\Definition Updates\\{814E0E01-50B1-4E22-9825-21025E9237C6}\\mpengine.dll+2e7ae3|C:\\ProgramData\\Microsoft\\Windows Defender\\Definition Updates\\{814E0E01-50B1-4E22-9825-21025E9237C6}\\mpengine.dll+36f6e2|C:\\WINDOWS\\SYSTEM32\\ntdll.dll+3089d|C:\\WINDOWS\\SYSTEM32\\ntdll.dll+34634|C:\\WINDOWS\\System32\\KERNEL32.DLL+17bd4|C:\\WINDOWS\\SYSTEM32\\ntdll.dll+6ced1","ecs":{"version":"1.1.0"}}
