{"@timestamp":"2020-01-13T00:04:51.741Z","@metadata":{"beat":"winlogbeat","type":"_doc","version":"7.4.0","topic":"winlogbeat"},"agent":{"version":"7.4.0","type":"winlogbeat","ephemeral_id":"63b64902-85b7-4e5b-8603-9a5a923a012f","hostname":"win10","id":"48e12a22-5293-48b2-be18-b209a2e8228b"},"ecs":{"version":"1.1.0"},"host":{"name":"win10"},"winlog":{"user":{"domain":"NT AUTHORITY","type":"User","identifier":"S-1-5-18","name":"SYSTEM"},"opcode":"Info","event_data":{"SourceProcessId":"2724","GrantedAccess":"0x1000","SourceProcessGUID":"{9d556bd4-95d4-5e1b-0000-001069c80200}","TargetProcessGUID":"{9d556bd4-ac15-5e1b-0000-0010b47ced00}","TargetProcessId":"1016","CallTrace":"C:\\WINDOWS\\SYSTEM32\\ntdll.dll+9c584|C:\\WINDOWS\\System32\\KERNELBASE.dll+2730e|C:\\ProgramData\\Microsoft\\Windows Defender\\Definition Updates\\{814E0E01-50B1-4E22-9825-21025E9237C6}\\mpengine.dll+4af9b4|C:\\ProgramData\\Microsoft\\Windows Defender\\Definition Updates\\{814E0E01-50B1-4E22-9825-21025E9237C6}\\mpengine.dll+4af788|C:\\ProgramData\\Microsoft\\Windows Defender\\Definition Updates\\{814E0E01-50B1-4E22-9825-21025E9237C6}\\mpengine.dll+4afafc|C:\\ProgramData\\Microsoft\\Windows Defender\\Definition Updates\\{814E0E01-50B1-4E22-9825-21025E9237C6}\\mpengine.dll+2b3366|C:\\ProgramData\\Microsoft\\Windows Defender\\Definition Updates\\{814E0E01-50B1-4E22-9825-21025E9237C6}\\mpengine.dll+2b65ee|C:\\ProgramData\\Microsoft\\Windows Defender\\Definition Updates\\{814E0E01-50B1-4E22-9825-21025E9237C6}\\mpengine.dll+2a203b|C:\\ProgramData\\Microsoft\\Windows Defender\\Definition Updates\\{814E0E01-50B1-4E22-9825-21025E9237C6}\\mpengine.dll+2a22b7|C:\\ProgramData\\Microsoft\\Windows Defender\\Definition Updates\\{814E0E01-50B1-4E22-9825-21025E9237C6}\\mpengine.dll+2a397e|C:\\ProgramData\\Microsoft\\Windows Defender\\Definition Updates\\{814E0E01-50B1-4E22-9825-21025E9237C6}\\mpengine.dll+1d81ce|C:\\ProgramData\\Microsoft\\Windows Defender\\Definition Updates\\{814E0E01-50B1-4E22-9825-21025E9237C6}\\mpengine.dll+1d7d65|C:\\ProgramData\\Microsoft\\Windows Defender\\Definition Updates\\{814E0E01-50B1-4E22-9825-21025E9237C6}\\mpengine.dll+79bdd2|C:\\ProgramData\\Microsoft\\Windows Defender\\Definition Updates\\{814E0E01-50B1-4E22-9825-21025E9237C6}\\mpengine.dll+79a875|C:\\ProgramData\\Microsoft\\Windows Defender\\Definition Updates\\{814E0E01-50B1-4E22-9825-21025E9237C6}\\mpengine.dll+3365df|C:\\ProgramData\\Microsoft\\Windows Defender\\Definition Updates\\{814E0E01-50B1-4E22-9825-21025E9237C6}\\mpengine.dll+30ed68|C:\\ProgramData\\Microsoft\\Windows Defender\\Definition Updates\\{814E0E01-50B1-4E22-9825-21025E9237C6}\\mpengine.dll+30e73a|C:\\ProgramData\\Microsoft\\Windows Defender\\Definition Updates\\{814E0E01-50B1-4E22-9825-21025E9237C6}\\mpengine.dll+1bf463|C:\\ProgramData\\Microsoft\\Windows Defender\\Definition Updates\\{814E0E01-50B1-4E22-9825-21025E9237C6}\\mpengine.dll+242f9f|C:\\ProgramData\\Microsoft\\Windows Defender\\platform\\4.18.1911.3-0\\mpsvc.dll+18467|C:\\ProgramData\\Microsoft\\Windows Defender\\platform\\4.18.1911.3-0\\mprtp.dll+15f4c|C:\\ProgramData\\Microsoft\\Windows Defender\\platform\\4.18.1911.3-0\\mprtp.dll+417f1|C:\\ProgramData\\Microsoft\\Windows Defender\\platform\\4.18.1911.3-0\\mpclient.dll+82843|C:\\WINDOWS\\SYSTEM32\\ntdll.dll+3089d","TargetImage":"C:\\Windows\\System32\\WindowsPowerShell\\v1.0\\powershell.exe","SourceImage":"C:\\ProgramData\\Microsoft\\Windows Defender\\platform\\4.18.1911.3-0\\MsMpEng.exe","UtcTime":"2020-01-13 00:04:51.727","SourceThreadId":"3480"},"event_id":10,"record_id":12220023,"provider_guid":"{5770385f-c22a-43e0-bf4c-06f5698ffbd9}","api":"wineventlog","computer_name":"win10.marvel.local","version":3,"process":{"pid":2668,"thread":{"id":3728}},"channel":"Microsoft-Windows-Sysmon/Operational","provider_name":"Microsoft-Windows-Sysmon","task":"Process accessed (rule: ProcessAccess)"},"event":{"kind":"event","code":10,"action":"Process accessed (rule: ProcessAccess)","created":"2020-01-13T00:04:52.084Z"},"log":{"level":"information"},"message":"Process accessed:\nRuleName: \nUtcTime: 2020-01-13 00:04:51.727\nSourceProcessGUID: {9d556bd4-95d4-5e1b-0000-001069c80200}\nSourceProcessId: 2724\nSourceThreadId: 3480\nSourceImage: C:\\ProgramData\\Microsoft\\Windows Defender\\platform\\4.18.1911.3-0\\MsMpEng.exe\nTargetProcessGUID: {9d556bd4-ac15-5e1b-0000-0010b47ced00}\nTargetProcessId: 1016\nTargetImage: C:\\Windows\\System32\\WindowsPowerShell\\v1.0\\powershell.exe\nGrantedAccess: 0x1000\nCallTrace: C:\\WINDOWS\\SYSTEM32\\ntdll.dll+9c584|C:\\WINDOWS\\System32\\KERNELBASE.dll+2730e|C:\\ProgramData\\Microsoft\\Windows Defender\\Definition Updates\\{814E0E01-50B1-4E22-9825-21025E9237C6}\\mpengine.dll+4af9b4|C:\\ProgramData\\Microsoft\\Windows Defender\\Definition Updates\\{814E0E01-50B1-4E22-9825-21025E9237C6}\\mpengine.dll+4af788|C:\\ProgramData\\Microsoft\\Windows Defender\\Definition Updates\\{814E0E01-50B1-4E22-9825-21025E9237C6}\\mpengine.dll+4afafc|C:\\ProgramData\\Microsoft\\Windows Defender\\Definition Updates\\{814E0E01-50B1-4E22-9825-21025E9237C6}\\mpengine.dll+2b3366|C:\\ProgramData\\Microsoft\\Windows Defender\\Definition Updates\\{814E0E01-50B1-4E22-9825-21025E9237C6}\\mpengine.dll+2b65ee|C:\\ProgramData\\Microsoft\\Windows Defender\\Definition Updates\\{814E0E01-50B1-4E22-9825-21025E9237C6}\\mpengine.dll+2a203b|C:\\ProgramData\\Microsoft\\Windows Defender\\Definition Updates\\{814E0E01-50B1-4E22-9825-21025E9237C6}\\mpengine.dll+2a22b7|C:\\ProgramData\\Microsoft\\Windows Defender\\Definition Updates\\{814E0E01-50B1-4E22-9825-21025E9237C6}\\mpengine.dll+2a397e|C:\\ProgramData\\Microsoft\\Windows Defender\\Definition Updates\\{814E0E01-50B1-4E22-9825-21025E9237C6}\\mpengine.dll+1d81ce|C:\\ProgramData\\Microsoft\\Windows Defender\\Definition Updates\\{814E0E01-50B1-4E22-9825-21025E9237C6}\\mpengine.dll+1d7d65|C:\\ProgramData\\Microsoft\\Windows Defender\\Definition Updates\\{814E0E01-50B1-4E22-9825-21025E9237C6}\\mpengine.dll+79bdd2|C:\\ProgramData\\Microsoft\\Windows Defender\\Definition Updates\\{814E0E01-50B1-4E22-9825-21025E9237C6}\\mpengine.dll+79a875|C:\\ProgramData\\Microsoft\\Windows Defender\\Definition Updates\\{814E0E01-50B1-4E22-9825-21025E9237C6}\\mpengine.dll+3365df|C:\\ProgramData\\Microsoft\\Windows Defender\\Definition Updates\\{814E0E01-50B1-4E22-9825-21025E9237C6}\\mpengine.dll+30ed68|C:\\ProgramData\\Microsoft\\Windows Defender\\Definition Updates\\{814E0E01-50B1-4E22-9825-21025E9237C6}\\mpengine.dll+30e73a|C:\\ProgramData\\Microsoft\\Windows Defender\\Definition Updates\\{814E0E01-50B1-4E22-9825-21025E9237C6}\\mpengine.dll+1bf463|C:\\ProgramData\\Microsoft\\Windows Defender\\Definition Updates\\{814E0E01-50B1-4E22-9825-21025E9237C6}\\mpengine.dll+242f9f|C:\\ProgramData\\Microsoft\\Windows Defender\\platform\\4.18.1911.3-0\\mpsvc.dll+18467|C:\\ProgramData\\Microsoft\\Windows Defender\\platform\\4.18.1911.3-0\\mprtp.dll+15f4c|C:\\ProgramData\\Microsoft\\Windows Defender\\platform\\4.18.1911.3-0\\mprtp.dll+417f1|C:\\ProgramData\\Microsoft\\Windows Defender\\platform\\4.18.1911.3-0\\mpclient.dll+82843|C:\\WINDOWS\\SYSTEM32\\ntdll.dll+3089d"}
{"@timestamp":"2020-01-13T00:04:51.743Z","@metadata":{"beat":"winlogbeat","type":"_doc","version":"7.4.0","topic":"winlogbeat"},"host":{"name":"win10"},"agent":{"type":"winlogbeat","ephemeral_id":"63b64902-85b7-4e5b-8603-9a5a923a012f","hostname":"win10","id":"48e12a22-5293-48b2-be18-b209a2e8228b","version":"7.4.0"},"winlog":{"opcode":"Info","event_id":1,"process":{"pid":2668,"thread":{"id":3728}},"user":{"identifier":"S-1-5-18","name":"SYSTEM","domain":"NT AUTHORITY","type":"User"},"task":"Process Create (rule: ProcessCreate)","api":"wineventlog","computer_name":"win10.marvel.local","provider_name":"Microsoft-Windows-Sysmon","record_id":12220024,"event_data":{"User":"MARVEL\\thor","ParentImage":"C:\\Windows\\System32\\WindowsPowerShell\\v1.0\\powershell.exe","ProcessGuid":"{9d556bd4-b423-5e1b-0000-00104e060d01}","ProcessId":"2556","Description":"?","Product":"?","ParentCommandLine":"\"C:\\Windows\\System32\\WindowsPowerShell\\v1.0\\powershell.exe\" ","CurrentDirectory":"C:\\Users\\thor\\Downloads\\injection-master\\injection-master\\InjectDLL\\x64\\Debug\\","IntegrityLevel":"High","TerminalSessionId":"1","FileVersion":"?","ParentProcessId":"1016","CommandLine":"\"C:\\Users\\thor\\Downloads\\injection-master\\injection-master\\InjectDLL\\x64\\Debug\\InjectDLL.exe\" notepad.exe .\\InjectDLL.exe 3","Image":"C:\\Users\\thor\\Downloads\\injection-master\\injection-master\\InjectDLL\\x64\\Debug\\InjectDLL.exe","Company":"?","OriginalFileName":"?","LogonGuid":"{9d556bd4-95eb-5e1b-0000-0020f8cf0d00}","ParentProcessGuid":"{9d556bd4-ac15-5e1b-0000-0010b47ced00}","UtcTime":"2020-01-13 00:04:51.736","LogonId":"0xdcff8","Hashes":"SHA1=4552610A3B94661D328BD9CA17F57372E32028B8,MD5=5B735557129C8814D792D044EDDBF65B,SHA256=A5CDE8CCB39EC7082CB0D088AD3C7AD62F30F04BE093DFCBFC83C324F966511D,IMPHASH=0C1B172412731D89E1A35F8A7276F46C"},"version":5,"channel":"Microsoft-Windows-Sysmon/Operational","provider_guid":"{5770385f-c22a-43e0-bf4c-06f5698ffbd9}"},"event":{"code":1,"action":"Process Create (rule: ProcessCreate)","created":"2020-01-13T00:04:52.084Z","kind":"event"},"log":{"level":"information"},"message":"Process Create:\nRuleName: \nUtcTime: 2020-01-13 00:04:51.736\nProcessGuid: {9d556bd4-b423-5e1b-0000-00104e060d01}\nProcessId: 2556\nImage: C:\\Users\\thor\\Downloads\\injection-master\\injection-master\\InjectDLL\\x64\\Debug\\InjectDLL.exe\nFileVersion: ?\nDescription: ?\nProduct: ?\nCompany: ?\nOriginalFileName: ?\nCommandLine: \"C:\\Users\\thor\\Downloads\\injection-master\\injection-master\\InjectDLL\\x64\\Debug\\InjectDLL.exe\" notepad.exe .\\InjectDLL.exe 3\nCurrentDirectory: C:\\Users\\thor\\Downloads\\injection-master\\injection-master\\InjectDLL\\x64\\Debug\\\nUser: MARVEL\\thor\nLogonGuid: {9d556bd4-95eb-5e1b-0000-0020f8cf0d00}\nLogonId: 0xDCFF8\nTerminalSessionId: 1\nIntegrityLevel: High\nHashes: SHA1=4552610A3B94661D328BD9CA17F57372E32028B8,MD5=5B735557129C8814D792D044EDDBF65B,SHA256=A5CDE8CCB39EC7082CB0D088AD3C7AD62F30F04BE093DFCBFC83C324F966511D,IMPHASH=0C1B172412731D89E1A35F8A7276F46C\nParentProcessGuid: {9d556bd4-ac15-5e1b-0000-0010b47ced00}\nParentProcessId: 1016\nParentImage: C:\\Windows\\System32\\WindowsPowerShell\\v1.0\\powershell.exe\nParentCommandLine: \"C:\\Windows\\System32\\WindowsPowerShell\\v1.0\\powershell.exe\" ","ecs":{"version":"1.1.0"}}
{"@timestamp":"2020-01-13T00:04:51.743Z","@metadata":{"beat":"winlogbeat","type":"_doc","version":"7.4.0","topic":"winlogbeat"},"message":"Process accessed:\nRuleName: \nUtcTime: 2020-01-13 00:04:51.727\nSourceProcessGUID: {9d556bd4-95d4-5e1b-0000-001069c80200}\nSourceProcessId: 2724\nSourceThreadId: 3480\nSourceImage: C:\\ProgramData\\Microsoft\\Windows Defender\\platform\\4.18.1911.3-0\\MsMpEng.exe\nTargetProcessGUID: {9d556bd4-ac15-5e1b-0000-0010b47ced00}\nTargetProcessId: 1016\nTargetImage: C:\\Windows\\System32\\WindowsPowerShell\\v1.0\\powershell.exe\nGrantedAccess: 0x101000\nCallTrace: C:\\WINDOWS\\SYSTEM32\\ntdll.dll+9c584|C:\\WINDOWS\\System32\\KERNELBASE.dll+2730e|C:\\ProgramData\\Microsoft\\Windows Defender\\Definition Updates\\{814E0E01-50B1-4E22-9825-21025E9237C6}\\mpengine.dll+4af9b4|C:\\ProgramData\\Microsoft\\Windows Defender\\Definition Updates\\{814E0E01-50B1-4E22-9825-21025E9237C6}\\mpengine.dll+4af788|C:\\ProgramData\\Microsoft\\Windows Defender\\Definition Updates\\{814E0E01-50B1-4E22-9825-21025E9237C6}\\mpengine.dll+2f169d|C:\\ProgramData\\Microsoft\\Windows Defender\\Definition Updates\\{814E0E01-50B1-4E22-9825-21025E9237C6}\\mpengine.dll+2b7a63|C:\\ProgramData\\Microsoft\\Windows Defender\\Definition Updates\\{814E0E01-50B1-4E22-9825-21025E9237C6}\\mpengine.dll+2b8b83|C:\\ProgramData\\Microsoft\\Windows Defender\\Definition Updates\\{814E0E01-50B1-4E22-9825-21025E9237C6}\\mpengine.dll+2b383c|C:\\ProgramData\\Microsoft\\Windows Defender\\Definition Updates\\{814E0E01-50B1-4E22-9825-21025E9237C6}\\mpengine.dll+2b65ee|C:\\ProgramData\\Microsoft\\Windows Defender\\Definition Updates\\{814E0E01-50B1-4E22-9825-21025E9237C6}\\mpengine.dll+2a203b|C:\\ProgramData\\Microsoft\\Windows Defender\\Definition Updates\\{814E0E01-50B1-4E22-9825-21025E9237C6}\\mpengine.dll+2a22b7|C:\\ProgramData\\Microsoft\\Windows Defender\\Definition Updates\\{814E0E01-50B1-4E22-9825-21025E9237C6}\\mpengine.dll+2a397e|C:\\ProgramData\\Microsoft\\Windows Defender\\Definition Updates\\{814E0E01-50B1-4E22-9825-21025E9237C6}\\mpengine.dll+1d81ce|C:\\ProgramData\\Microsoft\\Windows Defender\\Definition Updates\\{814E0E01-50B1-4E22-9825-21025E9237C6}\\mpengine.dll+1d7d65|C:\\ProgramData\\Microsoft\\Windows Defender\\Definition Updates\\{814E0E01-50B1-4E22-9825-21025E9237C6}\\mpengine.dll+79bdd2|C:\\ProgramData\\Microsoft\\Windows Defender\\Definition Updates\\{814E0E01-50B1-4E22-9825-21025E9237C6}\\mpengine.dll+79a875|C:\\ProgramData\\Microsoft\\Windows Defender\\Definition Updates\\{814E0E01-50B1-4E22-9825-21025E9237C6}\\mpengine.dll+3365df|C:\\ProgramData\\Microsoft\\Windows Defender\\Definition Updates\\{814E0E01-50B1-4E22-9825-21025E9237C6}\\mpengine.dll+30ed68|C:\\ProgramData\\Microsoft\\Windows Defender\\Definition Updates\\{814E0E01-50B1-4E22-9825-21025E9237C6}\\mpengine.dll+30e73a|C:\\ProgramData\\Microsoft\\Windows Defender\\Definition Updates\\{814E0E01-50B1-4E22-9825-21025E9237C6}\\mpengine.dll+1bf463|C:\\ProgramData\\Microsoft\\Windows Defender\\Definition Updates\\{814E0E01-50B1-4E22-9825-21025E9237C6}\\mpengine.dll+242f9f|C:\\ProgramData\\Microsoft\\Windows Defender\\platform\\4.18.1911.3-0\\mpsvc.dll+18467|C:\\ProgramData\\Microsoft\\Windows Defender\\platform\\4.18.1911.3-0\\mprtp.dll+15f4c|C:\\ProgramData\\Microsoft\\Windows Defender\\platform\\4.18.1911.3-0\\mprtp.dll+417f1","winlog":{"opcode":"Info","computer_name":"win10.marvel.local","provider_guid":"{5770385f-c22a-43e0-bf4c-06f5698ffbd9}","channel":"Microsoft-Windows-Sysmon/Operational","record_id":12220025,"process":{"pid":2668,"thread":{"id":3728}},"event_data":{"SourceProcessId":"2724","SourceThreadId":"3480","TargetImage":"C:\\Windows\\System32\\WindowsPowerShell\\v1.0\\powershell.exe","GrantedAccess":"0x101000","CallTrace":"C:\\WINDOWS\\SYSTEM32\\ntdll.dll+9c584|C:\\WINDOWS\\System32\\KERNELBASE.dll+2730e|C:\\ProgramData\\Microsoft\\Windows Defender\\Definition Updates\\{814E0E01-50B1-4E22-9825-21025E9237C6}\\mpengine.dll+4af9b4|C:\\ProgramData\\Microsoft\\Windows Defender\\Definition Updates\\{814E0E01-50B1-4E22-9825-21025E9237C6}\\mpengine.dll+4af788|C:\\ProgramData\\Microsoft\\Windows Defender\\Definition Updates\\{814E0E01-50B1-4E22-9825-21025E9237C6}\\mpengine.dll+2f169d|C:\\ProgramData\\Microsoft\\Windows Defender\\Definition Updates\\{814E0E01-50B1-4E22-9825-21025E9237C6}\\mpengine.dll+2b7a63|C:\\ProgramData\\Microsoft\\Windows Defender\\Definition Updates\\{814E0E01-50B1-4E22-9825-21025E9237C6}\\mpengine.dll+2b8b83|C:\\ProgramData\\Microsoft\\Windows Defender\\Definition Updates\\{814E0E01-50B1-4E22-9825-21025E9237C6}\\mpengine.dll+2b383c|C:\\ProgramData\\Microsoft\\Windows Defender\\Definition Updates\\{814E0E01-50B1-4E22-9825-21025E9237C6}\\mpengine.dll+2b65ee|C:\\ProgramData\\Microsoft\\Windows Defender\\Definition Updates\\{814E0E01-50B1-4E22-9825-21025E9237C6}\\mpengine.dll+2a203b|C:\\ProgramData\\Microsoft\\Windows Defender\\Definition Updates\\{814E0E01-50B1-4E22-9825-21025E9237C6}\\mpengine.dll+2a22b7|C:\\ProgramData\\Microsoft\\Windows Defender\\Definition Updates\\{814E0E01-50B1-4E22-9825-21025E9237C6}\\mpengine.dll+2a397e|C:\\ProgramData\\Microsoft\\Windows Defender\\Definition Updates\\{814E0E01-50B1-4E22-9825-21025E9237C6}\\mpengine.dll+1d81ce|C:\\ProgramData\\Microsoft\\Windows Defender\\Definition Updates\\{814E0E01-50B1-4E22-9825-21025E9237C6}\\mpengine.dll+1d7d65|C:\\ProgramData\\Microsoft\\Windows Defender\\Definition Updates\\{814E0E01-50B1-4E22-9825-21025E9237C6}\\mpengine.dll+79bdd2|C:\\ProgramData\\Microsoft\\Windows Defender\\Definition Updates\\{814E0E01-50B1-4E22-9825-21025E9237C6}\\mpengine.dll+79a875|C:\\ProgramData\\Microsoft\\Windows Defender\\Definition Updates\\{814E0E01-50B1-4E22-9825-21025E9237C6}\\mpengine.dll+3365df|C:\\ProgramData\\Microsoft\\Windows Defender\\Definition Updates\\{814E0E01-50B1-4E22-9825-21025E9237C6}\\mpengine.dll+30ed68|C:\\ProgramData\\Microsoft\\Windows Defender\\Definition Updates\\{814E0E01-50B1-4E22-9825-21025E9237C6}\\mpengine.dll+30e73a|C:\\ProgramData\\Microsoft\\Windows Defender\\Definition Updates\\{814E0E01-50B1-4E22-9825-21025E9237C6}\\mpengine.dll+1bf463|C:\\ProgramData\\Microsoft\\Windows Defender\\Definition Updates\\{814E0E01-50B1-4E22-9825-21025E9237C6}\\mpengine.dll+242f9f|C:\\ProgramData\\Microsoft\\Windows Defender\\platform\\4.18.1911.3-0\\mpsvc.dll+18467|C:\\ProgramData\\Microsoft\\Windows Defender\\platform\\4.18.1911.3-0\\mprtp.dll+15f4c|C:\\ProgramData\\Microsoft\\Windows Defender\\platform\\4.18.1911.3-0\\mprtp.dll+417f1","UtcTime":"2020-01-13 00:04:51.727","SourceImage":"C:\\ProgramData\\Microsoft\\Windows Defender\\platform\\4.18.1911.3-0\\MsMpEng.exe","TargetProcessGUID":"{9d556bd4-ac15-5e1b-0000-0010b47ced00}","TargetProcessId":"1016","SourceProcessGUID":"{9d556bd4-95d4-5e1b-0000-001069c80200}"},"event_id":10,"task":"Process accessed (rule: ProcessAccess)","api":"wineventlog","user":{"identifier":"S-1-5-18","name":"SYSTEM","domain":"NT AUTHORITY","type":"User"},"provider_name":"Microsoft-Windows-Sysmon","version":3},"event":{"code":10,"action":"Process accessed (rule: ProcessAccess)","created":"2020-01-13T00:04:52.084Z","kind":"event"},"ecs":{"version":"1.1.0"},"host":{"name":"win10"},"agent":{"ephemeral_id":"63b64902-85b7-4e5b-8603-9a5a923a012f","hostname":"win10","id":"48e12a22-5293-48b2-be18-b209a2e8228b","version":"7.4.0","type":"winlogbeat"},"log":{"level":"information"}}
{"@timestamp":"2020-01-13T00:04:51.743Z","@metadata":{"beat":"winlogbeat","type":"_doc","version":"7.4.0","topic":"winlogbeat"},"winlog":{"provider_name":"Microsoft-Windows-Sysmon","task":"Process accessed (rule: ProcessAccess)","computer_name":"win10.marvel.local","process":{"pid":2668,"thread":{"id":3728}},"user":{"name":"SYSTEM","domain":"NT AUTHORITY","type":"User","identifier":"S-1-5-18"},"channel":"Microsoft-Windows-Sysmon/Operational","api":"wineventlog","event_id":10,"version":3,"event_data":{"SourceProcessGUID":"{9d556bd4-95d4-5e1b-0000-001069c80200}","TargetImage":"C:\\Users\\thor\\Downloads\\injection-master\\injection-master\\InjectDLL\\x64\\Debug\\InjectDLL.exe","CallTrace":"C:\\WINDOWS\\SYSTEM32\\ntdll.dll+9c584|C:\\WINDOWS\\System32\\KERNELBASE.dll+2730e|C:\\ProgramData\\Microsoft\\Windows Defender\\Definition Updates\\{814E0E01-50B1-4E22-9825-21025E9237C6}\\mpengine.dll+4af9b4|C:\\ProgramData\\Microsoft\\Windows Defender\\Definition Updates\\{814E0E01-50B1-4E22-9825-21025E9237C6}\\mpengine.dll+4af788|C:\\ProgramData\\Microsoft\\Windows Defender\\Definition Updates\\{814E0E01-50B1-4E22-9825-21025E9237C6}\\mpengine.dll+4afafc|C:\\ProgramData\\Microsoft\\Windows Defender\\Definition Updates\\{814E0E01-50B1-4E22-9825-21025E9237C6}\\mpengine.dll+2b3366|C:\\ProgramData\\Microsoft\\Windows Defender\\Definition Updates\\{814E0E01-50B1-4E22-9825-21025E9237C6}\\mpengine.dll+2b65ee|C:\\ProgramData\\Microsoft\\Windows Defender\\Definition Updates\\{814E0E01-50B1-4E22-9825-21025E9237C6}\\mpengine.dll+2a203b|C:\\ProgramData\\Microsoft\\Windows Defender\\Definition Updates\\{814E0E01-50B1-4E22-9825-21025E9237C6}\\mpengine.dll+2a3872|C:\\ProgramData\\Microsoft\\Windows Defender\\Definition Updates\\{814E0E01-50B1-4E22-9825-21025E9237C6}\\mpengine.dll+1d81ce|C:\\ProgramData\\Microsoft\\Windows Defender\\Definition Updates\\{814E0E01-50B1-4E22-9825-21025E9237C6}\\mpengine.dll+1d7d65|C:\\ProgramData\\Microsoft\\Windows Defender\\Definition Updates\\{814E0E01-50B1-4E22-9825-21025E9237C6}\\mpengine.dll+79bdd2|C:\\ProgramData\\Microsoft\\Windows Defender\\Definition Updates\\{814E0E01-50B1-4E22-9825-21025E9237C6}\\mpengine.dll+79a875|C:\\ProgramData\\Microsoft\\Windows Defender\\Definition Updates\\{814E0E01-50B1-4E22-9825-21025E9237C6}\\mpengine.dll+3365df|C:\\ProgramData\\Microsoft\\Windows Defender\\Definition Updates\\{814E0E01-50B1-4E22-9825-21025E9237C6}\\mpengine.dll+30ed68|C:\\ProgramData\\Microsoft\\Windows Defender\\Definition Updates\\{814E0E01-50B1-4E22-9825-21025E9237C6}\\mpengine.dll+30e73a|C:\\ProgramData\\Microsoft\\Windows Defender\\Definition Updates\\{814E0E01-50B1-4E22-9825-21025E9237C6}\\mpengine.dll+1bf463|C:\\ProgramData\\Microsoft\\Windows Defender\\Definition Updates\\{814E0E01-50B1-4E22-9825-21025E9237C6}\\mpengine.dll+242f9f|C:\\ProgramData\\Microsoft\\Windows Defender\\platform\\4.18.1911.3-0\\mpsvc.dll+18467|C:\\ProgramData\\Microsoft\\Windows Defender\\platform\\4.18.1911.3-0\\mprtp.dll+15f4c|C:\\ProgramData\\Microsoft\\Windows Defender\\platform\\4.18.1911.3-0\\mprtp.dll+417f1|C:\\ProgramData\\Microsoft\\Windows Defender\\platform\\4.18.1911.3-0\\mpclient.dll+82843|C:\\WINDOWS\\SYSTEM32\\ntdll.dll+3089d|C:\\WINDOWS\\SYSTEM32\\ntdll.dll+34634","UtcTime":"2020-01-13 00:04:51.742","SourceProcessId":"2724","SourceThreadId":"3480","SourceImage":"C:\\ProgramData\\Microsoft\\Windows Defender\\platform\\4.18.1911.3-0\\MsMpEng.exe","TargetProcessId":"2556","TargetProcessGUID":"{9d556bd4-b423-5e1b-0000-00104e060d01}","GrantedAccess":"0x1000"},"provider_guid":"{5770385f-c22a-43e0-bf4c-06f5698ffbd9}","opcode":"Info","record_id":12220026},"event":{"created":"2020-01-13T00:04:52.084Z","kind":"event","code":10,"action":"Process accessed (rule: ProcessAccess)"},"log":{"level":"information"},"message":"Process accessed:\nRuleName: \nUtcTime: 2020-01-13 00:04:51.742\nSourceProcessGUID: {9d556bd4-95d4-5e1b-0000-001069c80200}\nSourceProcessId: 2724\nSourceThreadId: 3480\nSourceImage: C:\\ProgramData\\Microsoft\\Windows Defender\\platform\\4.18.1911.3-0\\MsMpEng.exe\nTargetProcessGUID: {9d556bd4-b423-5e1b-0000-00104e060d01}\nTargetProcessId: 2556\nTargetImage: C:\\Users\\thor\\Downloads\\injection-master\\injection-master\\InjectDLL\\x64\\Debug\\InjectDLL.exe\nGrantedAccess: 0x1000\nCallTrace: C:\\WINDOWS\\SYSTEM32\\ntdll.dll+9c584|C:\\WINDOWS\\System32\\KERNELBASE.dll+2730e|C:\\ProgramData\\Microsoft\\Windows Defender\\Definition Updates\\{814E0E01-50B1-4E22-9825-21025E9237C6}\\mpengine.dll+4af9b4|C:\\ProgramData\\Microsoft\\Windows Defender\\Definition Updates\\{814E0E01-50B1-4E22-9825-21025E9237C6}\\mpengine.dll+4af788|C:\\ProgramData\\Microsoft\\Windows Defender\\Definition Updates\\{814E0E01-50B1-4E22-9825-21025E9237C6}\\mpengine.dll+4afafc|C:\\ProgramData\\Microsoft\\Windows Defender\\Definition Updates\\{814E0E01-50B1-4E22-9825-21025E9237C6}\\mpengine.dll+2b3366|C:\\ProgramData\\Microsoft\\Windows Defender\\Definition Updates\\{814E0E01-50B1-4E22-9825-21025E9237C6}\\mpengine.dll+2b65ee|C:\\ProgramData\\Microsoft\\Windows Defender\\Definition Updates\\{814E0E01-50B1-4E22-9825-21025E9237C6}\\mpengine.dll+2a203b|C:\\ProgramData\\Microsoft\\Windows Defender\\Definition Updates\\{814E0E01-50B1-4E22-9825-21025E9237C6}\\mpengine.dll+2a3872|C:\\ProgramData\\Microsoft\\Windows Defender\\Definition Updates\\{814E0E01-50B1-4E22-9825-21025E9237C6}\\mpengine.dll+1d81ce|C:\\ProgramData\\Microsoft\\Windows Defender\\Definition Updates\\{814E0E01-50B1-4E22-9825-21025E9237C6}\\mpengine.dll+1d7d65|C:\\ProgramData\\Microsoft\\Windows Defender\\Definition Updates\\{814E0E01-50B1-4E22-9825-21025E9237C6}\\mpengine.dll+79bdd2|C:\\ProgramData\\Microsoft\\Windows Defender\\Definition Updates\\{814E0E01-50B1-4E22-9825-21025E9237C6}\\mpengine.dll+79a875|C:\\ProgramData\\Microsoft\\Windows Defender\\Definition Updates\\{814E0E01-50B1-4E22-9825-21025E9237C6}\\mpengine.dll+3365df|C:\\ProgramData\\Microsoft\\Windows Defender\\Definition Updates\\{814E0E01-50B1-4E22-9825-21025E9237C6}\\mpengine.dll+30ed68|C:\\ProgramData\\Microsoft\\Windows Defender\\Definition Updates\\{814E0E01-50B1-4E22-9825-21025E9237C6}\\mpengine.dll+30e73a|C:\\ProgramData\\Microsoft\\Windows Defender\\Definition Updates\\{814E0E01-50B1-4E22-9825-21025E9237C6}\\mpengine.dll+1bf463|C:\\ProgramData\\Microsoft\\Windows Defender\\Definition Updates\\{814E0E01-50B1-4E22-9825-21025E9237C6}\\mpengine.dll+242f9f|C:\\ProgramData\\Microsoft\\Windows Defender\\platform\\4.18.1911.3-0\\mpsvc.dll+18467|C:\\ProgramData\\Microsoft\\Windows Defender\\platform\\4.18.1911.3-0\\mprtp.dll+15f4c|C:\\ProgramData\\Microsoft\\Windows Defender\\platform\\4.18.1911.3-0\\mprtp.dll+417f1|C:\\ProgramData\\Microsoft\\Windows Defender\\platform\\4.18.1911.3-0\\mpclient.dll+82843|C:\\WINDOWS\\SYSTEM32\\ntdll.dll+3089d|C:\\WINDOWS\\SYSTEM32\\ntdll.dll+34634","ecs":{"version":"1.1.0"},"host":{"name":"win10"},"agent":{"ephemeral_id":"63b64902-85b7-4e5b-8603-9a5a923a012f","hostname":"win10","id":"48e12a22-5293-48b2-be18-b209a2e8228b","version":"7.4.0","type":"winlogbeat"}}
{"@timestamp":"2020-01-13T00:04:51.752Z","@metadata":{"beat":"winlogbeat","type":"_doc","version":"7.4.0","topic":"winlogbeat"},"winlog":{"user":{"name":"SYSTEM","domain":"NT AUTHORITY","type":"User","identifier":"S-1-5-18"},"opcode":"Info","version":3,"event_id":10,"provider_name":"Microsoft-Windows-Sysmon","channel":"Microsoft-Windows-Sysmon/Operational","process":{"thread":{"id":3728},"pid":2668},"event_data":{"SourceProcessGUID":"{9d556bd4-ac15-5e1b-0000-0010b47ced00}","SourceThreadId":"8836","SourceImage":"C:\\Windows\\System32\\WindowsPowerShell\\v1.0\\powershell.exe","TargetProcessGUID":"{9d556bd4-b423-5e1b-0000-00104e060d01}","CallTrace":"C:\\WINDOWS\\SYSTEM32\\ntdll.dll+9d934|C:\\WINDOWS\\System32\\KERNELBASE.dll+5f35a|C:\\WINDOWS\\System32\\KERNELBASE.dll+5bcf6|C:\\WINDOWS\\System32\\KERNEL32.DLL+1be93|C:\\WINDOWS\\assembly\\NativeImages_v4.0.30319_64\\System\\9803982d7bc887e2745bff18a434ece1\\System.ni.dll+384236|C:\\WINDOWS\\assembly\\NativeImages_v4.0.30319_64\\System\\9803982d7bc887e2745bff18a434ece1\\System.ni.dll+2c4809|C:\\WINDOWS\\assembly\\NativeImages_v4.0.30319_64\\System\\9803982d7bc887e2745bff18a434ece1\\System.ni.dll+2c4179|C:\\WINDOWS\\assembly\\NativeImages_v4.0.30319_64\\System.Manaa57fc8cc#\\54abf8e75789f8e8a70ae634ca05e8cd\\System.Management.Automation.ni.dll+465add57(wow64)|C:\\WINDOWS\\assembly\\NativeImages_v4.0.30319_64\\System.Manaa57fc8cc#\\54abf8e75789f8e8a70ae634ca05e8cd\\System.Management.Automation.ni.dll+46505088(wow64)|C:\\WINDOWS\\assembly\\NativeImages_v4.0.30319_64\\System.Manaa57fc8cc#\\54abf8e75789f8e8a70ae634ca05e8cd\\System.Management.Automation.ni.dll+4658f6bb(wow64)|C:\\WINDOWS\\assembly\\NativeImages_v4.0.30319_64\\System.Manaa57fc8cc#\\54abf8e75789f8e8a70ae634ca05e8cd\\System.Management.Automation.ni.dll+4658f379(wow64)|C:\\WINDOWS\\assembly\\NativeImages_v4.0.30319_64\\System.Manaa57fc8cc#\\54abf8e75789f8e8a70ae634ca05e8cd\\System.Management.Automation.ni.dll+4669274d(wow64)|UNKNOWN(00007FFB067E5401)|C:\\WINDOWS\\assembly\\NativeImages_v4.0.30319_64\\System.Manaa57fc8cc#\\54abf8e75789f8e8a70ae634ca05e8cd\\System.Management.Automation.ni.dll+469f1a7e(wow64)|C:\\WINDOWS\\assembly\\NativeImages_v4.0.30319_64\\System.Manaa57fc8cc#\\54abf8e75789f8e8a70ae634ca05e8cd\\System.Management.Automation.ni.dll+469f1a7e(wow64)|C:\\WINDOWS\\assembly\\NativeImages_v4.0.30319_64\\System.Manaa57fc8cc#\\54abf8e75789f8e8a70ae634ca05e8cd\\System.Management.Automation.ni.dll+468068ef(wow64)|C:\\WINDOWS\\assembly\\NativeImages_v4.0.30319_64\\System.Manaa57fc8cc#\\54abf8e75789f8e8a70ae634ca05e8cd\\System.Management.Automation.ni.dll+46842207(wow64)|C:\\WINDOWS\\assembly\\NativeImages_v4.0.30319_64\\System.Manaa57fc8cc#\\54abf8e75789f8e8a70ae634ca05e8cd\\System.Management.Automation.ni.dll+466d5ac1(wow64)|C:\\WINDOWS\\assembly\\NativeImages_v4.0.30319_64\\System.Manaa57fc8cc#\\54abf8e75789f8e8a70ae634ca05e8cd\\System.Management.Automation.ni.dll+466d5403(wow64)|C:\\WINDOWS\\assembly\\NativeImages_v4.0.30319_64\\System.Manaa57fc8cc#\\54abf8e75789f8e8a70ae634ca05e8cd\\System.Management.Automation.ni.dll+46505088(wow64)|C:\\WINDOWS\\assembly\\NativeImages_v4.0.30319_64\\System.Manaa57fc8cc#\\54abf8e75789f8e8a70ae634ca05e8cd\\System.Management.Automation.ni.dll+4658f6bb(wow64)|C:\\WINDOWS\\assembly\\NativeImages_v4.0.30319_64\\System.Manaa57fc8cc#\\54abf8e75789f8e8a70ae634ca05e8cd\\System.Management.Automation.ni.dll+4658f379(wow64)|C:\\WINDOWS\\assembly\\NativeImages_v4.0.30319_64\\System.Manaa57fc8cc#\\54abf8e75789f8e8a70ae634ca05e8cd\\System.Management.Automation.ni.dll+46506c76(wow64)|C:\\WINDOWS\\assembly\\NativeImages_v4.0.30319_64\\System.Manaa57fc8cc#\\54abf8e75789f8e8a70ae634ca05e8cd\\System.Management.Automation.ni.dll+465076e8(wow64)","GrantedAccess":"0x1fffff","TargetProcessId":"2556","UtcTime":"2020-01-13 00:04:51.742","SourceProcessId":"1016","TargetImage":"C:\\Users\\thor\\Downloads\\injection-master\\injection-master\\InjectDLL\\x64\\Debug\\InjectDLL.exe"},"api":"wineventlog","record_id":12220027,"task":"Process accessed (rule: ProcessAccess)","computer_name":"win10.marvel.local","provider_guid":"{5770385f-c22a-43e0-bf4c-06f5698ffbd9}"},"event":{"created":"2020-01-13T00:04:52.084Z","kind":"event","code":10,"action":"Process accessed (rule: ProcessAccess)"},"log":{"level":"information"},"message":"Process accessed:\nRuleName: \nUtcTime: 2020-01-13 00:04:51.742\nSourceProcessGUID: {9d556bd4-ac15-5e1b-0000-0010b47ced00}\nSourceProcessId: 1016\nSourceThreadId: 8836\nSourceImage: C:\\Windows\\System32\\WindowsPowerShell\\v1.0\\powershell.exe\nTargetProcessGUID: {9d556bd4-b423-5e1b-0000-00104e060d01}\nTargetProcessId: 2556\nTargetImage: C:\\Users\\thor\\Downloads\\injection-master\\injection-master\\InjectDLL\\x64\\Debug\\InjectDLL.exe\nGrantedAccess: 0x1FFFFF\nCallTrace: C:\\WINDOWS\\SYSTEM32\\ntdll.dll+9d934|C:\\WINDOWS\\System32\\KERNELBASE.dll+5f35a|C:\\WINDOWS\\System32\\KERNELBASE.dll+5bcf6|C:\\WINDOWS\\System32\\KERNEL32.DLL+1be93|C:\\WINDOWS\\assembly\\NativeImages_v4.0.30319_64\\System\\9803982d7bc887e2745bff18a434ece1\\System.ni.dll+384236|C:\\WINDOWS\\assembly\\NativeImages_v4.0.30319_64\\System\\9803982d7bc887e2745bff18a434ece1\\System.ni.dll+2c4809|C:\\WINDOWS\\assembly\\NativeImages_v4.0.30319_64\\System\\9803982d7bc887e2745bff18a434ece1\\System.ni.dll+2c4179|C:\\WINDOWS\\assembly\\NativeImages_v4.0.30319_64\\System.Manaa57fc8cc#\\54abf8e75789f8e8a70ae634ca05e8cd\\System.Management.Automation.ni.dll+465add57(wow64)|C:\\WINDOWS\\assembly\\NativeImages_v4.0.30319_64\\System.Manaa57fc8cc#\\54abf8e75789f8e8a70ae634ca05e8cd\\System.Management.Automation.ni.dll+46505088(wow64)|C:\\WINDOWS\\assembly\\NativeImages_v4.0.30319_64\\System.Manaa57fc8cc#\\54abf8e75789f8e8a70ae634ca05e8cd\\System.Management.Automation.ni.dll+4658f6bb(wow64)|C:\\WINDOWS\\assembly\\NativeImages_v4.0.30319_64\\System.Manaa57fc8cc#\\54abf8e75789f8e8a70ae634ca05e8cd\\System.Management.Automation.ni.dll+4658f379(wow64)|C:\\WINDOWS\\assembly\\NativeImages_v4.0.30319_64\\System.Manaa57fc8cc#\\54abf8e75789f8e8a70ae634ca05e8cd\\System.Management.Automation.ni.dll+4669274d(wow64)|UNKNOWN(00007FFB067E5401)|C:\\WINDOWS\\assembly\\NativeImages_v4.0.30319_64\\System.Manaa57fc8cc#\\54abf8e75789f8e8a70ae634ca05e8cd\\System.Management.Automation.ni.dll+469f1a7e(wow64)|C:\\WINDOWS\\assembly\\NativeImages_v4.0.30319_64\\System.Manaa57fc8cc#\\54abf8e75789f8e8a70ae634ca05e8cd\\System.Management.Automation.ni.dll+469f1a7e(wow64)|C:\\WINDOWS\\assembly\\NativeImages_v4.0.30319_64\\System.Manaa57fc8cc#\\54abf8e75789f8e8a70ae634ca05e8cd\\System.Management.Automation.ni.dll+468068ef(wow64)|C:\\WINDOWS\\assembly\\NativeImages_v4.0.30319_64\\System.Manaa57fc8cc#\\54abf8e75789f8e8a70ae634ca05e8cd\\System.Management.Automation.ni.dll+46842207(wow64)|C:\\WINDOWS\\assembly\\NativeImages_v4.0.30319_64\\System.Manaa57fc8cc#\\54abf8e75789f8e8a70ae634ca05e8cd\\System.Management.Automation.ni.dll+466d5ac1(wow64)|C:\\WINDOWS\\assembly\\NativeImages_v4.0.30319_64\\System.Manaa57fc8cc#\\54abf8e75789f8e8a70ae634ca05e8cd\\System.Management.Automation.ni.dll+466d5403(wow64)|C:\\WINDOWS\\assembly\\NativeImages_v4.0.30319_64\\System.Manaa57fc8cc#\\54abf8e75789f8e8a70ae634ca05e8cd\\System.Management.Automation.ni.dll+46505088(wow64)|C:\\WINDOWS\\assembly\\NativeImages_v4.0.30319_64\\System.Manaa57fc8cc#\\54abf8e75789f8e8a70ae634ca05e8cd\\System.Management.Automation.ni.dll+4658f6bb(wow64)|C:\\WINDOWS\\assembly\\NativeImages_v4.0.30319_64\\System.Manaa57fc8cc#\\54abf8e75789f8e8a70ae634ca05e8cd\\System.Management.Automation.ni.dll+4658f379(wow64)|C:\\WINDOWS\\assembly\\NativeImages_v4.0.30319_64\\System.Manaa57fc8cc#\\54abf8e75789f8e8a70ae634ca05e8cd\\System.Management.Automation.ni.dll+46506c76(wow64)|C:\\WINDOWS\\assembly\\NativeImages_v4.0.30319_64\\System.Manaa57fc8cc#\\54abf8e75789f8e8a70ae634ca05e8cd\\System.Management.Automation.ni.dll+465076e8(wow64)","host":{"name":"win10"},"agent":{"ephemeral_id":"63b64902-85b7-4e5b-8603-9a5a923a012f","hostname":"win10","id":"48e12a22-5293-48b2-be18-b209a2e8228b","version":"7.4.0","type":"winlogbeat"},"ecs":{"version":"1.1.0"}}
{"@timestamp":"2020-01-13T00:04:51.753Z","@metadata":{"beat":"winlogbeat","type":"_doc","version":"7.4.0","topic":"winlogbeat"},"host":{"name":"win10"},"log":{"level":"information"},"message":"Process accessed:\nRuleName: \nUtcTime: 2020-01-13 00:04:51.742\nSourceProcessGUID: {9d556bd4-95ce-5e1b-0000-0010afbe0000}\nSourceProcessId: 508\nSourceThreadId: 608\nSourceImage: C:\\WINDOWS\\system32\\csrss.exe\nTargetProcessGUID: {9d556bd4-b423-5e1b-0000-00104e060d01}\nTargetProcessId: 2556\nTargetImage: C:\\Users\\thor\\Downloads\\injection-master\\injection-master\\InjectDLL\\x64\\Debug\\InjectDLL.exe\nGrantedAccess: 0x1FFFFF\nCallTrace: C:\\WINDOWS\\SYSTEM32\\ntdll.dll+9c584|C:\\WINDOWS\\system32\\basesrv.DLL+2fba|C:\\WINDOWS\\SYSTEM32\\CSRSRV.dll+5af4|C:\\WINDOWS\\SYSTEM32\\ntdll.dll+6cedf","winlog":{"event_id":10,"opcode":"Info","process":{"pid":2668,"thread":{"id":3728}},"event_data":{"GrantedAccess":"0x1fffff","TargetProcessId":"2556","TargetImage":"C:\\Users\\thor\\Downloads\\injection-master\\injection-master\\InjectDLL\\x64\\Debug\\InjectDLL.exe","SourceImage":"C:\\WINDOWS\\system32\\csrss.exe","TargetProcessGUID":"{9d556bd4-b423-5e1b-0000-00104e060d01}","UtcTime":"2020-01-13 00:04:51.742","SourceProcessId":"508","CallTrace":"C:\\WINDOWS\\SYSTEM32\\ntdll.dll+9c584|C:\\WINDOWS\\system32\\basesrv.DLL+2fba|C:\\WINDOWS\\SYSTEM32\\CSRSRV.dll+5af4|C:\\WINDOWS\\SYSTEM32\\ntdll.dll+6cedf","SourceProcessGUID":"{9d556bd4-95ce-5e1b-0000-0010afbe0000}","SourceThreadId":"608"},"provider_name":"Microsoft-Windows-Sysmon","record_id":12220028,"version":3,"user":{"domain":"NT AUTHORITY","type":"User","identifier":"S-1-5-18","name":"SYSTEM"},"channel":"Microsoft-Windows-Sysmon/Operational","computer_name":"win10.marvel.local","provider_guid":"{5770385f-c22a-43e0-bf4c-06f5698ffbd9}","task":"Process accessed (rule: ProcessAccess)","api":"wineventlog"},"event":{"kind":"event","code":10,"action":"Process accessed (rule: ProcessAccess)","created":"2020-01-13T00:04:52.084Z"},"agent":{"ephemeral_id":"63b64902-85b7-4e5b-8603-9a5a923a012f","hostname":"win10","id":"48e12a22-5293-48b2-be18-b209a2e8228b","version":"7.4.0","type":"winlogbeat"},"ecs":{"version":"1.1.0"}}
{"@timestamp":"2020-01-13T00:04:51.755Z","@metadata":{"beat":"winlogbeat","type":"_doc","version":"7.4.0","topic":"winlogbeat"},"agent":{"type":"winlogbeat","ephemeral_id":"63b64902-85b7-4e5b-8603-9a5a923a012f","hostname":"win10","id":"48e12a22-5293-48b2-be18-b209a2e8228b","version":"7.4.0"},"log":{"level":"information"},"message":"Process accessed:\nRuleName: \nUtcTime: 2020-01-13 00:04:51.742\nSourceProcessGUID: {9d556bd4-95d4-5e1b-0000-001069c80200}\nSourceProcessId: 2724\nSourceThreadId: 3476\nSourceImage: C:\\ProgramData\\Microsoft\\Windows Defender\\platform\\4.18.1911.3-0\\MsMpEng.exe\nTargetProcessGUID: {9d556bd4-b423-5e1b-0000-00104e060d01}\nTargetProcessId: 2556\nTargetImage: C:\\Users\\thor\\Downloads\\injection-master\\injection-master\\InjectDLL\\x64\\Debug\\InjectDLL.exe\nGrantedAccess: 0x1000\nCallTrace: C:\\WINDOWS\\SYSTEM32\\ntdll.dll+9c584|C:\\WINDOWS\\System32\\KERNELBASE.dll+2730e|C:\\ProgramData\\Microsoft\\Windows Defender\\Definition Updates\\{814E0E01-50B1-4E22-9825-21025E9237C6}\\mpengine.dll+4af9b4|C:\\ProgramData\\Microsoft\\Windows Defender\\Definition Updates\\{814E0E01-50B1-4E22-9825-21025E9237C6}\\mpengine.dll+4af788|C:\\ProgramData\\Microsoft\\Windows Defender\\Definition Updates\\{814E0E01-50B1-4E22-9825-21025E9237C6}\\mpengine.dll+4afafc|C:\\ProgramData\\Microsoft\\Windows Defender\\Definition Updates\\{814E0E01-50B1-4E22-9825-21025E9237C6}\\mpengine.dll+2b6dda|C:\\ProgramData\\Microsoft\\Windows Defender\\Definition Updates\\{814E0E01-50B1-4E22-9825-21025E9237C6}\\mpengine.dll+2b6483|C:\\ProgramData\\Microsoft\\Windows Defender\\Definition Updates\\{814E0E01-50B1-4E22-9825-21025E9237C6}\\mpengine.dll+2e7ae3|C:\\ProgramData\\Microsoft\\Windows Defender\\Definition Updates\\{814E0E01-50B1-4E22-9825-21025E9237C6}\\mpengine.dll+36f6e2|C:\\WINDOWS\\SYSTEM32\\ntdll.dll+3089d|C:\\WINDOWS\\SYSTEM32\\ntdll.dll+34634|C:\\WINDOWS\\System32\\KERNEL32.DLL+17bd4|C:\\WINDOWS\\SYSTEM32\\ntdll.dll+6ced1","winlog":{"event_id":10,"record_id":12220029,"api":"wineventlog","opcode":"Info","version":3,"process":{"pid":2668,"thread":{"id":3728}},"provider_name":"Microsoft-Windows-Sysmon","task":"Process accessed (rule: ProcessAccess)","event_data":{"SourceProcessId":"2724","SourceProcessGUID":"{9d556bd4-95d4-5e1b-0000-001069c80200}","TargetProcessGUID":"{9d556bd4-b423-5e1b-0000-00104e060d01}","SourceImage":"C:\\ProgramData\\Microsoft\\Windows Defender\\platform\\4.18.1911.3-0\\MsMpEng.exe","TargetProcessId":"2556","TargetImage":"C:\\Users\\thor\\Downloads\\injection-master\\injection-master\\InjectDLL\\x64\\Debug\\InjectDLL.exe","GrantedAccess":"0x1000","CallTrace":"C:\\WINDOWS\\SYSTEM32\\ntdll.dll+9c584|C:\\WINDOWS\\System32\\KERNELBASE.dll+2730e|C:\\ProgramData\\Microsoft\\Windows Defender\\Definition Updates\\{814E0E01-50B1-4E22-9825-21025E9237C6}\\mpengine.dll+4af9b4|C:\\ProgramData\\Microsoft\\Windows Defender\\Definition Updates\\{814E0E01-50B1-4E22-9825-21025E9237C6}\\mpengine.dll+4af788|C:\\ProgramData\\Microsoft\\Windows Defender\\Definition Updates\\{814E0E01-50B1-4E22-9825-21025E9237C6}\\mpengine.dll+4afafc|C:\\ProgramData\\Microsoft\\Windows Defender\\Definition Updates\\{814E0E01-50B1-4E22-9825-21025E9237C6}\\mpengine.dll+2b6dda|C:\\ProgramData\\Microsoft\\Windows Defender\\Definition Updates\\{814E0E01-50B1-4E22-9825-21025E9237C6}\\mpengine.dll+2b6483|C:\\ProgramData\\Microsoft\\Windows Defender\\Definition Updates\\{814E0E01-50B1-4E22-9825-21025E9237C6}\\mpengine.dll+2e7ae3|C:\\ProgramData\\Microsoft\\Windows Defender\\Definition Updates\\{814E0E01-50B1-4E22-9825-21025E9237C6}\\mpengine.dll+36f6e2|C:\\WINDOWS\\SYSTEM32\\ntdll.dll+3089d|C:\\WINDOWS\\SYSTEM32\\ntdll.dll+34634|C:\\WINDOWS\\System32\\KERNEL32.DLL+17bd4|C:\\WINDOWS\\SYSTEM32\\ntdll.dll+6ced1","UtcTime":"2020-01-13 00:04:51.742","SourceThreadId":"3476"},"provider_guid":"{5770385f-c22a-43e0-bf4c-06f5698ffbd9}","channel":"Microsoft-Windows-Sysmon/Operational","computer_name":"win10.marvel.local","user":{"name":"SYSTEM","domain":"NT AUTHORITY","type":"User","identifier":"S-1-5-18"}},"event":{"kind":"event","code":10,"action":"Process accessed (rule: ProcessAccess)","created":"2020-01-13T00:04:52.084Z"},"ecs":{"version":"1.1.0"},"host":{"name":"win10"}}
{"@timestamp":"2020-01-13T00:04:51.755Z","@metadata":{"beat":"winlogbeat","type":"_doc","version":"7.4.0","topic":"winlogbeat"},"winlog":{"record_id":12220030,"task":"Registry object added or deleted (rule: RegistryEvent)","provider_guid":"{5770385f-c22a-43e0-bf4c-06f5698ffbd9}","version":2,"channel":"Microsoft-Windows-Sysmon/Operational","provider_name":"Microsoft-Windows-Sysmon","process":{"thread":{"id":3728},"pid":2668},"event_id":12,"event_data":{"EventType":"CreateKey","UtcTime":"2020-01-13 00:04:51.742","ProcessGuid":"{9d556bd4-95d4-5e1b-0000-001059c30200}","ProcessId":"2668","Image":"C:\\Windows\\Sysmon64.exe","TargetObject":"HKU\\.DEFAULT\\Software\\Microsoft\\Windows\\CurrentVersion\\WinTrust\\Trust Providers\\Software Publishing"},"computer_name":"win10.marvel.local","opcode":"Info","user":{"identifier":"S-1-5-18","name":"SYSTEM","domain":"NT AUTHORITY","type":"User"},"api":"wineventlog"},"event":{"created":"2020-01-13T00:04:52.084Z","kind":"event","code":12,"action":"Registry object added or deleted (rule: RegistryEvent)"},"log":{"level":"information"},"message":"Registry object added or deleted:\nRuleName: \nEventType: CreateKey\nUtcTime: 2020-01-13 00:04:51.742\nProcessGuid: {9d556bd4-95d4-5e1b-0000-001059c30200}\nProcessId: 2668\nImage: C:\\Windows\\Sysmon64.exe\nTargetObject: HKU\\.DEFAULT\\Software\\Microsoft\\Windows\\CurrentVersion\\WinTrust\\Trust Providers\\Software Publishing","ecs":{"version":"1.1.0"},"host":{"name":"win10"},"agent":{"ephemeral_id":"63b64902-85b7-4e5b-8603-9a5a923a012f","hostname":"win10","id":"48e12a22-5293-48b2-be18-b209a2e8228b","version":"7.4.0","type":"winlogbeat"}}
{"@timestamp":"2020-01-13T00:04:51.756Z","@metadata":{"beat":"winlogbeat","type":"_doc","version":"7.4.0","topic":"winlogbeat"},"agent":{"ephemeral_id":"63b64902-85b7-4e5b-8603-9a5a923a012f","hostname":"win10","id":"48e12a22-5293-48b2-be18-b209a2e8228b","version":"7.4.0","type":"winlogbeat"},"ecs":{"version":"1.1.0"},"host":{"name":"win10"},"winlog":{"task":"Registry object added or deleted (rule: RegistryEvent)","api":"wineventlog","user":{"name":"SYSTEM","domain":"NT AUTHORITY","type":"User","identifier":"S-1-5-18"},"event_data":{"Image":"C:\\Windows\\Sysmon64.exe","TargetObject":"HKU\\.DEFAULT\\Software\\Microsoft\\Windows\\CurrentVersion\\WinTrust\\Trust Providers\\Software Publishing","EventType":"CreateKey","UtcTime":"2020-01-13 00:04:51.742","ProcessGuid":"{9d556bd4-95d4-5e1b-0000-001059c30200}","ProcessId":"2668"},"provider_guid":"{5770385f-c22a-43e0-bf4c-06f5698ffbd9}","record_id":12220031,"computer_name":"win10.marvel.local","version":2,"process":{"pid":2668,"thread":{"id":3728}},"channel":"Microsoft-Windows-Sysmon/Operational","event_id":12,"provider_name":"Microsoft-Windows-Sysmon","opcode":"Info"},"event":{"action":"Registry object added or deleted (rule: RegistryEvent)","created":"2020-01-13T00:04:52.084Z","kind":"event","code":12},"log":{"level":"information"},"message":"Registry object added or deleted:\nRuleName: \nEventType: CreateKey\nUtcTime: 2020-01-13 00:04:51.742\nProcessGuid: {9d556bd4-95d4-5e1b-0000-001059c30200}\nProcessId: 2668\nImage: C:\\Windows\\Sysmon64.exe\nTargetObject: HKU\\.DEFAULT\\Software\\Microsoft\\Windows\\CurrentVersion\\WinTrust\\Trust Providers\\Software Publishing"}
{"@timestamp":"2020-01-13T00:04:51.756Z","@metadata":{"beat":"winlogbeat","type":"_doc","version":"7.4.0","topic":"winlogbeat"},"event":{"created":"2020-01-13T00:04:52.084Z","kind":"event","code":7,"action":"Image loaded (rule: ImageLoad)"},"log":{"level":"information"},"message":"Image loaded:\nRuleName: \nUtcTime: 2020-01-13 00:04:51.742\nProcessGuid: {9d556bd4-b423-5e1b-0000-00104e060d01}\nProcessId: 2556\nImage: C:\\Users\\thor\\Downloads\\injection-master\\injection-master\\InjectDLL\\x64\\Debug\\InjectDLL.exe\nImageLoaded: C:\\Windows\\System32\\ntdll.dll\nFileVersion: 10.0.18362.418 (WinBuild.160101.0800)\nDescription: NT Layer DLL\nProduct: Microsoft Windows Operating System\nCompany: Microsoft Corporation\nOriginalFileName: ntdll.dll\nHashes: SHA1=339E86A9EC4FE684899284FCE7DA3884E53BE01E,MD5=023215AC210C95E7EFA26097F5E48222,SHA256=2CF67E1CC1E6F43637FDA35315FFE16B2CA140BCBA149944D5E4B8ECC49391B1,IMPHASH=00000000000000000000000000000000\nSigned: true\nSignature: Microsoft Windows\nSignatureStatus: Valid","host":{"name":"win10"},"agent":{"ephemeral_id":"63b64902-85b7-4e5b-8603-9a5a923a012f","hostname":"win10","id":"48e12a22-5293-48b2-be18-b209a2e8228b","version":"7.4.0","type":"winlogbeat"},"ecs":{"version":"1.1.0"},"winlog":{"event_id":7,"api":"wineventlog","opcode":"Info","provider_name":"Microsoft-Windows-Sysmon","event_data":{"Image":"C:\\Users\\thor\\Downloads\\injection-master\\injection-master\\InjectDLL\\x64\\Debug\\InjectDLL.exe","OriginalFileName":"ntdll.dll","Signed":"true","ProcessId":"2556","Company":"Microsoft Corporation","SignatureStatus":"Valid","FileVersion":"10.0.18362.418 (WinBuild.160101.0800)","Hashes":"SHA1=339E86A9EC4FE684899284FCE7DA3884E53BE01E,MD5=023215AC210C95E7EFA26097F5E48222,SHA256=2CF67E1CC1E6F43637FDA35315FFE16B2CA140BCBA149944D5E4B8ECC49391B1,IMPHASH=00000000000000000000000000000000","UtcTime":"2020-01-13 00:04:51.742","ProcessGuid":"{9d556bd4-b423-5e1b-0000-00104e060d01}","ImageLoaded":"C:\\Windows\\System32\\ntdll.dll","Product":"Microsoft Windows Operating System","Description":"NT Layer DLL","Signature":"Microsoft Windows"},"version":3,"channel":"Microsoft-Windows-Sysmon/Operational","computer_name":"win10.marvel.local","task":"Image loaded (rule: ImageLoad)","provider_guid":"{5770385f-c22a-43e0-bf4c-06f5698ffbd9}","process":{"pid":2668,"thread":{"id":3728}},"user":{"identifier":"S-1-5-18","name":"SYSTEM","domain":"NT AUTHORITY","type":"User"},"record_id":12220032}}
{"@timestamp":"2020-01-13T00:04:51.757Z","@metadata":{"beat":"winlogbeat","type":"_doc","version":"7.4.0","topic":"winlogbeat"},"event":{"created":"2020-01-13T00:04:52.084Z","kind":"event","code":10,"action":"Process accessed (rule: ProcessAccess)"},"log":{"level":"information"},"message":"Process accessed:\nRuleName: \nUtcTime: 2020-01-13 00:04:51.742\nSourceProcessGUID: {9d556bd4-95d4-5e1b-0000-001069c80200}\nSourceProcessId: 2724\nSourceThreadId: 3476\nSourceImage: C:\\ProgramData\\Microsoft\\Windows Defender\\platform\\4.18.1911.3-0\\MsMpEng.exe\nTargetProcessGUID: {9d556bd4-b423-5e1b-0000-00104e060d01}\nTargetProcessId: 2556\nTargetImage: C:\\Users\\thor\\Downloads\\injection-master\\injection-master\\InjectDLL\\x64\\Debug\\InjectDLL.exe\nGrantedAccess: 0x1000\nCallTrace: C:\\WINDOWS\\SYSTEM32\\ntdll.dll+9c584|C:\\WINDOWS\\System32\\KERNELBASE.dll+2730e|C:\\ProgramData\\Microsoft\\Windows Defender\\Definition Updates\\{814E0E01-50B1-4E22-9825-21025E9237C6}\\mpengine.dll+4af9b4|C:\\ProgramData\\Microsoft\\Windows Defender\\Definition Updates\\{814E0E01-50B1-4E22-9825-21025E9237C6}\\mpengine.dll+4af788|C:\\ProgramData\\Microsoft\\Windows Defender\\Definition Updates\\{814E0E01-50B1-4E22-9825-21025E9237C6}\\mpengine.dll+4afafc|C:\\ProgramData\\Microsoft\\Windows Defender\\Definition Updates\\{814E0E01-50B1-4E22-9825-21025E9237C6}\\mpengine.dll+2b6e6d|C:\\ProgramData\\Microsoft\\Windows Defender\\Definition Updates\\{814E0E01-50B1-4E22-9825-21025E9237C6}\\mpengine.dll+2b6483|C:\\ProgramData\\Microsoft\\Windows Defender\\Definition Updates\\{814E0E01-50B1-4E22-9825-21025E9237C6}\\mpengine.dll+2e7ae3|C:\\ProgramData\\Microsoft\\Windows Defender\\Definition Updates\\{814E0E01-50B1-4E22-9825-21025E9237C6}\\mpengine.dll+36f6e2|C:\\WINDOWS\\SYSTEM32\\ntdll.dll+3089d|C:\\WINDOWS\\SYSTEM32\\ntdll.dll+34634|C:\\WINDOWS\\System32\\KERNEL32.DLL+17bd4|C:\\WINDOWS\\SYSTEM32\\ntdll.dll+6ced1","winlog":{"api":"wineventlog","provider_guid":"{5770385f-c22a-43e0-bf4c-06f5698ffbd9}","process":{"pid":2668,"thread":{"id":3728}},"event_data":{"TargetProcessGUID":"{9d556bd4-b423-5e1b-0000-00104e060d01}","TargetProcessId":"2556","UtcTime":"2020-01-13 00:04:51.742","SourceProcessId":"2724","SourceThreadId":"3476","GrantedAccess":"0x1000","SourceProcessGUID":"{9d556bd4-95d4-5e1b-0000-001069c80200}","SourceImage":"C:\\ProgramData\\Microsoft\\Windows Defender\\platform\\4.18.1911.3-0\\MsMpEng.exe","TargetImage":"C:\\Users\\thor\\Downloads\\injection-master\\injection-master\\InjectDLL\\x64\\Debug\\InjectDLL.exe","CallTrace":"C:\\WINDOWS\\SYSTEM32\\ntdll.dll+9c584|C:\\WINDOWS\\System32\\KERNELBASE.dll+2730e|C:\\ProgramData\\Microsoft\\Windows Defender\\Definition Updates\\{814E0E01-50B1-4E22-9825-21025E9237C6}\\mpengine.dll+4af9b4|C:\\ProgramData\\Microsoft\\Windows Defender\\Definition Updates\\{814E0E01-50B1-4E22-9825-21025E9237C6}\\mpengine.dll+4af788|C:\\ProgramData\\Microsoft\\Windows Defender\\Definition Updates\\{814E0E01-50B1-4E22-9825-21025E9237C6}\\mpengine.dll+4afafc|C:\\ProgramData\\Microsoft\\Windows Defender\\Definition Updates\\{814E0E01-50B1-4E22-9825-21025E9237C6}\\mpengine.dll+2b6e6d|C:\\ProgramData\\Microsoft\\Windows Defender\\Definition Updates\\{814E0E01-50B1-4E22-9825-21025E9237C6}\\mpengine.dll+2b6483|C:\\ProgramData\\Microsoft\\Windows Defender\\Definition Updates\\{814E0E01-50B1-4E22-9825-21025E9237C6}\\mpengine.dll+2e7ae3|C:\\ProgramData\\Microsoft\\Windows Defender\\Definition Updates\\{814E0E01-50B1-4E22-9825-21025E9237C6}\\mpengine.dll+36f6e2|C:\\WINDOWS\\SYSTEM32\\ntdll.dll+3089d|C:\\WINDOWS\\SYSTEM32\\ntdll.dll+34634|C:\\WINDOWS\\System32\\KERNEL32.DLL+17bd4|C:\\WINDOWS\\SYSTEM32\\ntdll.dll+6ced1"},"opcode":"Info","event_id":10,"provider_name":"Microsoft-Windows-Sysmon","record_id":12220033,"computer_name":"win10.marvel.local","user":{"name":"SYSTEM","domain":"NT AUTHORITY","type":"User","identifier":"S-1-5-18"},"task":"Process accessed (rule: ProcessAccess)","version":3,"channel":"Microsoft-Windows-Sysmon/Operational"},"ecs":{"version":"1.1.0"},"host":{"name":"win10"},"agent":{"ephemeral_id":"63b64902-85b7-4e5b-8603-9a5a923a012f","hostname":"win10","id":"48e12a22-5293-48b2-be18-b209a2e8228b","version":"7.4.0","type":"winlogbeat"}}
