{"@timestamp":"2020-01-13T00:04:47.413Z","@metadata":{"beat":"winlogbeat","type":"_doc","version":"7.4.0","topic":"winlogbeat"},"winlog":{"channel":"Microsoft-Windows-Sysmon/Operational","event_id":10,"record_id":12220014,"api":"wineventlog","process":{"thread":{"id":3728},"pid":2668},"event_data":{"SourceProcessId":"2724","TargetProcessGUID":"{9d556bd4-ab37-5e1b-0000-00106605ea00}","TargetImage":"C:\\Tools\\winlogbeat-7.4.0-windows-x86_64\\winlogbeat.exe","CallTrace":"C:\\WINDOWS\\SYSTEM32\\ntdll.dll+9c584|C:\\WINDOWS\\System32\\KERNELBASE.dll+2730e|C:\\ProgramData\\Microsoft\\Windows Defender\\Definition Updates\\{814E0E01-50B1-4E22-9825-21025E9237C6}\\mpengine.dll+4af9b4|C:\\ProgramData\\Microsoft\\Windows Defender\\Definition Updates\\{814E0E01-50B1-4E22-9825-21025E9237C6}\\mpengine.dll+4af788|C:\\ProgramData\\Microsoft\\Windows Defender\\Definition Updates\\{814E0E01-50B1-4E22-9825-21025E9237C6}\\mpengine.dll+4add27|C:\\ProgramData\\Microsoft\\Windows Defender\\Definition Updates\\{814E0E01-50B1-4E22-9825-21025E9237C6}\\mpengine.dll+60077d|C:\\ProgramData\\Microsoft\\Windows Defender\\Definition Updates\\{814E0E01-50B1-4E22-9825-21025E9237C6}\\mpengine.dll+602337|C:\\ProgramData\\Microsoft\\Windows Defender\\Definition Updates\\{814E0E01-50B1-4E22-9825-21025E9237C6}\\mpengine.dll+5fb049|C:\\ProgramData\\Microsoft\\Windows Defender\\Definition Updates\\{814E0E01-50B1-4E22-9825-21025E9237C6}\\mpengine.dll+5f991b|C:\\ProgramData\\Microsoft\\Windows Defender\\Definition Updates\\{814E0E01-50B1-4E22-9825-21025E9237C6}\\mpengine.dll+5fba86|C:\\ProgramData\\Microsoft\\Windows Defender\\Definition Updates\\{814E0E01-50B1-4E22-9825-21025E9237C6}\\mpengine.dll+5fba01|C:\\ProgramData\\Microsoft\\Windows Defender\\Definition Updates\\{814E0E01-50B1-4E22-9825-21025E9237C6}\\mpengine.dll+2b8765|C:\\ProgramData\\Microsoft\\Windows Defender\\Definition Updates\\{814E0E01-50B1-4E22-9825-21025E9237C6}\\mpengine.dll+2b6217|C:\\ProgramData\\Microsoft\\Windows Defender\\Definition Updates\\{814E0E01-50B1-4E22-9825-21025E9237C6}\\mpengine.dll+2b649e|C:\\ProgramData\\Microsoft\\Windows Defender\\Definition Updates\\{814E0E01-50B1-4E22-9825-21025E9237C6}\\mpengine.dll+2e7ae3|C:\\ProgramData\\Microsoft\\Windows Defender\\Definition Updates\\{814E0E01-50B1-4E22-9825-21025E9237C6}\\mpengine.dll+36f6e2|C:\\WINDOWS\\SYSTEM32\\ntdll.dll+3089d|C:\\WINDOWS\\SYSTEM32\\ntdll.dll+34634|C:\\WINDOWS\\System32\\KERNEL32.DLL+17bd4|C:\\WINDOWS\\SYSTEM32\\ntdll.dll+6ced1","UtcTime":"2020-01-13 00:04:47.412","SourceThreadId":"3476","SourceImage":"C:\\ProgramData\\Microsoft\\Windows Defender\\platform\\4.18.1911.3-0\\MsMpEng.exe","SourceProcessGUID":"{9d556bd4-95d4-5e1b-0000-001069c80200}","GrantedAccess":"0x1010","TargetProcessId":"8760"},"task":"Process accessed (rule: ProcessAccess)","provider_guid":"{5770385f-c22a-43e0-bf4c-06f5698ffbd9}","opcode":"Info","version":3,"provider_name":"Microsoft-Windows-Sysmon","computer_name":"win10.marvel.local","user":{"domain":"NT AUTHORITY","type":"User","identifier":"S-1-5-18","name":"SYSTEM"}},"event":{"kind":"event","code":10,"action":"Process accessed (rule: ProcessAccess)","created":"2020-01-13T00:04:49.016Z"},"log":{"level":"information"},"message":"Process accessed:\nRuleName: \nUtcTime: 2020-01-13 00:04:47.412\nSourceProcessGUID: {9d556bd4-95d4-5e1b-0000-001069c80200}\nSourceProcessId: 2724\nSourceThreadId: 3476\nSourceImage: C:\\ProgramData\\Microsoft\\Windows Defender\\platform\\4.18.1911.3-0\\MsMpEng.exe\nTargetProcessGUID: {9d556bd4-ab37-5e1b-0000-00106605ea00}\nTargetProcessId: 8760\nTargetImage: C:\\Tools\\winlogbeat-7.4.0-windows-x86_64\\winlogbeat.exe\nGrantedAccess: 0x1010\nCallTrace: C:\\WINDOWS\\SYSTEM32\\ntdll.dll+9c584|C:\\WINDOWS\\System32\\KERNELBASE.dll+2730e|C:\\ProgramData\\Microsoft\\Windows Defender\\Definition Updates\\{814E0E01-50B1-4E22-9825-21025E9237C6}\\mpengine.dll+4af9b4|C:\\ProgramData\\Microsoft\\Windows Defender\\Definition Updates\\{814E0E01-50B1-4E22-9825-21025E9237C6}\\mpengine.dll+4af788|C:\\ProgramData\\Microsoft\\Windows Defender\\Definition Updates\\{814E0E01-50B1-4E22-9825-21025E9237C6}\\mpengine.dll+4add27|C:\\ProgramData\\Microsoft\\Windows Defender\\Definition Updates\\{814E0E01-50B1-4E22-9825-21025E9237C6}\\mpengine.dll+60077d|C:\\ProgramData\\Microsoft\\Windows Defender\\Definition Updates\\{814E0E01-50B1-4E22-9825-21025E9237C6}\\mpengine.dll+602337|C:\\ProgramData\\Microsoft\\Windows Defender\\Definition Updates\\{814E0E01-50B1-4E22-9825-21025E9237C6}\\mpengine.dll+5fb049|C:\\ProgramData\\Microsoft\\Windows Defender\\Definition Updates\\{814E0E01-50B1-4E22-9825-21025E9237C6}\\mpengine.dll+5f991b|C:\\ProgramData\\Microsoft\\Windows Defender\\Definition Updates\\{814E0E01-50B1-4E22-9825-21025E9237C6}\\mpengine.dll+5fba86|C:\\ProgramData\\Microsoft\\Windows Defender\\Definition Updates\\{814E0E01-50B1-4E22-9825-21025E9237C6}\\mpengine.dll+5fba01|C:\\ProgramData\\Microsoft\\Windows Defender\\Definition Updates\\{814E0E01-50B1-4E22-9825-21025E9237C6}\\mpengine.dll+2b8765|C:\\ProgramData\\Microsoft\\Windows Defender\\Definition Updates\\{814E0E01-50B1-4E22-9825-21025E9237C6}\\mpengine.dll+2b6217|C:\\ProgramData\\Microsoft\\Windows Defender\\Definition Updates\\{814E0E01-50B1-4E22-9825-21025E9237C6}\\mpengine.dll+2b649e|C:\\ProgramData\\Microsoft\\Windows Defender\\Definition Updates\\{814E0E01-50B1-4E22-9825-21025E9237C6}\\mpengine.dll+2e7ae3|C:\\ProgramData\\Microsoft\\Windows Defender\\Definition Updates\\{814E0E01-50B1-4E22-9825-21025E9237C6}\\mpengine.dll+36f6e2|C:\\WINDOWS\\SYSTEM32\\ntdll.dll+3089d|C:\\WINDOWS\\SYSTEM32\\ntdll.dll+34634|C:\\WINDOWS\\System32\\KERNEL32.DLL+17bd4|C:\\WINDOWS\\SYSTEM32\\ntdll.dll+6ced1","ecs":{"version":"1.1.0"},"host":{"name":"win10"},"agent":{"hostname":"win10","id":"48e12a22-5293-48b2-be18-b209a2e8228b","version":"7.4.0","type":"winlogbeat","ephemeral_id":"63b64902-85b7-4e5b-8603-9a5a923a012f"}}
{"@timestamp":"2020-01-13T00:04:47.413Z","@metadata":{"beat":"winlogbeat","type":"_doc","version":"7.4.0","topic":"winlogbeat"},"host":{"name":"win10"},"agent":{"ephemeral_id":"63b64902-85b7-4e5b-8603-9a5a923a012f","hostname":"win10","id":"48e12a22-5293-48b2-be18-b209a2e8228b","version":"7.4.0","type":"winlogbeat"},"message":"Process accessed:\nRuleName: \nUtcTime: 2020-01-13 00:04:47.412\nSourceProcessGUID: {9d556bd4-95d4-5e1b-0000-001069c80200}\nSourceProcessId: 2724\nSourceThreadId: 3476\nSourceImage: C:\\ProgramData\\Microsoft\\Windows Defender\\platform\\4.18.1911.3-0\\MsMpEng.exe\nTargetProcessGUID: {9d556bd4-ab37-5e1b-0000-00106605ea00}\nTargetProcessId: 8760\nTargetImage: C:\\Tools\\winlogbeat-7.4.0-windows-x86_64\\winlogbeat.exe\nGrantedAccess: 0x1000\nCallTrace: C:\\WINDOWS\\SYSTEM32\\ntdll.dll+9c584|C:\\WINDOWS\\System32\\KERNELBASE.dll+2730e|C:\\ProgramData\\Microsoft\\Windows Defender\\Definition Updates\\{814E0E01-50B1-4E22-9825-21025E9237C6}\\mpengine.dll+4af9b4|C:\\ProgramData\\Microsoft\\Windows Defender\\Definition Updates\\{814E0E01-50B1-4E22-9825-21025E9237C6}\\mpengine.dll+4af788|C:\\ProgramData\\Microsoft\\Windows Defender\\Definition Updates\\{814E0E01-50B1-4E22-9825-21025E9237C6}\\mpengine.dll+60080f|C:\\ProgramData\\Microsoft\\Windows Defender\\Definition Updates\\{814E0E01-50B1-4E22-9825-21025E9237C6}\\mpengine.dll+602342|C:\\ProgramData\\Microsoft\\Windows Defender\\Definition Updates\\{814E0E01-50B1-4E22-9825-21025E9237C6}\\mpengine.dll+5fb049|C:\\ProgramData\\Microsoft\\Windows Defender\\Definition Updates\\{814E0E01-50B1-4E22-9825-21025E9237C6}\\mpengine.dll+5f991b|C:\\ProgramData\\Microsoft\\Windows Defender\\Definition Updates\\{814E0E01-50B1-4E22-9825-21025E9237C6}\\mpengine.dll+5fba86|C:\\ProgramData\\Microsoft\\Windows Defender\\Definition Updates\\{814E0E01-50B1-4E22-9825-21025E9237C6}\\mpengine.dll+5fba01|C:\\ProgramData\\Microsoft\\Windows Defender\\Definition Updates\\{814E0E01-50B1-4E22-9825-21025E9237C6}\\mpengine.dll+2b8765|C:\\ProgramData\\Microsoft\\Windows Defender\\Definition Updates\\{814E0E01-50B1-4E22-9825-21025E9237C6}\\mpengine.dll+2b6217|C:\\ProgramData\\Microsoft\\Windows Defender\\Definition Updates\\{814E0E01-50B1-4E22-9825-21025E9237C6}\\mpengine.dll+2b649e|C:\\ProgramData\\Microsoft\\Windows Defender\\Definition Updates\\{814E0E01-50B1-4E22-9825-21025E9237C6}\\mpengine.dll+2e7ae3|C:\\ProgramData\\Microsoft\\Windows Defender\\Definition Updates\\{814E0E01-50B1-4E22-9825-21025E9237C6}\\mpengine.dll+36f6e2|C:\\WINDOWS\\SYSTEM32\\ntdll.dll+3089d|C:\\WINDOWS\\SYSTEM32\\ntdll.dll+34634|C:\\WINDOWS\\System32\\KERNEL32.DLL+17bd4|C:\\WINDOWS\\SYSTEM32\\ntdll.dll+6ced1","winlog":{"event_data":{"SourceProcessGUID":"{9d556bd4-95d4-5e1b-0000-001069c80200}","TargetProcessId":"8760","CallTrace":"C:\\WINDOWS\\SYSTEM32\\ntdll.dll+9c584|C:\\WINDOWS\\System32\\KERNELBASE.dll+2730e|C:\\ProgramData\\Microsoft\\Windows Defender\\Definition Updates\\{814E0E01-50B1-4E22-9825-21025E9237C6}\\mpengine.dll+4af9b4|C:\\ProgramData\\Microsoft\\Windows Defender\\Definition Updates\\{814E0E01-50B1-4E22-9825-21025E9237C6}\\mpengine.dll+4af788|C:\\ProgramData\\Microsoft\\Windows Defender\\Definition Updates\\{814E0E01-50B1-4E22-9825-21025E9237C6}\\mpengine.dll+60080f|C:\\ProgramData\\Microsoft\\Windows Defender\\Definition Updates\\{814E0E01-50B1-4E22-9825-21025E9237C6}\\mpengine.dll+602342|C:\\ProgramData\\Microsoft\\Windows Defender\\Definition Updates\\{814E0E01-50B1-4E22-9825-21025E9237C6}\\mpengine.dll+5fb049|C:\\ProgramData\\Microsoft\\Windows Defender\\Definition Updates\\{814E0E01-50B1-4E22-9825-21025E9237C6}\\mpengine.dll+5f991b|C:\\ProgramData\\Microsoft\\Windows Defender\\Definition Updates\\{814E0E01-50B1-4E22-9825-21025E9237C6}\\mpengine.dll+5fba86|C:\\ProgramData\\Microsoft\\Windows Defender\\Definition Updates\\{814E0E01-50B1-4E22-9825-21025E9237C6}\\mpengine.dll+5fba01|C:\\ProgramData\\Microsoft\\Windows Defender\\Definition Updates\\{814E0E01-50B1-4E22-9825-21025E9237C6}\\mpengine.dll+2b8765|C:\\ProgramData\\Microsoft\\Windows Defender\\Definition Updates\\{814E0E01-50B1-4E22-9825-21025E9237C6}\\mpengine.dll+2b6217|C:\\ProgramData\\Microsoft\\Windows Defender\\Definition Updates\\{814E0E01-50B1-4E22-9825-21025E9237C6}\\mpengine.dll+2b649e|C:\\ProgramData\\Microsoft\\Windows Defender\\Definition Updates\\{814E0E01-50B1-4E22-9825-21025E9237C6}\\mpengine.dll+2e7ae3|C:\\ProgramData\\Microsoft\\Windows Defender\\Definition Updates\\{814E0E01-50B1-4E22-9825-21025E9237C6}\\mpengine.dll+36f6e2|C:\\WINDOWS\\SYSTEM32\\ntdll.dll+3089d|C:\\WINDOWS\\SYSTEM32\\ntdll.dll+34634|C:\\WINDOWS\\System32\\KERNEL32.DLL+17bd4|C:\\WINDOWS\\SYSTEM32\\ntdll.dll+6ced1","UtcTime":"2020-01-13 00:04:47.412","TargetProcessGUID":"{9d556bd4-ab37-5e1b-0000-00106605ea00}","GrantedAccess":"0x1000","SourceThreadId":"3476","SourceProcessId":"2724","SourceImage":"C:\\ProgramData\\Microsoft\\Windows Defender\\platform\\4.18.1911.3-0\\MsMpEng.exe","TargetImage":"C:\\Tools\\winlogbeat-7.4.0-windows-x86_64\\winlogbeat.exe"},"computer_name":"win10.marvel.local","opcode":"Info","user":{"identifier":"S-1-5-18","name":"SYSTEM","domain":"NT AUTHORITY","type":"User"},"event_id":10,"task":"Process accessed (rule: ProcessAccess)","provider_guid":"{5770385f-c22a-43e0-bf4c-06f5698ffbd9}","channel":"Microsoft-Windows-Sysmon/Operational","record_id":12220015,"api":"wineventlog","version":3,"process":{"pid":2668,"thread":{"id":3728}},"provider_name":"Microsoft-Windows-Sysmon"},"event":{"action":"Process accessed (rule: ProcessAccess)","created":"2020-01-13T00:04:49.016Z","kind":"event","code":10},"log":{"level":"information"},"ecs":{"version":"1.1.0"}}
{"@timestamp":"2020-01-13T00:04:47.413Z","@metadata":{"beat":"winlogbeat","type":"_doc","version":"7.4.0","topic":"winlogbeat"},"winlog":{"version":3,"event_id":10,"provider_name":"Microsoft-Windows-Sysmon","api":"wineventlog","computer_name":"win10.marvel.local","process":{"pid":2668,"thread":{"id":3728}},"event_data":{"SourceThreadId":"3476","TargetProcessGUID":"{9d556bd4-ab37-5e1b-0000-00106605ea00}","UtcTime":"2020-01-13 00:04:47.412","CallTrace":"C:\\WINDOWS\\SYSTEM32\\ntdll.dll+9c584|C:\\WINDOWS\\System32\\KERNELBASE.dll+2730e|C:\\ProgramData\\Microsoft\\Windows Defender\\Definition Updates\\{814E0E01-50B1-4E22-9825-21025E9237C6}\\mpengine.dll+4af9b4|C:\\ProgramData\\Microsoft\\Windows Defender\\Definition Updates\\{814E0E01-50B1-4E22-9825-21025E9237C6}\\mpengine.dll+4af788|C:\\ProgramData\\Microsoft\\Windows Defender\\Definition Updates\\{814E0E01-50B1-4E22-9825-21025E9237C6}\\mpengine.dll+4b11c3|C:\\ProgramData\\Microsoft\\Windows Defender\\Definition Updates\\{814E0E01-50B1-4E22-9825-21025E9237C6}\\mpengine.dll+5c5ffd|C:\\ProgramData\\Microsoft\\Windows Defender\\Definition Updates\\{814E0E01-50B1-4E22-9825-21025E9237C6}\\mpengine.dll+6008b6|C:\\ProgramData\\Microsoft\\Windows Defender\\Definition Updates\\{814E0E01-50B1-4E22-9825-21025E9237C6}\\mpengine.dll+602327|C:\\ProgramData\\Microsoft\\Windows Defender\\Definition Updates\\{814E0E01-50B1-4E22-9825-21025E9237C6}\\mpengine.dll+5fb65f|C:\\ProgramData\\Microsoft\\Windows Defender\\Definition Updates\\{814E0E01-50B1-4E22-9825-21025E9237C6}\\mpengine.dll+5f98bc|C:\\ProgramData\\Microsoft\\Windows Defender\\Definition Updates\\{814E0E01-50B1-4E22-9825-21025E9237C6}\\mpengine.dll+5fba86|C:\\ProgramData\\Microsoft\\Windows Defender\\Definition Updates\\{814E0E01-50B1-4E22-9825-21025E9237C6}\\mpengine.dll+5fba01|C:\\ProgramData\\Microsoft\\Windows Defender\\Definition Updates\\{814E0E01-50B1-4E22-9825-21025E9237C6}\\mpengine.dll+2b8765|C:\\ProgramData\\Microsoft\\Windows Defender\\Definition Updates\\{814E0E01-50B1-4E22-9825-21025E9237C6}\\mpengine.dll+2b6217|C:\\ProgramData\\Microsoft\\Windows Defender\\Definition Updates\\{814E0E01-50B1-4E22-9825-21025E9237C6}\\mpengine.dll+2b649e|C:\\ProgramData\\Microsoft\\Windows Defender\\Definition Updates\\{814E0E01-50B1-4E22-9825-21025E9237C6}\\mpengine.dll+2e7ae3|C:\\ProgramData\\Microsoft\\Windows Defender\\Definition Updates\\{814E0E01-50B1-4E22-9825-21025E9237C6}\\mpengine.dll+36f6e2|C:\\WINDOWS\\SYSTEM32\\ntdll.dll+3089d|C:\\WINDOWS\\SYSTEM32\\ntdll.dll+34634|C:\\WINDOWS\\System32\\KERNEL32.DLL+17bd4|C:\\WINDOWS\\SYSTEM32\\ntdll.dll+6ced1","SourceProcessGUID":"{9d556bd4-95d4-5e1b-0000-001069c80200}","SourceProcessId":"2724","TargetImage":"C:\\Tools\\winlogbeat-7.4.0-windows-x86_64\\winlogbeat.exe","GrantedAccess":"0x101000","SourceImage":"C:\\ProgramData\\Microsoft\\Windows Defender\\platform\\4.18.1911.3-0\\MsMpEng.exe","TargetProcessId":"8760"},"record_id":12220016,"task":"Process accessed (rule: ProcessAccess)","opcode":"Info","provider_guid":"{5770385f-c22a-43e0-bf4c-06f5698ffbd9}","user":{"domain":"NT AUTHORITY","type":"User","identifier":"S-1-5-18","name":"SYSTEM"},"channel":"Microsoft-Windows-Sysmon/Operational"},"event":{"created":"2020-01-13T00:04:49.016Z","kind":"event","code":10,"action":"Process accessed (rule: ProcessAccess)"},"log":{"level":"information"},"message":"Process accessed:\nRuleName: \nUtcTime: 2020-01-13 00:04:47.412\nSourceProcessGUID: {9d556bd4-95d4-5e1b-0000-001069c80200}\nSourceProcessId: 2724\nSourceThreadId: 3476\nSourceImage: C:\\ProgramData\\Microsoft\\Windows Defender\\platform\\4.18.1911.3-0\\MsMpEng.exe\nTargetProcessGUID: {9d556bd4-ab37-5e1b-0000-00106605ea00}\nTargetProcessId: 8760\nTargetImage: C:\\Tools\\winlogbeat-7.4.0-windows-x86_64\\winlogbeat.exe\nGrantedAccess: 0x101000\nCallTrace: C:\\WINDOWS\\SYSTEM32\\ntdll.dll+9c584|C:\\WINDOWS\\System32\\KERNELBASE.dll+2730e|C:\\ProgramData\\Microsoft\\Windows Defender\\Definition Updates\\{814E0E01-50B1-4E22-9825-21025E9237C6}\\mpengine.dll+4af9b4|C:\\ProgramData\\Microsoft\\Windows Defender\\Definition Updates\\{814E0E01-50B1-4E22-9825-21025E9237C6}\\mpengine.dll+4af788|C:\\ProgramData\\Microsoft\\Windows Defender\\Definition Updates\\{814E0E01-50B1-4E22-9825-21025E9237C6}\\mpengine.dll+4b11c3|C:\\ProgramData\\Microsoft\\Windows Defender\\Definition Updates\\{814E0E01-50B1-4E22-9825-21025E9237C6}\\mpengine.dll+5c5ffd|C:\\ProgramData\\Microsoft\\Windows Defender\\Definition Updates\\{814E0E01-50B1-4E22-9825-21025E9237C6}\\mpengine.dll+6008b6|C:\\ProgramData\\Microsoft\\Windows Defender\\Definition Updates\\{814E0E01-50B1-4E22-9825-21025E9237C6}\\mpengine.dll+602327|C:\\ProgramData\\Microsoft\\Windows Defender\\Definition Updates\\{814E0E01-50B1-4E22-9825-21025E9237C6}\\mpengine.dll+5fb65f|C:\\ProgramData\\Microsoft\\Windows Defender\\Definition Updates\\{814E0E01-50B1-4E22-9825-21025E9237C6}\\mpengine.dll+5f98bc|C:\\ProgramData\\Microsoft\\Windows Defender\\Definition Updates\\{814E0E01-50B1-4E22-9825-21025E9237C6}\\mpengine.dll+5fba86|C:\\ProgramData\\Microsoft\\Windows Defender\\Definition Updates\\{814E0E01-50B1-4E22-9825-21025E9237C6}\\mpengine.dll+5fba01|C:\\ProgramData\\Microsoft\\Windows Defender\\Definition Updates\\{814E0E01-50B1-4E22-9825-21025E9237C6}\\mpengine.dll+2b8765|C:\\ProgramData\\Microsoft\\Windows Defender\\Definition Updates\\{814E0E01-50B1-4E22-9825-21025E9237C6}\\mpengine.dll+2b6217|C:\\ProgramData\\Microsoft\\Windows Defender\\Definition Updates\\{814E0E01-50B1-4E22-9825-21025E9237C6}\\mpengine.dll+2b649e|C:\\ProgramData\\Microsoft\\Windows Defender\\Definition Updates\\{814E0E01-50B1-4E22-9825-21025E9237C6}\\mpengine.dll+2e7ae3|C:\\ProgramData\\Microsoft\\Windows Defender\\Definition Updates\\{814E0E01-50B1-4E22-9825-21025E9237C6}\\mpengine.dll+36f6e2|C:\\WINDOWS\\SYSTEM32\\ntdll.dll+3089d|C:\\WINDOWS\\SYSTEM32\\ntdll.dll+34634|C:\\WINDOWS\\System32\\KERNEL32.DLL+17bd4|C:\\WINDOWS\\SYSTEM32\\ntdll.dll+6ced1","ecs":{"version":"1.1.0"},"host":{"name":"win10"},"agent":{"ephemeral_id":"63b64902-85b7-4e5b-8603-9a5a923a012f","hostname":"win10","id":"48e12a22-5293-48b2-be18-b209a2e8228b","version":"7.4.0","type":"winlogbeat"}}
{"@timestamp":"2020-01-13T00:04:47.413Z","@metadata":{"beat":"winlogbeat","type":"_doc","version":"7.4.0","topic":"winlogbeat"},"message":"Process accessed:\nRuleName: \nUtcTime: 2020-01-13 00:04:47.412\nSourceProcessGUID: {9d556bd4-95d4-5e1b-0000-001069c80200}\nSourceProcessId: 2724\nSourceThreadId: 3476\nSourceImage: C:\\ProgramData\\Microsoft\\Windows Defender\\platform\\4.18.1911.3-0\\MsMpEng.exe\nTargetProcessGUID: {9d556bd4-ab37-5e1b-0000-00106605ea00}\nTargetProcessId: 8760\nTargetImage: C:\\Tools\\winlogbeat-7.4.0-windows-x86_64\\winlogbeat.exe\nGrantedAccess: 0x1010\nCallTrace: C:\\WINDOWS\\SYSTEM32\\ntdll.dll+9c584|C:\\WINDOWS\\System32\\KERNELBASE.dll+2730e|C:\\ProgramData\\Microsoft\\Windows Defender\\Definition Updates\\{814E0E01-50B1-4E22-9825-21025E9237C6}\\mpengine.dll+4af9b4|C:\\ProgramData\\Microsoft\\Windows Defender\\Definition Updates\\{814E0E01-50B1-4E22-9825-21025E9237C6}\\mpengine.dll+4af788|C:\\ProgramData\\Microsoft\\Windows Defender\\Definition Updates\\{814E0E01-50B1-4E22-9825-21025E9237C6}\\mpengine.dll+4add27|C:\\ProgramData\\Microsoft\\Windows Defender\\Definition Updates\\{814E0E01-50B1-4E22-9825-21025E9237C6}\\mpengine.dll+60077d|C:\\ProgramData\\Microsoft\\Windows Defender\\Definition Updates\\{814E0E01-50B1-4E22-9825-21025E9237C6}\\mpengine.dll+602337|C:\\ProgramData\\Microsoft\\Windows Defender\\Definition Updates\\{814E0E01-50B1-4E22-9825-21025E9237C6}\\mpengine.dll+5fb65f|C:\\ProgramData\\Microsoft\\Windows Defender\\Definition Updates\\{814E0E01-50B1-4E22-9825-21025E9237C6}\\mpengine.dll+5f98bc|C:\\ProgramData\\Microsoft\\Windows Defender\\Definition Updates\\{814E0E01-50B1-4E22-9825-21025E9237C6}\\mpengine.dll+5fba86|C:\\ProgramData\\Microsoft\\Windows Defender\\Definition Updates\\{814E0E01-50B1-4E22-9825-21025E9237C6}\\mpengine.dll+5fba01|C:\\ProgramData\\Microsoft\\Windows Defender\\Definition Updates\\{814E0E01-50B1-4E22-9825-21025E9237C6}\\mpengine.dll+2b8765|C:\\ProgramData\\Microsoft\\Windows Defender\\Definition Updates\\{814E0E01-50B1-4E22-9825-21025E9237C6}\\mpengine.dll+2b6217|C:\\ProgramData\\Microsoft\\Windows Defender\\Definition Updates\\{814E0E01-50B1-4E22-9825-21025E9237C6}\\mpengine.dll+2b649e|C:\\ProgramData\\Microsoft\\Windows Defender\\Definition Updates\\{814E0E01-50B1-4E22-9825-21025E9237C6}\\mpengine.dll+2e7ae3|C:\\ProgramData\\Microsoft\\Windows Defender\\Definition Updates\\{814E0E01-50B1-4E22-9825-21025E9237C6}\\mpengine.dll+36f6e2|C:\\WINDOWS\\SYSTEM32\\ntdll.dll+3089d|C:\\WINDOWS\\SYSTEM32\\ntdll.dll+34634|C:\\WINDOWS\\System32\\KERNEL32.DLL+17bd4|C:\\WINDOWS\\SYSTEM32\\ntdll.dll+6ced1","ecs":{"version":"1.1.0"},"host":{"name":"win10"},"agent":{"type":"winlogbeat","ephemeral_id":"63b64902-85b7-4e5b-8603-9a5a923a012f","hostname":"win10","id":"48e12a22-5293-48b2-be18-b209a2e8228b","version":"7.4.0"},"winlog":{"provider_guid":"{5770385f-c22a-43e0-bf4c-06f5698ffbd9}","provider_name":"Microsoft-Windows-Sysmon","task":"Process accessed (rule: ProcessAccess)","computer_name":"win10.marvel.local","opcode":"Info","process":{"pid":2668,"thread":{"id":3728}},"channel":"Microsoft-Windows-Sysmon/Operational","api":"wineventlog","event_id":10,"user":{"domain":"NT AUTHORITY","type":"User","identifier":"S-1-5-18","name":"SYSTEM"},"event_data":{"UtcTime":"2020-01-13 00:04:47.412","SourceThreadId":"3476","GrantedAccess":"0x1010","CallTrace":"C:\\WINDOWS\\SYSTEM32\\ntdll.dll+9c584|C:\\WINDOWS\\System32\\KERNELBASE.dll+2730e|C:\\ProgramData\\Microsoft\\Windows Defender\\Definition Updates\\{814E0E01-50B1-4E22-9825-21025E9237C6}\\mpengine.dll+4af9b4|C:\\ProgramData\\Microsoft\\Windows Defender\\Definition Updates\\{814E0E01-50B1-4E22-9825-21025E9237C6}\\mpengine.dll+4af788|C:\\ProgramData\\Microsoft\\Windows Defender\\Definition Updates\\{814E0E01-50B1-4E22-9825-21025E9237C6}\\mpengine.dll+4add27|C:\\ProgramData\\Microsoft\\Windows Defender\\Definition Updates\\{814E0E01-50B1-4E22-9825-21025E9237C6}\\mpengine.dll+60077d|C:\\ProgramData\\Microsoft\\Windows Defender\\Definition Updates\\{814E0E01-50B1-4E22-9825-21025E9237C6}\\mpengine.dll+602337|C:\\ProgramData\\Microsoft\\Windows Defender\\Definition Updates\\{814E0E01-50B1-4E22-9825-21025E9237C6}\\mpengine.dll+5fb65f|C:\\ProgramData\\Microsoft\\Windows Defender\\Definition Updates\\{814E0E01-50B1-4E22-9825-21025E9237C6}\\mpengine.dll+5f98bc|C:\\ProgramData\\Microsoft\\Windows Defender\\Definition Updates\\{814E0E01-50B1-4E22-9825-21025E9237C6}\\mpengine.dll+5fba86|C:\\ProgramData\\Microsoft\\Windows Defender\\Definition Updates\\{814E0E01-50B1-4E22-9825-21025E9237C6}\\mpengine.dll+5fba01|C:\\ProgramData\\Microsoft\\Windows Defender\\Definition Updates\\{814E0E01-50B1-4E22-9825-21025E9237C6}\\mpengine.dll+2b8765|C:\\ProgramData\\Microsoft\\Windows Defender\\Definition Updates\\{814E0E01-50B1-4E22-9825-21025E9237C6}\\mpengine.dll+2b6217|C:\\ProgramData\\Microsoft\\Windows Defender\\Definition Updates\\{814E0E01-50B1-4E22-9825-21025E9237C6}\\mpengine.dll+2b649e|C:\\ProgramData\\Microsoft\\Windows Defender\\Definition Updates\\{814E0E01-50B1-4E22-9825-21025E9237C6}\\mpengine.dll+2e7ae3|C:\\ProgramData\\Microsoft\\Windows Defender\\Definition Updates\\{814E0E01-50B1-4E22-9825-21025E9237C6}\\mpengine.dll+36f6e2|C:\\WINDOWS\\SYSTEM32\\ntdll.dll+3089d|C:\\WINDOWS\\SYSTEM32\\ntdll.dll+34634|C:\\WINDOWS\\System32\\KERNEL32.DLL+17bd4|C:\\WINDOWS\\SYSTEM32\\ntdll.dll+6ced1","SourceProcessId":"2724","SourceImage":"C:\\ProgramData\\Microsoft\\Windows Defender\\platform\\4.18.1911.3-0\\MsMpEng.exe","SourceProcessGUID":"{9d556bd4-95d4-5e1b-0000-001069c80200}","TargetProcessGUID":"{9d556bd4-ab37-5e1b-0000-00106605ea00}","TargetProcessId":"8760","TargetImage":"C:\\Tools\\winlogbeat-7.4.0-windows-x86_64\\winlogbeat.exe"},"record_id":12220017,"version":3},"event":{"action":"Process accessed (rule: ProcessAccess)","created":"2020-01-13T00:04:49.016Z","kind":"event","code":10},"log":{"level":"information"}}
{"@timestamp":"2020-01-13T00:04:47.413Z","@metadata":{"beat":"winlogbeat","type":"_doc","version":"7.4.0","topic":"winlogbeat"},"event":{"kind":"event","code":10,"action":"Process accessed (rule: ProcessAccess)","created":"2020-01-13T00:04:49.016Z"},"host":{"name":"win10"},"agent":{"hostname":"win10","id":"48e12a22-5293-48b2-be18-b209a2e8228b","version":"7.4.0","type":"winlogbeat","ephemeral_id":"63b64902-85b7-4e5b-8603-9a5a923a012f"},"ecs":{"version":"1.1.0"},"log":{"level":"information"},"message":"Process accessed:\nRuleName: \nUtcTime: 2020-01-13 00:04:47.412\nSourceProcessGUID: {9d556bd4-95d4-5e1b-0000-001069c80200}\nSourceProcessId: 2724\nSourceThreadId: 3476\nSourceImage: C:\\ProgramData\\Microsoft\\Windows Defender\\platform\\4.18.1911.3-0\\MsMpEng.exe\nTargetProcessGUID: {9d556bd4-ab37-5e1b-0000-00106605ea00}\nTargetProcessId: 8760\nTargetImage: C:\\Tools\\winlogbeat-7.4.0-windows-x86_64\\winlogbeat.exe\nGrantedAccess: 0x1000\nCallTrace: C:\\WINDOWS\\SYSTEM32\\ntdll.dll+9c584|C:\\WINDOWS\\System32\\KERNELBASE.dll+2730e|C:\\ProgramData\\Microsoft\\Windows Defender\\Definition Updates\\{814E0E01-50B1-4E22-9825-21025E9237C6}\\mpengine.dll+4af9b4|C:\\ProgramData\\Microsoft\\Windows Defender\\Definition Updates\\{814E0E01-50B1-4E22-9825-21025E9237C6}\\mpengine.dll+4af788|C:\\ProgramData\\Microsoft\\Windows Defender\\Definition Updates\\{814E0E01-50B1-4E22-9825-21025E9237C6}\\mpengine.dll+60080f|C:\\ProgramData\\Microsoft\\Windows Defender\\Definition Updates\\{814E0E01-50B1-4E22-9825-21025E9237C6}\\mpengine.dll+602342|C:\\ProgramData\\Microsoft\\Windows Defender\\Definition Updates\\{814E0E01-50B1-4E22-9825-21025E9237C6}\\mpengine.dll+5fb65f|C:\\ProgramData\\Microsoft\\Windows Defender\\Definition Updates\\{814E0E01-50B1-4E22-9825-21025E9237C6}\\mpengine.dll+5f98bc|C:\\ProgramData\\Microsoft\\Windows Defender\\Definition Updates\\{814E0E01-50B1-4E22-9825-21025E9237C6}\\mpengine.dll+5fba86|C:\\ProgramData\\Microsoft\\Windows Defender\\Definition Updates\\{814E0E01-50B1-4E22-9825-21025E9237C6}\\mpengine.dll+5fba01|C:\\ProgramData\\Microsoft\\Windows Defender\\Definition Updates\\{814E0E01-50B1-4E22-9825-21025E9237C6}\\mpengine.dll+2b8765|C:\\ProgramData\\Microsoft\\Windows Defender\\Definition Updates\\{814E0E01-50B1-4E22-9825-21025E9237C6}\\mpengine.dll+2b6217|C:\\ProgramData\\Microsoft\\Windows Defender\\Definition Updates\\{814E0E01-50B1-4E22-9825-21025E9237C6}\\mpengine.dll+2b649e|C:\\ProgramData\\Microsoft\\Windows Defender\\Definition Updates\\{814E0E01-50B1-4E22-9825-21025E9237C6}\\mpengine.dll+2e7ae3|C:\\ProgramData\\Microsoft\\Windows Defender\\Definition Updates\\{814E0E01-50B1-4E22-9825-21025E9237C6}\\mpengine.dll+36f6e2|C:\\WINDOWS\\SYSTEM32\\ntdll.dll+3089d|C:\\WINDOWS\\SYSTEM32\\ntdll.dll+34634|C:\\WINDOWS\\System32\\KERNEL32.DLL+17bd4|C:\\WINDOWS\\SYSTEM32\\ntdll.dll+6ced1","winlog":{"provider_name":"Microsoft-Windows-Sysmon","task":"Process accessed (rule: ProcessAccess)","api":"wineventlog","process":{"pid":2668,"thread":{"id":3728}},"computer_name":"win10.marvel.local","opcode":"Info","provider_guid":"{5770385f-c22a-43e0-bf4c-06f5698ffbd9}","channel":"Microsoft-Windows-Sysmon/Operational","version":3,"record_id":12220018,"user":{"name":"SYSTEM","domain":"NT AUTHORITY","type":"User","identifier":"S-1-5-18"},"event_data":{"SourceThreadId":"3476","TargetProcessId":"8760","UtcTime":"2020-01-13 00:04:47.412","SourceProcessGUID":"{9d556bd4-95d4-5e1b-0000-001069c80200}","SourceImage":"C:\\ProgramData\\Microsoft\\Windows Defender\\platform\\4.18.1911.3-0\\MsMpEng.exe","TargetImage":"C:\\Tools\\winlogbeat-7.4.0-windows-x86_64\\winlogbeat.exe","CallTrace":"C:\\WINDOWS\\SYSTEM32\\ntdll.dll+9c584|C:\\WINDOWS\\System32\\KERNELBASE.dll+2730e|C:\\ProgramData\\Microsoft\\Windows Defender\\Definition Updates\\{814E0E01-50B1-4E22-9825-21025E9237C6}\\mpengine.dll+4af9b4|C:\\ProgramData\\Microsoft\\Windows Defender\\Definition Updates\\{814E0E01-50B1-4E22-9825-21025E9237C6}\\mpengine.dll+4af788|C:\\ProgramData\\Microsoft\\Windows Defender\\Definition Updates\\{814E0E01-50B1-4E22-9825-21025E9237C6}\\mpengine.dll+60080f|C:\\ProgramData\\Microsoft\\Windows Defender\\Definition Updates\\{814E0E01-50B1-4E22-9825-21025E9237C6}\\mpengine.dll+602342|C:\\ProgramData\\Microsoft\\Windows Defender\\Definition Updates\\{814E0E01-50B1-4E22-9825-21025E9237C6}\\mpengine.dll+5fb65f|C:\\ProgramData\\Microsoft\\Windows Defender\\Definition Updates\\{814E0E01-50B1-4E22-9825-21025E9237C6}\\mpengine.dll+5f98bc|C:\\ProgramData\\Microsoft\\Windows Defender\\Definition Updates\\{814E0E01-50B1-4E22-9825-21025E9237C6}\\mpengine.dll+5fba86|C:\\ProgramData\\Microsoft\\Windows Defender\\Definition Updates\\{814E0E01-50B1-4E22-9825-21025E9237C6}\\mpengine.dll+5fba01|C:\\ProgramData\\Microsoft\\Windows Defender\\Definition Updates\\{814E0E01-50B1-4E22-9825-21025E9237C6}\\mpengine.dll+2b8765|C:\\ProgramData\\Microsoft\\Windows Defender\\Definition Updates\\{814E0E01-50B1-4E22-9825-21025E9237C6}\\mpengine.dll+2b6217|C:\\ProgramData\\Microsoft\\Windows Defender\\Definition Updates\\{814E0E01-50B1-4E22-9825-21025E9237C6}\\mpengine.dll+2b649e|C:\\ProgramData\\Microsoft\\Windows Defender\\Definition Updates\\{814E0E01-50B1-4E22-9825-21025E9237C6}\\mpengine.dll+2e7ae3|C:\\ProgramData\\Microsoft\\Windows Defender\\Definition Updates\\{814E0E01-50B1-4E22-9825-21025E9237C6}\\mpengine.dll+36f6e2|C:\\WINDOWS\\SYSTEM32\\ntdll.dll+3089d|C:\\WINDOWS\\SYSTEM32\\ntdll.dll+34634|C:\\WINDOWS\\System32\\KERNEL32.DLL+17bd4|C:\\WINDOWS\\SYSTEM32\\ntdll.dll+6ced1","SourceProcessId":"2724","GrantedAccess":"0x1000","TargetProcessGUID":"{9d556bd4-ab37-5e1b-0000-00106605ea00}"},"event_id":10}}
{"@timestamp":"2020-01-13T00:04:51.616Z","@metadata":{"beat":"winlogbeat","type":"_doc","version":"7.4.0","topic":"winlogbeat"},"log":{"level":"information"},"message":"Process accessed:\nRuleName: \nUtcTime: 2020-01-13 00:04:51.602\nSourceProcessGUID: {9d556bd4-95d4-5e1b-0000-001069c80200}\nSourceProcessId: 2724\nSourceThreadId: 3476\nSourceImage: C:\\ProgramData\\Microsoft\\Windows Defender\\platform\\4.18.1911.3-0\\MsMpEng.exe\nTargetProcessGUID: {9d556bd4-ac15-5e1b-0000-0010b47ced00}\nTargetProcessId: 1016\nTargetImage: C:\\Windows\\System32\\WindowsPowerShell\\v1.0\\powershell.exe\nGrantedAccess: 0x1410\nCallTrace: C:\\WINDOWS\\SYSTEM32\\ntdll.dll+9c584|C:\\WINDOWS\\System32\\KERNELBASE.dll+2730e|C:\\ProgramData\\Microsoft\\Windows Defender\\platform\\4.18.1911.3-0\\mpsvc.dll+dde1f|C:\\ProgramData\\Microsoft\\Windows Defender\\platform\\4.18.1911.3-0\\mpsvc.dll+dabc8|C:\\ProgramData\\Microsoft\\Windows Defender\\platform\\4.18.1911.3-0\\mpsvc.dll+dea8a|C:\\ProgramData\\Microsoft\\Windows Defender\\platform\\4.18.1911.3-0\\mpsvc.dll+dc393|C:\\ProgramData\\Microsoft\\Windows Defender\\platform\\4.18.1911.3-0\\mpsvc.dll+dcf76|C:\\WINDOWS\\System32\\RPCRT4.dll+76983|C:\\WINDOWS\\System32\\RPCRT4.dll+da036|C:\\WINDOWS\\System32\\RPCRT4.dll+37a7c|C:\\WINDOWS\\System32\\RPCRT4.dll+548f8|C:\\WINDOWS\\System32\\RPCRT4.dll+2c951|C:\\WINDOWS\\System32\\RPCRT4.dll+2c20b|C:\\WINDOWS\\System32\\RPCRT4.dll+1a86f|C:\\WINDOWS\\System32\\RPCRT4.dll+19d1a|C:\\WINDOWS\\System32\\RPCRT4.dll+19301|C:\\WINDOWS\\System32\\RPCRT4.dll+18d6e|C:\\WINDOWS\\System32\\RPCRT4.dll+169a5|C:\\WINDOWS\\SYSTEM32\\ntdll.dll+3346d|C:\\WINDOWS\\SYSTEM32\\ntdll.dll+341c2|C:\\WINDOWS\\System32\\KERNEL32.DLL+17bd4|C:\\WINDOWS\\SYSTEM32\\ntdll.dll+6ced1","winlog":{"computer_name":"win10.marvel.local","provider_guid":"{5770385f-c22a-43e0-bf4c-06f5698ffbd9}","event_data":{"TargetProcessId":"1016","GrantedAccess":"0x1410","SourceThreadId":"3476","SourceProcessGUID":"{9d556bd4-95d4-5e1b-0000-001069c80200}","SourceImage":"C:\\ProgramData\\Microsoft\\Windows Defender\\platform\\4.18.1911.3-0\\MsMpEng.exe","TargetProcessGUID":"{9d556bd4-ac15-5e1b-0000-0010b47ced00}","TargetImage":"C:\\Windows\\System32\\WindowsPowerShell\\v1.0\\powershell.exe","CallTrace":"C:\\WINDOWS\\SYSTEM32\\ntdll.dll+9c584|C:\\WINDOWS\\System32\\KERNELBASE.dll+2730e|C:\\ProgramData\\Microsoft\\Windows Defender\\platform\\4.18.1911.3-0\\mpsvc.dll+dde1f|C:\\ProgramData\\Microsoft\\Windows Defender\\platform\\4.18.1911.3-0\\mpsvc.dll+dabc8|C:\\ProgramData\\Microsoft\\Windows Defender\\platform\\4.18.1911.3-0\\mpsvc.dll+dea8a|C:\\ProgramData\\Microsoft\\Windows Defender\\platform\\4.18.1911.3-0\\mpsvc.dll+dc393|C:\\ProgramData\\Microsoft\\Windows Defender\\platform\\4.18.1911.3-0\\mpsvc.dll+dcf76|C:\\WINDOWS\\System32\\RPCRT4.dll+76983|C:\\WINDOWS\\System32\\RPCRT4.dll+da036|C:\\WINDOWS\\System32\\RPCRT4.dll+37a7c|C:\\WINDOWS\\System32\\RPCRT4.dll+548f8|C:\\WINDOWS\\System32\\RPCRT4.dll+2c951|C:\\WINDOWS\\System32\\RPCRT4.dll+2c20b|C:\\WINDOWS\\System32\\RPCRT4.dll+1a86f|C:\\WINDOWS\\System32\\RPCRT4.dll+19d1a|C:\\WINDOWS\\System32\\RPCRT4.dll+19301|C:\\WINDOWS\\System32\\RPCRT4.dll+18d6e|C:\\WINDOWS\\System32\\RPCRT4.dll+169a5|C:\\WINDOWS\\SYSTEM32\\ntdll.dll+3346d|C:\\WINDOWS\\SYSTEM32\\ntdll.dll+341c2|C:\\WINDOWS\\System32\\KERNEL32.DLL+17bd4|C:\\WINDOWS\\SYSTEM32\\ntdll.dll+6ced1","UtcTime":"2020-01-13 00:04:51.602","SourceProcessId":"2724"},"event_id":10,"api":"wineventlog","process":{"pid":2668,"thread":{"id":3728}},"channel":"Microsoft-Windows-Sysmon/Operational","task":"Process accessed (rule: ProcessAccess)","provider_name":"Microsoft-Windows-Sysmon","opcode":"Info","user":{"domain":"NT AUTHORITY","type":"User","identifier":"S-1-5-18","name":"SYSTEM"},"record_id":12220019,"version":3},"event":{"action":"Process accessed (rule: ProcessAccess)","created":"2020-01-13T00:04:52.084Z","kind":"event","code":10},"ecs":{"version":"1.1.0"},"host":{"name":"win10"},"agent":{"ephemeral_id":"63b64902-85b7-4e5b-8603-9a5a923a012f","hostname":"win10","id":"48e12a22-5293-48b2-be18-b209a2e8228b","version":"7.4.0","type":"winlogbeat"}}
{"@timestamp":"2020-01-13T00:04:51.619Z","@metadata":{"beat":"winlogbeat","type":"_doc","version":"7.4.0","topic":"winlogbeat"},"event":{"kind":"event","code":10,"action":"Process accessed (rule: ProcessAccess)","created":"2020-01-13T00:04:52.084Z"},"host":{"name":"win10"},"agent":{"version":"7.4.0","type":"winlogbeat","ephemeral_id":"63b64902-85b7-4e5b-8603-9a5a923a012f","hostname":"win10","id":"48e12a22-5293-48b2-be18-b209a2e8228b"},"ecs":{"version":"1.1.0"},"log":{"level":"information"},"message":"Process accessed:\nRuleName: \nUtcTime: 2020-01-13 00:04:51.617\nSourceProcessGUID: {9d556bd4-95d4-5e1b-0000-001069c80200}\nSourceProcessId: 2724\nSourceThreadId: 3476\nSourceImage: C:\\ProgramData\\Microsoft\\Windows Defender\\platform\\4.18.1911.3-0\\MsMpEng.exe\nTargetProcessGUID: {9d556bd4-ac15-5e1b-0000-0010b47ced00}\nTargetProcessId: 1016\nTargetImage: C:\\Windows\\System32\\WindowsPowerShell\\v1.0\\powershell.exe\nGrantedAccess: 0x1000\nCallTrace: C:\\WINDOWS\\SYSTEM32\\ntdll.dll+9c584|C:\\WINDOWS\\System32\\KERNELBASE.dll+2730e|C:\\ProgramData\\Microsoft\\Windows Defender\\platform\\4.18.1911.3-0\\mpsvc.dll+1241e0|C:\\ProgramData\\Microsoft\\Windows Defender\\platform\\4.18.1911.3-0\\mpsvc.dll+d787c|C:\\ProgramData\\Microsoft\\Windows Defender\\platform\\4.18.1911.3-0\\mpsvc.dll+dac94|C:\\ProgramData\\Microsoft\\Windows Defender\\platform\\4.18.1911.3-0\\mpsvc.dll+dea8a|C:\\ProgramData\\Microsoft\\Windows Defender\\platform\\4.18.1911.3-0\\mpsvc.dll+dc393|C:\\ProgramData\\Microsoft\\Windows Defender\\platform\\4.18.1911.3-0\\mpsvc.dll+dcf76|C:\\WINDOWS\\System32\\RPCRT4.dll+76983|C:\\WINDOWS\\System32\\RPCRT4.dll+da036|C:\\WINDOWS\\System32\\RPCRT4.dll+37a7c|C:\\WINDOWS\\System32\\RPCRT4.dll+548f8|C:\\WINDOWS\\System32\\RPCRT4.dll+2c951|C:\\WINDOWS\\System32\\RPCRT4.dll+2c20b|C:\\WINDOWS\\System32\\RPCRT4.dll+1a86f|C:\\WINDOWS\\System32\\RPCRT4.dll+19d1a|C:\\WINDOWS\\System32\\RPCRT4.dll+19301|C:\\WINDOWS\\System32\\RPCRT4.dll+18d6e|C:\\WINDOWS\\System32\\RPCRT4.dll+169a5|C:\\WINDOWS\\SYSTEM32\\ntdll.dll+3346d|C:\\WINDOWS\\SYSTEM32\\ntdll.dll+341c2|C:\\WINDOWS\\System32\\KERNEL32.DLL+17bd4|C:\\WINDOWS\\SYSTEM32\\ntdll.dll+6ced1","winlog":{"event_id":10,"version":3,"task":"Process accessed (rule: ProcessAccess)","api":"wineventlog","computer_name":"win10.marvel.local","process":{"thread":{"id":3728},"pid":2668},"event_data":{"TargetProcessId":"1016","SourceProcessGUID":"{9d556bd4-95d4-5e1b-0000-001069c80200}","SourceThreadId":"3476","SourceImage":"C:\\ProgramData\\Microsoft\\Windows Defender\\platform\\4.18.1911.3-0\\MsMpEng.exe","CallTrace":"C:\\WINDOWS\\SYSTEM32\\ntdll.dll+9c584|C:\\WINDOWS\\System32\\KERNELBASE.dll+2730e|C:\\ProgramData\\Microsoft\\Windows Defender\\platform\\4.18.1911.3-0\\mpsvc.dll+1241e0|C:\\ProgramData\\Microsoft\\Windows Defender\\platform\\4.18.1911.3-0\\mpsvc.dll+d787c|C:\\ProgramData\\Microsoft\\Windows Defender\\platform\\4.18.1911.3-0\\mpsvc.dll+dac94|C:\\ProgramData\\Microsoft\\Windows Defender\\platform\\4.18.1911.3-0\\mpsvc.dll+dea8a|C:\\ProgramData\\Microsoft\\Windows Defender\\platform\\4.18.1911.3-0\\mpsvc.dll+dc393|C:\\ProgramData\\Microsoft\\Windows Defender\\platform\\4.18.1911.3-0\\mpsvc.dll+dcf76|C:\\WINDOWS\\System32\\RPCRT4.dll+76983|C:\\WINDOWS\\System32\\RPCRT4.dll+da036|C:\\WINDOWS\\System32\\RPCRT4.dll+37a7c|C:\\WINDOWS\\System32\\RPCRT4.dll+548f8|C:\\WINDOWS\\System32\\RPCRT4.dll+2c951|C:\\WINDOWS\\System32\\RPCRT4.dll+2c20b|C:\\WINDOWS\\System32\\RPCRT4.dll+1a86f|C:\\WINDOWS\\System32\\RPCRT4.dll+19d1a|C:\\WINDOWS\\System32\\RPCRT4.dll+19301|C:\\WINDOWS\\System32\\RPCRT4.dll+18d6e|C:\\WINDOWS\\System32\\RPCRT4.dll+169a5|C:\\WINDOWS\\SYSTEM32\\ntdll.dll+3346d|C:\\WINDOWS\\SYSTEM32\\ntdll.dll+341c2|C:\\WINDOWS\\System32\\KERNEL32.DLL+17bd4|C:\\WINDOWS\\SYSTEM32\\ntdll.dll+6ced1","UtcTime":"2020-01-13 00:04:51.617","GrantedAccess":"0x1000","TargetImage":"C:\\Windows\\System32\\WindowsPowerShell\\v1.0\\powershell.exe","SourceProcessId":"2724","TargetProcessGUID":"{9d556bd4-ac15-5e1b-0000-0010b47ced00}"},"channel":"Microsoft-Windows-Sysmon/Operational","provider_name":"Microsoft-Windows-Sysmon","provider_guid":"{5770385f-c22a-43e0-bf4c-06f5698ffbd9}","user":{"name":"SYSTEM","domain":"NT AUTHORITY","type":"User","identifier":"S-1-5-18"},"record_id":12220020,"opcode":"Info"}}
{"@timestamp":"2020-01-13T00:04:51.619Z","@metadata":{"beat":"winlogbeat","type":"_doc","version":"7.4.0","topic":"winlogbeat"},"winlog":{"version":3,"process":{"thread":{"id":3728},"pid":2668},"user":{"name":"SYSTEM","domain":"NT AUTHORITY","type":"User","identifier":"S-1-5-18"},"event_data":{"TargetProcessId":"1016","SourceProcessId":"2724","TargetProcessGUID":"{9d556bd4-ac15-5e1b-0000-0010b47ced00}","TargetImage":"C:\\Windows\\System32\\WindowsPowerShell\\v1.0\\powershell.exe","GrantedAccess":"0x1000","UtcTime":"2020-01-13 00:04:51.617","SourceProcessGUID":"{9d556bd4-95d4-5e1b-0000-001069c80200}","CallTrace":"C:\\WINDOWS\\SYSTEM32\\ntdll.dll+9c584|C:\\WINDOWS\\System32\\KERNELBASE.dll+6a7e5|C:\\ProgramData\\Microsoft\\Windows Defender\\platform\\4.18.1911.3-0\\mpsvc.dll+d7b83|C:\\ProgramData\\Microsoft\\Windows Defender\\platform\\4.18.1911.3-0\\mpsvc.dll+dac94|C:\\ProgramData\\Microsoft\\Windows Defender\\platform\\4.18.1911.3-0\\mpsvc.dll+dea8a|C:\\ProgramData\\Microsoft\\Windows Defender\\platform\\4.18.1911.3-0\\mpsvc.dll+dc393|C:\\ProgramData\\Microsoft\\Windows Defender\\platform\\4.18.1911.3-0\\mpsvc.dll+dcf76|C:\\WINDOWS\\System32\\RPCRT4.dll+76983|C:\\WINDOWS\\System32\\RPCRT4.dll+da036|C:\\WINDOWS\\System32\\RPCRT4.dll+37a7c|C:\\WINDOWS\\System32\\RPCRT4.dll+548f8|C:\\WINDOWS\\System32\\RPCRT4.dll+2c951|C:\\WINDOWS\\System32\\RPCRT4.dll+2c20b|C:\\WINDOWS\\System32\\RPCRT4.dll+1a86f|C:\\WINDOWS\\System32\\RPCRT4.dll+19d1a|C:\\WINDOWS\\System32\\RPCRT4.dll+19301|C:\\WINDOWS\\System32\\RPCRT4.dll+18d6e|C:\\WINDOWS\\System32\\RPCRT4.dll+169a5|C:\\WINDOWS\\SYSTEM32\\ntdll.dll+3346d|C:\\WINDOWS\\SYSTEM32\\ntdll.dll+341c2|C:\\WINDOWS\\System32\\KERNEL32.DLL+17bd4|C:\\WINDOWS\\SYSTEM32\\ntdll.dll+6ced1","SourceThreadId":"3476","SourceImage":"C:\\ProgramData\\Microsoft\\Windows Defender\\platform\\4.18.1911.3-0\\MsMpEng.exe"},"channel":"Microsoft-Windows-Sysmon/Operational","event_id":10,"provider_name":"Microsoft-Windows-Sysmon","provider_guid":"{5770385f-c22a-43e0-bf4c-06f5698ffbd9}","record_id":12220021,"task":"Process accessed (rule: ProcessAccess)","api":"wineventlog","computer_name":"win10.marvel.local","opcode":"Info"},"event":{"kind":"event","code":10,"action":"Process accessed (rule: ProcessAccess)","created":"2020-01-13T00:04:52.084Z"},"log":{"level":"information"},"message":"Process accessed:\nRuleName: \nUtcTime: 2020-01-13 00:04:51.617\nSourceProcessGUID: {9d556bd4-95d4-5e1b-0000-001069c80200}\nSourceProcessId: 2724\nSourceThreadId: 3476\nSourceImage: C:\\ProgramData\\Microsoft\\Windows Defender\\platform\\4.18.1911.3-0\\MsMpEng.exe\nTargetProcessGUID: {9d556bd4-ac15-5e1b-0000-0010b47ced00}\nTargetProcessId: 1016\nTargetImage: C:\\Windows\\System32\\WindowsPowerShell\\v1.0\\powershell.exe\nGrantedAccess: 0x1000\nCallTrace: C:\\WINDOWS\\SYSTEM32\\ntdll.dll+9c584|C:\\WINDOWS\\System32\\KERNELBASE.dll+6a7e5|C:\\ProgramData\\Microsoft\\Windows Defender\\platform\\4.18.1911.3-0\\mpsvc.dll+d7b83|C:\\ProgramData\\Microsoft\\Windows Defender\\platform\\4.18.1911.3-0\\mpsvc.dll+dac94|C:\\ProgramData\\Microsoft\\Windows Defender\\platform\\4.18.1911.3-0\\mpsvc.dll+dea8a|C:\\ProgramData\\Microsoft\\Windows Defender\\platform\\4.18.1911.3-0\\mpsvc.dll+dc393|C:\\ProgramData\\Microsoft\\Windows Defender\\platform\\4.18.1911.3-0\\mpsvc.dll+dcf76|C:\\WINDOWS\\System32\\RPCRT4.dll+76983|C:\\WINDOWS\\System32\\RPCRT4.dll+da036|C:\\WINDOWS\\System32\\RPCRT4.dll+37a7c|C:\\WINDOWS\\System32\\RPCRT4.dll+548f8|C:\\WINDOWS\\System32\\RPCRT4.dll+2c951|C:\\WINDOWS\\System32\\RPCRT4.dll+2c20b|C:\\WINDOWS\\System32\\RPCRT4.dll+1a86f|C:\\WINDOWS\\System32\\RPCRT4.dll+19d1a|C:\\WINDOWS\\System32\\RPCRT4.dll+19301|C:\\WINDOWS\\System32\\RPCRT4.dll+18d6e|C:\\WINDOWS\\System32\\RPCRT4.dll+169a5|C:\\WINDOWS\\SYSTEM32\\ntdll.dll+3346d|C:\\WINDOWS\\SYSTEM32\\ntdll.dll+341c2|C:\\WINDOWS\\System32\\KERNEL32.DLL+17bd4|C:\\WINDOWS\\SYSTEM32\\ntdll.dll+6ced1","host":{"name":"win10"},"agent":{"ephemeral_id":"63b64902-85b7-4e5b-8603-9a5a923a012f","hostname":"win10","id":"48e12a22-5293-48b2-be18-b209a2e8228b","version":"7.4.0","type":"winlogbeat"},"ecs":{"version":"1.1.0"}}
{"@timestamp":"2020-01-13T00:04:51.741Z","@metadata":{"beat":"winlogbeat","type":"_doc","version":"7.4.0","topic":"winlogbeat"},"message":"Process accessed:\nRuleName: \nUtcTime: 2020-01-13 00:04:51.727\nSourceProcessGUID: {9d556bd4-95d4-5e1b-0000-001069c80200}\nSourceProcessId: 2724\nSourceThreadId: 3444\nSourceImage: C:\\ProgramData\\Microsoft\\Windows Defender\\platform\\4.18.1911.3-0\\MsMpEng.exe\nTargetProcessGUID: {9d556bd4-b423-5e1b-0000-00104e060d01}\nTargetProcessId: 2556\nTargetImage: C:\\Users\\thor\\Downloads\\injection-master\\injection-master\\InjectDLL\\x64\\Debug\\InjectDLL.exe\nGrantedAccess: 0x2200\nCallTrace: C:\\WINDOWS\\SYSTEM32\\ntdll.dll+9c584|C:\\WINDOWS\\System32\\KERNELBASE.dll+2730e|C:\\ProgramData\\Microsoft\\Windows Defender\\Definition Updates\\{814E0E01-50B1-4E22-9825-21025E9237C6}\\mpengine.dll+369607|C:\\ProgramData\\Microsoft\\Windows Defender\\Definition Updates\\{814E0E01-50B1-4E22-9825-21025E9237C6}\\mpengine.dll+296342|C:\\ProgramData\\Microsoft\\Windows Defender\\Definition Updates\\{814E0E01-50B1-4E22-9825-21025E9237C6}\\mpengine.dll+299640|C:\\ProgramData\\Microsoft\\Windows Defender\\Definition Updates\\{814E0E01-50B1-4E22-9825-21025E9237C6}\\mpengine.dll+29a3cd|C:\\ProgramData\\Microsoft\\Windows Defender\\Definition Updates\\{814E0E01-50B1-4E22-9825-21025E9237C6}\\mpengine.dll+307b09|C:\\ProgramData\\Microsoft\\Windows Defender\\Definition Updates\\{814E0E01-50B1-4E22-9825-21025E9237C6}\\mpengine.dll+310152|C:\\ProgramData\\Microsoft\\Windows Defender\\Definition Updates\\{814E0E01-50B1-4E22-9825-21025E9237C6}\\mpengine.dll+30e73a|C:\\ProgramData\\Microsoft\\Windows Defender\\Definition Updates\\{814E0E01-50B1-4E22-9825-21025E9237C6}\\mpengine.dll+1bf463|C:\\ProgramData\\Microsoft\\Windows Defender\\Definition Updates\\{814E0E01-50B1-4E22-9825-21025E9237C6}\\mpengine.dll+242f9f|C:\\ProgramData\\Microsoft\\Windows Defender\\platform\\4.18.1911.3-0\\mpsvc.dll+18467|C:\\ProgramData\\Microsoft\\Windows Defender\\platform\\4.18.1911.3-0\\mprtp.dll+16c91|C:\\ProgramData\\Microsoft\\Windows Defender\\platform\\4.18.1911.3-0\\mprtp.dll+2300d|C:\\ProgramData\\Microsoft\\Windows Defender\\platform\\4.18.1911.3-0\\mprtp.dll+2ee3b|C:\\ProgramData\\Microsoft\\Windows Defender\\platform\\4.18.1911.3-0\\mprtp.dll+4db48|C:\\ProgramData\\Microsoft\\Windows Defender\\platform\\4.18.1911.3-0\\mprtp.dll+4e11c|C:\\ProgramData\\Microsoft\\Windows Defender\\platform\\4.18.1911.3-0\\mprtp.dll+8eb20|C:\\WINDOWS\\System32\\KERNEL32.DLL+17bd4|C:\\WINDOWS\\SYSTEM32\\ntdll.dll+6ced1","winlog":{"event_data":{"TargetImage":"C:\\Users\\thor\\Downloads\\injection-master\\injection-master\\InjectDLL\\x64\\Debug\\InjectDLL.exe","UtcTime":"2020-01-13 00:04:51.727","TargetProcessId":"2556","GrantedAccess":"0x2200","SourceProcessId":"2724","SourceThreadId":"3444","SourceImage":"C:\\ProgramData\\Microsoft\\Windows Defender\\platform\\4.18.1911.3-0\\MsMpEng.exe","TargetProcessGUID":"{9d556bd4-b423-5e1b-0000-00104e060d01}","CallTrace":"C:\\WINDOWS\\SYSTEM32\\ntdll.dll+9c584|C:\\WINDOWS\\System32\\KERNELBASE.dll+2730e|C:\\ProgramData\\Microsoft\\Windows Defender\\Definition Updates\\{814E0E01-50B1-4E22-9825-21025E9237C6}\\mpengine.dll+369607|C:\\ProgramData\\Microsoft\\Windows Defender\\Definition Updates\\{814E0E01-50B1-4E22-9825-21025E9237C6}\\mpengine.dll+296342|C:\\ProgramData\\Microsoft\\Windows Defender\\Definition Updates\\{814E0E01-50B1-4E22-9825-21025E9237C6}\\mpengine.dll+299640|C:\\ProgramData\\Microsoft\\Windows Defender\\Definition Updates\\{814E0E01-50B1-4E22-9825-21025E9237C6}\\mpengine.dll+29a3cd|C:\\ProgramData\\Microsoft\\Windows Defender\\Definition Updates\\{814E0E01-50B1-4E22-9825-21025E9237C6}\\mpengine.dll+307b09|C:\\ProgramData\\Microsoft\\Windows Defender\\Definition Updates\\{814E0E01-50B1-4E22-9825-21025E9237C6}\\mpengine.dll+310152|C:\\ProgramData\\Microsoft\\Windows Defender\\Definition Updates\\{814E0E01-50B1-4E22-9825-21025E9237C6}\\mpengine.dll+30e73a|C:\\ProgramData\\Microsoft\\Windows Defender\\Definition Updates\\{814E0E01-50B1-4E22-9825-21025E9237C6}\\mpengine.dll+1bf463|C:\\ProgramData\\Microsoft\\Windows Defender\\Definition Updates\\{814E0E01-50B1-4E22-9825-21025E9237C6}\\mpengine.dll+242f9f|C:\\ProgramData\\Microsoft\\Windows Defender\\platform\\4.18.1911.3-0\\mpsvc.dll+18467|C:\\ProgramData\\Microsoft\\Windows Defender\\platform\\4.18.1911.3-0\\mprtp.dll+16c91|C:\\ProgramData\\Microsoft\\Windows Defender\\platform\\4.18.1911.3-0\\mprtp.dll+2300d|C:\\ProgramData\\Microsoft\\Windows Defender\\platform\\4.18.1911.3-0\\mprtp.dll+2ee3b|C:\\ProgramData\\Microsoft\\Windows Defender\\platform\\4.18.1911.3-0\\mprtp.dll+4db48|C:\\ProgramData\\Microsoft\\Windows Defender\\platform\\4.18.1911.3-0\\mprtp.dll+4e11c|C:\\ProgramData\\Microsoft\\Windows Defender\\platform\\4.18.1911.3-0\\mprtp.dll+8eb20|C:\\WINDOWS\\System32\\KERNEL32.DLL+17bd4|C:\\WINDOWS\\SYSTEM32\\ntdll.dll+6ced1","SourceProcessGUID":"{9d556bd4-95d4-5e1b-0000-001069c80200}"},"task":"Process accessed (rule: ProcessAccess)","api":"wineventlog","process":{"pid":2668,"thread":{"id":3728}},"provider_guid":"{5770385f-c22a-43e0-bf4c-06f5698ffbd9}","version":3,"event_id":10,"record_id":12220022,"computer_name":"win10.marvel.local","user":{"type":"User","identifier":"S-1-5-18","name":"SYSTEM","domain":"NT AUTHORITY"},"channel":"Microsoft-Windows-Sysmon/Operational","opcode":"Info","provider_name":"Microsoft-Windows-Sysmon"},"ecs":{"version":"1.1.0"},"host":{"name":"win10"},"agent":{"hostname":"win10","id":"48e12a22-5293-48b2-be18-b209a2e8228b","version":"7.4.0","type":"winlogbeat","ephemeral_id":"63b64902-85b7-4e5b-8603-9a5a923a012f"},"event":{"kind":"event","code":10,"action":"Process accessed (rule: ProcessAccess)","created":"2020-01-13T00:04:52.084Z"},"log":{"level":"information"}}
