{"@timestamp":"2020-01-13T00:05:00.018Z","@metadata":{"beat":"winlogbeat","type":"_doc","version":"7.4.0","topic":"winlogbeat"},"agent":{"id":"48e12a22-5293-48b2-be18-b209a2e8228b","version":"7.4.0","type":"winlogbeat","ephemeral_id":"63b64902-85b7-4e5b-8603-9a5a923a012f","hostname":"win10"},"winlog":{"event_data":{"SourceProcessId":"756","TargetProcessId":"1096","UtcTime":"2020-01-13 00:05:00.007","SourceImage":"C:\\WINDOWS\\system32\\svchost.exe","SourceProcessGUID":"{9d556bd4-95cf-5e1b-0000-001077e60000}","SourceThreadId":"932","GrantedAccess":"0x1000","CallTrace":"C:\\WINDOWS\\SYSTEM32\\ntdll.dll+9c584|C:\\WINDOWS\\System32\\KERNELBASE.dll+6a7e5|c:\\windows\\system32\\lsm.dll+f97f|c:\\windows\\system32\\lsm.dll+f7ad|C:\\WINDOWS\\System32\\RPCRT4.dll+76983|C:\\WINDOWS\\System32\\RPCRT4.dll+da036|C:\\WINDOWS\\System32\\RPCRT4.dll+37a7c|C:\\WINDOWS\\System32\\RPCRT4.dll+548f8|C:\\WINDOWS\\System32\\RPCRT4.dll+2c951|C:\\WINDOWS\\System32\\RPCRT4.dll+2c20b|C:\\WINDOWS\\System32\\RPCRT4.dll+1a86f|C:\\WINDOWS\\System32\\RPCRT4.dll+19d1a|C:\\WINDOWS\\System32\\RPCRT4.dll+19301|C:\\WINDOWS\\System32\\RPCRT4.dll+18d6e|C:\\WINDOWS\\System32\\RPCRT4.dll+169a5|C:\\WINDOWS\\SYSTEM32\\ntdll.dll+3346d|C:\\WINDOWS\\SYSTEM32\\ntdll.dll+341c2|C:\\WINDOWS\\System32\\KERNEL32.DLL+17bd4|C:\\WINDOWS\\SYSTEM32\\ntdll.dll+6ced1","TargetProcessGUID":"{9d556bd4-95d0-5e1b-0000-001020750100}","TargetImage":"C:\\WINDOWS\\system32\\svchost.exe"},"channel":"Microsoft-Windows-Sysmon/Operational","record_id":12220144,"api":"wineventlog","computer_name":"win10.marvel.local","version":3,"provider_name":"Microsoft-Windows-Sysmon","task":"Process accessed (rule: ProcessAccess)","opcode":"Info","provider_guid":"{5770385f-c22a-43e0-bf4c-06f5698ffbd9}","event_id":10,"user":{"type":"User","identifier":"S-1-5-18","name":"SYSTEM","domain":"NT AUTHORITY"},"process":{"pid":2668,"thread":{"id":3728}}},"event":{"code":10,"action":"Process accessed (rule: ProcessAccess)","created":"2020-01-13T00:05:01.345Z","kind":"event"},"log":{"level":"information"},"message":"Process accessed:\nRuleName: \nUtcTime: 2020-01-13 00:05:00.007\nSourceProcessGUID: {9d556bd4-95cf-5e1b-0000-001077e60000}\nSourceProcessId: 756\nSourceThreadId: 932\nSourceImage: C:\\WINDOWS\\system32\\svchost.exe\nTargetProcessGUID: {9d556bd4-95d0-5e1b-0000-001020750100}\nTargetProcessId: 1096\nTargetImage: C:\\WINDOWS\\system32\\svchost.exe\nGrantedAccess: 0x1000\nCallTrace: C:\\WINDOWS\\SYSTEM32\\ntdll.dll+9c584|C:\\WINDOWS\\System32\\KERNELBASE.dll+6a7e5|c:\\windows\\system32\\lsm.dll+f97f|c:\\windows\\system32\\lsm.dll+f7ad|C:\\WINDOWS\\System32\\RPCRT4.dll+76983|C:\\WINDOWS\\System32\\RPCRT4.dll+da036|C:\\WINDOWS\\System32\\RPCRT4.dll+37a7c|C:\\WINDOWS\\System32\\RPCRT4.dll+548f8|C:\\WINDOWS\\System32\\RPCRT4.dll+2c951|C:\\WINDOWS\\System32\\RPCRT4.dll+2c20b|C:\\WINDOWS\\System32\\RPCRT4.dll+1a86f|C:\\WINDOWS\\System32\\RPCRT4.dll+19d1a|C:\\WINDOWS\\System32\\RPCRT4.dll+19301|C:\\WINDOWS\\System32\\RPCRT4.dll+18d6e|C:\\WINDOWS\\System32\\RPCRT4.dll+169a5|C:\\WINDOWS\\SYSTEM32\\ntdll.dll+3346d|C:\\WINDOWS\\SYSTEM32\\ntdll.dll+341c2|C:\\WINDOWS\\System32\\KERNEL32.DLL+17bd4|C:\\WINDOWS\\SYSTEM32\\ntdll.dll+6ced1","ecs":{"version":"1.1.0"},"host":{"name":"win10"}}
{"@timestamp":"2020-01-13T00:05:00.018Z","@metadata":{"beat":"winlogbeat","type":"_doc","version":"7.4.0","topic":"winlogbeat"},"log":{"level":"information"},"ecs":{"version":"1.1.0"},"host":{"name":"win10"},"agent":{"id":"48e12a22-5293-48b2-be18-b209a2e8228b","version":"7.4.0","type":"winlogbeat","ephemeral_id":"63b64902-85b7-4e5b-8603-9a5a923a012f","hostname":"win10"},"message":"Process accessed:\nRuleName: \nUtcTime: 2020-01-13 00:05:00.007\nSourceProcessGUID: {9d556bd4-95cf-5e1b-0000-001077e60000}\nSourceProcessId: 756\nSourceThreadId: 932\nSourceImage: C:\\WINDOWS\\system32\\svchost.exe\nTargetProcessGUID: {9d556bd4-95d0-5e1b-0000-001020750100}\nTargetProcessId: 1096\nTargetImage: C:\\WINDOWS\\system32\\svchost.exe\nGrantedAccess: 0x1000\nCallTrace: C:\\WINDOWS\\SYSTEM32\\ntdll.dll+9c584|C:\\WINDOWS\\System32\\KERNELBASE.dll+6a7e5|c:\\windows\\system32\\lsm.dll+f6ba|C:\\WINDOWS\\System32\\RPCRT4.dll+76983|C:\\WINDOWS\\System32\\RPCRT4.dll+da036|C:\\WINDOWS\\System32\\RPCRT4.dll+37a7c|C:\\WINDOWS\\System32\\RPCRT4.dll+548f8|C:\\WINDOWS\\System32\\RPCRT4.dll+2c951|C:\\WINDOWS\\System32\\RPCRT4.dll+2c20b|C:\\WINDOWS\\System32\\RPCRT4.dll+1a86f|C:\\WINDOWS\\System32\\RPCRT4.dll+19d1a|C:\\WINDOWS\\System32\\RPCRT4.dll+19301|C:\\WINDOWS\\System32\\RPCRT4.dll+18d6e|C:\\WINDOWS\\System32\\RPCRT4.dll+169a5|C:\\WINDOWS\\SYSTEM32\\ntdll.dll+3346d|C:\\WINDOWS\\SYSTEM32\\ntdll.dll+341c2|C:\\WINDOWS\\System32\\KERNEL32.DLL+17bd4|C:\\WINDOWS\\SYSTEM32\\ntdll.dll+6ced1","winlog":{"event_id":10,"api":"wineventlog","event_data":{"TargetProcessId":"1096","SourceThreadId":"932","SourceImage":"C:\\WINDOWS\\system32\\svchost.exe","UtcTime":"2020-01-13 00:05:00.007","GrantedAccess":"0x1000","CallTrace":"C:\\WINDOWS\\SYSTEM32\\ntdll.dll+9c584|C:\\WINDOWS\\System32\\KERNELBASE.dll+6a7e5|c:\\windows\\system32\\lsm.dll+f6ba|C:\\WINDOWS\\System32\\RPCRT4.dll+76983|C:\\WINDOWS\\System32\\RPCRT4.dll+da036|C:\\WINDOWS\\System32\\RPCRT4.dll+37a7c|C:\\WINDOWS\\System32\\RPCRT4.dll+548f8|C:\\WINDOWS\\System32\\RPCRT4.dll+2c951|C:\\WINDOWS\\System32\\RPCRT4.dll+2c20b|C:\\WINDOWS\\System32\\RPCRT4.dll+1a86f|C:\\WINDOWS\\System32\\RPCRT4.dll+19d1a|C:\\WINDOWS\\System32\\RPCRT4.dll+19301|C:\\WINDOWS\\System32\\RPCRT4.dll+18d6e|C:\\WINDOWS\\System32\\RPCRT4.dll+169a5|C:\\WINDOWS\\SYSTEM32\\ntdll.dll+3346d|C:\\WINDOWS\\SYSTEM32\\ntdll.dll+341c2|C:\\WINDOWS\\System32\\KERNEL32.DLL+17bd4|C:\\WINDOWS\\SYSTEM32\\ntdll.dll+6ced1","SourceProcessGUID":"{9d556bd4-95cf-5e1b-0000-001077e60000}","SourceProcessId":"756","TargetProcessGUID":"{9d556bd4-95d0-5e1b-0000-001020750100}","TargetImage":"C:\\WINDOWS\\system32\\svchost.exe"},"task":"Process accessed (rule: ProcessAccess)","computer_name":"win10.marvel.local","version":3,"channel":"Microsoft-Windows-Sysmon/Operational","opcode":"Info","provider_guid":"{5770385f-c22a-43e0-bf4c-06f5698ffbd9}","record_id":12220145,"process":{"thread":{"id":3728},"pid":2668},"user":{"type":"User","identifier":"S-1-5-18","name":"SYSTEM","domain":"NT AUTHORITY"},"provider_name":"Microsoft-Windows-Sysmon"},"event":{"kind":"event","code":10,"action":"Process accessed (rule: ProcessAccess)","created":"2020-01-13T00:05:01.345Z"}}
{"@timestamp":"2020-01-13T00:05:00.018Z","@metadata":{"beat":"winlogbeat","type":"_doc","version":"7.4.0","topic":"winlogbeat"},"winlog":{"provider_name":"Microsoft-Windows-Sysmon","record_id":12220146,"api":"wineventlog","event_id":10,"provider_guid":"{5770385f-c22a-43e0-bf4c-06f5698ffbd9}","version":3,"user":{"type":"User","identifier":"S-1-5-18","name":"SYSTEM","domain":"NT AUTHORITY"},"channel":"Microsoft-Windows-Sysmon/Operational","process":{"pid":2668,"thread":{"id":3728}},"event_data":{"SourceProcessId":"756","SourceThreadId":"932","TargetImage":"C:\\WINDOWS\\system32\\svchost.exe","CallTrace":"C:\\WINDOWS\\SYSTEM32\\ntdll.dll+9c584|C:\\WINDOWS\\System32\\KERNELBASE.dll+6a7e5|c:\\windows\\system32\\lsm.dll+f97f|c:\\windows\\system32\\lsm.dll+f7ad|C:\\WINDOWS\\System32\\RPCRT4.dll+76983|C:\\WINDOWS\\System32\\RPCRT4.dll+da036|C:\\WINDOWS\\System32\\RPCRT4.dll+37a7c|C:\\WINDOWS\\System32\\RPCRT4.dll+548f8|C:\\WINDOWS\\System32\\RPCRT4.dll+2c951|C:\\WINDOWS\\System32\\RPCRT4.dll+2c20b|C:\\WINDOWS\\System32\\RPCRT4.dll+1a86f|C:\\WINDOWS\\System32\\RPCRT4.dll+19d1a|C:\\WINDOWS\\System32\\RPCRT4.dll+19301|C:\\WINDOWS\\System32\\RPCRT4.dll+18d6e|C:\\WINDOWS\\System32\\RPCRT4.dll+169a5|C:\\WINDOWS\\SYSTEM32\\ntdll.dll+3346d|C:\\WINDOWS\\SYSTEM32\\ntdll.dll+341c2|C:\\WINDOWS\\System32\\KERNEL32.DLL+17bd4|C:\\WINDOWS\\SYSTEM32\\ntdll.dll+6ced1","SourceImage":"C:\\WINDOWS\\system32\\svchost.exe","UtcTime":"2020-01-13 00:05:00.007","SourceProcessGUID":"{9d556bd4-95cf-5e1b-0000-001077e60000}","GrantedAccess":"0x1000","TargetProcessGUID":"{9d556bd4-95d0-5e1b-0000-001020750100}","TargetProcessId":"1096"},"task":"Process accessed (rule: ProcessAccess)","computer_name":"win10.marvel.local","opcode":"Info"},"event":{"kind":"event","code":10,"action":"Process accessed (rule: ProcessAccess)","created":"2020-01-13T00:05:01.345Z"},"log":{"level":"information"},"message":"Process accessed:\nRuleName: \nUtcTime: 2020-01-13 00:05:00.007\nSourceProcessGUID: {9d556bd4-95cf-5e1b-0000-001077e60000}\nSourceProcessId: 756\nSourceThreadId: 932\nSourceImage: C:\\WINDOWS\\system32\\svchost.exe\nTargetProcessGUID: {9d556bd4-95d0-5e1b-0000-001020750100}\nTargetProcessId: 1096\nTargetImage: C:\\WINDOWS\\system32\\svchost.exe\nGrantedAccess: 0x1000\nCallTrace: C:\\WINDOWS\\SYSTEM32\\ntdll.dll+9c584|C:\\WINDOWS\\System32\\KERNELBASE.dll+6a7e5|c:\\windows\\system32\\lsm.dll+f97f|c:\\windows\\system32\\lsm.dll+f7ad|C:\\WINDOWS\\System32\\RPCRT4.dll+76983|C:\\WINDOWS\\System32\\RPCRT4.dll+da036|C:\\WINDOWS\\System32\\RPCRT4.dll+37a7c|C:\\WINDOWS\\System32\\RPCRT4.dll+548f8|C:\\WINDOWS\\System32\\RPCRT4.dll+2c951|C:\\WINDOWS\\System32\\RPCRT4.dll+2c20b|C:\\WINDOWS\\System32\\RPCRT4.dll+1a86f|C:\\WINDOWS\\System32\\RPCRT4.dll+19d1a|C:\\WINDOWS\\System32\\RPCRT4.dll+19301|C:\\WINDOWS\\System32\\RPCRT4.dll+18d6e|C:\\WINDOWS\\System32\\RPCRT4.dll+169a5|C:\\WINDOWS\\SYSTEM32\\ntdll.dll+3346d|C:\\WINDOWS\\SYSTEM32\\ntdll.dll+341c2|C:\\WINDOWS\\System32\\KERNEL32.DLL+17bd4|C:\\WINDOWS\\SYSTEM32\\ntdll.dll+6ced1","agent":{"ephemeral_id":"63b64902-85b7-4e5b-8603-9a5a923a012f","hostname":"win10","id":"48e12a22-5293-48b2-be18-b209a2e8228b","version":"7.4.0","type":"winlogbeat"},"ecs":{"version":"1.1.0"},"host":{"name":"win10"}}
{"@timestamp":"2020-01-13T00:05:00.018Z","@metadata":{"beat":"winlogbeat","type":"_doc","version":"7.4.0","topic":"winlogbeat"},"agent":{"ephemeral_id":"63b64902-85b7-4e5b-8603-9a5a923a012f","hostname":"win10","id":"48e12a22-5293-48b2-be18-b209a2e8228b","version":"7.4.0","type":"winlogbeat"},"event":{"code":10,"action":"Process accessed (rule: ProcessAccess)","created":"2020-01-13T00:05:01.345Z","kind":"event"},"log":{"level":"information"},"message":"Process accessed:\nRuleName: \nUtcTime: 2020-01-13 00:05:00.007\nSourceProcessGUID: {9d556bd4-95cf-5e1b-0000-001077e60000}\nSourceProcessId: 756\nSourceThreadId: 856\nSourceImage: C:\\WINDOWS\\system32\\svchost.exe\nTargetProcessGUID: {9d556bd4-95d0-5e1b-0000-001020750100}\nTargetProcessId: 1096\nTargetImage: C:\\WINDOWS\\system32\\svchost.exe\nGrantedAccess: 0x1000\nCallTrace: C:\\WINDOWS\\SYSTEM32\\ntdll.dll+9c584|C:\\WINDOWS\\System32\\KERNELBASE.dll+6a7e5|c:\\windows\\system32\\lsm.dll+111b6|C:\\WINDOWS\\System32\\RPCRT4.dll+76983|C:\\WINDOWS\\System32\\RPCRT4.dll+da036|C:\\WINDOWS\\System32\\RPCRT4.dll+37a7c|C:\\WINDOWS\\System32\\RPCRT4.dll+548f8|C:\\WINDOWS\\System32\\RPCRT4.dll+2c951|C:\\WINDOWS\\System32\\RPCRT4.dll+2c20b|C:\\WINDOWS\\System32\\RPCRT4.dll+1a86f|C:\\WINDOWS\\System32\\RPCRT4.dll+19d1a|C:\\WINDOWS\\System32\\RPCRT4.dll+19301|C:\\WINDOWS\\System32\\RPCRT4.dll+18d6e|C:\\WINDOWS\\System32\\RPCRT4.dll+169a5|C:\\WINDOWS\\SYSTEM32\\ntdll.dll+3346d|C:\\WINDOWS\\SYSTEM32\\ntdll.dll+341c2|C:\\WINDOWS\\System32\\KERNEL32.DLL+17bd4|C:\\WINDOWS\\SYSTEM32\\ntdll.dll+6ced1","winlog":{"event_id":10,"provider_name":"Microsoft-Windows-Sysmon","task":"Process accessed (rule: ProcessAccess)","api":"wineventlog","channel":"Microsoft-Windows-Sysmon/Operational","version":3,"computer_name":"win10.marvel.local","user":{"identifier":"S-1-5-18","name":"SYSTEM","domain":"NT AUTHORITY","type":"User"},"event_data":{"TargetImage":"C:\\WINDOWS\\system32\\svchost.exe","UtcTime":"2020-01-13 00:05:00.007","SourceProcessGUID":"{9d556bd4-95cf-5e1b-0000-001077e60000}","SourceThreadId":"856","TargetProcessId":"1096","CallTrace":"C:\\WINDOWS\\SYSTEM32\\ntdll.dll+9c584|C:\\WINDOWS\\System32\\KERNELBASE.dll+6a7e5|c:\\windows\\system32\\lsm.dll+111b6|C:\\WINDOWS\\System32\\RPCRT4.dll+76983|C:\\WINDOWS\\System32\\RPCRT4.dll+da036|C:\\WINDOWS\\System32\\RPCRT4.dll+37a7c|C:\\WINDOWS\\System32\\RPCRT4.dll+548f8|C:\\WINDOWS\\System32\\RPCRT4.dll+2c951|C:\\WINDOWS\\System32\\RPCRT4.dll+2c20b|C:\\WINDOWS\\System32\\RPCRT4.dll+1a86f|C:\\WINDOWS\\System32\\RPCRT4.dll+19d1a|C:\\WINDOWS\\System32\\RPCRT4.dll+19301|C:\\WINDOWS\\System32\\RPCRT4.dll+18d6e|C:\\WINDOWS\\System32\\RPCRT4.dll+169a5|C:\\WINDOWS\\SYSTEM32\\ntdll.dll+3346d|C:\\WINDOWS\\SYSTEM32\\ntdll.dll+341c2|C:\\WINDOWS\\System32\\KERNEL32.DLL+17bd4|C:\\WINDOWS\\SYSTEM32\\ntdll.dll+6ced1","GrantedAccess":"0x1000","SourceProcessId":"756","SourceImage":"C:\\WINDOWS\\system32\\svchost.exe","TargetProcessGUID":"{9d556bd4-95d0-5e1b-0000-001020750100}"},"record_id":12220147,"opcode":"Info","provider_guid":"{5770385f-c22a-43e0-bf4c-06f5698ffbd9}","process":{"pid":2668,"thread":{"id":3728}}},"ecs":{"version":"1.1.0"},"host":{"name":"win10"}}
{"@timestamp":"2020-01-13T00:05:00.022Z","@metadata":{"beat":"winlogbeat","type":"_doc","version":"7.4.0","topic":"winlogbeat"},"message":"Process accessed:\nRuleName: \nUtcTime: 2020-01-13 00:05:00.007\nSourceProcessGUID: {9d556bd4-95cf-5e1b-0000-001077e60000}\nSourceProcessId: 756\nSourceThreadId: 984\nSourceImage: C:\\WINDOWS\\system32\\svchost.exe\nTargetProcessGUID: {9d556bd4-95d0-5e1b-0000-00104e640100}\nTargetProcessId: 420\nTargetImage: C:\\WINDOWS\\System32\\svchost.exe\nGrantedAccess: 0x40\nCallTrace: C:\\WINDOWS\\SYSTEM32\\ntdll.dll+9c584|C:\\WINDOWS\\System32\\KERNELBASE.dll+2730e|c:\\windows\\system32\\lsm.dll+1a207|C:\\WINDOWS\\System32\\RPCRT4.dll+76983|C:\\WINDOWS\\System32\\RPCRT4.dll+da036|C:\\WINDOWS\\System32\\RPCRT4.dll+382b9|C:\\WINDOWS\\System32\\combase.dll+a51af|C:\\WINDOWS\\System32\\combase.dll+2a5f3|C:\\WINDOWS\\System32\\combase.dll+2a3e3|C:\\WINDOWS\\System32\\combase.dll+aa726|C:\\WINDOWS\\System32\\combase.dll+4d92a|C:\\WINDOWS\\System32\\combase.dll+a39fd|C:\\WINDOWS\\System32\\combase.dll+5c27c|C:\\WINDOWS\\System32\\combase.dll+5cae1|C:\\WINDOWS\\System32\\combase.dll+5e288|C:\\WINDOWS\\System32\\RPCRT4.dll+548f8|C:\\WINDOWS\\System32\\RPCRT4.dll+2c951|C:\\WINDOWS\\System32\\RPCRT4.dll+2c4a0|C:\\WINDOWS\\System32\\RPCRT4.dll+1a6bf|C:\\WINDOWS\\System32\\RPCRT4.dll+19d1a|C:\\WINDOWS\\System32\\RPCRT4.dll+19301|C:\\WINDOWS\\System32\\RPCRT4.dll+18d6e|C:\\WINDOWS\\System32\\RPCRT4.dll+169a5|C:\\WINDOWS\\SYSTEM32\\ntdll.dll+3346d","ecs":{"version":"1.1.0"},"host":{"name":"win10"},"agent":{"ephemeral_id":"63b64902-85b7-4e5b-8603-9a5a923a012f","hostname":"win10","id":"48e12a22-5293-48b2-be18-b209a2e8228b","version":"7.4.0","type":"winlogbeat"},"winlog":{"event_data":{"SourceImage":"C:\\WINDOWS\\system32\\svchost.exe","TargetImage":"C:\\WINDOWS\\System32\\svchost.exe","TargetProcessGUID":"{9d556bd4-95d0-5e1b-0000-00104e640100}","TargetProcessId":"420","SourceThreadId":"984","CallTrace":"C:\\WINDOWS\\SYSTEM32\\ntdll.dll+9c584|C:\\WINDOWS\\System32\\KERNELBASE.dll+2730e|c:\\windows\\system32\\lsm.dll+1a207|C:\\WINDOWS\\System32\\RPCRT4.dll+76983|C:\\WINDOWS\\System32\\RPCRT4.dll+da036|C:\\WINDOWS\\System32\\RPCRT4.dll+382b9|C:\\WINDOWS\\System32\\combase.dll+a51af|C:\\WINDOWS\\System32\\combase.dll+2a5f3|C:\\WINDOWS\\System32\\combase.dll+2a3e3|C:\\WINDOWS\\System32\\combase.dll+aa726|C:\\WINDOWS\\System32\\combase.dll+4d92a|C:\\WINDOWS\\System32\\combase.dll+a39fd|C:\\WINDOWS\\System32\\combase.dll+5c27c|C:\\WINDOWS\\System32\\combase.dll+5cae1|C:\\WINDOWS\\System32\\combase.dll+5e288|C:\\WINDOWS\\System32\\RPCRT4.dll+548f8|C:\\WINDOWS\\System32\\RPCRT4.dll+2c951|C:\\WINDOWS\\System32\\RPCRT4.dll+2c4a0|C:\\WINDOWS\\System32\\RPCRT4.dll+1a6bf|C:\\WINDOWS\\System32\\RPCRT4.dll+19d1a|C:\\WINDOWS\\System32\\RPCRT4.dll+19301|C:\\WINDOWS\\System32\\RPCRT4.dll+18d6e|C:\\WINDOWS\\System32\\RPCRT4.dll+169a5|C:\\WINDOWS\\SYSTEM32\\ntdll.dll+3346d","GrantedAccess":"0x40","UtcTime":"2020-01-13 00:05:00.007","SourceProcessGUID":"{9d556bd4-95cf-5e1b-0000-001077e60000}","SourceProcessId":"756"},"record_id":12220148,"api":"wineventlog","provider_name":"Microsoft-Windows-Sysmon","computer_name":"win10.marvel.local","opcode":"Info","version":3,"user":{"identifier":"S-1-5-18","name":"SYSTEM","domain":"NT AUTHORITY","type":"User"},"process":{"thread":{"id":3728},"pid":2668},"event_id":10,"channel":"Microsoft-Windows-Sysmon/Operational","task":"Process accessed (rule: ProcessAccess)","provider_guid":"{5770385f-c22a-43e0-bf4c-06f5698ffbd9}"},"event":{"kind":"event","code":10,"action":"Process accessed (rule: ProcessAccess)","created":"2020-01-13T00:05:01.345Z"},"log":{"level":"information"}}
{"@timestamp":"2020-01-13T00:05:00.024Z","@metadata":{"beat":"winlogbeat","type":"_doc","version":"7.4.0","topic":"winlogbeat"},"winlog":{"channel":"Microsoft-Windows-Sysmon/Operational","event_id":10,"computer_name":"win10.marvel.local","opcode":"Info","user":{"name":"SYSTEM","domain":"NT AUTHORITY","type":"User","identifier":"S-1-5-18"},"version":3,"process":{"pid":2668,"thread":{"id":3728}},"event_data":{"UtcTime":"2020-01-13 00:05:00.023","SourceThreadId":"6728","SourceImage":"C:\\WINDOWS\\system32\\svchost.exe","SourceProcessId":"756","TargetProcessGUID":"{9d556bd4-95d0-5e1b-0000-001020750100}","TargetProcessId":"1096","GrantedAccess":"0x1000","TargetImage":"C:\\WINDOWS\\system32\\svchost.exe","CallTrace":"C:\\WINDOWS\\SYSTEM32\\ntdll.dll+9c584|C:\\WINDOWS\\System32\\KERNELBASE.dll+6a7e5|c:\\windows\\system32\\lsm.dll+111b6|C:\\WINDOWS\\System32\\RPCRT4.dll+76983|C:\\WINDOWS\\System32\\RPCRT4.dll+da036|C:\\WINDOWS\\System32\\RPCRT4.dll+37a7c|C:\\WINDOWS\\System32\\RPCRT4.dll+548f8|C:\\WINDOWS\\System32\\RPCRT4.dll+2c951|C:\\WINDOWS\\System32\\RPCRT4.dll+2c20b|C:\\WINDOWS\\System32\\RPCRT4.dll+1a86f|C:\\WINDOWS\\System32\\RPCRT4.dll+19d1a|C:\\WINDOWS\\System32\\RPCRT4.dll+19301|C:\\WINDOWS\\System32\\RPCRT4.dll+18d6e|C:\\WINDOWS\\System32\\RPCRT4.dll+169a5|C:\\WINDOWS\\SYSTEM32\\ntdll.dll+3346d|C:\\WINDOWS\\SYSTEM32\\ntdll.dll+341c2|C:\\WINDOWS\\System32\\KERNEL32.DLL+17bd4|C:\\WINDOWS\\SYSTEM32\\ntdll.dll+6ced1","SourceProcessGUID":"{9d556bd4-95cf-5e1b-0000-001077e60000}"},"provider_name":"Microsoft-Windows-Sysmon","provider_guid":"{5770385f-c22a-43e0-bf4c-06f5698ffbd9}","record_id":12220149,"task":"Process accessed (rule: ProcessAccess)","api":"wineventlog"},"event":{"kind":"event","code":10,"action":"Process accessed (rule: ProcessAccess)","created":"2020-01-13T00:05:01.345Z"},"agent":{"ephemeral_id":"63b64902-85b7-4e5b-8603-9a5a923a012f","hostname":"win10","id":"48e12a22-5293-48b2-be18-b209a2e8228b","version":"7.4.0","type":"winlogbeat"},"ecs":{"version":"1.1.0"},"host":{"name":"win10"},"log":{"level":"information"},"message":"Process accessed:\nRuleName: \nUtcTime: 2020-01-13 00:05:00.023\nSourceProcessGUID: {9d556bd4-95cf-5e1b-0000-001077e60000}\nSourceProcessId: 756\nSourceThreadId: 6728\nSourceImage: C:\\WINDOWS\\system32\\svchost.exe\nTargetProcessGUID: {9d556bd4-95d0-5e1b-0000-001020750100}\nTargetProcessId: 1096\nTargetImage: C:\\WINDOWS\\system32\\svchost.exe\nGrantedAccess: 0x1000\nCallTrace: C:\\WINDOWS\\SYSTEM32\\ntdll.dll+9c584|C:\\WINDOWS\\System32\\KERNELBASE.dll+6a7e5|c:\\windows\\system32\\lsm.dll+111b6|C:\\WINDOWS\\System32\\RPCRT4.dll+76983|C:\\WINDOWS\\System32\\RPCRT4.dll+da036|C:\\WINDOWS\\System32\\RPCRT4.dll+37a7c|C:\\WINDOWS\\System32\\RPCRT4.dll+548f8|C:\\WINDOWS\\System32\\RPCRT4.dll+2c951|C:\\WINDOWS\\System32\\RPCRT4.dll+2c20b|C:\\WINDOWS\\System32\\RPCRT4.dll+1a86f|C:\\WINDOWS\\System32\\RPCRT4.dll+19d1a|C:\\WINDOWS\\System32\\RPCRT4.dll+19301|C:\\WINDOWS\\System32\\RPCRT4.dll+18d6e|C:\\WINDOWS\\System32\\RPCRT4.dll+169a5|C:\\WINDOWS\\SYSTEM32\\ntdll.dll+3346d|C:\\WINDOWS\\SYSTEM32\\ntdll.dll+341c2|C:\\WINDOWS\\System32\\KERNEL32.DLL+17bd4|C:\\WINDOWS\\SYSTEM32\\ntdll.dll+6ced1"}
{"@timestamp":"2020-01-13T00:05:00.025Z","@metadata":{"beat":"winlogbeat","type":"_doc","version":"7.4.0","topic":"winlogbeat"},"agent":{"ephemeral_id":"63b64902-85b7-4e5b-8603-9a5a923a012f","hostname":"win10","id":"48e12a22-5293-48b2-be18-b209a2e8228b","version":"7.4.0","type":"winlogbeat"},"ecs":{"version":"1.1.0"},"winlog":{"version":3,"process":{"pid":2668,"thread":{"id":3728}},"channel":"Microsoft-Windows-Sysmon/Operational","record_id":12220150,"api":"wineventlog","event_id":10,"provider_guid":"{5770385f-c22a-43e0-bf4c-06f5698ffbd9}","computer_name":"win10.marvel.local","opcode":"Info","provider_name":"Microsoft-Windows-Sysmon","task":"Process accessed (rule: ProcessAccess)","user":{"name":"SYSTEM","domain":"NT AUTHORITY","type":"User","identifier":"S-1-5-18"},"event_data":{"CallTrace":"C:\\WINDOWS\\SYSTEM32\\ntdll.dll+9c584|C:\\WINDOWS\\System32\\KERNELBASE.dll+2730e|c:\\windows\\system32\\lsm.dll+1a207|C:\\WINDOWS\\System32\\RPCRT4.dll+76983|C:\\WINDOWS\\System32\\RPCRT4.dll+da036|C:\\WINDOWS\\System32\\RPCRT4.dll+382b9|C:\\WINDOWS\\System32\\combase.dll+a51af|C:\\WINDOWS\\System32\\combase.dll+2a5f3|C:\\WINDOWS\\System32\\combase.dll+2a3e3|C:\\WINDOWS\\System32\\combase.dll+aa726|C:\\WINDOWS\\System32\\combase.dll+4d92a|C:\\WINDOWS\\System32\\combase.dll+a39fd|C:\\WINDOWS\\System32\\combase.dll+5c27c|C:\\WINDOWS\\System32\\combase.dll+5cae1|C:\\WINDOWS\\System32\\combase.dll+5e288|C:\\WINDOWS\\System32\\RPCRT4.dll+548f8|C:\\WINDOWS\\System32\\RPCRT4.dll+2c951|C:\\WINDOWS\\System32\\RPCRT4.dll+2c4a0|C:\\WINDOWS\\System32\\RPCRT4.dll+1a6bf|C:\\WINDOWS\\System32\\RPCRT4.dll+19d1a|C:\\WINDOWS\\System32\\RPCRT4.dll+19301|C:\\WINDOWS\\System32\\RPCRT4.dll+18d6e|C:\\WINDOWS\\System32\\RPCRT4.dll+169a5|C:\\WINDOWS\\SYSTEM32\\ntdll.dll+3346d","SourceProcessGUID":"{9d556bd4-95cf-5e1b-0000-001077e60000}","TargetProcessGUID":"{9d556bd4-95d0-5e1b-0000-00104e640100}","TargetImage":"C:\\WINDOWS\\System32\\svchost.exe","UtcTime":"2020-01-13 00:05:00.023","SourceThreadId":"856","TargetProcessId":"420","SourceProcessId":"756","SourceImage":"C:\\WINDOWS\\system32\\svchost.exe","GrantedAccess":"0x40"}},"event":{"created":"2020-01-13T00:05:01.345Z","kind":"event","code":10,"action":"Process accessed (rule: ProcessAccess)"},"log":{"level":"information"},"message":"Process accessed:\nRuleName: \nUtcTime: 2020-01-13 00:05:00.023\nSourceProcessGUID: {9d556bd4-95cf-5e1b-0000-001077e60000}\nSourceProcessId: 756\nSourceThreadId: 856\nSourceImage: C:\\WINDOWS\\system32\\svchost.exe\nTargetProcessGUID: {9d556bd4-95d0-5e1b-0000-00104e640100}\nTargetProcessId: 420\nTargetImage: C:\\WINDOWS\\System32\\svchost.exe\nGrantedAccess: 0x40\nCallTrace: C:\\WINDOWS\\SYSTEM32\\ntdll.dll+9c584|C:\\WINDOWS\\System32\\KERNELBASE.dll+2730e|c:\\windows\\system32\\lsm.dll+1a207|C:\\WINDOWS\\System32\\RPCRT4.dll+76983|C:\\WINDOWS\\System32\\RPCRT4.dll+da036|C:\\WINDOWS\\System32\\RPCRT4.dll+382b9|C:\\WINDOWS\\System32\\combase.dll+a51af|C:\\WINDOWS\\System32\\combase.dll+2a5f3|C:\\WINDOWS\\System32\\combase.dll+2a3e3|C:\\WINDOWS\\System32\\combase.dll+aa726|C:\\WINDOWS\\System32\\combase.dll+4d92a|C:\\WINDOWS\\System32\\combase.dll+a39fd|C:\\WINDOWS\\System32\\combase.dll+5c27c|C:\\WINDOWS\\System32\\combase.dll+5cae1|C:\\WINDOWS\\System32\\combase.dll+5e288|C:\\WINDOWS\\System32\\RPCRT4.dll+548f8|C:\\WINDOWS\\System32\\RPCRT4.dll+2c951|C:\\WINDOWS\\System32\\RPCRT4.dll+2c4a0|C:\\WINDOWS\\System32\\RPCRT4.dll+1a6bf|C:\\WINDOWS\\System32\\RPCRT4.dll+19d1a|C:\\WINDOWS\\System32\\RPCRT4.dll+19301|C:\\WINDOWS\\System32\\RPCRT4.dll+18d6e|C:\\WINDOWS\\System32\\RPCRT4.dll+169a5|C:\\WINDOWS\\SYSTEM32\\ntdll.dll+3346d","host":{"name":"win10"}}
{"@timestamp":"2020-01-13T00:05:00.030Z","@metadata":{"beat":"winlogbeat","type":"_doc","version":"7.4.0","topic":"winlogbeat"},"message":"Registry object added or deleted:\nRuleName: \nEventType: CreateKey\nUtcTime: 2020-01-13 00:05:00.023\nProcessGuid: {9d556bd4-95d0-5e1b-0000-001020750100}\nProcessId: 1096\nImage: C:\\WINDOWS\\system32\\svchost.exe\nTargetObject: HKLM\\SOFTWARE\\Microsoft\\Windows\\CurrentVersion\\VFUProvider","agent":{"ephemeral_id":"63b64902-85b7-4e5b-8603-9a5a923a012f","hostname":"win10","id":"48e12a22-5293-48b2-be18-b209a2e8228b","version":"7.4.0","type":"winlogbeat"},"ecs":{"version":"1.1.0"},"host":{"name":"win10"},"winlog":{"version":2,"event_data":{"ProcessGuid":"{9d556bd4-95d0-5e1b-0000-001020750100}","ProcessId":"1096","Image":"C:\\WINDOWS\\system32\\svchost.exe","TargetObject":"HKLM\\SOFTWARE\\Microsoft\\Windows\\CurrentVersion\\VFUProvider","EventType":"CreateKey","UtcTime":"2020-01-13 00:05:00.023"},"event_id":12,"task":"Registry object added or deleted (rule: RegistryEvent)","provider_guid":"{5770385f-c22a-43e0-bf4c-06f5698ffbd9}","opcode":"Info","process":{"thread":{"id":3728},"pid":2668},"record_id":12220151,"user":{"name":"SYSTEM","domain":"NT AUTHORITY","type":"User","identifier":"S-1-5-18"},"channel":"Microsoft-Windows-Sysmon/Operational","provider_name":"Microsoft-Windows-Sysmon","api":"wineventlog","computer_name":"win10.marvel.local"},"event":{"kind":"event","code":12,"action":"Registry object added or deleted (rule: RegistryEvent)","created":"2020-01-13T00:05:01.345Z"},"log":{"level":"information"}}
{"@timestamp":"2020-01-13T00:05:00.030Z","@metadata":{"beat":"winlogbeat","type":"_doc","version":"7.4.0","topic":"winlogbeat"},"log":{"level":"information"},"agent":{"ephemeral_id":"63b64902-85b7-4e5b-8603-9a5a923a012f","hostname":"win10","id":"48e12a22-5293-48b2-be18-b209a2e8228b","version":"7.4.0","type":"winlogbeat"},"ecs":{"version":"1.1.0"},"host":{"name":"win10"},"message":"Registry value set:\nRuleName: \nEventType: SetValue\nUtcTime: 2020-01-13 00:05:00.023\nProcessGuid: {9d556bd4-95d0-5e1b-0000-001020750100}\nProcessId: 1096\nImage: C:\\WINDOWS\\system32\\svchost.exe\nTargetObject: HKLM\\SOFTWARE\\Microsoft\\Windows\\CurrentVersion\\VFUProvider\\StartTime\nDetails: QWORD (0x01d5c9a5-0x18cde5e1)","winlog":{"provider_guid":"{5770385f-c22a-43e0-bf4c-06f5698ffbd9}","record_id":12220152,"opcode":"Info","event_id":13,"api":"wineventlog","version":2,"user":{"type":"User","identifier":"S-1-5-18","name":"SYSTEM","domain":"NT AUTHORITY"},"channel":"Microsoft-Windows-Sysmon/Operational","provider_name":"Microsoft-Windows-Sysmon","process":{"thread":{"id":3728},"pid":2668},"event_data":{"ProcessGuid":"{9d556bd4-95d0-5e1b-0000-001020750100}","ProcessId":"1096","Image":"C:\\WINDOWS\\system32\\svchost.exe","TargetObject":"HKLM\\SOFTWARE\\Microsoft\\Windows\\CurrentVersion\\VFUProvider\\StartTime","Details":"QWORD (0x01d5c9a5-0x18cde5e1)","EventType":"SetValue","UtcTime":"2020-01-13 00:05:00.023"},"task":"Registry value set (rule: RegistryEvent)","computer_name":"win10.marvel.local"},"event":{"action":"Registry value set (rule: RegistryEvent)","created":"2020-01-13T00:05:01.345Z","kind":"event","code":13}}
{"@timestamp":"2020-01-13T00:05:02.462Z","@metadata":{"beat":"winlogbeat","type":"_doc","version":"7.4.0","topic":"winlogbeat"},"host":{"name":"win10"},"log":{"level":"information"},"message":"Process accessed:\nRuleName: \nUtcTime: 2020-01-13 00:05:02.461\nSourceProcessGUID: {9d556bd4-95d4-5e1b-0000-001069c80200}\nSourceProcessId: 2724\nSourceThreadId: 3476\nSourceImage: C:\\ProgramData\\Microsoft\\Windows Defender\\platform\\4.18.1911.3-0\\MsMpEng.exe\nTargetProcessGUID: {9d556bd4-ab37-5e1b-0000-00106605ea00}\nTargetProcessId: 8760\nTargetImage: C:\\Tools\\winlogbeat-7.4.0-windows-x86_64\\winlogbeat.exe\nGrantedAccess: 0x101000\nCallTrace: C:\\WINDOWS\\SYSTEM32\\ntdll.dll+9c584|C:\\WINDOWS\\System32\\KERNELBASE.dll+2730e|C:\\ProgramData\\Microsoft\\Windows Defender\\Definition Updates\\{814E0E01-50B1-4E22-9825-21025E9237C6}\\mpengine.dll+4af9b4|C:\\ProgramData\\Microsoft\\Windows Defender\\Definition Updates\\{814E0E01-50B1-4E22-9825-21025E9237C6}\\mpengine.dll+4af788|C:\\ProgramData\\Microsoft\\Windows Defender\\Definition Updates\\{814E0E01-50B1-4E22-9825-21025E9237C6}\\mpengine.dll+4b11c3|C:\\ProgramData\\Microsoft\\Windows Defender\\Definition Updates\\{814E0E01-50B1-4E22-9825-21025E9237C6}\\mpengine.dll+5c5ffd|C:\\ProgramData\\Microsoft\\Windows Defender\\Definition Updates\\{814E0E01-50B1-4E22-9825-21025E9237C6}\\mpengine.dll+6008b6|C:\\ProgramData\\Microsoft\\Windows Defender\\Definition Updates\\{814E0E01-50B1-4E22-9825-21025E9237C6}\\mpengine.dll+602327|C:\\ProgramData\\Microsoft\\Windows Defender\\Definition Updates\\{814E0E01-50B1-4E22-9825-21025E9237C6}\\mpengine.dll+5fb049|C:\\ProgramData\\Microsoft\\Windows Defender\\Definition Updates\\{814E0E01-50B1-4E22-9825-21025E9237C6}\\mpengine.dll+5f9977|C:\\ProgramData\\Microsoft\\Windows Defender\\Definition Updates\\{814E0E01-50B1-4E22-9825-21025E9237C6}\\mpengine.dll+5fba86|C:\\ProgramData\\Microsoft\\Windows Defender\\Definition Updates\\{814E0E01-50B1-4E22-9825-21025E9237C6}\\mpengine.dll+5fba01|C:\\ProgramData\\Microsoft\\Windows Defender\\Definition Updates\\{814E0E01-50B1-4E22-9825-21025E9237C6}\\mpengine.dll+2b8765|C:\\ProgramData\\Microsoft\\Windows Defender\\Definition Updates\\{814E0E01-50B1-4E22-9825-21025E9237C6}\\mpengine.dll+2b6217|C:\\ProgramData\\Microsoft\\Windows Defender\\Definition Updates\\{814E0E01-50B1-4E22-9825-21025E9237C6}\\mpengine.dll+2b649e|C:\\ProgramData\\Microsoft\\Windows Defender\\Definition Updates\\{814E0E01-50B1-4E22-9825-21025E9237C6}\\mpengine.dll+2e7ae3|C:\\ProgramData\\Microsoft\\Windows Defender\\Definition Updates\\{814E0E01-50B1-4E22-9825-21025E9237C6}\\mpengine.dll+36f6e2|C:\\WINDOWS\\SYSTEM32\\ntdll.dll+3089d|C:\\WINDOWS\\SYSTEM32\\ntdll.dll+34634|C:\\WINDOWS\\System32\\KERNEL32.DLL+17bd4|C:\\WINDOWS\\SYSTEM32\\ntdll.dll+6ced1","winlog":{"provider_name":"Microsoft-Windows-Sysmon","record_id":12220153,"event_id":10,"computer_name":"win10.marvel.local","opcode":"Info","version":3,"user":{"identifier":"S-1-5-18","name":"SYSTEM","domain":"NT AUTHORITY","type":"User"},"event_data":{"SourceThreadId":"3476","SourceImage":"C:\\ProgramData\\Microsoft\\Windows Defender\\platform\\4.18.1911.3-0\\MsMpEng.exe","TargetProcessGUID":"{9d556bd4-ab37-5e1b-0000-00106605ea00}","TargetImage":"C:\\Tools\\winlogbeat-7.4.0-windows-x86_64\\winlogbeat.exe","UtcTime":"2020-01-13 00:05:02.461","SourceProcessGUID":"{9d556bd4-95d4-5e1b-0000-001069c80200}","SourceProcessId":"2724","GrantedAccess":"0x101000","CallTrace":"C:\\WINDOWS\\SYSTEM32\\ntdll.dll+9c584|C:\\WINDOWS\\System32\\KERNELBASE.dll+2730e|C:\\ProgramData\\Microsoft\\Windows Defender\\Definition Updates\\{814E0E01-50B1-4E22-9825-21025E9237C6}\\mpengine.dll+4af9b4|C:\\ProgramData\\Microsoft\\Windows Defender\\Definition Updates\\{814E0E01-50B1-4E22-9825-21025E9237C6}\\mpengine.dll+4af788|C:\\ProgramData\\Microsoft\\Windows Defender\\Definition Updates\\{814E0E01-50B1-4E22-9825-21025E9237C6}\\mpengine.dll+4b11c3|C:\\ProgramData\\Microsoft\\Windows Defender\\Definition Updates\\{814E0E01-50B1-4E22-9825-21025E9237C6}\\mpengine.dll+5c5ffd|C:\\ProgramData\\Microsoft\\Windows Defender\\Definition Updates\\{814E0E01-50B1-4E22-9825-21025E9237C6}\\mpengine.dll+6008b6|C:\\ProgramData\\Microsoft\\Windows Defender\\Definition Updates\\{814E0E01-50B1-4E22-9825-21025E9237C6}\\mpengine.dll+602327|C:\\ProgramData\\Microsoft\\Windows Defender\\Definition Updates\\{814E0E01-50B1-4E22-9825-21025E9237C6}\\mpengine.dll+5fb049|C:\\ProgramData\\Microsoft\\Windows Defender\\Definition Updates\\{814E0E01-50B1-4E22-9825-21025E9237C6}\\mpengine.dll+5f9977|C:\\ProgramData\\Microsoft\\Windows Defender\\Definition Updates\\{814E0E01-50B1-4E22-9825-21025E9237C6}\\mpengine.dll+5fba86|C:\\ProgramData\\Microsoft\\Windows Defender\\Definition Updates\\{814E0E01-50B1-4E22-9825-21025E9237C6}\\mpengine.dll+5fba01|C:\\ProgramData\\Microsoft\\Windows Defender\\Definition Updates\\{814E0E01-50B1-4E22-9825-21025E9237C6}\\mpengine.dll+2b8765|C:\\ProgramData\\Microsoft\\Windows Defender\\Definition Updates\\{814E0E01-50B1-4E22-9825-21025E9237C6}\\mpengine.dll+2b6217|C:\\ProgramData\\Microsoft\\Windows Defender\\Definition Updates\\{814E0E01-50B1-4E22-9825-21025E9237C6}\\mpengine.dll+2b649e|C:\\ProgramData\\Microsoft\\Windows Defender\\Definition Updates\\{814E0E01-50B1-4E22-9825-21025E9237C6}\\mpengine.dll+2e7ae3|C:\\ProgramData\\Microsoft\\Windows Defender\\Definition Updates\\{814E0E01-50B1-4E22-9825-21025E9237C6}\\mpengine.dll+36f6e2|C:\\WINDOWS\\SYSTEM32\\ntdll.dll+3089d|C:\\WINDOWS\\SYSTEM32\\ntdll.dll+34634|C:\\WINDOWS\\System32\\KERNEL32.DLL+17bd4|C:\\WINDOWS\\SYSTEM32\\ntdll.dll+6ced1","TargetProcessId":"8760"},"task":"Process accessed (rule: ProcessAccess)","api":"wineventlog","process":{"pid":2668,"thread":{"id":3728}},"channel":"Microsoft-Windows-Sysmon/Operational","provider_guid":"{5770385f-c22a-43e0-bf4c-06f5698ffbd9}"},"event":{"kind":"event","code":10,"action":"Process accessed (rule: ProcessAccess)","created":"2020-01-13T00:05:04.380Z"},"agent":{"ephemeral_id":"63b64902-85b7-4e5b-8603-9a5a923a012f","hostname":"win10","id":"48e12a22-5293-48b2-be18-b209a2e8228b","version":"7.4.0","type":"winlogbeat"},"ecs":{"version":"1.1.0"}}
{"@timestamp":"2020-01-13T00:05:02.462Z","@metadata":{"beat":"winlogbeat","type":"_doc","version":"7.4.0","topic":"winlogbeat"},"agent":{"ephemeral_id":"63b64902-85b7-4e5b-8603-9a5a923a012f","hostname":"win10","id":"48e12a22-5293-48b2-be18-b209a2e8228b","version":"7.4.0","type":"winlogbeat"},"winlog":{"api":"wineventlog","computer_name":"win10.marvel.local","opcode":"Info","process":{"pid":2668,"thread":{"id":3728}},"channel":"Microsoft-Windows-Sysmon/Operational","event_id":10,"provider_name":"Microsoft-Windows-Sysmon","task":"Process accessed (rule: ProcessAccess)","event_data":{"TargetImage":"C:\\Tools\\winlogbeat-7.4.0-windows-x86_64\\winlogbeat.exe","CallTrace":"C:\\WINDOWS\\SYSTEM32\\ntdll.dll+9c584|C:\\WINDOWS\\System32\\KERNELBASE.dll+2730e|C:\\ProgramData\\Microsoft\\Windows Defender\\Definition Updates\\{814E0E01-50B1-4E22-9825-21025E9237C6}\\mpengine.dll+4af9b4|C:\\ProgramData\\Microsoft\\Windows Defender\\Definition Updates\\{814E0E01-50B1-4E22-9825-21025E9237C6}\\mpengine.dll+4af788|C:\\ProgramData\\Microsoft\\Windows Defender\\Definition Updates\\{814E0E01-50B1-4E22-9825-21025E9237C6}\\mpengine.dll+4add27|C:\\ProgramData\\Microsoft\\Windows Defender\\Definition Updates\\{814E0E01-50B1-4E22-9825-21025E9237C6}\\mpengine.dll+60077d|C:\\ProgramData\\Microsoft\\Windows Defender\\Definition Updates\\{814E0E01-50B1-4E22-9825-21025E9237C6}\\mpengine.dll+602337|C:\\ProgramData\\Microsoft\\Windows Defender\\Definition Updates\\{814E0E01-50B1-4E22-9825-21025E9237C6}\\mpengine.dll+5fb049|C:\\ProgramData\\Microsoft\\Windows Defender\\Definition Updates\\{814E0E01-50B1-4E22-9825-21025E9237C6}\\mpengine.dll+5f9977|C:\\ProgramData\\Microsoft\\Windows Defender\\Definition Updates\\{814E0E01-50B1-4E22-9825-21025E9237C6}\\mpengine.dll+5fba86|C:\\ProgramData\\Microsoft\\Windows Defender\\Definition Updates\\{814E0E01-50B1-4E22-9825-21025E9237C6}\\mpengine.dll+5fba01|C:\\ProgramData\\Microsoft\\Windows Defender\\Definition Updates\\{814E0E01-50B1-4E22-9825-21025E9237C6}\\mpengine.dll+2b8765|C:\\ProgramData\\Microsoft\\Windows Defender\\Definition Updates\\{814E0E01-50B1-4E22-9825-21025E9237C6}\\mpengine.dll+2b6217|C:\\ProgramData\\Microsoft\\Windows Defender\\Definition Updates\\{814E0E01-50B1-4E22-9825-21025E9237C6}\\mpengine.dll+2b649e|C:\\ProgramData\\Microsoft\\Windows Defender\\Definition Updates\\{814E0E01-50B1-4E22-9825-21025E9237C6}\\mpengine.dll+2e7ae3|C:\\ProgramData\\Microsoft\\Windows Defender\\Definition Updates\\{814E0E01-50B1-4E22-9825-21025E9237C6}\\mpengine.dll+36f6e2|C:\\WINDOWS\\SYSTEM32\\ntdll.dll+3089d|C:\\WINDOWS\\SYSTEM32\\ntdll.dll+34634|C:\\WINDOWS\\System32\\KERNEL32.DLL+17bd4|C:\\WINDOWS\\SYSTEM32\\ntdll.dll+6ced1","UtcTime":"2020-01-13 00:05:02.462","SourceProcessGUID":"{9d556bd4-95d4-5e1b-0000-001069c80200}","SourceThreadId":"3476","TargetProcessId":"8760","GrantedAccess":"0x1010","SourceProcessId":"2724","TargetProcessGUID":"{9d556bd4-ab37-5e1b-0000-00106605ea00}","SourceImage":"C:\\ProgramData\\Microsoft\\Windows Defender\\platform\\4.18.1911.3-0\\MsMpEng.exe"},"record_id":12220154,"user":{"domain":"NT AUTHORITY","type":"User","identifier":"S-1-5-18","name":"SYSTEM"},"version":3,"provider_guid":"{5770385f-c22a-43e0-bf4c-06f5698ffbd9}"},"event":{"kind":"event","code":10,"action":"Process accessed (rule: ProcessAccess)","created":"2020-01-13T00:05:04.381Z"},"log":{"level":"information"},"message":"Process accessed:\nRuleName: \nUtcTime: 2020-01-13 00:05:02.462\nSourceProcessGUID: {9d556bd4-95d4-5e1b-0000-001069c80200}\nSourceProcessId: 2724\nSourceThreadId: 3476\nSourceImage: C:\\ProgramData\\Microsoft\\Windows Defender\\platform\\4.18.1911.3-0\\MsMpEng.exe\nTargetProcessGUID: {9d556bd4-ab37-5e1b-0000-00106605ea00}\nTargetProcessId: 8760\nTargetImage: C:\\Tools\\winlogbeat-7.4.0-windows-x86_64\\winlogbeat.exe\nGrantedAccess: 0x1010\nCallTrace: C:\\WINDOWS\\SYSTEM32\\ntdll.dll+9c584|C:\\WINDOWS\\System32\\KERNELBASE.dll+2730e|C:\\ProgramData\\Microsoft\\Windows Defender\\Definition Updates\\{814E0E01-50B1-4E22-9825-21025E9237C6}\\mpengine.dll+4af9b4|C:\\ProgramData\\Microsoft\\Windows Defender\\Definition Updates\\{814E0E01-50B1-4E22-9825-21025E9237C6}\\mpengine.dll+4af788|C:\\ProgramData\\Microsoft\\Windows Defender\\Definition Updates\\{814E0E01-50B1-4E22-9825-21025E9237C6}\\mpengine.dll+4add27|C:\\ProgramData\\Microsoft\\Windows Defender\\Definition Updates\\{814E0E01-50B1-4E22-9825-21025E9237C6}\\mpengine.dll+60077d|C:\\ProgramData\\Microsoft\\Windows Defender\\Definition Updates\\{814E0E01-50B1-4E22-9825-21025E9237C6}\\mpengine.dll+602337|C:\\ProgramData\\Microsoft\\Windows Defender\\Definition Updates\\{814E0E01-50B1-4E22-9825-21025E9237C6}\\mpengine.dll+5fb049|C:\\ProgramData\\Microsoft\\Windows Defender\\Definition Updates\\{814E0E01-50B1-4E22-9825-21025E9237C6}\\mpengine.dll+5f9977|C:\\ProgramData\\Microsoft\\Windows Defender\\Definition Updates\\{814E0E01-50B1-4E22-9825-21025E9237C6}\\mpengine.dll+5fba86|C:\\ProgramData\\Microsoft\\Windows Defender\\Definition Updates\\{814E0E01-50B1-4E22-9825-21025E9237C6}\\mpengine.dll+5fba01|C:\\ProgramData\\Microsoft\\Windows Defender\\Definition Updates\\{814E0E01-50B1-4E22-9825-21025E9237C6}\\mpengine.dll+2b8765|C:\\ProgramData\\Microsoft\\Windows Defender\\Definition Updates\\{814E0E01-50B1-4E22-9825-21025E9237C6}\\mpengine.dll+2b6217|C:\\ProgramData\\Microsoft\\Windows Defender\\Definition Updates\\{814E0E01-50B1-4E22-9825-21025E9237C6}\\mpengine.dll+2b649e|C:\\ProgramData\\Microsoft\\Windows Defender\\Definition Updates\\{814E0E01-50B1-4E22-9825-21025E9237C6}\\mpengine.dll+2e7ae3|C:\\ProgramData\\Microsoft\\Windows Defender\\Definition Updates\\{814E0E01-50B1-4E22-9825-21025E9237C6}\\mpengine.dll+36f6e2|C:\\WINDOWS\\SYSTEM32\\ntdll.dll+3089d|C:\\WINDOWS\\SYSTEM32\\ntdll.dll+34634|C:\\WINDOWS\\System32\\KERNEL32.DLL+17bd4|C:\\WINDOWS\\SYSTEM32\\ntdll.dll+6ced1","ecs":{"version":"1.1.0"},"host":{"name":"win10"}}
{"@timestamp":"2020-01-13T00:05:02.463Z","@metadata":{"beat":"winlogbeat","type":"_doc","version":"7.4.0","topic":"winlogbeat"},"event":{"code":10,"action":"Process accessed (rule: ProcessAccess)","created":"2020-01-13T00:05:04.381Z","kind":"event"},"log":{"level":"information"},"message":"Process accessed:\nRuleName: \nUtcTime: 2020-01-13 00:05:02.462\nSourceProcessGUID: {9d556bd4-95d4-5e1b-0000-001069c80200}\nSourceProcessId: 2724\nSourceThreadId: 3476\nSourceImage: C:\\ProgramData\\Microsoft\\Windows Defender\\platform\\4.18.1911.3-0\\MsMpEng.exe\nTargetProcessGUID: {9d556bd4-ab37-5e1b-0000-00106605ea00}\nTargetProcessId: 8760\nTargetImage: C:\\Tools\\winlogbeat-7.4.0-windows-x86_64\\winlogbeat.exe\nGrantedAccess: 0x1000\nCallTrace: C:\\WINDOWS\\SYSTEM32\\ntdll.dll+9c584|C:\\WINDOWS\\System32\\KERNELBASE.dll+2730e|C:\\ProgramData\\Microsoft\\Windows Defender\\Definition Updates\\{814E0E01-50B1-4E22-9825-21025E9237C6}\\mpengine.dll+4af9b4|C:\\ProgramData\\Microsoft\\Windows Defender\\Definition Updates\\{814E0E01-50B1-4E22-9825-21025E9237C6}\\mpengine.dll+4af788|C:\\ProgramData\\Microsoft\\Windows Defender\\Definition Updates\\{814E0E01-50B1-4E22-9825-21025E9237C6}\\mpengine.dll+60080f|C:\\ProgramData\\Microsoft\\Windows Defender\\Definition Updates\\{814E0E01-50B1-4E22-9825-21025E9237C6}\\mpengine.dll+602342|C:\\ProgramData\\Microsoft\\Windows Defender\\Definition Updates\\{814E0E01-50B1-4E22-9825-21025E9237C6}\\mpengine.dll+5fb049|C:\\ProgramData\\Microsoft\\Windows Defender\\Definition Updates\\{814E0E01-50B1-4E22-9825-21025E9237C6}\\mpengine.dll+5f9977|C:\\ProgramData\\Microsoft\\Windows Defender\\Definition Updates\\{814E0E01-50B1-4E22-9825-21025E9237C6}\\mpengine.dll+5fba86|C:\\ProgramData\\Microsoft\\Windows Defender\\Definition Updates\\{814E0E01-50B1-4E22-9825-21025E9237C6}\\mpengine.dll+5fba01|C:\\ProgramData\\Microsoft\\Windows Defender\\Definition Updates\\{814E0E01-50B1-4E22-9825-21025E9237C6}\\mpengine.dll+2b8765|C:\\ProgramData\\Microsoft\\Windows Defender\\Definition Updates\\{814E0E01-50B1-4E22-9825-21025E9237C6}\\mpengine.dll+2b6217|C:\\ProgramData\\Microsoft\\Windows Defender\\Definition Updates\\{814E0E01-50B1-4E22-9825-21025E9237C6}\\mpengine.dll+2b649e|C:\\ProgramData\\Microsoft\\Windows Defender\\Definition Updates\\{814E0E01-50B1-4E22-9825-21025E9237C6}\\mpengine.dll+2e7ae3|C:\\ProgramData\\Microsoft\\Windows Defender\\Definition Updates\\{814E0E01-50B1-4E22-9825-21025E9237C6}\\mpengine.dll+36f6e2|C:\\WINDOWS\\SYSTEM32\\ntdll.dll+3089d|C:\\WINDOWS\\SYSTEM32\\ntdll.dll+34634|C:\\WINDOWS\\System32\\KERNEL32.DLL+17bd4|C:\\WINDOWS\\SYSTEM32\\ntdll.dll+6ced1","winlog":{"version":3,"task":"Process accessed (rule: ProcessAccess)","computer_name":"win10.marvel.local","event_data":{"SourceImage":"C:\\ProgramData\\Microsoft\\Windows Defender\\platform\\4.18.1911.3-0\\MsMpEng.exe","TargetProcessGUID":"{9d556bd4-ab37-5e1b-0000-00106605ea00}","TargetImage":"C:\\Tools\\winlogbeat-7.4.0-windows-x86_64\\winlogbeat.exe","SourceProcessId":"2724","TargetProcessId":"8760","SourceThreadId":"3476","CallTrace":"C:\\WINDOWS\\SYSTEM32\\ntdll.dll+9c584|C:\\WINDOWS\\System32\\KERNELBASE.dll+2730e|C:\\ProgramData\\Microsoft\\Windows Defender\\Definition Updates\\{814E0E01-50B1-4E22-9825-21025E9237C6}\\mpengine.dll+4af9b4|C:\\ProgramData\\Microsoft\\Windows Defender\\Definition Updates\\{814E0E01-50B1-4E22-9825-21025E9237C6}\\mpengine.dll+4af788|C:\\ProgramData\\Microsoft\\Windows Defender\\Definition Updates\\{814E0E01-50B1-4E22-9825-21025E9237C6}\\mpengine.dll+60080f|C:\\ProgramData\\Microsoft\\Windows Defender\\Definition Updates\\{814E0E01-50B1-4E22-9825-21025E9237C6}\\mpengine.dll+602342|C:\\ProgramData\\Microsoft\\Windows Defender\\Definition Updates\\{814E0E01-50B1-4E22-9825-21025E9237C6}\\mpengine.dll+5fb049|C:\\ProgramData\\Microsoft\\Windows Defender\\Definition Updates\\{814E0E01-50B1-4E22-9825-21025E9237C6}\\mpengine.dll+5f9977|C:\\ProgramData\\Microsoft\\Windows Defender\\Definition Updates\\{814E0E01-50B1-4E22-9825-21025E9237C6}\\mpengine.dll+5fba86|C:\\ProgramData\\Microsoft\\Windows Defender\\Definition Updates\\{814E0E01-50B1-4E22-9825-21025E9237C6}\\mpengine.dll+5fba01|C:\\ProgramData\\Microsoft\\Windows Defender\\Definition Updates\\{814E0E01-50B1-4E22-9825-21025E9237C6}\\mpengine.dll+2b8765|C:\\ProgramData\\Microsoft\\Windows Defender\\Definition Updates\\{814E0E01-50B1-4E22-9825-21025E9237C6}\\mpengine.dll+2b6217|C:\\ProgramData\\Microsoft\\Windows Defender\\Definition Updates\\{814E0E01-50B1-4E22-9825-21025E9237C6}\\mpengine.dll+2b649e|C:\\ProgramData\\Microsoft\\Windows Defender\\Definition Updates\\{814E0E01-50B1-4E22-9825-21025E9237C6}\\mpengine.dll+2e7ae3|C:\\ProgramData\\Microsoft\\Windows Defender\\Definition Updates\\{814E0E01-50B1-4E22-9825-21025E9237C6}\\mpengine.dll+36f6e2|C:\\WINDOWS\\SYSTEM32\\ntdll.dll+3089d|C:\\WINDOWS\\SYSTEM32\\ntdll.dll+34634|C:\\WINDOWS\\System32\\KERNEL32.DLL+17bd4|C:\\WINDOWS\\SYSTEM32\\ntdll.dll+6ced1","SourceProcessGUID":"{9d556bd4-95d4-5e1b-0000-001069c80200}","GrantedAccess":"0x1000","UtcTime":"2020-01-13 00:05:02.462"},"user":{"name":"SYSTEM","domain":"NT AUTHORITY","type":"User","identifier":"S-1-5-18"},"provider_guid":"{5770385f-c22a-43e0-bf4c-06f5698ffbd9}","event_id":10,"api":"wineventlog","opcode":"Info","process":{"thread":{"id":3728},"pid":2668},"provider_name":"Microsoft-Windows-Sysmon","record_id":12220155,"channel":"Microsoft-Windows-Sysmon/Operational"},"agent":{"id":"48e12a22-5293-48b2-be18-b209a2e8228b","version":"7.4.0","type":"winlogbeat","ephemeral_id":"63b64902-85b7-4e5b-8603-9a5a923a012f","hostname":"win10"},"ecs":{"version":"1.1.0"},"host":{"name":"win10"}}
