{"@timestamp":"2020-01-13T00:04:57.452Z","@metadata":{"beat":"winlogbeat","type":"_doc","version":"7.4.0","topic":"winlogbeat"},"ecs":{"version":"1.1.0"},"host":{"name":"win10"},"agent":{"version":"7.4.0","type":"winlogbeat","ephemeral_id":"63b64902-85b7-4e5b-8603-9a5a923a012f","hostname":"win10","id":"48e12a22-5293-48b2-be18-b209a2e8228b"},"winlog":{"event_data":{"SourceImage":"C:\\ProgramData\\Microsoft\\Windows Defender\\platform\\4.18.1911.3-0\\MsMpEng.exe","TargetProcessGUID":"{9d556bd4-ab37-5e1b-0000-00106605ea00}","TargetProcessId":"8760","SourceThreadId":"3476","SourceProcessGUID":"{9d556bd4-95d4-5e1b-0000-001069c80200}","CallTrace":"C:\\WINDOWS\\SYSTEM32\\ntdll.dll+9c584|C:\\WINDOWS\\System32\\KERNELBASE.dll+2730e|C:\\ProgramData\\Microsoft\\Windows Defender\\Definition Updates\\{814E0E01-50B1-4E22-9825-21025E9237C6}\\mpengine.dll+4af9b4|C:\\ProgramData\\Microsoft\\Windows Defender\\Definition Updates\\{814E0E01-50B1-4E22-9825-21025E9237C6}\\mpengine.dll+4af788|C:\\ProgramData\\Microsoft\\Windows Defender\\Definition Updates\\{814E0E01-50B1-4E22-9825-21025E9237C6}\\mpengine.dll+4b11c3|C:\\ProgramData\\Microsoft\\Windows Defender\\Definition Updates\\{814E0E01-50B1-4E22-9825-21025E9237C6}\\mpengine.dll+5c5ffd|C:\\ProgramData\\Microsoft\\Windows Defender\\Definition Updates\\{814E0E01-50B1-4E22-9825-21025E9237C6}\\mpengine.dll+6008b6|C:\\ProgramData\\Microsoft\\Windows Defender\\Definition Updates\\{814E0E01-50B1-4E22-9825-21025E9237C6}\\mpengine.dll+602327|C:\\ProgramData\\Microsoft\\Windows Defender\\Definition Updates\\{814E0E01-50B1-4E22-9825-21025E9237C6}\\mpengine.dll+5fb049|C:\\ProgramData\\Microsoft\\Windows Defender\\Definition Updates\\{814E0E01-50B1-4E22-9825-21025E9237C6}\\mpengine.dll+5f991b|C:\\ProgramData\\Microsoft\\Windows Defender\\Definition Updates\\{814E0E01-50B1-4E22-9825-21025E9237C6}\\mpengine.dll+5fba86|C:\\ProgramData\\Microsoft\\Windows Defender\\Definition Updates\\{814E0E01-50B1-4E22-9825-21025E9237C6}\\mpengine.dll+5fba01|C:\\ProgramData\\Microsoft\\Windows Defender\\Definition Updates\\{814E0E01-50B1-4E22-9825-21025E9237C6}\\mpengine.dll+2b8765|C:\\ProgramData\\Microsoft\\Windows Defender\\Definition Updates\\{814E0E01-50B1-4E22-9825-21025E9237C6}\\mpengine.dll+2b6217|C:\\ProgramData\\Microsoft\\Windows Defender\\Definition Updates\\{814E0E01-50B1-4E22-9825-21025E9237C6}\\mpengine.dll+2b649e|C:\\ProgramData\\Microsoft\\Windows Defender\\Definition Updates\\{814E0E01-50B1-4E22-9825-21025E9237C6}\\mpengine.dll+2e7ae3|C:\\ProgramData\\Microsoft\\Windows Defender\\Definition Updates\\{814E0E01-50B1-4E22-9825-21025E9237C6}\\mpengine.dll+36f6e2|C:\\WINDOWS\\SYSTEM32\\ntdll.dll+3089d|C:\\WINDOWS\\SYSTEM32\\ntdll.dll+34634|C:\\WINDOWS\\System32\\KERNEL32.DLL+17bd4|C:\\WINDOWS\\SYSTEM32\\ntdll.dll+6ced1","SourceProcessId":"2724","TargetImage":"C:\\Tools\\winlogbeat-7.4.0-windows-x86_64\\winlogbeat.exe","GrantedAccess":"0x101000","UtcTime":"2020-01-13 00:04:57.451"},"version":3,"process":{"thread":{"id":3728},"pid":2668},"channel":"Microsoft-Windows-Sysmon/Operational","event_id":10,"provider_name":"Microsoft-Windows-Sysmon","user":{"domain":"NT AUTHORITY","type":"User","identifier":"S-1-5-18","name":"SYSTEM"},"opcode":"Info","provider_guid":"{5770385f-c22a-43e0-bf4c-06f5698ffbd9}","record_id":12220134,"computer_name":"win10.marvel.local","task":"Process accessed (rule: ProcessAccess)","api":"wineventlog"},"event":{"code":10,"action":"Process accessed (rule: ProcessAccess)","created":"2020-01-13T00:04:59.293Z","kind":"event"},"log":{"level":"information"},"message":"Process accessed:\nRuleName: \nUtcTime: 2020-01-13 00:04:57.451\nSourceProcessGUID: {9d556bd4-95d4-5e1b-0000-001069c80200}\nSourceProcessId: 2724\nSourceThreadId: 3476\nSourceImage: C:\\ProgramData\\Microsoft\\Windows Defender\\platform\\4.18.1911.3-0\\MsMpEng.exe\nTargetProcessGUID: {9d556bd4-ab37-5e1b-0000-00106605ea00}\nTargetProcessId: 8760\nTargetImage: C:\\Tools\\winlogbeat-7.4.0-windows-x86_64\\winlogbeat.exe\nGrantedAccess: 0x101000\nCallTrace: C:\\WINDOWS\\SYSTEM32\\ntdll.dll+9c584|C:\\WINDOWS\\System32\\KERNELBASE.dll+2730e|C:\\ProgramData\\Microsoft\\Windows Defender\\Definition Updates\\{814E0E01-50B1-4E22-9825-21025E9237C6}\\mpengine.dll+4af9b4|C:\\ProgramData\\Microsoft\\Windows Defender\\Definition Updates\\{814E0E01-50B1-4E22-9825-21025E9237C6}\\mpengine.dll+4af788|C:\\ProgramData\\Microsoft\\Windows Defender\\Definition Updates\\{814E0E01-50B1-4E22-9825-21025E9237C6}\\mpengine.dll+4b11c3|C:\\ProgramData\\Microsoft\\Windows Defender\\Definition Updates\\{814E0E01-50B1-4E22-9825-21025E9237C6}\\mpengine.dll+5c5ffd|C:\\ProgramData\\Microsoft\\Windows Defender\\Definition Updates\\{814E0E01-50B1-4E22-9825-21025E9237C6}\\mpengine.dll+6008b6|C:\\ProgramData\\Microsoft\\Windows Defender\\Definition Updates\\{814E0E01-50B1-4E22-9825-21025E9237C6}\\mpengine.dll+602327|C:\\ProgramData\\Microsoft\\Windows Defender\\Definition Updates\\{814E0E01-50B1-4E22-9825-21025E9237C6}\\mpengine.dll+5fb049|C:\\ProgramData\\Microsoft\\Windows Defender\\Definition Updates\\{814E0E01-50B1-4E22-9825-21025E9237C6}\\mpengine.dll+5f991b|C:\\ProgramData\\Microsoft\\Windows Defender\\Definition Updates\\{814E0E01-50B1-4E22-9825-21025E9237C6}\\mpengine.dll+5fba86|C:\\ProgramData\\Microsoft\\Windows Defender\\Definition Updates\\{814E0E01-50B1-4E22-9825-21025E9237C6}\\mpengine.dll+5fba01|C:\\ProgramData\\Microsoft\\Windows Defender\\Definition Updates\\{814E0E01-50B1-4E22-9825-21025E9237C6}\\mpengine.dll+2b8765|C:\\ProgramData\\Microsoft\\Windows Defender\\Definition Updates\\{814E0E01-50B1-4E22-9825-21025E9237C6}\\mpengine.dll+2b6217|C:\\ProgramData\\Microsoft\\Windows Defender\\Definition Updates\\{814E0E01-50B1-4E22-9825-21025E9237C6}\\mpengine.dll+2b649e|C:\\ProgramData\\Microsoft\\Windows Defender\\Definition Updates\\{814E0E01-50B1-4E22-9825-21025E9237C6}\\mpengine.dll+2e7ae3|C:\\ProgramData\\Microsoft\\Windows Defender\\Definition Updates\\{814E0E01-50B1-4E22-9825-21025E9237C6}\\mpengine.dll+36f6e2|C:\\WINDOWS\\SYSTEM32\\ntdll.dll+3089d|C:\\WINDOWS\\SYSTEM32\\ntdll.dll+34634|C:\\WINDOWS\\System32\\KERNEL32.DLL+17bd4|C:\\WINDOWS\\SYSTEM32\\ntdll.dll+6ced1"}
{"@timestamp":"2020-01-13T00:04:57.452Z","@metadata":{"beat":"winlogbeat","type":"_doc","version":"7.4.0","topic":"winlogbeat"},"log":{"level":"information"},"message":"Process accessed:\nRuleName: \nUtcTime: 2020-01-13 00:04:57.451\nSourceProcessGUID: {9d556bd4-95d4-5e1b-0000-001069c80200}\nSourceProcessId: 2724\nSourceThreadId: 3476\nSourceImage: C:\\ProgramData\\Microsoft\\Windows Defender\\platform\\4.18.1911.3-0\\MsMpEng.exe\nTargetProcessGUID: {9d556bd4-ab37-5e1b-0000-00106605ea00}\nTargetProcessId: 8760\nTargetImage: C:\\Tools\\winlogbeat-7.4.0-windows-x86_64\\winlogbeat.exe\nGrantedAccess: 0x1010\nCallTrace: C:\\WINDOWS\\SYSTEM32\\ntdll.dll+9c584|C:\\WINDOWS\\System32\\KERNELBASE.dll+2730e|C:\\ProgramData\\Microsoft\\Windows Defender\\Definition Updates\\{814E0E01-50B1-4E22-9825-21025E9237C6}\\mpengine.dll+4af9b4|C:\\ProgramData\\Microsoft\\Windows Defender\\Definition Updates\\{814E0E01-50B1-4E22-9825-21025E9237C6}\\mpengine.dll+4af788|C:\\ProgramData\\Microsoft\\Windows Defender\\Definition Updates\\{814E0E01-50B1-4E22-9825-21025E9237C6}\\mpengine.dll+4add27|C:\\ProgramData\\Microsoft\\Windows Defender\\Definition Updates\\{814E0E01-50B1-4E22-9825-21025E9237C6}\\mpengine.dll+60077d|C:\\ProgramData\\Microsoft\\Windows Defender\\Definition Updates\\{814E0E01-50B1-4E22-9825-21025E9237C6}\\mpengine.dll+602337|C:\\ProgramData\\Microsoft\\Windows Defender\\Definition Updates\\{814E0E01-50B1-4E22-9825-21025E9237C6}\\mpengine.dll+5fb049|C:\\ProgramData\\Microsoft\\Windows Defender\\Definition Updates\\{814E0E01-50B1-4E22-9825-21025E9237C6}\\mpengine.dll+5f991b|C:\\ProgramData\\Microsoft\\Windows Defender\\Definition Updates\\{814E0E01-50B1-4E22-9825-21025E9237C6}\\mpengine.dll+5fba86|C:\\ProgramData\\Microsoft\\Windows Defender\\Definition Updates\\{814E0E01-50B1-4E22-9825-21025E9237C6}\\mpengine.dll+5fba01|C:\\ProgramData\\Microsoft\\Windows Defender\\Definition Updates\\{814E0E01-50B1-4E22-9825-21025E9237C6}\\mpengine.dll+2b8765|C:\\ProgramData\\Microsoft\\Windows Defender\\Definition Updates\\{814E0E01-50B1-4E22-9825-21025E9237C6}\\mpengine.dll+2b6217|C:\\ProgramData\\Microsoft\\Windows Defender\\Definition Updates\\{814E0E01-50B1-4E22-9825-21025E9237C6}\\mpengine.dll+2b649e|C:\\ProgramData\\Microsoft\\Windows Defender\\Definition Updates\\{814E0E01-50B1-4E22-9825-21025E9237C6}\\mpengine.dll+2e7ae3|C:\\ProgramData\\Microsoft\\Windows Defender\\Definition Updates\\{814E0E01-50B1-4E22-9825-21025E9237C6}\\mpengine.dll+36f6e2|C:\\WINDOWS\\SYSTEM32\\ntdll.dll+3089d|C:\\WINDOWS\\SYSTEM32\\ntdll.dll+34634|C:\\WINDOWS\\System32\\KERNEL32.DLL+17bd4|C:\\WINDOWS\\SYSTEM32\\ntdll.dll+6ced1","winlog":{"provider_guid":"{5770385f-c22a-43e0-bf4c-06f5698ffbd9}","version":3,"channel":"Microsoft-Windows-Sysmon/Operational","api":"wineventlog","opcode":"Info","record_id":12220135,"task":"Process accessed (rule: ProcessAccess)","user":{"identifier":"S-1-5-18","name":"SYSTEM","domain":"NT AUTHORITY","type":"User"},"event_data":{"SourceProcessId":"2724","SourceThreadId":"3476","SourceImage":"C:\\ProgramData\\Microsoft\\Windows Defender\\platform\\4.18.1911.3-0\\MsMpEng.exe","TargetProcessGUID":"{9d556bd4-ab37-5e1b-0000-00106605ea00}","TargetProcessId":"8760","CallTrace":"C:\\WINDOWS\\SYSTEM32\\ntdll.dll+9c584|C:\\WINDOWS\\System32\\KERNELBASE.dll+2730e|C:\\ProgramData\\Microsoft\\Windows Defender\\Definition Updates\\{814E0E01-50B1-4E22-9825-21025E9237C6}\\mpengine.dll+4af9b4|C:\\ProgramData\\Microsoft\\Windows Defender\\Definition Updates\\{814E0E01-50B1-4E22-9825-21025E9237C6}\\mpengine.dll+4af788|C:\\ProgramData\\Microsoft\\Windows Defender\\Definition Updates\\{814E0E01-50B1-4E22-9825-21025E9237C6}\\mpengine.dll+4add27|C:\\ProgramData\\Microsoft\\Windows Defender\\Definition Updates\\{814E0E01-50B1-4E22-9825-21025E9237C6}\\mpengine.dll+60077d|C:\\ProgramData\\Microsoft\\Windows Defender\\Definition Updates\\{814E0E01-50B1-4E22-9825-21025E9237C6}\\mpengine.dll+602337|C:\\ProgramData\\Microsoft\\Windows Defender\\Definition Updates\\{814E0E01-50B1-4E22-9825-21025E9237C6}\\mpengine.dll+5fb049|C:\\ProgramData\\Microsoft\\Windows Defender\\Definition Updates\\{814E0E01-50B1-4E22-9825-21025E9237C6}\\mpengine.dll+5f991b|C:\\ProgramData\\Microsoft\\Windows Defender\\Definition Updates\\{814E0E01-50B1-4E22-9825-21025E9237C6}\\mpengine.dll+5fba86|C:\\ProgramData\\Microsoft\\Windows Defender\\Definition Updates\\{814E0E01-50B1-4E22-9825-21025E9237C6}\\mpengine.dll+5fba01|C:\\ProgramData\\Microsoft\\Windows Defender\\Definition Updates\\{814E0E01-50B1-4E22-9825-21025E9237C6}\\mpengine.dll+2b8765|C:\\ProgramData\\Microsoft\\Windows Defender\\Definition Updates\\{814E0E01-50B1-4E22-9825-21025E9237C6}\\mpengine.dll+2b6217|C:\\ProgramData\\Microsoft\\Windows Defender\\Definition Updates\\{814E0E01-50B1-4E22-9825-21025E9237C6}\\mpengine.dll+2b649e|C:\\ProgramData\\Microsoft\\Windows Defender\\Definition Updates\\{814E0E01-50B1-4E22-9825-21025E9237C6}\\mpengine.dll+2e7ae3|C:\\ProgramData\\Microsoft\\Windows Defender\\Definition Updates\\{814E0E01-50B1-4E22-9825-21025E9237C6}\\mpengine.dll+36f6e2|C:\\WINDOWS\\SYSTEM32\\ntdll.dll+3089d|C:\\WINDOWS\\SYSTEM32\\ntdll.dll+34634|C:\\WINDOWS\\System32\\KERNEL32.DLL+17bd4|C:\\WINDOWS\\SYSTEM32\\ntdll.dll+6ced1","UtcTime":"2020-01-13 00:04:57.451","GrantedAccess":"0x1010","SourceProcessGUID":"{9d556bd4-95d4-5e1b-0000-001069c80200}","TargetImage":"C:\\Tools\\winlogbeat-7.4.0-windows-x86_64\\winlogbeat.exe"},"provider_name":"Microsoft-Windows-Sysmon","computer_name":"win10.marvel.local","process":{"pid":2668,"thread":{"id":3728}},"event_id":10},"event":{"created":"2020-01-13T00:04:59.293Z","kind":"event","code":10,"action":"Process accessed (rule: ProcessAccess)"},"ecs":{"version":"1.1.0"},"host":{"name":"win10"},"agent":{"hostname":"win10","id":"48e12a22-5293-48b2-be18-b209a2e8228b","version":"7.4.0","type":"winlogbeat","ephemeral_id":"63b64902-85b7-4e5b-8603-9a5a923a012f"}}
{"@timestamp":"2020-01-13T00:04:57.453Z","@metadata":{"beat":"winlogbeat","type":"_doc","version":"7.4.0","topic":"winlogbeat"},"host":{"name":"win10"},"agent":{"type":"winlogbeat","ephemeral_id":"63b64902-85b7-4e5b-8603-9a5a923a012f","hostname":"win10","id":"48e12a22-5293-48b2-be18-b209a2e8228b","version":"7.4.0"},"event":{"kind":"event","code":10,"action":"Process accessed (rule: ProcessAccess)","created":"2020-01-13T00:04:59.293Z"},"log":{"level":"information"},"message":"Process accessed:\nRuleName: \nUtcTime: 2020-01-13 00:04:57.451\nSourceProcessGUID: {9d556bd4-95d4-5e1b-0000-001069c80200}\nSourceProcessId: 2724\nSourceThreadId: 3476\nSourceImage: C:\\ProgramData\\Microsoft\\Windows Defender\\platform\\4.18.1911.3-0\\MsMpEng.exe\nTargetProcessGUID: {9d556bd4-ab37-5e1b-0000-00106605ea00}\nTargetProcessId: 8760\nTargetImage: C:\\Tools\\winlogbeat-7.4.0-windows-x86_64\\winlogbeat.exe\nGrantedAccess: 0x1000\nCallTrace: C:\\WINDOWS\\SYSTEM32\\ntdll.dll+9c584|C:\\WINDOWS\\System32\\KERNELBASE.dll+2730e|C:\\ProgramData\\Microsoft\\Windows Defender\\Definition Updates\\{814E0E01-50B1-4E22-9825-21025E9237C6}\\mpengine.dll+4af9b4|C:\\ProgramData\\Microsoft\\Windows Defender\\Definition Updates\\{814E0E01-50B1-4E22-9825-21025E9237C6}\\mpengine.dll+4af788|C:\\ProgramData\\Microsoft\\Windows Defender\\Definition Updates\\{814E0E01-50B1-4E22-9825-21025E9237C6}\\mpengine.dll+60080f|C:\\ProgramData\\Microsoft\\Windows Defender\\Definition Updates\\{814E0E01-50B1-4E22-9825-21025E9237C6}\\mpengine.dll+602342|C:\\ProgramData\\Microsoft\\Windows Defender\\Definition Updates\\{814E0E01-50B1-4E22-9825-21025E9237C6}\\mpengine.dll+5fb049|C:\\ProgramData\\Microsoft\\Windows Defender\\Definition Updates\\{814E0E01-50B1-4E22-9825-21025E9237C6}\\mpengine.dll+5f991b|C:\\ProgramData\\Microsoft\\Windows Defender\\Definition Updates\\{814E0E01-50B1-4E22-9825-21025E9237C6}\\mpengine.dll+5fba86|C:\\ProgramData\\Microsoft\\Windows Defender\\Definition Updates\\{814E0E01-50B1-4E22-9825-21025E9237C6}\\mpengine.dll+5fba01|C:\\ProgramData\\Microsoft\\Windows Defender\\Definition Updates\\{814E0E01-50B1-4E22-9825-21025E9237C6}\\mpengine.dll+2b8765|C:\\ProgramData\\Microsoft\\Windows Defender\\Definition Updates\\{814E0E01-50B1-4E22-9825-21025E9237C6}\\mpengine.dll+2b6217|C:\\ProgramData\\Microsoft\\Windows Defender\\Definition Updates\\{814E0E01-50B1-4E22-9825-21025E9237C6}\\mpengine.dll+2b649e|C:\\ProgramData\\Microsoft\\Windows Defender\\Definition Updates\\{814E0E01-50B1-4E22-9825-21025E9237C6}\\mpengine.dll+2e7ae3|C:\\ProgramData\\Microsoft\\Windows Defender\\Definition Updates\\{814E0E01-50B1-4E22-9825-21025E9237C6}\\mpengine.dll+36f6e2|C:\\WINDOWS\\SYSTEM32\\ntdll.dll+3089d|C:\\WINDOWS\\SYSTEM32\\ntdll.dll+34634|C:\\WINDOWS\\System32\\KERNEL32.DLL+17bd4|C:\\WINDOWS\\SYSTEM32\\ntdll.dll+6ced1","winlog":{"process":{"thread":{"id":3728},"pid":2668},"user":{"identifier":"S-1-5-18","name":"SYSTEM","domain":"NT AUTHORITY","type":"User"},"event_data":{"CallTrace":"C:\\WINDOWS\\SYSTEM32\\ntdll.dll+9c584|C:\\WINDOWS\\System32\\KERNELBASE.dll+2730e|C:\\ProgramData\\Microsoft\\Windows Defender\\Definition Updates\\{814E0E01-50B1-4E22-9825-21025E9237C6}\\mpengine.dll+4af9b4|C:\\ProgramData\\Microsoft\\Windows Defender\\Definition Updates\\{814E0E01-50B1-4E22-9825-21025E9237C6}\\mpengine.dll+4af788|C:\\ProgramData\\Microsoft\\Windows Defender\\Definition Updates\\{814E0E01-50B1-4E22-9825-21025E9237C6}\\mpengine.dll+60080f|C:\\ProgramData\\Microsoft\\Windows Defender\\Definition Updates\\{814E0E01-50B1-4E22-9825-21025E9237C6}\\mpengine.dll+602342|C:\\ProgramData\\Microsoft\\Windows Defender\\Definition Updates\\{814E0E01-50B1-4E22-9825-21025E9237C6}\\mpengine.dll+5fb049|C:\\ProgramData\\Microsoft\\Windows Defender\\Definition Updates\\{814E0E01-50B1-4E22-9825-21025E9237C6}\\mpengine.dll+5f991b|C:\\ProgramData\\Microsoft\\Windows Defender\\Definition Updates\\{814E0E01-50B1-4E22-9825-21025E9237C6}\\mpengine.dll+5fba86|C:\\ProgramData\\Microsoft\\Windows Defender\\Definition Updates\\{814E0E01-50B1-4E22-9825-21025E9237C6}\\mpengine.dll+5fba01|C:\\ProgramData\\Microsoft\\Windows Defender\\Definition Updates\\{814E0E01-50B1-4E22-9825-21025E9237C6}\\mpengine.dll+2b8765|C:\\ProgramData\\Microsoft\\Windows Defender\\Definition Updates\\{814E0E01-50B1-4E22-9825-21025E9237C6}\\mpengine.dll+2b6217|C:\\ProgramData\\Microsoft\\Windows Defender\\Definition Updates\\{814E0E01-50B1-4E22-9825-21025E9237C6}\\mpengine.dll+2b649e|C:\\ProgramData\\Microsoft\\Windows Defender\\Definition Updates\\{814E0E01-50B1-4E22-9825-21025E9237C6}\\mpengine.dll+2e7ae3|C:\\ProgramData\\Microsoft\\Windows Defender\\Definition Updates\\{814E0E01-50B1-4E22-9825-21025E9237C6}\\mpengine.dll+36f6e2|C:\\WINDOWS\\SYSTEM32\\ntdll.dll+3089d|C:\\WINDOWS\\SYSTEM32\\ntdll.dll+34634|C:\\WINDOWS\\System32\\KERNEL32.DLL+17bd4|C:\\WINDOWS\\SYSTEM32\\ntdll.dll+6ced1","UtcTime":"2020-01-13 00:04:57.451","TargetProcessId":"8760","GrantedAccess":"0x1000","SourceThreadId":"3476","SourceImage":"C:\\ProgramData\\Microsoft\\Windows Defender\\platform\\4.18.1911.3-0\\MsMpEng.exe","TargetImage":"C:\\Tools\\winlogbeat-7.4.0-windows-x86_64\\winlogbeat.exe","SourceProcessId":"2724","SourceProcessGUID":"{9d556bd4-95d4-5e1b-0000-001069c80200}","TargetProcessGUID":"{9d556bd4-ab37-5e1b-0000-00106605ea00}"},"api":"wineventlog","provider_name":"Microsoft-Windows-Sysmon","provider_guid":"{5770385f-c22a-43e0-bf4c-06f5698ffbd9}","event_id":10,"record_id":12220136,"computer_name":"win10.marvel.local","version":3,"channel":"Microsoft-Windows-Sysmon/Operational","task":"Process accessed (rule: ProcessAccess)","opcode":"Info"},"ecs":{"version":"1.1.0"}}
{"@timestamp":"2020-01-13T00:04:57.453Z","@metadata":{"beat":"winlogbeat","type":"_doc","version":"7.4.0","topic":"winlogbeat"},"agent":{"ephemeral_id":"63b64902-85b7-4e5b-8603-9a5a923a012f","hostname":"win10","id":"48e12a22-5293-48b2-be18-b209a2e8228b","version":"7.4.0","type":"winlogbeat"},"event":{"kind":"event","code":10,"action":"Process accessed (rule: ProcessAccess)","created":"2020-01-13T00:04:59.293Z"},"log":{"level":"information"},"message":"Process accessed:\nRuleName: \nUtcTime: 2020-01-13 00:04:57.451\nSourceProcessGUID: {9d556bd4-95d4-5e1b-0000-001069c80200}\nSourceProcessId: 2724\nSourceThreadId: 3476\nSourceImage: C:\\ProgramData\\Microsoft\\Windows Defender\\platform\\4.18.1911.3-0\\MsMpEng.exe\nTargetProcessGUID: {9d556bd4-ab37-5e1b-0000-00106605ea00}\nTargetProcessId: 8760\nTargetImage: C:\\Tools\\winlogbeat-7.4.0-windows-x86_64\\winlogbeat.exe\nGrantedAccess: 0x101000\nCallTrace: C:\\WINDOWS\\SYSTEM32\\ntdll.dll+9c584|C:\\WINDOWS\\System32\\KERNELBASE.dll+2730e|C:\\ProgramData\\Microsoft\\Windows Defender\\Definition Updates\\{814E0E01-50B1-4E22-9825-21025E9237C6}\\mpengine.dll+4af9b4|C:\\ProgramData\\Microsoft\\Windows Defender\\Definition Updates\\{814E0E01-50B1-4E22-9825-21025E9237C6}\\mpengine.dll+4af788|C:\\ProgramData\\Microsoft\\Windows Defender\\Definition Updates\\{814E0E01-50B1-4E22-9825-21025E9237C6}\\mpengine.dll+4b11c3|C:\\ProgramData\\Microsoft\\Windows Defender\\Definition Updates\\{814E0E01-50B1-4E22-9825-21025E9237C6}\\mpengine.dll+5c5ffd|C:\\ProgramData\\Microsoft\\Windows Defender\\Definition Updates\\{814E0E01-50B1-4E22-9825-21025E9237C6}\\mpengine.dll+6008b6|C:\\ProgramData\\Microsoft\\Windows Defender\\Definition Updates\\{814E0E01-50B1-4E22-9825-21025E9237C6}\\mpengine.dll+602327|C:\\ProgramData\\Microsoft\\Windows Defender\\Definition Updates\\{814E0E01-50B1-4E22-9825-21025E9237C6}\\mpengine.dll+5fb65f|C:\\ProgramData\\Microsoft\\Windows Defender\\Definition Updates\\{814E0E01-50B1-4E22-9825-21025E9237C6}\\mpengine.dll+5f98bc|C:\\ProgramData\\Microsoft\\Windows Defender\\Definition Updates\\{814E0E01-50B1-4E22-9825-21025E9237C6}\\mpengine.dll+5fba86|C:\\ProgramData\\Microsoft\\Windows Defender\\Definition Updates\\{814E0E01-50B1-4E22-9825-21025E9237C6}\\mpengine.dll+5fba01|C:\\ProgramData\\Microsoft\\Windows Defender\\Definition Updates\\{814E0E01-50B1-4E22-9825-21025E9237C6}\\mpengine.dll+2b8765|C:\\ProgramData\\Microsoft\\Windows Defender\\Definition Updates\\{814E0E01-50B1-4E22-9825-21025E9237C6}\\mpengine.dll+2b6217|C:\\ProgramData\\Microsoft\\Windows Defender\\Definition Updates\\{814E0E01-50B1-4E22-9825-21025E9237C6}\\mpengine.dll+2b649e|C:\\ProgramData\\Microsoft\\Windows Defender\\Definition Updates\\{814E0E01-50B1-4E22-9825-21025E9237C6}\\mpengine.dll+2e7ae3|C:\\ProgramData\\Microsoft\\Windows Defender\\Definition Updates\\{814E0E01-50B1-4E22-9825-21025E9237C6}\\mpengine.dll+36f6e2|C:\\WINDOWS\\SYSTEM32\\ntdll.dll+3089d|C:\\WINDOWS\\SYSTEM32\\ntdll.dll+34634|C:\\WINDOWS\\System32\\KERNEL32.DLL+17bd4|C:\\WINDOWS\\SYSTEM32\\ntdll.dll+6ced1","winlog":{"task":"Process accessed (rule: ProcessAccess)","channel":"Microsoft-Windows-Sysmon/Operational","event_data":{"TargetProcessGUID":"{9d556bd4-ab37-5e1b-0000-00106605ea00}","GrantedAccess":"0x101000","SourceImage":"C:\\ProgramData\\Microsoft\\Windows Defender\\platform\\4.18.1911.3-0\\MsMpEng.exe","SourceProcessId":"2724","SourceProcessGUID":"{9d556bd4-95d4-5e1b-0000-001069c80200}","SourceThreadId":"3476","CallTrace":"C:\\WINDOWS\\SYSTEM32\\ntdll.dll+9c584|C:\\WINDOWS\\System32\\KERNELBASE.dll+2730e|C:\\ProgramData\\Microsoft\\Windows Defender\\Definition Updates\\{814E0E01-50B1-4E22-9825-21025E9237C6}\\mpengine.dll+4af9b4|C:\\ProgramData\\Microsoft\\Windows Defender\\Definition Updates\\{814E0E01-50B1-4E22-9825-21025E9237C6}\\mpengine.dll+4af788|C:\\ProgramData\\Microsoft\\Windows Defender\\Definition Updates\\{814E0E01-50B1-4E22-9825-21025E9237C6}\\mpengine.dll+4b11c3|C:\\ProgramData\\Microsoft\\Windows Defender\\Definition Updates\\{814E0E01-50B1-4E22-9825-21025E9237C6}\\mpengine.dll+5c5ffd|C:\\ProgramData\\Microsoft\\Windows Defender\\Definition Updates\\{814E0E01-50B1-4E22-9825-21025E9237C6}\\mpengine.dll+6008b6|C:\\ProgramData\\Microsoft\\Windows Defender\\Definition Updates\\{814E0E01-50B1-4E22-9825-21025E9237C6}\\mpengine.dll+602327|C:\\ProgramData\\Microsoft\\Windows Defender\\Definition Updates\\{814E0E01-50B1-4E22-9825-21025E9237C6}\\mpengine.dll+5fb65f|C:\\ProgramData\\Microsoft\\Windows Defender\\Definition Updates\\{814E0E01-50B1-4E22-9825-21025E9237C6}\\mpengine.dll+5f98bc|C:\\ProgramData\\Microsoft\\Windows Defender\\Definition Updates\\{814E0E01-50B1-4E22-9825-21025E9237C6}\\mpengine.dll+5fba86|C:\\ProgramData\\Microsoft\\Windows Defender\\Definition Updates\\{814E0E01-50B1-4E22-9825-21025E9237C6}\\mpengine.dll+5fba01|C:\\ProgramData\\Microsoft\\Windows Defender\\Definition Updates\\{814E0E01-50B1-4E22-9825-21025E9237C6}\\mpengine.dll+2b8765|C:\\ProgramData\\Microsoft\\Windows Defender\\Definition Updates\\{814E0E01-50B1-4E22-9825-21025E9237C6}\\mpengine.dll+2b6217|C:\\ProgramData\\Microsoft\\Windows Defender\\Definition Updates\\{814E0E01-50B1-4E22-9825-21025E9237C6}\\mpengine.dll+2b649e|C:\\ProgramData\\Microsoft\\Windows Defender\\Definition Updates\\{814E0E01-50B1-4E22-9825-21025E9237C6}\\mpengine.dll+2e7ae3|C:\\ProgramData\\Microsoft\\Windows Defender\\Definition Updates\\{814E0E01-50B1-4E22-9825-21025E9237C6}\\mpengine.dll+36f6e2|C:\\WINDOWS\\SYSTEM32\\ntdll.dll+3089d|C:\\WINDOWS\\SYSTEM32\\ntdll.dll+34634|C:\\WINDOWS\\System32\\KERNEL32.DLL+17bd4|C:\\WINDOWS\\SYSTEM32\\ntdll.dll+6ced1","TargetProcessId":"8760","TargetImage":"C:\\Tools\\winlogbeat-7.4.0-windows-x86_64\\winlogbeat.exe","UtcTime":"2020-01-13 00:04:57.451"},"provider_name":"Microsoft-Windows-Sysmon","opcode":"Info","api":"wineventlog","provider_guid":"{5770385f-c22a-43e0-bf4c-06f5698ffbd9}","version":3,"process":{"pid":2668,"thread":{"id":3728}},"event_id":10,"user":{"type":"User","identifier":"S-1-5-18","name":"SYSTEM","domain":"NT AUTHORITY"},"computer_name":"win10.marvel.local","record_id":12220137},"ecs":{"version":"1.1.0"},"host":{"name":"win10"}}
{"@timestamp":"2020-01-13T00:04:57.453Z","@metadata":{"beat":"winlogbeat","type":"_doc","version":"7.4.0","topic":"winlogbeat"},"ecs":{"version":"1.1.0"},"winlog":{"opcode":"Info","api":"wineventlog","computer_name":"win10.marvel.local","version":3,"user":{"domain":"NT AUTHORITY","type":"User","identifier":"S-1-5-18","name":"SYSTEM"},"event_data":{"CallTrace":"C:\\WINDOWS\\SYSTEM32\\ntdll.dll+9c584|C:\\WINDOWS\\System32\\KERNELBASE.dll+2730e|C:\\ProgramData\\Microsoft\\Windows Defender\\Definition Updates\\{814E0E01-50B1-4E22-9825-21025E9237C6}\\mpengine.dll+4af9b4|C:\\ProgramData\\Microsoft\\Windows Defender\\Definition Updates\\{814E0E01-50B1-4E22-9825-21025E9237C6}\\mpengine.dll+4af788|C:\\ProgramData\\Microsoft\\Windows Defender\\Definition Updates\\{814E0E01-50B1-4E22-9825-21025E9237C6}\\mpengine.dll+4add27|C:\\ProgramData\\Microsoft\\Windows Defender\\Definition Updates\\{814E0E01-50B1-4E22-9825-21025E9237C6}\\mpengine.dll+60077d|C:\\ProgramData\\Microsoft\\Windows Defender\\Definition Updates\\{814E0E01-50B1-4E22-9825-21025E9237C6}\\mpengine.dll+602337|C:\\ProgramData\\Microsoft\\Windows Defender\\Definition Updates\\{814E0E01-50B1-4E22-9825-21025E9237C6}\\mpengine.dll+5fb65f|C:\\ProgramData\\Microsoft\\Windows Defender\\Definition Updates\\{814E0E01-50B1-4E22-9825-21025E9237C6}\\mpengine.dll+5f98bc|C:\\ProgramData\\Microsoft\\Windows Defender\\Definition Updates\\{814E0E01-50B1-4E22-9825-21025E9237C6}\\mpengine.dll+5fba86|C:\\ProgramData\\Microsoft\\Windows Defender\\Definition Updates\\{814E0E01-50B1-4E22-9825-21025E9237C6}\\mpengine.dll+5fba01|C:\\ProgramData\\Microsoft\\Windows Defender\\Definition Updates\\{814E0E01-50B1-4E22-9825-21025E9237C6}\\mpengine.dll+2b8765|C:\\ProgramData\\Microsoft\\Windows Defender\\Definition Updates\\{814E0E01-50B1-4E22-9825-21025E9237C6}\\mpengine.dll+2b6217|C:\\ProgramData\\Microsoft\\Windows Defender\\Definition Updates\\{814E0E01-50B1-4E22-9825-21025E9237C6}\\mpengine.dll+2b649e|C:\\ProgramData\\Microsoft\\Windows Defender\\Definition Updates\\{814E0E01-50B1-4E22-9825-21025E9237C6}\\mpengine.dll+2e7ae3|C:\\ProgramData\\Microsoft\\Windows Defender\\Definition Updates\\{814E0E01-50B1-4E22-9825-21025E9237C6}\\mpengine.dll+36f6e2|C:\\WINDOWS\\SYSTEM32\\ntdll.dll+3089d|C:\\WINDOWS\\SYSTEM32\\ntdll.dll+34634|C:\\WINDOWS\\System32\\KERNEL32.DLL+17bd4|C:\\WINDOWS\\SYSTEM32\\ntdll.dll+6ced1","TargetImage":"C:\\Tools\\winlogbeat-7.4.0-windows-x86_64\\winlogbeat.exe","TargetProcessGUID":"{9d556bd4-ab37-5e1b-0000-00106605ea00}","GrantedAccess":"0x1010","TargetProcessId":"8760","SourceProcessGUID":"{9d556bd4-95d4-5e1b-0000-001069c80200}","SourceProcessId":"2724","SourceThreadId":"3476","SourceImage":"C:\\ProgramData\\Microsoft\\Windows Defender\\platform\\4.18.1911.3-0\\MsMpEng.exe","UtcTime":"2020-01-13 00:04:57.452"},"channel":"Microsoft-Windows-Sysmon/Operational","provider_name":"Microsoft-Windows-Sysmon","record_id":12220138,"process":{"pid":2668,"thread":{"id":3728}},"event_id":10,"task":"Process accessed (rule: ProcessAccess)","provider_guid":"{5770385f-c22a-43e0-bf4c-06f5698ffbd9}"},"event":{"kind":"event","code":10,"action":"Process accessed (rule: ProcessAccess)","created":"2020-01-13T00:04:59.293Z"},"log":{"level":"information"},"message":"Process accessed:\nRuleName: \nUtcTime: 2020-01-13 00:04:57.452\nSourceProcessGUID: {9d556bd4-95d4-5e1b-0000-001069c80200}\nSourceProcessId: 2724\nSourceThreadId: 3476\nSourceImage: C:\\ProgramData\\Microsoft\\Windows Defender\\platform\\4.18.1911.3-0\\MsMpEng.exe\nTargetProcessGUID: {9d556bd4-ab37-5e1b-0000-00106605ea00}\nTargetProcessId: 8760\nTargetImage: C:\\Tools\\winlogbeat-7.4.0-windows-x86_64\\winlogbeat.exe\nGrantedAccess: 0x1010\nCallTrace: C:\\WINDOWS\\SYSTEM32\\ntdll.dll+9c584|C:\\WINDOWS\\System32\\KERNELBASE.dll+2730e|C:\\ProgramData\\Microsoft\\Windows Defender\\Definition Updates\\{814E0E01-50B1-4E22-9825-21025E9237C6}\\mpengine.dll+4af9b4|C:\\ProgramData\\Microsoft\\Windows Defender\\Definition Updates\\{814E0E01-50B1-4E22-9825-21025E9237C6}\\mpengine.dll+4af788|C:\\ProgramData\\Microsoft\\Windows Defender\\Definition Updates\\{814E0E01-50B1-4E22-9825-21025E9237C6}\\mpengine.dll+4add27|C:\\ProgramData\\Microsoft\\Windows Defender\\Definition Updates\\{814E0E01-50B1-4E22-9825-21025E9237C6}\\mpengine.dll+60077d|C:\\ProgramData\\Microsoft\\Windows Defender\\Definition Updates\\{814E0E01-50B1-4E22-9825-21025E9237C6}\\mpengine.dll+602337|C:\\ProgramData\\Microsoft\\Windows Defender\\Definition Updates\\{814E0E01-50B1-4E22-9825-21025E9237C6}\\mpengine.dll+5fb65f|C:\\ProgramData\\Microsoft\\Windows Defender\\Definition Updates\\{814E0E01-50B1-4E22-9825-21025E9237C6}\\mpengine.dll+5f98bc|C:\\ProgramData\\Microsoft\\Windows Defender\\Definition Updates\\{814E0E01-50B1-4E22-9825-21025E9237C6}\\mpengine.dll+5fba86|C:\\ProgramData\\Microsoft\\Windows Defender\\Definition Updates\\{814E0E01-50B1-4E22-9825-21025E9237C6}\\mpengine.dll+5fba01|C:\\ProgramData\\Microsoft\\Windows Defender\\Definition Updates\\{814E0E01-50B1-4E22-9825-21025E9237C6}\\mpengine.dll+2b8765|C:\\ProgramData\\Microsoft\\Windows Defender\\Definition Updates\\{814E0E01-50B1-4E22-9825-21025E9237C6}\\mpengine.dll+2b6217|C:\\ProgramData\\Microsoft\\Windows Defender\\Definition Updates\\{814E0E01-50B1-4E22-9825-21025E9237C6}\\mpengine.dll+2b649e|C:\\ProgramData\\Microsoft\\Windows Defender\\Definition Updates\\{814E0E01-50B1-4E22-9825-21025E9237C6}\\mpengine.dll+2e7ae3|C:\\ProgramData\\Microsoft\\Windows Defender\\Definition Updates\\{814E0E01-50B1-4E22-9825-21025E9237C6}\\mpengine.dll+36f6e2|C:\\WINDOWS\\SYSTEM32\\ntdll.dll+3089d|C:\\WINDOWS\\SYSTEM32\\ntdll.dll+34634|C:\\WINDOWS\\System32\\KERNEL32.DLL+17bd4|C:\\WINDOWS\\SYSTEM32\\ntdll.dll+6ced1","host":{"name":"win10"},"agent":{"type":"winlogbeat","ephemeral_id":"63b64902-85b7-4e5b-8603-9a5a923a012f","hostname":"win10","id":"48e12a22-5293-48b2-be18-b209a2e8228b","version":"7.4.0"}}
{"@timestamp":"2020-01-13T00:04:57.453Z","@metadata":{"beat":"winlogbeat","type":"_doc","version":"7.4.0","topic":"winlogbeat"},"message":"Process accessed:\nRuleName: \nUtcTime: 2020-01-13 00:04:57.452\nSourceProcessGUID: {9d556bd4-95d4-5e1b-0000-001069c80200}\nSourceProcessId: 2724\nSourceThreadId: 3476\nSourceImage: C:\\ProgramData\\Microsoft\\Windows Defender\\platform\\4.18.1911.3-0\\MsMpEng.exe\nTargetProcessGUID: {9d556bd4-ab37-5e1b-0000-00106605ea00}\nTargetProcessId: 8760\nTargetImage: C:\\Tools\\winlogbeat-7.4.0-windows-x86_64\\winlogbeat.exe\nGrantedAccess: 0x1000\nCallTrace: C:\\WINDOWS\\SYSTEM32\\ntdll.dll+9c584|C:\\WINDOWS\\System32\\KERNELBASE.dll+2730e|C:\\ProgramData\\Microsoft\\Windows Defender\\Definition Updates\\{814E0E01-50B1-4E22-9825-21025E9237C6}\\mpengine.dll+4af9b4|C:\\ProgramData\\Microsoft\\Windows Defender\\Definition Updates\\{814E0E01-50B1-4E22-9825-21025E9237C6}\\mpengine.dll+4af788|C:\\ProgramData\\Microsoft\\Windows Defender\\Definition Updates\\{814E0E01-50B1-4E22-9825-21025E9237C6}\\mpengine.dll+60080f|C:\\ProgramData\\Microsoft\\Windows Defender\\Definition Updates\\{814E0E01-50B1-4E22-9825-21025E9237C6}\\mpengine.dll+602342|C:\\ProgramData\\Microsoft\\Windows Defender\\Definition Updates\\{814E0E01-50B1-4E22-9825-21025E9237C6}\\mpengine.dll+5fb65f|C:\\ProgramData\\Microsoft\\Windows Defender\\Definition Updates\\{814E0E01-50B1-4E22-9825-21025E9237C6}\\mpengine.dll+5f98bc|C:\\ProgramData\\Microsoft\\Windows Defender\\Definition Updates\\{814E0E01-50B1-4E22-9825-21025E9237C6}\\mpengine.dll+5fba86|C:\\ProgramData\\Microsoft\\Windows Defender\\Definition Updates\\{814E0E01-50B1-4E22-9825-21025E9237C6}\\mpengine.dll+5fba01|C:\\ProgramData\\Microsoft\\Windows Defender\\Definition Updates\\{814E0E01-50B1-4E22-9825-21025E9237C6}\\mpengine.dll+2b8765|C:\\ProgramData\\Microsoft\\Windows Defender\\Definition Updates\\{814E0E01-50B1-4E22-9825-21025E9237C6}\\mpengine.dll+2b6217|C:\\ProgramData\\Microsoft\\Windows Defender\\Definition Updates\\{814E0E01-50B1-4E22-9825-21025E9237C6}\\mpengine.dll+2b649e|C:\\ProgramData\\Microsoft\\Windows Defender\\Definition Updates\\{814E0E01-50B1-4E22-9825-21025E9237C6}\\mpengine.dll+2e7ae3|C:\\ProgramData\\Microsoft\\Windows Defender\\Definition Updates\\{814E0E01-50B1-4E22-9825-21025E9237C6}\\mpengine.dll+36f6e2|C:\\WINDOWS\\SYSTEM32\\ntdll.dll+3089d|C:\\WINDOWS\\SYSTEM32\\ntdll.dll+34634|C:\\WINDOWS\\System32\\KERNEL32.DLL+17bd4|C:\\WINDOWS\\SYSTEM32\\ntdll.dll+6ced1","winlog":{"event_id":10,"version":3,"process":{"thread":{"id":3728},"pid":2668},"user":{"identifier":"S-1-5-18","name":"SYSTEM","domain":"NT AUTHORITY","type":"User"},"record_id":12220139,"api":"wineventlog","opcode":"Info","channel":"Microsoft-Windows-Sysmon/Operational","task":"Process accessed (rule: ProcessAccess)","computer_name":"win10.marvel.local","event_data":{"UtcTime":"2020-01-13 00:04:57.452","SourceProcessId":"2724","SourceImage":"C:\\ProgramData\\Microsoft\\Windows Defender\\platform\\4.18.1911.3-0\\MsMpEng.exe","TargetProcessId":"8760","GrantedAccess":"0x1000","CallTrace":"C:\\WINDOWS\\SYSTEM32\\ntdll.dll+9c584|C:\\WINDOWS\\System32\\KERNELBASE.dll+2730e|C:\\ProgramData\\Microsoft\\Windows Defender\\Definition Updates\\{814E0E01-50B1-4E22-9825-21025E9237C6}\\mpengine.dll+4af9b4|C:\\ProgramData\\Microsoft\\Windows Defender\\Definition Updates\\{814E0E01-50B1-4E22-9825-21025E9237C6}\\mpengine.dll+4af788|C:\\ProgramData\\Microsoft\\Windows Defender\\Definition Updates\\{814E0E01-50B1-4E22-9825-21025E9237C6}\\mpengine.dll+60080f|C:\\ProgramData\\Microsoft\\Windows Defender\\Definition Updates\\{814E0E01-50B1-4E22-9825-21025E9237C6}\\mpengine.dll+602342|C:\\ProgramData\\Microsoft\\Windows Defender\\Definition Updates\\{814E0E01-50B1-4E22-9825-21025E9237C6}\\mpengine.dll+5fb65f|C:\\ProgramData\\Microsoft\\Windows Defender\\Definition Updates\\{814E0E01-50B1-4E22-9825-21025E9237C6}\\mpengine.dll+5f98bc|C:\\ProgramData\\Microsoft\\Windows Defender\\Definition Updates\\{814E0E01-50B1-4E22-9825-21025E9237C6}\\mpengine.dll+5fba86|C:\\ProgramData\\Microsoft\\Windows Defender\\Definition Updates\\{814E0E01-50B1-4E22-9825-21025E9237C6}\\mpengine.dll+5fba01|C:\\ProgramData\\Microsoft\\Windows Defender\\Definition Updates\\{814E0E01-50B1-4E22-9825-21025E9237C6}\\mpengine.dll+2b8765|C:\\ProgramData\\Microsoft\\Windows Defender\\Definition Updates\\{814E0E01-50B1-4E22-9825-21025E9237C6}\\mpengine.dll+2b6217|C:\\ProgramData\\Microsoft\\Windows Defender\\Definition Updates\\{814E0E01-50B1-4E22-9825-21025E9237C6}\\mpengine.dll+2b649e|C:\\ProgramData\\Microsoft\\Windows Defender\\Definition Updates\\{814E0E01-50B1-4E22-9825-21025E9237C6}\\mpengine.dll+2e7ae3|C:\\ProgramData\\Microsoft\\Windows Defender\\Definition Updates\\{814E0E01-50B1-4E22-9825-21025E9237C6}\\mpengine.dll+36f6e2|C:\\WINDOWS\\SYSTEM32\\ntdll.dll+3089d|C:\\WINDOWS\\SYSTEM32\\ntdll.dll+34634|C:\\WINDOWS\\System32\\KERNEL32.DLL+17bd4|C:\\WINDOWS\\SYSTEM32\\ntdll.dll+6ced1","SourceThreadId":"3476","TargetImage":"C:\\Tools\\winlogbeat-7.4.0-windows-x86_64\\winlogbeat.exe","TargetProcessGUID":"{9d556bd4-ab37-5e1b-0000-00106605ea00}","SourceProcessGUID":"{9d556bd4-95d4-5e1b-0000-001069c80200}"},"provider_name":"Microsoft-Windows-Sysmon","provider_guid":"{5770385f-c22a-43e0-bf4c-06f5698ffbd9}"},"event":{"code":10,"action":"Process accessed (rule: ProcessAccess)","created":"2020-01-13T00:04:59.293Z","kind":"event"},"log":{"level":"information"},"ecs":{"version":"1.1.0"},"host":{"name":"win10"},"agent":{"hostname":"win10","id":"48e12a22-5293-48b2-be18-b209a2e8228b","version":"7.4.0","type":"winlogbeat","ephemeral_id":"63b64902-85b7-4e5b-8603-9a5a923a012f"}}
{"@timestamp":"2020-01-13T00:05:00.011Z","@metadata":{"beat":"winlogbeat","type":"_doc","version":"7.4.0","topic":"winlogbeat"},"message":"Process accessed:\nRuleName: \nUtcTime: 2020-01-13 00:05:00.007\nSourceProcessGUID: {9d556bd4-95cf-5e1b-0000-001077e60000}\nSourceProcessId: 756\nSourceThreadId: 5732\nSourceImage: C:\\WINDOWS\\system32\\svchost.exe\nTargetProcessGUID: {9d556bd4-95d0-5e1b-0000-001020750100}\nTargetProcessId: 1096\nTargetImage: C:\\WINDOWS\\system32\\svchost.exe\nGrantedAccess: 0x1000\nCallTrace: C:\\WINDOWS\\SYSTEM32\\ntdll.dll+9c584|C:\\WINDOWS\\System32\\KERNELBASE.dll+6a7e5|c:\\windows\\system32\\lsm.dll+10225|C:\\WINDOWS\\System32\\RPCRT4.dll+76983|C:\\WINDOWS\\System32\\RPCRT4.dll+da036|C:\\WINDOWS\\System32\\RPCRT4.dll+37a7c|C:\\WINDOWS\\System32\\RPCRT4.dll+548f8|C:\\WINDOWS\\System32\\RPCRT4.dll+2c951|C:\\WINDOWS\\System32\\RPCRT4.dll+2c20b|C:\\WINDOWS\\System32\\RPCRT4.dll+1a86f|C:\\WINDOWS\\System32\\RPCRT4.dll+19d1a|C:\\WINDOWS\\System32\\RPCRT4.dll+19301|C:\\WINDOWS\\System32\\RPCRT4.dll+18d6e|C:\\WINDOWS\\System32\\RPCRT4.dll+169a5|C:\\WINDOWS\\SYSTEM32\\ntdll.dll+3346d|C:\\WINDOWS\\SYSTEM32\\ntdll.dll+341c2|C:\\WINDOWS\\System32\\KERNEL32.DLL+17bd4|C:\\WINDOWS\\SYSTEM32\\ntdll.dll+6ced1","winlog":{"computer_name":"win10.marvel.local","event_id":10,"opcode":"Info","provider_name":"Microsoft-Windows-Sysmon","event_data":{"UtcTime":"2020-01-13 00:05:00.007","SourceThreadId":"5732","CallTrace":"C:\\WINDOWS\\SYSTEM32\\ntdll.dll+9c584|C:\\WINDOWS\\System32\\KERNELBASE.dll+6a7e5|c:\\windows\\system32\\lsm.dll+10225|C:\\WINDOWS\\System32\\RPCRT4.dll+76983|C:\\WINDOWS\\System32\\RPCRT4.dll+da036|C:\\WINDOWS\\System32\\RPCRT4.dll+37a7c|C:\\WINDOWS\\System32\\RPCRT4.dll+548f8|C:\\WINDOWS\\System32\\RPCRT4.dll+2c951|C:\\WINDOWS\\System32\\RPCRT4.dll+2c20b|C:\\WINDOWS\\System32\\RPCRT4.dll+1a86f|C:\\WINDOWS\\System32\\RPCRT4.dll+19d1a|C:\\WINDOWS\\System32\\RPCRT4.dll+19301|C:\\WINDOWS\\System32\\RPCRT4.dll+18d6e|C:\\WINDOWS\\System32\\RPCRT4.dll+169a5|C:\\WINDOWS\\SYSTEM32\\ntdll.dll+3346d|C:\\WINDOWS\\SYSTEM32\\ntdll.dll+341c2|C:\\WINDOWS\\System32\\KERNEL32.DLL+17bd4|C:\\WINDOWS\\SYSTEM32\\ntdll.dll+6ced1","SourceProcessGUID":"{9d556bd4-95cf-5e1b-0000-001077e60000}","GrantedAccess":"0x1000","SourceProcessId":"756","SourceImage":"C:\\WINDOWS\\system32\\svchost.exe","TargetProcessId":"1096","TargetImage":"C:\\WINDOWS\\system32\\svchost.exe","TargetProcessGUID":"{9d556bd4-95d0-5e1b-0000-001020750100}"},"task":"Process accessed (rule: ProcessAccess)","api":"wineventlog","provider_guid":"{5770385f-c22a-43e0-bf4c-06f5698ffbd9}","user":{"domain":"NT AUTHORITY","type":"User","identifier":"S-1-5-18","name":"SYSTEM"},"channel":"Microsoft-Windows-Sysmon/Operational","version":3,"process":{"pid":2668,"thread":{"id":3728}},"record_id":12220140},"event":{"code":10,"action":"Process accessed (rule: ProcessAccess)","created":"2020-01-13T00:05:01.344Z","kind":"event"},"log":{"level":"information"},"ecs":{"version":"1.1.0"},"host":{"name":"win10"},"agent":{"hostname":"win10","id":"48e12a22-5293-48b2-be18-b209a2e8228b","version":"7.4.0","type":"winlogbeat","ephemeral_id":"63b64902-85b7-4e5b-8603-9a5a923a012f"}}
{"@timestamp":"2020-01-13T00:05:00.012Z","@metadata":{"beat":"winlogbeat","type":"_doc","version":"7.4.0","topic":"winlogbeat"},"ecs":{"version":"1.1.0"},"host":{"name":"win10"},"event":{"kind":"event","code":10,"action":"Process accessed (rule: ProcessAccess)","created":"2020-01-13T00:05:01.344Z"},"log":{"level":"information"},"message":"Process accessed:\nRuleName: \nUtcTime: 2020-01-13 00:05:00.007\nSourceProcessGUID: {9d556bd4-95cf-5e1b-0000-001077e60000}\nSourceProcessId: 756\nSourceThreadId: 5732\nSourceImage: C:\\WINDOWS\\system32\\svchost.exe\nTargetProcessGUID: {9d556bd4-95d0-5e1b-0000-001020750100}\nTargetProcessId: 1096\nTargetImage: C:\\WINDOWS\\system32\\svchost.exe\nGrantedAccess: 0x1000\nCallTrace: C:\\WINDOWS\\SYSTEM32\\ntdll.dll+9c584|C:\\WINDOWS\\System32\\KERNELBASE.dll+6a7e5|c:\\windows\\system32\\lsm.dll+108a0|C:\\WINDOWS\\System32\\RPCRT4.dll+76983|C:\\WINDOWS\\System32\\RPCRT4.dll+da036|C:\\WINDOWS\\System32\\RPCRT4.dll+37a7c|C:\\WINDOWS\\System32\\RPCRT4.dll+548f8|C:\\WINDOWS\\System32\\RPCRT4.dll+2c951|C:\\WINDOWS\\System32\\RPCRT4.dll+2c20b|C:\\WINDOWS\\System32\\RPCRT4.dll+1a86f|C:\\WINDOWS\\System32\\RPCRT4.dll+19d1a|C:\\WINDOWS\\System32\\RPCRT4.dll+19301|C:\\WINDOWS\\System32\\RPCRT4.dll+18d6e|C:\\WINDOWS\\System32\\RPCRT4.dll+169a5|C:\\WINDOWS\\SYSTEM32\\ntdll.dll+3346d|C:\\WINDOWS\\SYSTEM32\\ntdll.dll+341c2|C:\\WINDOWS\\System32\\KERNEL32.DLL+17bd4|C:\\WINDOWS\\SYSTEM32\\ntdll.dll+6ced1","winlog":{"process":{"pid":2668,"thread":{"id":3728}},"user":{"identifier":"S-1-5-18","name":"SYSTEM","domain":"NT AUTHORITY","type":"User"},"event_id":10,"api":"wineventlog","opcode":"Info","version":3,"provider_guid":"{5770385f-c22a-43e0-bf4c-06f5698ffbd9}","event_data":{"SourceProcessId":"756","GrantedAccess":"0x1000","CallTrace":"C:\\WINDOWS\\SYSTEM32\\ntdll.dll+9c584|C:\\WINDOWS\\System32\\KERNELBASE.dll+6a7e5|c:\\windows\\system32\\lsm.dll+108a0|C:\\WINDOWS\\System32\\RPCRT4.dll+76983|C:\\WINDOWS\\System32\\RPCRT4.dll+da036|C:\\WINDOWS\\System32\\RPCRT4.dll+37a7c|C:\\WINDOWS\\System32\\RPCRT4.dll+548f8|C:\\WINDOWS\\System32\\RPCRT4.dll+2c951|C:\\WINDOWS\\System32\\RPCRT4.dll+2c20b|C:\\WINDOWS\\System32\\RPCRT4.dll+1a86f|C:\\WINDOWS\\System32\\RPCRT4.dll+19d1a|C:\\WINDOWS\\System32\\RPCRT4.dll+19301|C:\\WINDOWS\\System32\\RPCRT4.dll+18d6e|C:\\WINDOWS\\System32\\RPCRT4.dll+169a5|C:\\WINDOWS\\SYSTEM32\\ntdll.dll+3346d|C:\\WINDOWS\\SYSTEM32\\ntdll.dll+341c2|C:\\WINDOWS\\System32\\KERNEL32.DLL+17bd4|C:\\WINDOWS\\SYSTEM32\\ntdll.dll+6ced1","SourceImage":"C:\\WINDOWS\\system32\\svchost.exe","TargetProcessId":"1096","TargetImage":"C:\\WINDOWS\\system32\\svchost.exe","UtcTime":"2020-01-13 00:05:00.007","SourceProcessGUID":"{9d556bd4-95cf-5e1b-0000-001077e60000}","TargetProcessGUID":"{9d556bd4-95d0-5e1b-0000-001020750100}","SourceThreadId":"5732"},"record_id":12220141,"computer_name":"win10.marvel.local","channel":"Microsoft-Windows-Sysmon/Operational","provider_name":"Microsoft-Windows-Sysmon","task":"Process accessed (rule: ProcessAccess)"},"agent":{"hostname":"win10","id":"48e12a22-5293-48b2-be18-b209a2e8228b","version":"7.4.0","type":"winlogbeat","ephemeral_id":"63b64902-85b7-4e5b-8603-9a5a923a012f"}}
{"@timestamp":"2020-01-13T00:05:00.017Z","@metadata":{"beat":"winlogbeat","type":"_doc","version":"7.4.0","topic":"winlogbeat"},"event":{"code":10,"action":"Process accessed (rule: ProcessAccess)","created":"2020-01-13T00:05:01.344Z","kind":"event"},"log":{"level":"information"},"message":"Process accessed:\nRuleName: \nUtcTime: 2020-01-13 00:05:00.007\nSourceProcessGUID: {9d556bd4-95cf-5e1b-0000-001077e60000}\nSourceProcessId: 756\nSourceThreadId: 856\nSourceImage: C:\\WINDOWS\\system32\\svchost.exe\nTargetProcessGUID: {9d556bd4-95d0-5e1b-0000-001020750100}\nTargetProcessId: 1096\nTargetImage: C:\\WINDOWS\\system32\\svchost.exe\nGrantedAccess: 0x1000\nCallTrace: C:\\WINDOWS\\SYSTEM32\\ntdll.dll+9c584|C:\\WINDOWS\\System32\\KERNELBASE.dll+6a7e5|c:\\windows\\system32\\lsm.dll+106fe|C:\\WINDOWS\\System32\\RPCRT4.dll+76983|C:\\WINDOWS\\System32\\RPCRT4.dll+da036|C:\\WINDOWS\\System32\\RPCRT4.dll+37a7c|C:\\WINDOWS\\System32\\RPCRT4.dll+548f8|C:\\WINDOWS\\System32\\RPCRT4.dll+2c951|C:\\WINDOWS\\System32\\RPCRT4.dll+2c20b|C:\\WINDOWS\\System32\\RPCRT4.dll+1a86f|C:\\WINDOWS\\System32\\RPCRT4.dll+19d1a|C:\\WINDOWS\\System32\\RPCRT4.dll+19301|C:\\WINDOWS\\System32\\RPCRT4.dll+18d6e|C:\\WINDOWS\\System32\\RPCRT4.dll+169a5|C:\\WINDOWS\\SYSTEM32\\ntdll.dll+3346d|C:\\WINDOWS\\SYSTEM32\\ntdll.dll+341c2|C:\\WINDOWS\\System32\\KERNEL32.DLL+17bd4|C:\\WINDOWS\\SYSTEM32\\ntdll.dll+6ced1","winlog":{"record_id":12220142,"channel":"Microsoft-Windows-Sysmon/Operational","provider_name":"Microsoft-Windows-Sysmon","opcode":"Info","process":{"pid":2668,"thread":{"id":3728}},"user":{"domain":"NT AUTHORITY","type":"User","identifier":"S-1-5-18","name":"SYSTEM"},"event_data":{"SourceProcessGUID":"{9d556bd4-95cf-5e1b-0000-001077e60000}","SourceThreadId":"856","SourceImage":"C:\\WINDOWS\\system32\\svchost.exe","GrantedAccess":"0x1000","UtcTime":"2020-01-13 00:05:00.007","TargetProcessGUID":"{9d556bd4-95d0-5e1b-0000-001020750100}","TargetImage":"C:\\WINDOWS\\system32\\svchost.exe","CallTrace":"C:\\WINDOWS\\SYSTEM32\\ntdll.dll+9c584|C:\\WINDOWS\\System32\\KERNELBASE.dll+6a7e5|c:\\windows\\system32\\lsm.dll+106fe|C:\\WINDOWS\\System32\\RPCRT4.dll+76983|C:\\WINDOWS\\System32\\RPCRT4.dll+da036|C:\\WINDOWS\\System32\\RPCRT4.dll+37a7c|C:\\WINDOWS\\System32\\RPCRT4.dll+548f8|C:\\WINDOWS\\System32\\RPCRT4.dll+2c951|C:\\WINDOWS\\System32\\RPCRT4.dll+2c20b|C:\\WINDOWS\\System32\\RPCRT4.dll+1a86f|C:\\WINDOWS\\System32\\RPCRT4.dll+19d1a|C:\\WINDOWS\\System32\\RPCRT4.dll+19301|C:\\WINDOWS\\System32\\RPCRT4.dll+18d6e|C:\\WINDOWS\\System32\\RPCRT4.dll+169a5|C:\\WINDOWS\\SYSTEM32\\ntdll.dll+3346d|C:\\WINDOWS\\SYSTEM32\\ntdll.dll+341c2|C:\\WINDOWS\\System32\\KERNEL32.DLL+17bd4|C:\\WINDOWS\\SYSTEM32\\ntdll.dll+6ced1","SourceProcessId":"756","TargetProcessId":"1096"},"provider_guid":"{5770385f-c22a-43e0-bf4c-06f5698ffbd9}","version":3,"event_id":10,"api":"wineventlog","task":"Process accessed (rule: ProcessAccess)","computer_name":"win10.marvel.local"},"ecs":{"version":"1.1.0"},"host":{"name":"win10"},"agent":{"id":"48e12a22-5293-48b2-be18-b209a2e8228b","version":"7.4.0","type":"winlogbeat","ephemeral_id":"63b64902-85b7-4e5b-8603-9a5a923a012f","hostname":"win10"}}
{"@timestamp":"2020-01-13T00:05:00.018Z","@metadata":{"beat":"winlogbeat","type":"_doc","version":"7.4.0","topic":"winlogbeat"},"winlog":{"opcode":"Info","process":{"pid":2668,"thread":{"id":3728}},"channel":"Microsoft-Windows-Sysmon/Operational","provider_name":"Microsoft-Windows-Sysmon","record_id":12220143,"task":"Process accessed (rule: ProcessAccess)","api":"wineventlog","computer_name":"win10.marvel.local","event_data":{"SourceProcessGUID":"{9d556bd4-95cf-5e1b-0000-001077e60000}","UtcTime":"2020-01-13 00:05:00.007","TargetProcessId":"1096","TargetImage":"C:\\WINDOWS\\system32\\svchost.exe","GrantedAccess":"0x1000","CallTrace":"C:\\WINDOWS\\SYSTEM32\\ntdll.dll+9c584|C:\\WINDOWS\\System32\\KERNELBASE.dll+6a7e5|c:\\windows\\system32\\lsm.dll+f6ba|C:\\WINDOWS\\System32\\RPCRT4.dll+76983|C:\\WINDOWS\\System32\\RPCRT4.dll+da036|C:\\WINDOWS\\System32\\RPCRT4.dll+37a7c|C:\\WINDOWS\\System32\\RPCRT4.dll+548f8|C:\\WINDOWS\\System32\\RPCRT4.dll+2c951|C:\\WINDOWS\\System32\\RPCRT4.dll+2c20b|C:\\WINDOWS\\System32\\RPCRT4.dll+1a86f|C:\\WINDOWS\\System32\\RPCRT4.dll+19d1a|C:\\WINDOWS\\System32\\RPCRT4.dll+19301|C:\\WINDOWS\\System32\\RPCRT4.dll+18d6e|C:\\WINDOWS\\System32\\RPCRT4.dll+169a5|C:\\WINDOWS\\SYSTEM32\\ntdll.dll+3346d|C:\\WINDOWS\\SYSTEM32\\ntdll.dll+341c2|C:\\WINDOWS\\System32\\KERNEL32.DLL+17bd4|C:\\WINDOWS\\SYSTEM32\\ntdll.dll+6ced1","SourceProcessId":"756","SourceThreadId":"932","SourceImage":"C:\\WINDOWS\\system32\\svchost.exe","TargetProcessGUID":"{9d556bd4-95d0-5e1b-0000-001020750100}"},"user":{"name":"SYSTEM","domain":"NT AUTHORITY","type":"User","identifier":"S-1-5-18"},"event_id":10,"version":3,"provider_guid":"{5770385f-c22a-43e0-bf4c-06f5698ffbd9}"},"event":{"kind":"event","code":10,"action":"Process accessed (rule: ProcessAccess)","created":"2020-01-13T00:05:01.345Z"},"log":{"level":"information"},"message":"Process accessed:\nRuleName: \nUtcTime: 2020-01-13 00:05:00.007\nSourceProcessGUID: {9d556bd4-95cf-5e1b-0000-001077e60000}\nSourceProcessId: 756\nSourceThreadId: 932\nSourceImage: C:\\WINDOWS\\system32\\svchost.exe\nTargetProcessGUID: {9d556bd4-95d0-5e1b-0000-001020750100}\nTargetProcessId: 1096\nTargetImage: C:\\WINDOWS\\system32\\svchost.exe\nGrantedAccess: 0x1000\nCallTrace: C:\\WINDOWS\\SYSTEM32\\ntdll.dll+9c584|C:\\WINDOWS\\System32\\KERNELBASE.dll+6a7e5|c:\\windows\\system32\\lsm.dll+f6ba|C:\\WINDOWS\\System32\\RPCRT4.dll+76983|C:\\WINDOWS\\System32\\RPCRT4.dll+da036|C:\\WINDOWS\\System32\\RPCRT4.dll+37a7c|C:\\WINDOWS\\System32\\RPCRT4.dll+548f8|C:\\WINDOWS\\System32\\RPCRT4.dll+2c951|C:\\WINDOWS\\System32\\RPCRT4.dll+2c20b|C:\\WINDOWS\\System32\\RPCRT4.dll+1a86f|C:\\WINDOWS\\System32\\RPCRT4.dll+19d1a|C:\\WINDOWS\\System32\\RPCRT4.dll+19301|C:\\WINDOWS\\System32\\RPCRT4.dll+18d6e|C:\\WINDOWS\\System32\\RPCRT4.dll+169a5|C:\\WINDOWS\\SYSTEM32\\ntdll.dll+3346d|C:\\WINDOWS\\SYSTEM32\\ntdll.dll+341c2|C:\\WINDOWS\\System32\\KERNEL32.DLL+17bd4|C:\\WINDOWS\\SYSTEM32\\ntdll.dll+6ced1","ecs":{"version":"1.1.0"},"host":{"name":"win10"},"agent":{"id":"48e12a22-5293-48b2-be18-b209a2e8228b","version":"7.4.0","type":"winlogbeat","ephemeral_id":"63b64902-85b7-4e5b-8603-9a5a923a012f","hostname":"win10"}}
